    Finished `release` profile [optimized] target(s) in 0.16s

running 152 tests

thread '<unnamed>' panicked at src/attorney_tests_v2.rs:235:5:
Should return at least 2 attorneys
note: run with `RUST_BACKTRACE=1` environment variable to display a backtrace

thread '<unnamed>' panicked at src/docket_tests_v2.rs:581:5:
assertion `left == right` failed: Should return 200 for statistics
  left: 400
 right: 200
note: run with `RUST_BACKTRACE=1` environment variable to display a backtrace

thread '<unnamed>' panicked at src/docket_tests_v2.rs:260:5:
Schedule should return 201 (created) or 409 (conflict), got 400: {"error":"Invalid data format","status":400,"details":"unknown variant `hearing`, expected one of `initial_appearance`, `arraignment`, `bail_hearing`, `plea_hearing`, `trial_date`, `sentencing`, `violation_hearing`, `status_conference`, `scheduling_conference`, `settlement_conference`, `pretrial_conference`, `motion_hearing`, `evidentiary_hearing`, `jury_selection`, `jury_trial`, `bench_trial`, `show_cause_hearing`, `contempt_hearing`, `emergency_hearing`, `telephonic`, `video_conference` at line 1 column 313"}
note: run with `RUST_BACKTRACE=1` environment variable to display a backtrace

thread '<unnamed>' panicked at src/docket_tests_v2.rs:533:5:
Store should be accessed for delete
note: run with `RUST_BACKTRACE=1` environment variable to display a backtrace

thread '<unnamed>' panicked at src/adapters/spin_kv_judge_repository.rs:34:14:
Failed to open store: tenant_not_specified: Error::AccessDenied
note: run with `RUST_BACKTRACE=1` environment variable to display a backtrace

thread '<unnamed>' panicked at src/criminal_case_tests_v2.rs:400:5:
Store should be accessed for delete
note: run with `RUST_BACKTRACE=1` environment variable to display a backtrace

thread '<unnamed>' panicked at src/opinion_tests_v2.rs:477:5:
assertion failed: status == 201 || status == 409
note: run with `RUST_BACKTRACE=1` environment variable to display a backtrace
test test-get-filing-statistics                   ... [0m[31mFAILED[0m
test test-list-all-attorneys                      ... [0m[31mFAILED[0m
test test-schedule-calendar-event                 ... [0m[31mFAILED[0m
test test-delete-docket-entry                     ... [0m[31mFAILED[0m
test test-empty-district-header                   ... [0m[31mFAILED[0m
test test-delete-case                             ... [0m[31mFAILED[0m
test test-valid-federal-court-headers             ... [0m[32mok[0m
test test-opinion-multi-tenant-isolation          ... [0m[31mFAILED[0m

thread '<unnamed>' panicked at src/docket_tests_v2.rs:403:5:
Initialize should return 200 or 201, got 405: Method Not Allowed
note: run with `RUST_BACKTRACE=1` environment variable to display a backtrace

thread '<unnamed>' panicked at src/opinion_tests_v2.rs:116:5:
Create should return 201 (created) or 409 (exists), got 400: {"error":"Invalid data format","status":400,"details":"missing field `author_judge_name` at line 1 column 679"}
note: run with `RUST_BACKTRACE=1` environment variable to display a backtrace

thread '<unnamed>' panicked at src/opinion_tests_v2.rs:248:5:
Should return at least 2 opinions
note: run with `RUST_BACKTRACE=1` environment variable to display a backtrace

thread '<unnamed>' panicked at src/sentencing_tests_v2.rs:626:5:
assertion `left == right` failed: Invalid offense level should return 400
  left: 201
 right: 400
note: run with `RUST_BACKTRACE=1` environment variable to display a backtrace

thread '<unnamed>' panicked at src/docket_tests_v2.rs:503:5:
assertion `left == right` failed: Should return 200 for deadline check
  left: 400
 right: 200
note: run with `RUST_BACKTRACE=1` environment variable to display a backtrace

thread '<unnamed>' panicked at src/attorney_tests_v2.rs:286:5:
Add to CJA panel should return 200 or 201
note: run with `RUST_BACKTRACE=1` environment variable to display a backtrace

thread '<unnamed>' panicked at src/opinion_tests_v2.rs:417:5:
Should return draft versions
note: run with `RUST_BACKTRACE=1` environment variable to display a backtrace

thread '<unnamed>' panicked at src/deadline_tests_v2.rs:625:5:
Error should mention invalid extension
note: run with `RUST_BACKTRACE=1` environment variable to display a backtrace
test test-health-check-no-header-required         ... [0m[32mok[0m
test test-initialize-speedy-trial                 ... [0m[31mFAILED[0m
test test-create-opinion-success                  ... [0m[31mFAILED[0m
test test-list-opinions                           ... [0m[31mFAILED[0m
test test-create-sentencing-invalid-offense-level ... [0m[31mFAILED[0m
test test-header-sanitization                     ... [0m[32mok[0m

thread '<unnamed>' panicked at src/sentencing_tests_v2.rs:322:5:
assertion `left == right` failed: Should return 200 for existing guidelines
  left: 404
 right: 200
note: run with `RUST_BACKTRACE=1` environment variable to display a backtrace
test test-add-to-cja-panel                        ... [0m[31mFAILED[0m
test test-get-draft-versions                      ... [0m[31mFAILED[0m

thread '<unnamed>' panicked at src/order_tests_v2.rs:253:5:
Should return orders for the case
note: run with `RUST_BACKTRACE=1` environment variable to display a backtrace

thread '<unnamed>' panicked at src/docket_tests_v2.rs:321:5:
assertion `left == right` failed: Should return 200 for judge calendar
  left: 400
 right: 200
note: run with `RUST_BACKTRACE=1` environment variable to display a backtrace
test test-check-deadline-approaching              ... [0m[31mFAILED[0m
test test-request-extension-invalid-days          ... [0m[31mFAILED[0m
test test-get-orders-by-case                      ... [0m[31mFAILED[0m
test test-create-attorney-missing-bar-number      ... [0m[32mok[0m
test test-get-judge-calendar                      ... [0m[31mFAILED[0m
test test-get-guidelines-by-id                    ... [0m[31mFAILED[0m

thread '<unnamed>' panicked at src/docket_tests_v2.rs:373:5:
assertion `left == right` failed: Should return 200 for available slot
  left: 405
 right: 200
note: run with `RUST_BACKTRACE=1` environment variable to display a backtrace

thread '<unnamed>' panicked at src/deadline_tests_v2.rs:206:5:
assertion `left == right` failed: Should return 200 for existing deadline
  left: 400
 right: 200
note: run with `RUST_BACKTRACE=1` environment variable to display a backtrace

thread '<unnamed>' panicked at src/attorney_tests_v2.rs:116:5:
Create should return 201 (created) or 409 (exists), got 400: {"BadRequest":"Invalid JSON: missing field `zip_code` at line 1 column 104"}
note: run with `RUST_BACKTRACE=1` environment variable to display a backtrace

thread '<unnamed>' panicked at src/order_tests_v2.rs:308:5:
assertion `left == right` failed: Update should return 200
  left: 404
 right: 200
note: run with `RUST_BACKTRACE=1` environment variable to display a backtrace

thread '<unnamed>' panicked at src/deadline_tests_v2.rs:565:5:
District9 store should be accessed
note: run with `RUST_BACKTRACE=1` environment variable to display a backtrace

thread '<unnamed>' panicked at src/adapters/spin_kv_case_repository.rs:24:14:
Failed to open store: tenant_not_specified: Error::AccessDenied
note: run with `RUST_BACKTRACE=1` environment variable to display a backtrace

thread '<unnamed>' panicked at src/order_tests_v2.rs:588:5:
assertion failed: status == 201 || status == 409
note: run with `RUST_BACKTRACE=1` environment variable to display a backtrace
test test-find-available-slot                     ... [0m[31mFAILED[0m
test test-get-deadline-by-id                      ... [0m[31mFAILED[0m
test test-sentencing-multi-tenant-isolation       ... [0m[32mok[0m
test test-get-compliance-report                   ... [0m[32mok[0m
test test-deadline-multi-tenant-isolation         ... [0m[31mFAILED[0m
test test-get-federal-rules                       ... [0m[32mok[0m
test test-order-multi-tenant-isolation            ... [0m[31mFAILED[0m
test test-missing-header-returns-error            ... [0m[31mFAILED[0m
test test-create-attorney-success                 ... [0m[31mFAILED[0m
test test-update-order                            ... [0m[31mFAILED[0m

thread '<unnamed>' panicked at src/judge_tests_proper.rs:152:5:
assertion `left == right` failed: Should return 200 for existing judge
  left: 400
 right: 200
note: run with `RUST_BACKTRACE=1` environment variable to display a backtrace

thread '<unnamed>' panicked at src/attorney_tests_v2.rs:262:5:
assertion `left == right` failed: Update should return 200
  left: 405
 right: 200
note: run with `RUST_BACKTRACE=1` environment variable to display a backtrace
test test-update-attorney                         ... [0m[31mFAILED[0m
test test-delete-sentencing                       ... [0m[32mok[0m
test test-get-judge-by-id-cache-hit               ... [0m[31mFAILED[0m
test test-config-accepts-district-header          ... [0m[32mok[0m

thread '<unnamed>' panicked at src/sentencing_tests_v2.rs:244:5:
assertion `left == right` failed: Should return 200
  left: 500
 right: 200
note: run with `RUST_BACKTRACE=1` environment variable to display a backtrace

thread '<unnamed>' panicked at src/deadline_tests_v2.rs:600:5:
Error should mention invalid date
note: run with `RUST_BACKTRACE=1` environment variable to display a backtrace

thread '<unnamed>' panicked at src/deadline_tests_v2.rs:183:5:
Error should mention missing due_date field
note: run with `RUST_BACKTRACE=1` environment variable to display a backtrace

thread '<unnamed>' panicked at src/deadline_tests_v2.rs:504:5:
Store should be accessed for delete
note: run with `RUST_BACKTRACE=1` environment variable to display a backtrace

thread '<unnamed>' panicked at src/order_tests_v2.rs:116:5:
Create should return 201 (created) or 409 (exists), got 400: {"error":"Invalid data format","status":400,"details":"premature end of input at line 1 column 419"}
note: run with `RUST_BACKTRACE=1` environment variable to display a backtrace

thread '<unnamed>' panicked at src/docket_tests_v2.rs:187:5:
assertion `left == right` failed: Should return 200 for case docket
  left: 400
 right: 200
note: run with `RUST_BACKTRACE=1` environment variable to display a backtrace

thread '<unnamed>' panicked at src/docket_tests_v2.rs:555:5:
Store should be accessed for delete
note: run with `RUST_BACKTRACE=1` environment variable to display a backtrace

thread '<unnamed>' panicked at src/sentencing_tests_v2.rs:296:5:
assertion `left == right` failed: Calculate guidelines should return 200
  left: 405
 right: 200
note: run with `RUST_BACKTRACE=1` environment variable to display a backtrace
test test-get-sentencing-by-case                  ... [0m[31mFAILED[0m
test test-create-deadline-invalid-date            ... [0m[31mFAILED[0m
test test-create-case-missing-description         ... [0m[32mok[0m
test test-create-deadline-missing-due-date        ... [0m[31mFAILED[0m
test test-delete-deadline                         ... [0m[31mFAILED[0m
test test-create-order-success                    ... [0m[31mFAILED[0m
test test-delete-calendar-event                   ... [0m[31mFAILED[0m
test test-calculate-guidelines                    ... [0m[31mFAILED[0m
test test-get-case-docket                         ... [0m[31mFAILED[0m
test test-valid-district-header-district12        ... [0m[32mok[0m

thread '<unnamed>' panicked at src/sentencing_tests_v2.rs:441:5:
assertion `left == right` failed: Should return 200 for statistics
  left: 404
 right: 200
note: run with `RUST_BACKTRACE=1` environment variable to display a backtrace

thread '<unnamed>' panicked at src/judge_tests_proper.rs:182:5:
assertion `left == right` failed
  left: []
 right: [Call::Get("judges:nonexistent-judge")]
note: run with `RUST_BACKTRACE=1` environment variable to display a backtrace

thread '<unnamed>' panicked at src/attorney_tests_v2.rs:388:5:
assertion failed: status == 201 || status == 409
note: run with `RUST_BACKTRACE=1` environment variable to display a backtrace
test test-get-judge-by-id-cache-miss              ... [0m[31mFAILED[0m
test test-attorney-multi-tenant-isolation         ... [0m[31mFAILED[0m
test test-get-sentencing-statistics               ... [0m[31mFAILED[0m
test test-create-judge-missing-courtroom          ... [0m[32mok[0m

thread '<unnamed>' panicked at src/adapters/spin_kv_judge_repository.rs:34:14:
Failed to open store: tenant_not_specified: Error::AccessDenied
note: run with `RUST_BACKTRACE=1` environment variable to display a backtrace

thread '<unnamed>' panicked at src/docket_tests_v2.rs:128:5:
Create should return 201 (created) or 409 (exists), got 400: {"error":"Invalid data format","status":400,"details":"missing field `is_ex_parte` at line 1 column 479"}
note: run with `RUST_BACKTRACE=1` environment variable to display a backtrace

thread '<unnamed>' panicked at src/attorney_tests_v2.rs:474:5:
assertion `left == right` failed: Update with invalid ID attorney should return 404
  left: 405
 right: 400
note: run with `RUST_BACKTRACE=1` environment variable to display a backtrace

thread '<unnamed>' panicked at src/docket_tests_v2.rs:237:5:
assertion `left == right` failed: Search should return 200
  left: 400
 right: 200
note: run with `RUST_BACKTRACE=1` environment variable to display a backtrace
test test-delete-opinion                          ... [0m[32mok[0m
test test-valid-district-header-district9         ... [0m[32mok[0m
test test-create-docket-entry-success             ... [0m[31mFAILED[0m
test test-judges-requires-district-header         ... [0m[31mFAILED[0m
test test-search-docket-entries                   ... [0m[31mFAILED[0m
test test-create-sentencing-missing-judge         ... [0m[32mok[0m
test test-invalid-district-header                 ... [0m[32mok[0m
test test-update-attorney-nonexistent             ... [0m[31mFAILED[0m
test test-tenant-id-header-takes-priority         ... [0m[32mok[0m
test test-create-case-missing-crime-type          ... [0m[32mok[0m

thread '<unnamed>' panicked at src/order_tests_v2.rs:646:5:
Error should mention invalid order type
note: run with `RUST_BACKTRACE=1` environment variable to display a backtrace

thread '<unnamed>' panicked at src/opinion_tests_v2.rs:205:5:
assertion `left == right` failed: Should return 200 for existing opinion
  left: 404
 right: 200
note: run with `RUST_BACKTRACE=1` environment variable to display a backtrace

thread '<unnamed>' panicked at src/sentencing_tests_v2.rs:350:5:
assertion `left == right` failed: Record departure should return 200
  left: 400
 right: 200
note: run with `RUST_BACKTRACE=1` environment variable to display a backtrace

thread '<unnamed>' panicked at src/deadline_tests_v2.rs:395:5:
assertion `left == right` failed
  left: Null
 right: "54bfdb4c-5714-5ae2-bbf7-a61388612e3c"
note: run with `RUST_BACKTRACE=1` environment variable to display a backtrace
test test-get-opinion-by-id                       ... [0m[31mFAILED[0m
test test-record-departure                        ... [0m[31mFAILED[0m
test test-create-order-invalid-type               ... [0m[31mFAILED[0m
test test-get-extension-by-id                     ... [0m[31mFAILED[0m

thread '<unnamed>' panicked at src/sentencing_tests_v2.rs:501:5:
assertion `left == right` failed: Record appeal should return 200
  left: 404
 right: 200
note: run with `RUST_BACKTRACE=1` environment variable to display a backtrace

thread '<unnamed>' panicked at src/docket_tests_v2.rs:453:5:
assertion `left == right` failed: Update clock should return 200
  left: 404
 right: 200
note: run with `RUST_BACKTRACE=1` environment variable to display a backtrace

thread '<unnamed>' panicked at src/order_tests_v2.rs:413:5:
assertion `left == right` failed: Create from template should return 201
  left: 404
 right: 201
note: run with `RUST_BACKTRACE=1` environment variable to display a backtrace

thread '<unnamed>' panicked at src/opinion_tests_v2.rs:593:5:
Error should mention invalid type
note: run with `RUST_BACKTRACE=1` environment variable to display a backtrace

thread '<unnamed>' panicked at src/judge_tests_proper.rs:119:5:
Should return at least 2 judges
note: run with `RUST_BACKTRACE=1` environment variable to display a backtrace

thread '<unnamed>' panicked at src/docket_tests_v2.rs:483:5:
Should return speedy trial violations
note: run with `RUST_BACKTRACE=1` environment variable to display a backtrace

thread '<unnamed>' panicked at src/order_tests_v2.rs:533:5:
Should return expiring orders
note: run with `RUST_BACKTRACE=1` environment variable to display a backtrace

thread '<unnamed>' panicked at src/docket_tests_v2.rs:618:5:
assertion failed: status == 201 || status == 409
note: run with `RUST_BACKTRACE=1` environment variable to display a backtrace
test test-record-appeal                           ... [0m[31mFAILED[0m
test test-update-speedy-trial-clock               ... [0m[31mFAILED[0m
test test-create-opinion-invalid-type             ... [0m[31mFAILED[0m
test test-create-from-template                    ... [0m[31mFAILED[0m
test test-get-speedy-trial-violations             ... [0m[31mFAILED[0m
test test-docket-multi-tenant-isolation           ... [0m[31mFAILED[0m
test test-create-docket-entry-missing-case-id     ... [0m[32mok[0m
test test-delete-order                            ... [0m[32mok[0m
test test-get-expiring-orders                     ... [0m[31mFAILED[0m
test test-get-all-judges-with-prepopulated-data   ... [0m[31mFAILED[0m

thread '<unnamed>' panicked at src/sentencing_tests_v2.rs:467:5:
assertion `left == right` failed: Should return 200
  left: 404
 right: 200
note: run with `RUST_BACKTRACE=1` environment variable to display a backtrace

thread '<unnamed>' panicked at src/opinion_tests_v2.rs:531:5:
assertion `left == right` failed: Search should return 200
  left: 404
 right: 200
note: run with `RUST_BACKTRACE=1` environment variable to display a backtrace

thread '<unnamed>' panicked at src/opinion_tests_v2.rs:356:5:
assertion `left == right` failed: Publish should return 200
  left: 400
 right: 200
note: run with `RUST_BACKTRACE=1` environment variable to display a backtrace
test test-create-opinion-missing-case-id          ... [0m[32mok[0m
test test-get-judge-sentencing-stats              ... [0m[31mFAILED[0m
test test-search-opinions                         ... [0m[31mFAILED[0m
test test-publish-opinion                         ... [0m[31mFAILED[0m

thread '<unnamed>' panicked at src/opinion_tests_v2.rs:297:5:
Should return judge's opinions
note: run with `RUST_BACKTRACE=1` environment variable to display a backtrace

thread '<unnamed>' panicked at src/order_tests_v2.rs:366:5:
assertion `left == right` failed: Issue should return 200
  left: 404
 right: 200
note: run with `RUST_BACKTRACE=1` environment variable to display a backtrace

thread '<unnamed>' panicked at src/deadline_tests_v2.rs:340:5:
assertion `left == right` failed: Complete should return 200
  left: 400
 right: 200
note: run with `RUST_BACKTRACE=1` environment variable to display a backtrace

thread '<unnamed>' panicked at src/docket_tests_v2.rs:296:5:
Error should mention missing judge_id field
note: run with `RUST_BACKTRACE=1` environment variable to display a backtrace

thread '<unnamed>' panicked at src/criminal_case_tests_v2.rs:135:5:
assertion failed: calls.iter().any(|c| matches!(c, key_value::Call::Get(_)))
note: run with `RUST_BACKTRACE=1` environment variable to display a backtrace

thread '<unnamed>' panicked at src/judge_tests_proper.rs:214:5:
assertion `left == right` failed: Update should return 200
  left: 400
 right: 200
note: run with `RUST_BACKTRACE=1` environment variable to display a backtrace
thread '<unnamed>' panicked at crates/spin-test-virt/src/wasi/http.rs:370:9:
not yet implemented
note: run with `RUST_BACKTRACE=1` environment variable to display a backtrace

thread '<unnamed>' panicked at src/order_tests_v2.rs:178:5:
Error should mention missing judge_id field
note: run with `RUST_BACKTRACE=1` environment variable to display a backtrace

thread '<unnamed>' panicked at src/sentencing_tests_v2.rs:376:5:
assertion `left == right` failed: Should return 200
  left: 404
 right: 200
note: run with `RUST_BACKTRACE=1` environment variable to display a backtrace
test test-get-opinions-by-judge                   ... [0m[31mFAILED[0m
test test-issue-order                             ... [0m[31mFAILED[0m
test test-complete-deadline                       ... [0m[31mFAILED[0m
test test-create-order-missing-judge              ... [0m[31mFAILED[0m
test test-schedule-event-missing-judge            ... [0m[31mFAILED[0m
test test-url-based-config-endpoint               ... [0m[32mok[0m

thread '<unnamed>' panicked at src/order_tests_v2.rs:230:5:
Should return at least 2 orders
note: run with `RUST_BACKTRACE=1` environment variable to display a backtrace

thread '<unnamed>' panicked at src/sentencing_tests_v2.rs:221:5:
assertion `left == right` failed: Should return 200 for existing sentencing
  left: 500
 right: 200
note: run with `RUST_BACKTRACE=1` environment variable to display a backtrace
test test-update-judge-status                     ... [0m[31mFAILED[0m
test test-get-departures                          ... [0m[31mFAILED[0m
test test-create-case-success                     ... [0m[31mFAILED[0m
test test-header-routing-matches-url-routing      ... [0m[31mFAILED[0m

thread '<unnamed>' panicked at src/order_tests_v2.rs:201:5:
assertion `left == right` failed: Should return 200 for existing order
  left: 404
 right: 200
note: run with `RUST_BACKTRACE=1` environment variable to display a backtrace
test test-create-judge-with-store                 ... [0m[32mok[0m
test test-get-sentencing-by-id                    ... [0m[31mFAILED[0m
test test-list-orders                             ... [0m[31mFAILED[0m
test test-get-order-by-id                         ... [0m[31mFAILED[0m

thread '<unnamed>' panicked at src/judge_tests_proper.rs:321:5:
assertion `left == right` failed: Adding conflict should return 200
  left: 400
 right: 200
note: run with `RUST_BACKTRACE=1` environment variable to display a backtrace

thread '<unnamed>' panicked at src/order_tests_v2.rs:339:5:
assertion `left == right` failed: Sign should return 200
  left: 400
 right: 200
note: run with `RUST_BACKTRACE=1` environment variable to display a backtrace

thread '<unnamed>' panicked at src/deadline_tests_v2.rs:368:5:
Extension request should return 201 or 200, got 400: {"error":"Bad Request","status":400,"details":"Invalid deadline ID"}
note: run with `RUST_BACKTRACE=1` environment variable to display a backtrace

thread '<unnamed>' panicked at src/criminal_case_tests_v2.rs:154:5:
May return 400 (invalid) or 409 (duplicate) case should return 409 Conflict
note: run with `RUST_BACKTRACE=1` environment variable to display a backtrace

thread '<unnamed>' panicked at src/criminal_case_tests_v2.rs:427:5:
assertion failed: status == 201 || status == 409
note: run with `RUST_BACKTRACE=1` environment variable to display a backtrace

thread '<unnamed>' panicked at src/attorney_tests_v2.rs:192:5:
assertion `left == right` failed: Should return 200 for existing attorney
  left: 404
 right: 200
note: run with `RUST_BACKTRACE=1` environment variable to display a backtrace

thread '<unnamed>' panicked at src/deadline_tests_v2.rs:261:5:
assertion `left == right` failed: Should return 200
  left: 400
 right: 200
note: run with `RUST_BACKTRACE=1` environment variable to display a backtrace

thread '<unnamed>' panicked at src/criminal_case_tests_v2.rs:369:5:
Add defendant should return 200 or 201
note: run with `RUST_BACKTRACE=1` environment variable to display a backtrace
test test-get-case-statistics                     ... [0m[32mok[0m
test test-judge-conflict-management               ... [0m[31mFAILED[0m
test test-multi-tenancy-isolation                 ... [0m[32mok[0m
test test-sign-order                              ... [0m[31mFAILED[0m
test test-request-extension                       ... [0m[31mFAILED[0m
test test-create-case-duplicate                   ... [0m[31mFAILED[0m
test test-multi-tenant-isolation                  ... [0m[31mFAILED[0m
test test-get-attorney-by-bar-number              ... [0m[31mFAILED[0m
test test-get-deadlines-by-case                   ... [0m[31mFAILED[0m
test test-add-defendant                           ... [0m[31mFAILED[0m

thread '<unnamed>' panicked at src/order_tests_v2.rs:556:5:
Should return expiration status
note: run with `RUST_BACKTRACE=1` environment variable to display a backtrace

thread '<unnamed>' panicked at src/docket_tests_v2.rs:214:5:
assertion `left == right` failed: Should return 200 for sealed entries
  left: 400
 right: 200
note: run with `RUST_BACKTRACE=1` environment variable to display a backtrace

thread '<unnamed>' panicked at src/criminal_case_tests_v2.rs:313:5:
Should return judge's cases
note: run with `RUST_BACKTRACE=1` environment variable to display a backtrace
test test-create-judge-invalid-title-enum         ... [0m[32mok[0m
test test-get-sealed-entries                      ... [0m[31mFAILED[0m
test test-check-order-expired                     ... [0m[31mFAILED[0m
test test-get-cases-by-judge                      ... [0m[31mFAILED[0m

thread '<unnamed>' panicked at src/deadline_tests_v2.rs:284:5:
assertion `left == right` failed: Should return 200
  left: 400
 right: 200
note: run with `RUST_BACKTRACE=1` environment variable to display a backtrace

thread '<unnamed>' panicked at src/opinion_tests_v2.rs:612:5:
assertion `left == right` failed: Update with invalid ID opinion should return 404
  left: 404
 right: 400
note: run with `RUST_BACKTRACE=1` environment variable to display a backtrace

thread '<unnamed>' panicked at src/order_tests_v2.rs:503:5:
assertion `left == right` failed: Add service record should return 200
  left: 400
 right: 200
note: run with `RUST_BACKTRACE=1` environment variable to display a backtrace

thread '<unnamed>' panicked at src/deadline_tests_v2.rs:151:5:
Error should mention missing case_id field
note: run with `RUST_BACKTRACE=1` environment variable to display a backtrace

thread '<unnamed>' panicked at src/opinion_tests_v2.rs:555:5:
assertion `left == right` failed: Should return 200
  left: 404
 right: 200
note: run with `RUST_BACKTRACE=1` environment variable to display a backtrace

thread '<unnamed>' panicked at src/attorney_tests_v2.rs:455:5:
Error should mention invalid email
note: run with `RUST_BACKTRACE=1` environment variable to display a backtrace

thread '<unnamed>' panicked at src/opinion_tests_v2.rs:388:5:
assertion `left == right` failed: Create draft should return 201
  left: 400
 right: 201
note: run with `RUST_BACKTRACE=1` environment variable to display a backtrace
test test-get-deadlines-by-type                   ... [0m[31mFAILED[0m
test test-health-check                            ... [0m[32mok[0m
test test-update-nonexistent-opinion              ... [0m[31mFAILED[0m
test test-add-service-record                      ... [0m[31mFAILED[0m
test test-get-attorney-not-found                  ... [0m[32mok[0m
test test-create-deadline-missing-case-id         ... [0m[31mFAILED[0m
test test-create-attorney-duplicate               ... [0m[32mok[0m
test test-get-published-opinions                  ... [0m[31mFAILED[0m
test test-create-attorney-invalid-email           ... [0m[31mFAILED[0m

thread '<unnamed>' panicked at src/header_routing_tests.rs:379:5:
assertion failed: status == 201 || status == 409
note: run with `RUST_BACKTRACE=1` environment variable to display a backtrace

thread '<unnamed>' panicked at src/opinion_tests_v2.rs:324:5:
assertion `left == right` failed: Update should return 200
  left: 404
 right: 200
note: run with `RUST_BACKTRACE=1` environment variable to display a backtrace

thread '<unnamed>' panicked at src/docket_tests_v2.rs:680:5:
Error should mention invalid time
note: run with `RUST_BACKTRACE=1` environment variable to display a backtrace
test test-create-draft-version                    ... [0m[31mFAILED[0m
test test-district-isolation-with-headers         ... [0m[31mFAILED[0m
test test-update-opinion                          ... [0m[31mFAILED[0m
test test-schedule-event-time-conflict            ... [0m[31mFAILED[0m
test test-case-insensitive-district-headers       ... [0m[32mok[0m

thread '<unnamed>' panicked at src/criminal_case_tests_v2.rs:236:5:
assertion `left == right` failed
  left: Null
 right: "CR-2024-001"
note: run with `RUST_BACKTRACE=1` environment variable to display a backtrace

thread '<unnamed>' panicked at src/opinion_tests_v2.rs:267:5:
assertion `left == right` failed: Should return 200
  left: 404
 right: 200
note: run with `RUST_BACKTRACE=1` environment variable to display a backtrace

thread '<unnamed>' panicked at src/docket_tests_v2.rs:426:5:
assertion `left == right` failed: Should return 200 for speedy trial status
  left: 400
 right: 200
note: run with `RUST_BACKTRACE=1` environment variable to display a backtrace

thread '<unnamed>' panicked at src/order_tests_v2.rs:447:5:
Should return templates
note: run with `RUST_BACKTRACE=1` environment variable to display a backtrace

thread '<unnamed>' panicked at src/deadline_tests_v2.rs:237:5:
Should return urgent deadlines
note: run with `RUST_BACKTRACE=1` environment variable to display a backtrace

thread '<unnamed>' panicked at src/opinion_tests_v2.rs:223:5:
assertion `left == right` failed: Should return 400 for invalid opinion
  left: 404
 right: 400
note: run with `RUST_BACKTRACE=1` environment variable to display a backtrace

thread '<unnamed>' panicked at src/order_tests_v2.rs:276:5:
Should return pending signatures
note: run with `RUST_BACKTRACE=1` environment variable to display a backtrace
test test-get-case-by-id-found                    ... [0m[31mFAILED[0m
test test-create-judge-missing-title              ... [0m[32mok[0m
test test-get-opinions-by-case                    ... [0m[31mFAILED[0m
test test-get-urgent-deadlines                    ... [0m[31mFAILED[0m
test test-create-sentencing-success               ... [0m[32mok[0m
test test-create-sentencing-missing-case-id       ... [0m[32mok[0m
test test-get-pending-signatures                  ... [0m[31mFAILED[0m
test test-get-order-templates                     ... [0m[31mFAILED[0m
test test-get-opinion-not-found                   ... [0m[31mFAILED[0m
test test-get-speedy-trial-status                 ... [0m[31mFAILED[0m

thread '<unnamed>' panicked at src/criminal_case_tests_v2.rs:343:5:
assertion `left == right` failed: Update should return 200
  left: 400
 right: 200
note: run with `RUST_BACKTRACE=1` environment variable to display a backtrace

thread '<unnamed>' panicked at src/deadline_tests_v2.rs:315:5:
assertion `left == right` failed: Update should return 200
  left: 400
 right: 200
note: run with `RUST_BACKTRACE=1` environment variable to display a backtrace
test test-missing-district-header-returns-error   ... [0m[32mok[0m
test test-create-opinion-missing-author           ... [0m[32mok[0m
test test-update-deadline-status                  ... [0m[31mFAILED[0m
test test-update-case-status                      ... [0m[31mFAILED[0m

thread '<unnamed>' panicked at src/sentencing_tests_v2.rs:408:5:
assertion `left == right` failed: Update should return 200
  left: 405
 right: 200
note: run with `RUST_BACKTRACE=1` environment variable to display a backtrace
thread '<unnamed>' panicked at crates/spin-test-virt/src/wasi/http.rs:370:9:
not yet implemented
note: run with `RUST_BACKTRACE=1` environment variable to display a backtrace

thread '<unnamed>' panicked at src/sentencing_tests_v2.rs:267:5:
assertion `left == right` failed: Should return 200
  left: 500
 right: 200
note: run with `RUST_BACKTRACE=1` environment variable to display a backtrace
thread '<unnamed>' panicked at crates/spin-test-virt/src/wasi/http.rs:370:9:
not yet implemented
note: run with `RUST_BACKTRACE=1` environment variable to display a backtrace

thread '<unnamed>' panicked at src/deadline_tests_v2.rs:117:5:
Create should return 201 (created) or 409 (exists), got 400: {"error":"Invalid data format","status":400,"details":"unknown variant `Response`, expected one of `answer`, `reply`, `motion`, `response`, `discovery`, `notice_of_appeal`, `appellate_brief`, `reply_brief`, `petition_for_rehearing`, `speedy_trial`, `sentencing`, `pretrial_motions`, `initial_disclosures`, `expert_disclosures`, `discovery_completion`, `witness_list`, `exhibit_list`, `jury_instructions`, `pretrial_statement`, `service_of_process`, `removal_notice`, `status_report`, `other` at line 1 column 274"}
note: run with `RUST_BACKTRACE=1` environment variable to display a backtrace

thread '<unnamed>' panicked at src/deadline_tests_v2.rs:418:5:
Should return pending extensions
note: run with `RUST_BACKTRACE=1` environment variable to display a backtrace

thread '<unnamed>' panicked at src/header_routing_tests.rs:148:5:
Should indicate missing district
note: run with `RUST_BACKTRACE=1` environment variable to display a backtrace

thread '<unnamed>' panicked at src/sentencing_tests_v2.rs:648:5:
assertion `left == right` failed: Invalid criminal history should return 400
  left: 405
 right: 400
note: run with `RUST_BACKTRACE=1` environment variable to display a backtrace
test test-very-long-district-header               ... [0m[32mok[0m
test test-update-sentencing                       ... [0m[31mFAILED[0m
test test-url-based-routing                       ... [0m[31mFAILED[0m
test test-get-pending-extensions                  ... [0m[31mFAILED[0m
test test-create-case-requires-district-header    ... [0m[32mok[0m
test test-get-pending-sentencings                 ... [0m[31mFAILED[0m
test test-config-requires-district-header         ... [0m[31mFAILED[0m
test test-header-vs-url-routing-consistency       ... [0m[31mFAILED[0m
test test-create-deadline-success                 ... [0m[31mFAILED[0m
test test-calculate-guidelines-invalid-history    ... [0m[31mFAILED[0m

thread '<unnamed>' panicked at src/order_tests_v2.rs:148:5:
Error should mention missing case_id field

thread '<unnamed>' panicked at src/attorney_tests_v2.rs:352:5:
assertion `left == right` failed: Should return 200 for metrics
  left: 404
 right: 200
note: run with `RUST_BACKTRACE=1` environment variable to display a backtrace
note: run with `RUST_BACKTRACE=1` environment variable to display a backtrace

thread '<unnamed>' panicked at src/attorney_tests_v2.rs:310:5:
assertion `left == right` failed: Should return 200
  left: 404
 right: 200
note: run with `RUST_BACKTRACE=1` environment variable to display a backtrace
test test-get-attorney-metrics                    ... [0m[31mFAILED[0m
test test-get-cja-panel                           ... [0m[31mFAILED[0m
test test-create-order-missing-case-id            ... [0m[31mFAILED[0m
test test-judge-workload-stats                    ... [0m[32mok[0m

thread '<unnamed>' panicked at src/criminal_case_tests_v2.rs:555:5:
assertion `left == right` failed: Count should return 200
  left: 400
 right: 200
note: run with `RUST_BACKTRACE=1` environment variable to display a backtrace

thread '<unnamed>' panicked at src/docket_tests_v2.rs:348:5:
Should return courtroom events
note: run with `RUST_BACKTRACE=1` environment variable to display a backtrace

thread '<unnamed>' panicked at src/criminal_case_tests_v2.rs:259:5:
assertion `left == right` failed
  left: []
 right: [Call::Get("cases:nonexistent")]
note: run with `RUST_BACKTRACE=1` environment variable to display a backtrace
test test-count-by-status                         ... [0m[31mFAILED[0m
test test-get-events-by-courtroom                 ... [0m[31mFAILED[0m
test test-config-endpoint-returns-valid-response  ... [0m[32mok[0m
test test-get-case-by-id-not-found                ... [0m[31mFAILED[0m

failures:

---- test-get-filing-statistics ----
test 'spin-test-test-get-filing-statistics' failed 
Caused by: error while executing at wasm backtrace:
    0: 0x1a874ab - config_tests.wasm!abort
    1: 0x1a8328a - config_tests.wasm!std::sys::pal::wasi::helpers::abort_internal::hcc3b2e0cde3c9001
    2: 0x1a81eb9 - config_tests.wasm!std::process::abort::h0e38511b4c8b6f04
    3: 0x1a81eaf - config_tests.wasm!__rustc[5224e6b81cd82a8f]::__rust_abort
    4: 0x1a8468d - config_tests.wasm!__rustc[5224e6b81cd82a8f]::__rust_start_panic
    5: 0x1a844fe - config_tests.wasm!__rustc[5224e6b81cd82a8f]::rust_panic
    6: 0x1a84483 - config_tests.wasm!std::panicking::rust_panic_with_hook::h085fb375cd657b2f
    7: 0x1a83579 - config_tests.wasm!std::panicking::begin_panic_handler::{{closure}}::he68af7f9d5c53e56
    8: 0x1a834e5 - config_tests.wasm!std::sys::backtrace::__rust_end_short_backtrace::h4c38003a22ca226f
    9: 0x1a83e6a - config_tests.wasm!__rustc[5224e6b81cd82a8f]::rust_begin_unwind
   10: 0x1a8d7d4 - config_tests.wasm!core::panicking::panic_fmt::h4e32e8d1cab5f47e
   11: 0x1a8f22a - config_tests.wasm!core::panicking::assert_failed_inner::hf7ede4d3870aaaec
   12: 0x1a7236a - config_tests.wasm!core::panicking::assert_failed::h168e3f8c09ecb509
   13: 0x19f4710 - config_tests.wasm!config_tests::docket_tests_v2::test_get_filing_statistics::hec2a98ab70613988
   14: 0x1a70b9a - config_tests.wasm!spin-test-test-get-filing-statistics
Caused by: wasm trap: wasm `unreachable` instruction executed

---- test-list-all-attorneys ----
test 'spin-test-test-list-all-attorneys' failed 
Caused by: error while executing at wasm backtrace:
    0: 0x1a874ab - config_tests.wasm!abort
    1: 0x1a8328a - config_tests.wasm!std::sys::pal::wasi::helpers::abort_internal::hcc3b2e0cde3c9001
    2: 0x1a81eb9 - config_tests.wasm!std::process::abort::h0e38511b4c8b6f04
    3: 0x1a81eaf - config_tests.wasm!__rustc[5224e6b81cd82a8f]::__rust_abort
    4: 0x1a8468d - config_tests.wasm!__rustc[5224e6b81cd82a8f]::__rust_start_panic
    5: 0x1a844fe - config_tests.wasm!__rustc[5224e6b81cd82a8f]::rust_panic
    6: 0x1a84483 - config_tests.wasm!std::panicking::rust_panic_with_hook::h085fb375cd657b2f
    7: 0x1a835ab - config_tests.wasm!std::panicking::begin_panic_handler::{{closure}}::he68af7f9d5c53e56
    8: 0x1a834e5 - config_tests.wasm!std::sys::backtrace::__rust_end_short_backtrace::h4c38003a22ca226f
    9: 0x1a83e6a - config_tests.wasm!__rustc[5224e6b81cd82a8f]::rust_begin_unwind
   10: 0x1a8d7d4 - config_tests.wasm!core::panicking::panic_fmt::h4e32e8d1cab5f47e
   11: 0x1a5d7f7 - config_tests.wasm!config_tests::attorney_tests_v2::test_list_all_attorneys::h9b81ec52a3e06f26
   12: 0x1a72595 - config_tests.wasm!spin-test-test-list-all-attorneys
Caused by: wasm trap: wasm `unreachable` instruction executed

---- test-schedule-calendar-event ----
test 'spin-test-test-schedule-calendar-event' failed 
Caused by: error while executing at wasm backtrace:
    0: 0x1a874ab - config_tests.wasm!abort
    1: 0x1a8328a - config_tests.wasm!std::sys::pal::wasi::helpers::abort_internal::hcc3b2e0cde3c9001
    2: 0x1a81eb9 - config_tests.wasm!std::process::abort::h0e38511b4c8b6f04
    3: 0x1a81eaf - config_tests.wasm!__rustc[5224e6b81cd82a8f]::__rust_abort
    4: 0x1a8468d - config_tests.wasm!__rustc[5224e6b81cd82a8f]::__rust_start_panic
    5: 0x1a844fe - config_tests.wasm!__rustc[5224e6b81cd82a8f]::rust_panic
    6: 0x1a84483 - config_tests.wasm!std::panicking::rust_panic_with_hook::h085fb375cd657b2f
    7: 0x1a83579 - config_tests.wasm!std::panicking::begin_panic_handler::{{closure}}::he68af7f9d5c53e56
    8: 0x1a834e5 - config_tests.wasm!std::sys::backtrace::__rust_end_short_backtrace::h4c38003a22ca226f
    9: 0x1a83e6a - config_tests.wasm!__rustc[5224e6b81cd82a8f]::rust_begin_unwind
   10: 0x1a8d7d4 - config_tests.wasm!core::panicking::panic_fmt::h4e32e8d1cab5f47e
   11: 0x19ee8c4 - config_tests.wasm!config_tests::docket_tests_v2::test_schedule_calendar_event::heba2b78cb5f8b44d
   12: 0x1a70bd6 - config_tests.wasm!spin-test-test-schedule-calendar-event
Caused by: wasm trap: wasm `unreachable` instruction executed

---- test-delete-docket-entry ----
test 'spin-test-test-delete-docket-entry' failed 
Caused by: error while executing at wasm backtrace:
    0: 0x1a874ab - config_tests.wasm!abort
    1: 0x1a8328a - config_tests.wasm!std::sys::pal::wasi::helpers::abort_internal::hcc3b2e0cde3c9001
    2: 0x1a81eb9 - config_tests.wasm!std::process::abort::h0e38511b4c8b6f04
    3: 0x1a81eaf - config_tests.wasm!__rustc[5224e6b81cd82a8f]::__rust_abort
    4: 0x1a8468d - config_tests.wasm!__rustc[5224e6b81cd82a8f]::__rust_start_panic
    5: 0x1a844fe - config_tests.wasm!__rustc[5224e6b81cd82a8f]::rust_panic
    6: 0x1a84483 - config_tests.wasm!std::panicking::rust_panic_with_hook::h085fb375cd657b2f
    7: 0x1a835ab - config_tests.wasm!std::panicking::begin_panic_handler::{{closure}}::he68af7f9d5c53e56
    8: 0x1a834e5 - config_tests.wasm!std::sys::backtrace::__rust_end_short_backtrace::h4c38003a22ca226f
    9: 0x1a83e6a - config_tests.wasm!__rustc[5224e6b81cd82a8f]::rust_begin_unwind
   10: 0x1a8d7d4 - config_tests.wasm!core::panicking::panic_fmt::h4e32e8d1cab5f47e
   11: 0x19f3cd1 - config_tests.wasm!config_tests::docket_tests_v2::test_delete_docket_entry::h15598a7ef0522f41
   12: 0x1a70bb8 - config_tests.wasm!spin-test-test-delete-docket-entry
Caused by: wasm trap: wasm `unreachable` instruction executed

---- test-empty-district-header ----
test 'spin-test-test-empty-district-header' failed 
Caused by: error while executing at wasm backtrace:
    0: 0xcc3337 - spin_utopia.wasm!abort
    1: 0xcb7c40 - spin_utopia.wasm!std::sys::pal::wasi::helpers::abort_internal::hcc3b2e0cde3c9001
    2: 0xcb31d1 - spin_utopia.wasm!std::process::abort::h0e38511b4c8b6f04
    3: 0xcb31c7 - spin_utopia.wasm!__rustc[5224e6b81cd82a8f]::__rust_abort
    4: 0xcb9697 - spin_utopia.wasm!__rustc[5224e6b81cd82a8f]::__rust_start_panic
    5: 0xcb9299 - spin_utopia.wasm!__rustc[5224e6b81cd82a8f]::rust_panic
    6: 0xcb9160 - spin_utopia.wasm!std::panicking::rust_panic_with_hook::h085fb375cd657b2f
    7: 0xcb80f5 - spin_utopia.wasm!std::panicking::begin_panic_handler::{{closure}}::he68af7f9d5c53e56
    8: 0xcb8061 - spin_utopia.wasm!std::sys::backtrace::__rust_end_short_backtrace::h4c38003a22ca226f
    9: 0xcb8b47 - spin_utopia.wasm!__rustc[5224e6b81cd82a8f]::rust_begin_unwind
   10: 0xcccb36 - spin_utopia.wasm!core::panicking::panic_fmt::h4e32e8d1cab5f47e
   11: 0xcce756 - spin_utopia.wasm!core::result::unwrap_failed::heb00d4d50e638a08
   12: 0x6b92ca - spin_utopia.wasm!spin_utopia::adapters::spin_kv_judge_repository::SpinKvJudgeRepository::with_store::hc21c782599f37ad7
   13: 0x7f3f2c - spin_utopia.wasm!spin_utopia::handlers::judge::get_all_judges::hb285393c3fe950f4
   14: 0x4821bb - spin_utopia.wasm!<F as spin_sdk::http::router::Handler>::handle::{{closure}}::h9d3a718e0ddcd112
   15: 0xc985d3 - spin_utopia.wasm!<alloc::boxed::Box<dyn spin_sdk::http::router::Handler> as spin_sdk::http::router::Handler>::handle::{{closure}}::h1b6255c66b0e82da
   16: 0x4eee85 - spin_utopia.wasm!spin_executor::run::h5e53f2e63611faf5
   17: 0x4ee766 - spin_utopia.wasm!spin_utopia::handle_spin_todo_api::{{closure}}::haaee0c45a36a0cd2
   18: 0x4eaef0 - spin_utopia.wasm!spin_executor::run::h5543f9eff02f4bcf
   19: 0xbabe6f - spin_utopia.wasm!wasi:http/incoming-handler@0.2.0#handle
   20: 0x5795 - <unknown>!<wasm function 104>
   21: 0x19310dc - router.wasm!<router::Component as router::bindings::exports::wasi::http::incoming_handler::Guest>::handle::ha50de62a29cb8b3e
   22: 0x19319e0 - router.wasm!wasi:http/incoming-handler@0.2.0#handle
   23: 0x20c0 - <unknown>!<wasm function 55>
   24: 0x1a8048d - config_tests.wasm!spin_test_sdk::perform_request::h8724e91b3678e35f
   25: 0x1a651f4 - config_tests.wasm!config_tests::header_routing_tests::make_request_with_header::h67c3a5564434270e
   26: 0x1a66a86 - config_tests.wasm!config_tests::header_routing_tests::test_empty_district_header::hf10d9b805625a2d2
   27: 0x1a70cd5 - config_tests.wasm!spin-test-test-empty-district-header
Caused by: wasm trap: wasm `unreachable` instruction executed

---- test-delete-case ----
test 'spin-test-test-delete-case' failed 
Caused by: error while executing at wasm backtrace:
    0: 0x1a874ab - config_tests.wasm!abort
    1: 0x1a8328a - config_tests.wasm!std::sys::pal::wasi::helpers::abort_internal::hcc3b2e0cde3c9001
    2: 0x1a81eb9 - config_tests.wasm!std::process::abort::h0e38511b4c8b6f04
    3: 0x1a81eaf - config_tests.wasm!__rustc[5224e6b81cd82a8f]::__rust_abort
    4: 0x1a8468d - config_tests.wasm!__rustc[5224e6b81cd82a8f]::__rust_start_panic
    5: 0x1a844fe - config_tests.wasm!__rustc[5224e6b81cd82a8f]::rust_panic
    6: 0x1a84483 - config_tests.wasm!std::panicking::rust_panic_with_hook::h085fb375cd657b2f
    7: 0x1a835ab - config_tests.wasm!std::panicking::begin_panic_handler::{{closure}}::he68af7f9d5c53e56
    8: 0x1a834e5 - config_tests.wasm!std::sys::backtrace::__rust_end_short_backtrace::h4c38003a22ca226f
    9: 0x1a83e6a - config_tests.wasm!__rustc[5224e6b81cd82a8f]::rust_begin_unwind
   10: 0x1a8d7d4 - config_tests.wasm!core::panicking::panic_fmt::h4e32e8d1cab5f47e
   11: 0x1a46a87 - config_tests.wasm!config_tests::criminal_case_tests_v2::test_delete_case::h8625d8c2e95ba4f0
   12: 0x1a70cf3 - config_tests.wasm!spin-test-test-delete-case
Caused by: wasm trap: wasm `unreachable` instruction executed

---- test-opinion-multi-tenant-isolation ----
test 'spin-test-test-opinion-multi-tenant-isolation' failed 
Caused by: error while executing at wasm backtrace:
    0: 0x1a874ab - config_tests.wasm!abort
    1: 0x1a8328a - config_tests.wasm!std::sys::pal::wasi::helpers::abort_internal::hcc3b2e0cde3c9001
    2: 0x1a81eb9 - config_tests.wasm!std::process::abort::h0e38511b4c8b6f04
    3: 0x1a81eaf - config_tests.wasm!__rustc[5224e6b81cd82a8f]::__rust_abort
    4: 0x1a8468d - config_tests.wasm!__rustc[5224e6b81cd82a8f]::__rust_start_panic
    5: 0x1a844fe - config_tests.wasm!__rustc[5224e6b81cd82a8f]::rust_panic
    6: 0x1a84483 - config_tests.wasm!std::panicking::rust_panic_with_hook::h085fb375cd657b2f
    7: 0x1a835ab - config_tests.wasm!std::panicking::begin_panic_handler::{{closure}}::he68af7f9d5c53e56
    8: 0x1a834e5 - config_tests.wasm!std::sys::backtrace::__rust_end_short_backtrace::h4c38003a22ca226f
    9: 0x1a83e6a - config_tests.wasm!__rustc[5224e6b81cd82a8f]::rust_begin_unwind
   10: 0x1a8d7d4 - config_tests.wasm!core::panicking::panic_fmt::h4e32e8d1cab5f47e
   11: 0x1a88e9f - config_tests.wasm!core::panicking::panic::h42b72918664c199b
   12: 0x1a2a2a0 - config_tests.wasm!config_tests::opinion_tests_v2::test_opinion_multi_tenant_isolation::h32936ef93e6f6456
   13: 0x1a70c30 - config_tests.wasm!spin-test-test-opinion-multi-tenant-isolation
Caused by: wasm trap: wasm `unreachable` instruction executed

---- test-initialize-speedy-trial ----
test 'spin-test-test-initialize-speedy-trial' failed 
Caused by: error while executing at wasm backtrace:
    0: 0x1a874ab - config_tests.wasm!abort
    1: 0x1a8328a - config_tests.wasm!std::sys::pal::wasi::helpers::abort_internal::hcc3b2e0cde3c9001
    2: 0x1a81eb9 - config_tests.wasm!std::process::abort::h0e38511b4c8b6f04
    3: 0x1a81eaf - config_tests.wasm!__rustc[5224e6b81cd82a8f]::__rust_abort
    4: 0x1a8468d - config_tests.wasm!__rustc[5224e6b81cd82a8f]::__rust_start_panic
    5: 0x1a844fe - config_tests.wasm!__rustc[5224e6b81cd82a8f]::rust_panic
    6: 0x1a84483 - config_tests.wasm!std::panicking::rust_panic_with_hook::h085fb375cd657b2f
    7: 0x1a83579 - config_tests.wasm!std::panicking::begin_panic_handler::{{closure}}::he68af7f9d5c53e56
    8: 0x1a834e5 - config_tests.wasm!std::sys::backtrace::__rust_end_short_backtrace::h4c38003a22ca226f
    9: 0x1a83e6a - config_tests.wasm!__rustc[5224e6b81cd82a8f]::rust_begin_unwind
   10: 0x1a8d7d4 - config_tests.wasm!core::panicking::panic_fmt::h4e32e8d1cab5f47e
   11: 0x19f2174 - config_tests.wasm!config_tests::docket_tests_v2::test_initialize_speedy_trial::h7afb258a5ef310d7
   12: 0x1a6fb32 - config_tests.wasm!spin-test-test-initialize-speedy-trial
Caused by: wasm trap: wasm `unreachable` instruction executed

---- test-create-opinion-success ----
test 'spin-test-test-create-opinion-success' failed 
Caused by: error while executing at wasm backtrace:
    0: 0x1a874ab - config_tests.wasm!abort
    1: 0x1a8328a - config_tests.wasm!std::sys::pal::wasi::helpers::abort_internal::hcc3b2e0cde3c9001
    2: 0x1a81eb9 - config_tests.wasm!std::process::abort::h0e38511b4c8b6f04
    3: 0x1a81eaf - config_tests.wasm!__rustc[5224e6b81cd82a8f]::__rust_abort
    4: 0x1a8468d - config_tests.wasm!__rustc[5224e6b81cd82a8f]::__rust_start_panic
    5: 0x1a844fe - config_tests.wasm!__rustc[5224e6b81cd82a8f]::rust_panic
    6: 0x1a84483 - config_tests.wasm!std::panicking::rust_panic_with_hook::h085fb375cd657b2f
    7: 0x1a83579 - config_tests.wasm!std::panicking::begin_panic_handler::{{closure}}::he68af7f9d5c53e56
    8: 0x1a834e5 - config_tests.wasm!std::sys::backtrace::__rust_end_short_backtrace::h4c38003a22ca226f
    9: 0x1a83e6a - config_tests.wasm!__rustc[5224e6b81cd82a8f]::rust_begin_unwind
   10: 0x1a8d7d4 - config_tests.wasm!core::panicking::panic_fmt::h4e32e8d1cab5f47e
   11: 0x1a22a2c - config_tests.wasm!config_tests::opinion_tests_v2::test_create_opinion_success::h55e1d697ab7c1eeb
   12: 0x1a70ff7 - config_tests.wasm!spin-test-test-create-opinion-success
Caused by: wasm trap: wasm `unreachable` instruction executed

---- test-list-opinions ----
test 'spin-test-test-list-opinions' failed 
Caused by: error while executing at wasm backtrace:
    0: 0x1a874ab - config_tests.wasm!abort
    1: 0x1a8328a - config_tests.wasm!std::sys::pal::wasi::helpers::abort_internal::hcc3b2e0cde3c9001
    2: 0x1a81eb9 - config_tests.wasm!std::process::abort::h0e38511b4c8b6f04
    3: 0x1a81eaf - config_tests.wasm!__rustc[5224e6b81cd82a8f]::__rust_abort
    4: 0x1a8468d - config_tests.wasm!__rustc[5224e6b81cd82a8f]::__rust_start_panic
    5: 0x1a844fe - config_tests.wasm!__rustc[5224e6b81cd82a8f]::rust_panic
    6: 0x1a84483 - config_tests.wasm!std::panicking::rust_panic_with_hook::h085fb375cd657b2f
    7: 0x1a835ab - config_tests.wasm!std::panicking::begin_panic_handler::{{closure}}::he68af7f9d5c53e56
    8: 0x1a834e5 - config_tests.wasm!std::sys::backtrace::__rust_end_short_backtrace::h4c38003a22ca226f
    9: 0x1a83e6a - config_tests.wasm!__rustc[5224e6b81cd82a8f]::rust_begin_unwind
   10: 0x1a8d7d4 - config_tests.wasm!core::panicking::panic_fmt::h4e32e8d1cab5f47e
   11: 0x1a25c04 - config_tests.wasm!config_tests::opinion_tests_v2::test_list_opinions::h7930c533368d0288
   12: 0x1a70c5d - config_tests.wasm!spin-test-test-list-opinions
Caused by: wasm trap: wasm `unreachable` instruction executed

---- test-create-sentencing-invalid-offense-level ----
test 'spin-test-test-create-sentencing-invalid-offense-level' failed 
Caused by: error while executing at wasm backtrace:
    0: 0x1a874ab - config_tests.wasm!abort
    1: 0x1a8328a - config_tests.wasm!std::sys::pal::wasi::helpers::abort_internal::hcc3b2e0cde3c9001
    2: 0x1a81eb9 - config_tests.wasm!std::process::abort::h0e38511b4c8b6f04
    3: 0x1a81eaf - config_tests.wasm!__rustc[5224e6b81cd82a8f]::__rust_abort
    4: 0x1a8468d - config_tests.wasm!__rustc[5224e6b81cd82a8f]::__rust_start_panic
    5: 0x1a844fe - config_tests.wasm!__rustc[5224e6b81cd82a8f]::rust_panic
    6: 0x1a84483 - config_tests.wasm!std::panicking::rust_panic_with_hook::h085fb375cd657b2f
    7: 0x1a83579 - config_tests.wasm!std::panicking::begin_panic_handler::{{closure}}::he68af7f9d5c53e56
    8: 0x1a834e5 - config_tests.wasm!std::sys::backtrace::__rust_end_short_backtrace::h4c38003a22ca226f
    9: 0x1a83e6a - config_tests.wasm!__rustc[5224e6b81cd82a8f]::rust_begin_unwind
   10: 0x1a8d7d4 - config_tests.wasm!core::panicking::panic_fmt::h4e32e8d1cab5f47e
   11: 0x1a8f22a - config_tests.wasm!core::panicking::assert_failed_inner::hf7ede4d3870aaaec
   12: 0x1a7236a - config_tests.wasm!core::panicking::assert_failed::h168e3f8c09ecb509
   13: 0x1a0b282 - config_tests.wasm!config_tests::sentencing_tests_v2::test_create_sentencing_invalid_offense_level::hbedab07524638372
   14: 0x1a73c95 - config_tests.wasm!spin-test-test-create-sentencing-invalid-offense-level
Caused by: wasm trap: wasm `unreachable` instruction executed

---- test-add-to-cja-panel ----
test 'spin-test-test-add-to-cja-panel' failed 
Caused by: error while executing at wasm backtrace:
    0: 0x1a874ab - config_tests.wasm!abort
    1: 0x1a8328a - config_tests.wasm!std::sys::pal::wasi::helpers::abort_internal::hcc3b2e0cde3c9001
    2: 0x1a81eb9 - config_tests.wasm!std::process::abort::h0e38511b4c8b6f04
    3: 0x1a81eaf - config_tests.wasm!__rustc[5224e6b81cd82a8f]::__rust_abort
    4: 0x1a8468d - config_tests.wasm!__rustc[5224e6b81cd82a8f]::__rust_start_panic
    5: 0x1a844fe - config_tests.wasm!__rustc[5224e6b81cd82a8f]::rust_panic
    6: 0x1a84483 - config_tests.wasm!std::panicking::rust_panic_with_hook::h085fb375cd657b2f
    7: 0x1a835ab - config_tests.wasm!std::panicking::begin_panic_handler::{{closure}}::he68af7f9d5c53e56
    8: 0x1a834e5 - config_tests.wasm!std::sys::backtrace::__rust_end_short_backtrace::h4c38003a22ca226f
    9: 0x1a83e6a - config_tests.wasm!__rustc[5224e6b81cd82a8f]::rust_begin_unwind
   10: 0x1a8d7d4 - config_tests.wasm!core::panicking::panic_fmt::h4e32e8d1cab5f47e
   11: 0x1a5e479 - config_tests.wasm!config_tests::attorney_tests_v2::test_add_to_cja_panel::h5d02160eac86a269
   12: 0x1a6fbaa - config_tests.wasm!spin-test-test-add-to-cja-panel
Caused by: wasm trap: wasm `unreachable` instruction executed

---- test-get-draft-versions ----
test 'spin-test-test-get-draft-versions' failed 
Caused by: error while executing at wasm backtrace:
    0: 0x1a874ab - config_tests.wasm!abort
    1: 0x1a8328a - config_tests.wasm!std::sys::pal::wasi::helpers::abort_internal::hcc3b2e0cde3c9001
    2: 0x1a81eb9 - config_tests.wasm!std::process::abort::h0e38511b4c8b6f04
    3: 0x1a81eaf - config_tests.wasm!__rustc[5224e6b81cd82a8f]::__rust_abort
    4: 0x1a8468d - config_tests.wasm!__rustc[5224e6b81cd82a8f]::__rust_start_panic
    5: 0x1a844fe - config_tests.wasm!__rustc[5224e6b81cd82a8f]::rust_panic
    6: 0x1a84483 - config_tests.wasm!std::panicking::rust_panic_with_hook::h085fb375cd657b2f
    7: 0x1a835ab - config_tests.wasm!std::panicking::begin_panic_handler::{{closure}}::he68af7f9d5c53e56
    8: 0x1a834e5 - config_tests.wasm!std::sys::backtrace::__rust_end_short_backtrace::h4c38003a22ca226f
    9: 0x1a83e6a - config_tests.wasm!__rustc[5224e6b81cd82a8f]::rust_begin_unwind
   10: 0x1a8d7d4 - config_tests.wasm!core::panicking::panic_fmt::h4e32e8d1cab5f47e
   11: 0x1a28a18 - config_tests.wasm!config_tests::opinion_tests_v2::test_get_draft_versions::h957745203dcdcbca
   12: 0x1a70fd9 - config_tests.wasm!spin-test-test-get-draft-versions
Caused by: wasm trap: wasm `unreachable` instruction executed

---- test-check-deadline-approaching ----
test 'spin-test-test-check-deadline-approaching' failed 
Caused by: error while executing at wasm backtrace:
    0: 0x1a874ab - config_tests.wasm!abort
    1: 0x1a8328a - config_tests.wasm!std::sys::pal::wasi::helpers::abort_internal::hcc3b2e0cde3c9001
    2: 0x1a81eb9 - config_tests.wasm!std::process::abort::h0e38511b4c8b6f04
    3: 0x1a81eaf - config_tests.wasm!__rustc[5224e6b81cd82a8f]::__rust_abort
    4: 0x1a8468d - config_tests.wasm!__rustc[5224e6b81cd82a8f]::__rust_start_panic
    5: 0x1a844fe - config_tests.wasm!__rustc[5224e6b81cd82a8f]::rust_panic
    6: 0x1a84483 - config_tests.wasm!std::panicking::rust_panic_with_hook::h085fb375cd657b2f
    7: 0x1a83579 - config_tests.wasm!std::panicking::begin_panic_handler::{{closure}}::he68af7f9d5c53e56
    8: 0x1a834e5 - config_tests.wasm!std::sys::backtrace::__rust_end_short_backtrace::h4c38003a22ca226f
    9: 0x1a83e6a - config_tests.wasm!__rustc[5224e6b81cd82a8f]::rust_begin_unwind
   10: 0x1a8d7d4 - config_tests.wasm!core::panicking::panic_fmt::h4e32e8d1cab5f47e
   11: 0x1a8f22a - config_tests.wasm!core::panicking::assert_failed_inner::hf7ede4d3870aaaec
   12: 0x1a7236a - config_tests.wasm!core::panicking::assert_failed::h168e3f8c09ecb509
   13: 0x19f39f4 - config_tests.wasm!config_tests::docket_tests_v2::test_check_deadline_approaching::h09faa57f350beb91
   14: 0x1a73cfe - config_tests.wasm!spin-test-test-check-deadline-approaching
Caused by: wasm trap: wasm `unreachable` instruction executed

---- test-request-extension-invalid-days ----
test 'spin-test-test-request-extension-invalid-days' failed 
Caused by: error while executing at wasm backtrace:
    0: 0x1a874ab - config_tests.wasm!abort
    1: 0x1a8328a - config_tests.wasm!std::sys::pal::wasi::helpers::abort_internal::hcc3b2e0cde3c9001
    2: 0x1a81eb9 - config_tests.wasm!std::process::abort::h0e38511b4c8b6f04
    3: 0x1a81eaf - config_tests.wasm!__rustc[5224e6b81cd82a8f]::__rust_abort
    4: 0x1a8468d - config_tests.wasm!__rustc[5224e6b81cd82a8f]::__rust_start_panic
    5: 0x1a844fe - config_tests.wasm!__rustc[5224e6b81cd82a8f]::rust_panic
    6: 0x1a84483 - config_tests.wasm!std::panicking::rust_panic_with_hook::h085fb375cd657b2f
    7: 0x1a835ab - config_tests.wasm!std::panicking::begin_panic_handler::{{closure}}::he68af7f9d5c53e56
    8: 0x1a834e5 - config_tests.wasm!std::sys::backtrace::__rust_end_short_backtrace::h4c38003a22ca226f
    9: 0x1a83e6a - config_tests.wasm!__rustc[5224e6b81cd82a8f]::rust_begin_unwind
   10: 0x1a8d7d4 - config_tests.wasm!core::panicking::panic_fmt::h4e32e8d1cab5f47e
   11: 0x1a3e9cc - config_tests.wasm!config_tests::deadline_tests_v2::test_request_extension_invalid_days::h515797573172b97a
   12: 0x1a724d2 - config_tests.wasm!spin-test-test-request-extension-invalid-days
Caused by: wasm trap: wasm `unreachable` instruction executed

---- test-get-orders-by-case ----
test 'spin-test-test-get-orders-by-case' failed 
Caused by: error while executing at wasm backtrace:
    0: 0x1a874ab - config_tests.wasm!abort
    1: 0x1a8328a - config_tests.wasm!std::sys::pal::wasi::helpers::abort_internal::hcc3b2e0cde3c9001
    2: 0x1a81eb9 - config_tests.wasm!std::process::abort::h0e38511b4c8b6f04
    3: 0x1a81eaf - config_tests.wasm!__rustc[5224e6b81cd82a8f]::__rust_abort
    4: 0x1a8468d - config_tests.wasm!__rustc[5224e6b81cd82a8f]::__rust_start_panic
    5: 0x1a844fe - config_tests.wasm!__rustc[5224e6b81cd82a8f]::rust_panic
    6: 0x1a84483 - config_tests.wasm!std::panicking::rust_panic_with_hook::h085fb375cd657b2f
    7: 0x1a835ab - config_tests.wasm!std::panicking::begin_panic_handler::{{closure}}::he68af7f9d5c53e56
    8: 0x1a834e5 - config_tests.wasm!std::sys::backtrace::__rust_end_short_backtrace::h4c38003a22ca226f
    9: 0x1a83e6a - config_tests.wasm!__rustc[5224e6b81cd82a8f]::rust_begin_unwind
   10: 0x1a8d7d4 - config_tests.wasm!core::panicking::panic_fmt::h4e32e8d1cab5f47e
   11: 0x1a13001 - config_tests.wasm!config_tests::order_tests_v2::test_get_orders_by_case::h61a95d07d48a345d
   12: 0x1a73d67 - config_tests.wasm!spin-test-test-get-orders-by-case
Caused by: wasm trap: wasm `unreachable` instruction executed

---- test-get-judge-calendar ----
test 'spin-test-test-get-judge-calendar' failed 
Caused by: error while executing at wasm backtrace:
    0: 0x1a874ab - config_tests.wasm!abort
    1: 0x1a8328a - config_tests.wasm!std::sys::pal::wasi::helpers::abort_internal::hcc3b2e0cde3c9001
    2: 0x1a81eb9 - config_tests.wasm!std::process::abort::h0e38511b4c8b6f04
    3: 0x1a81eaf - config_tests.wasm!__rustc[5224e6b81cd82a8f]::__rust_abort
    4: 0x1a8468d - config_tests.wasm!__rustc[5224e6b81cd82a8f]::__rust_start_panic
    5: 0x1a844fe - config_tests.wasm!__rustc[5224e6b81cd82a8f]::rust_panic
    6: 0x1a84483 - config_tests.wasm!std::panicking::rust_panic_with_hook::h085fb375cd657b2f
    7: 0x1a83579 - config_tests.wasm!std::panicking::begin_panic_handler::{{closure}}::he68af7f9d5c53e56
    8: 0x1a834e5 - config_tests.wasm!std::sys::backtrace::__rust_end_short_backtrace::h4c38003a22ca226f
    9: 0x1a83e6a - config_tests.wasm!__rustc[5224e6b81cd82a8f]::rust_begin_unwind
   10: 0x1a8d7d4 - config_tests.wasm!core::panicking::panic_fmt::h4e32e8d1cab5f47e
   11: 0x1a8f22a - config_tests.wasm!core::panicking::assert_failed_inner::hf7ede4d3870aaaec
   12: 0x1a7236a - config_tests.wasm!core::panicking::assert_failed::h168e3f8c09ecb509
   13: 0x19f05d5 - config_tests.wasm!config_tests::docket_tests_v2::test_get_judge_calendar::h0efb5a61b85ae00e
   14: 0x1a6fb41 - config_tests.wasm!spin-test-test-get-judge-calendar
Caused by: wasm trap: wasm `unreachable` instruction executed

---- test-get-guidelines-by-id ----
test 'spin-test-test-get-guidelines-by-id' failed 
Caused by: error while executing at wasm backtrace:
    0: 0x1a874ab - config_tests.wasm!abort
    1: 0x1a8328a - config_tests.wasm!std::sys::pal::wasi::helpers::abort_internal::hcc3b2e0cde3c9001
    2: 0x1a81eb9 - config_tests.wasm!std::process::abort::h0e38511b4c8b6f04
    3: 0x1a81eaf - config_tests.wasm!__rustc[5224e6b81cd82a8f]::__rust_abort
    4: 0x1a8468d - config_tests.wasm!__rustc[5224e6b81cd82a8f]::__rust_start_panic
    5: 0x1a844fe - config_tests.wasm!__rustc[5224e6b81cd82a8f]::rust_panic
    6: 0x1a84483 - config_tests.wasm!std::panicking::rust_panic_with_hook::h085fb375cd657b2f
    7: 0x1a83579 - config_tests.wasm!std::panicking::begin_panic_handler::{{closure}}::he68af7f9d5c53e56
    8: 0x1a834e5 - config_tests.wasm!std::sys::backtrace::__rust_end_short_backtrace::h4c38003a22ca226f
    9: 0x1a83e6a - config_tests.wasm!__rustc[5224e6b81cd82a8f]::rust_begin_unwind
   10: 0x1a8d7d4 - config_tests.wasm!core::panicking::panic_fmt::h4e32e8d1cab5f47e
   11: 0x1a8f22a - config_tests.wasm!core::panicking::assert_failed_inner::hf7ede4d3870aaaec
   12: 0x1a7236a - config_tests.wasm!core::panicking::assert_failed::h168e3f8c09ecb509
   13: 0x1a035ab - config_tests.wasm!config_tests::sentencing_tests_v2::test_get_guidelines_by_id::h0bf80f15aebd7925
   14: 0x1a724b4 - config_tests.wasm!spin-test-test-get-guidelines-by-id
Caused by: wasm trap: wasm `unreachable` instruction executed

---- test-find-available-slot ----
test 'spin-test-test-find-available-slot' failed 
Caused by: error while executing at wasm backtrace:
    0: 0x1a874ab - config_tests.wasm!abort
    1: 0x1a8328a - config_tests.wasm!std::sys::pal::wasi::helpers::abort_internal::hcc3b2e0cde3c9001
    2: 0x1a81eb9 - config_tests.wasm!std::process::abort::h0e38511b4c8b6f04
    3: 0x1a81eaf - config_tests.wasm!__rustc[5224e6b81cd82a8f]::__rust_abort
    4: 0x1a8468d - config_tests.wasm!__rustc[5224e6b81cd82a8f]::__rust_start_panic
    5: 0x1a844fe - config_tests.wasm!__rustc[5224e6b81cd82a8f]::rust_panic
    6: 0x1a84483 - config_tests.wasm!std::panicking::rust_panic_with_hook::h085fb375cd657b2f
    7: 0x1a83579 - config_tests.wasm!std::panicking::begin_panic_handler::{{closure}}::he68af7f9d5c53e56
    8: 0x1a834e5 - config_tests.wasm!std::sys::backtrace::__rust_end_short_backtrace::h4c38003a22ca226f
    9: 0x1a83e6a - config_tests.wasm!__rustc[5224e6b81cd82a8f]::rust_begin_unwind
   10: 0x1a8d7d4 - config_tests.wasm!core::panicking::panic_fmt::h4e32e8d1cab5f47e
   11: 0x1a8f22a - config_tests.wasm!core::panicking::assert_failed_inner::hf7ede4d3870aaaec
   12: 0x1a7236a - config_tests.wasm!core::panicking::assert_failed::h168e3f8c09ecb509
   13: 0x19f15be - config_tests.wasm!config_tests::docket_tests_v2::test_find_available_slot::h872912a37fb10a39
   14: 0x1a73d1c - config_tests.wasm!spin-test-test-find-available-slot
Caused by: wasm trap: wasm `unreachable` instruction executed

---- test-get-deadline-by-id ----
test 'spin-test-test-get-deadline-by-id' failed 
Caused by: error while executing at wasm backtrace:
    0: 0x1a874ab - config_tests.wasm!abort
    1: 0x1a8328a - config_tests.wasm!std::sys::pal::wasi::helpers::abort_internal::hcc3b2e0cde3c9001
    2: 0x1a81eb9 - config_tests.wasm!std::process::abort::h0e38511b4c8b6f04
    3: 0x1a81eaf - config_tests.wasm!__rustc[5224e6b81cd82a8f]::__rust_abort
    4: 0x1a8468d - config_tests.wasm!__rustc[5224e6b81cd82a8f]::__rust_start_panic
    5: 0x1a844fe - config_tests.wasm!__rustc[5224e6b81cd82a8f]::rust_panic
    6: 0x1a84483 - config_tests.wasm!std::panicking::rust_panic_with_hook::h085fb375cd657b2f
    7: 0x1a83579 - config_tests.wasm!std::panicking::begin_panic_handler::{{closure}}::he68af7f9d5c53e56
    8: 0x1a834e5 - config_tests.wasm!std::sys::backtrace::__rust_end_short_backtrace::h4c38003a22ca226f
    9: 0x1a83e6a - config_tests.wasm!__rustc[5224e6b81cd82a8f]::rust_begin_unwind
   10: 0x1a8d7d4 - config_tests.wasm!core::panicking::panic_fmt::h4e32e8d1cab5f47e
   11: 0x1a8f22a - config_tests.wasm!core::panicking::assert_failed_inner::hf7ede4d3870aaaec
   12: 0x1a7236a - config_tests.wasm!core::panicking::assert_failed::h168e3f8c09ecb509
   13: 0x1a34b54 - config_tests.wasm!config_tests::deadline_tests_v2::test_get_deadline_by_id::hb228877dc70b4261
   14: 0x1a724f0 - config_tests.wasm!spin-test-test-get-deadline-by-id
Caused by: wasm trap: wasm `unreachable` instruction executed

---- test-deadline-multi-tenant-isolation ----
test 'spin-test-test-deadline-multi-tenant-isolation' failed 
Caused by: error while executing at wasm backtrace:
    0: 0x1a874ab - config_tests.wasm!abort
    1: 0x1a8328a - config_tests.wasm!std::sys::pal::wasi::helpers::abort_internal::hcc3b2e0cde3c9001
    2: 0x1a81eb9 - config_tests.wasm!std::process::abort::h0e38511b4c8b6f04
    3: 0x1a81eaf - config_tests.wasm!__rustc[5224e6b81cd82a8f]::__rust_abort
    4: 0x1a8468d - config_tests.wasm!__rustc[5224e6b81cd82a8f]::__rust_start_panic
    5: 0x1a844fe - config_tests.wasm!__rustc[5224e6b81cd82a8f]::rust_panic
    6: 0x1a84483 - config_tests.wasm!std::panicking::rust_panic_with_hook::h085fb375cd657b2f
    7: 0x1a835ab - config_tests.wasm!std::panicking::begin_panic_handler::{{closure}}::he68af7f9d5c53e56
    8: 0x1a834e5 - config_tests.wasm!std::sys::backtrace::__rust_end_short_backtrace::h4c38003a22ca226f
    9: 0x1a83e6a - config_tests.wasm!__rustc[5224e6b81cd82a8f]::rust_begin_unwind
   10: 0x1a8d7d4 - config_tests.wasm!core::panicking::panic_fmt::h4e32e8d1cab5f47e
   11: 0x1a3c2c9 - config_tests.wasm!config_tests::deadline_tests_v2::test_deadline_multi_tenant_isolation::hcc9281c96f2697be
   12: 0x1a6fad8 - config_tests.wasm!spin-test-test-deadline-multi-tenant-isolation
Caused by: wasm trap: wasm `unreachable` instruction executed

---- test-order-multi-tenant-isolation ----
test 'spin-test-test-order-multi-tenant-isolation' failed 
Caused by: error while executing at wasm backtrace:
    0: 0x1a874ab - config_tests.wasm!abort
    1: 0x1a8328a - config_tests.wasm!std::sys::pal::wasi::helpers::abort_internal::hcc3b2e0cde3c9001
    2: 0x1a81eb9 - config_tests.wasm!std::process::abort::h0e38511b4c8b6f04
    3: 0x1a81eaf - config_tests.wasm!__rustc[5224e6b81cd82a8f]::__rust_abort
    4: 0x1a8468d - config_tests.wasm!__rustc[5224e6b81cd82a8f]::__rust_start_panic
    5: 0x1a844fe - config_tests.wasm!__rustc[5224e6b81cd82a8f]::rust_panic
    6: 0x1a84483 - config_tests.wasm!std::panicking::rust_panic_with_hook::h085fb375cd657b2f
    7: 0x1a835ab - config_tests.wasm!std::panicking::begin_panic_handler::{{closure}}::he68af7f9d5c53e56
    8: 0x1a834e5 - config_tests.wasm!std::sys::backtrace::__rust_end_short_backtrace::h4c38003a22ca226f
    9: 0x1a83e6a - config_tests.wasm!__rustc[5224e6b81cd82a8f]::rust_begin_unwind
   10: 0x1a8d7d4 - config_tests.wasm!core::panicking::panic_fmt::h4e32e8d1cab5f47e
   11: 0x1a88e9f - config_tests.wasm!core::panicking::panic::h42b72918664c199b
   12: 0x1a1ad2b - config_tests.wasm!config_tests::order_tests_v2::test_order_multi_tenant_isolation::h582b15bdcb9c25cd
   13: 0x1a70be5 - config_tests.wasm!spin-test-test-order-multi-tenant-isolation
Caused by: wasm trap: wasm `unreachable` instruction executed

---- test-missing-header-returns-error ----
test 'spin-test-test-missing-header-returns-error' failed 
Caused by: error while executing at wasm backtrace:
    0: 0xcc3337 - spin_utopia.wasm!abort
    1: 0xcb7c40 - spin_utopia.wasm!std::sys::pal::wasi::helpers::abort_internal::hcc3b2e0cde3c9001
    2: 0xcb31d1 - spin_utopia.wasm!std::process::abort::h0e38511b4c8b6f04
    3: 0xcb31c7 - spin_utopia.wasm!__rustc[5224e6b81cd82a8f]::__rust_abort
    4: 0xcb9697 - spin_utopia.wasm!__rustc[5224e6b81cd82a8f]::__rust_start_panic
    5: 0xcb9299 - spin_utopia.wasm!__rustc[5224e6b81cd82a8f]::rust_panic
    6: 0xcb9160 - spin_utopia.wasm!std::panicking::rust_panic_with_hook::h085fb375cd657b2f
    7: 0xcb80f5 - spin_utopia.wasm!std::panicking::begin_panic_handler::{{closure}}::he68af7f9d5c53e56
    8: 0xcb8061 - spin_utopia.wasm!std::sys::backtrace::__rust_end_short_backtrace::h4c38003a22ca226f
    9: 0xcb8b47 - spin_utopia.wasm!__rustc[5224e6b81cd82a8f]::rust_begin_unwind
   10: 0xcccb36 - spin_utopia.wasm!core::panicking::panic_fmt::h4e32e8d1cab5f47e
   11: 0xcce756 - spin_utopia.wasm!core::result::unwrap_failed::heb00d4d50e638a08
   12: 0x617352 - spin_utopia.wasm!spin_utopia::adapters::spin_kv_case_repository::SpinKvCaseRepository::with_store::h784e93cfa8fc00c8
   13: 0xa33a19 - spin_utopia.wasm!spin_utopia::handlers::criminal_case::search_cases::h14feef512b2b9a78
   14: 0x48bb46 - spin_utopia.wasm!<F as spin_sdk::http::router::Handler>::handle::{{closure}}::hb3a4169752374014
   15: 0xc985d3 - spin_utopia.wasm!<alloc::boxed::Box<dyn spin_sdk::http::router::Handler> as spin_sdk::http::router::Handler>::handle::{{closure}}::h1b6255c66b0e82da
   16: 0x4eee85 - spin_utopia.wasm!spin_executor::run::h5e53f2e63611faf5
   17: 0x4ee766 - spin_utopia.wasm!spin_utopia::handle_spin_todo_api::{{closure}}::haaee0c45a36a0cd2
   18: 0x4eaef0 - spin_utopia.wasm!spin_executor::run::h5543f9eff02f4bcf
   19: 0xbabe6f - spin_utopia.wasm!wasi:http/incoming-handler@0.2.0#handle
   20: 0x5795 - <unknown>!<wasm function 104>
   21: 0x19310dc - router.wasm!<router::Component as router::bindings::exports::wasi::http::incoming_handler::Guest>::handle::ha50de62a29cb8b3e
   22: 0x19319e0 - router.wasm!wasi:http/incoming-handler@0.2.0#handle
   23: 0x20c0 - <unknown>!<wasm function 55>
   24: 0x1a8048d - config_tests.wasm!spin_test_sdk::perform_request::h8724e91b3678e35f
   25: 0x1a64d78 - config_tests.wasm!config_tests::header_routing_tests::make_request_no_header::h653ba474ca0fbec2
   26: 0x1a653f4 - config_tests.wasm!config_tests::header_routing_tests::test_missing_header_returns_error::h3bc2f538810db244
   27: 0x1a70ce4 - config_tests.wasm!spin-test-test-missing-header-returns-error
Caused by: wasm trap: wasm `unreachable` instruction executed

---- test-create-attorney-success ----
test 'spin-test-test-create-attorney-success' failed 
Caused by: error while executing at wasm backtrace:
    0: 0x1a874ab - config_tests.wasm!abort
    1: 0x1a8328a - config_tests.wasm!std::sys::pal::wasi::helpers::abort_internal::hcc3b2e0cde3c9001
    2: 0x1a81eb9 - config_tests.wasm!std::process::abort::h0e38511b4c8b6f04
    3: 0x1a81eaf - config_tests.wasm!__rustc[5224e6b81cd82a8f]::__rust_abort
    4: 0x1a8468d - config_tests.wasm!__rustc[5224e6b81cd82a8f]::__rust_start_panic
    5: 0x1a844fe - config_tests.wasm!__rustc[5224e6b81cd82a8f]::rust_panic
    6: 0x1a84483 - config_tests.wasm!std::panicking::rust_panic_with_hook::h085fb375cd657b2f
    7: 0x1a83579 - config_tests.wasm!std::panicking::begin_panic_handler::{{closure}}::he68af7f9d5c53e56
    8: 0x1a834e5 - config_tests.wasm!std::sys::backtrace::__rust_end_short_backtrace::h4c38003a22ca226f
    9: 0x1a83e6a - config_tests.wasm!__rustc[5224e6b81cd82a8f]::rust_begin_unwind
   10: 0x1a8d7d4 - config_tests.wasm!core::panicking::panic_fmt::h4e32e8d1cab5f47e
   11: 0x1a5b8c3 - config_tests.wasm!config_tests::attorney_tests_v2::test_create_attorney_success::hc4f2b90cf9966e58
   12: 0x1a725c2 - config_tests.wasm!spin-test-test-create-attorney-success
Caused by: wasm trap: wasm `unreachable` instruction executed

---- test-update-order ----
test 'spin-test-test-update-order' failed 
Caused by: error while executing at wasm backtrace:
    0: 0x1a874ab - config_tests.wasm!abort
    1: 0x1a8328a - config_tests.wasm!std::sys::pal::wasi::helpers::abort_internal::hcc3b2e0cde3c9001
    2: 0x1a81eb9 - config_tests.wasm!std::process::abort::h0e38511b4c8b6f04
    3: 0x1a81eaf - config_tests.wasm!__rustc[5224e6b81cd82a8f]::__rust_abort
    4: 0x1a8468d - config_tests.wasm!__rustc[5224e6b81cd82a8f]::__rust_start_panic
    5: 0x1a844fe - config_tests.wasm!__rustc[5224e6b81cd82a8f]::rust_panic
    6: 0x1a84483 - config_tests.wasm!std::panicking::rust_panic_with_hook::h085fb375cd657b2f
    7: 0x1a83579 - config_tests.wasm!std::panicking::begin_panic_handler::{{closure}}::he68af7f9d5c53e56
    8: 0x1a834e5 - config_tests.wasm!std::sys::backtrace::__rust_end_short_backtrace::h4c38003a22ca226f
    9: 0x1a83e6a - config_tests.wasm!__rustc[5224e6b81cd82a8f]::rust_begin_unwind
   10: 0x1a8d7d4 - config_tests.wasm!core::panicking::panic_fmt::h4e32e8d1cab5f47e
   11: 0x1a8f22a - config_tests.wasm!core::panicking::assert_failed_inner::hf7ede4d3870aaaec
   12: 0x1a7236a - config_tests.wasm!core::panicking::assert_failed::h168e3f8c09ecb509
   13: 0x1a13ea4 - config_tests.wasm!config_tests::order_tests_v2::test_update_order::hbf06d0a829466035
   14: 0x1a73d58 - config_tests.wasm!spin-test-test-update-order
Caused by: wasm trap: wasm `unreachable` instruction executed

---- test-update-attorney ----
test 'spin-test-test-update-attorney' failed 
Caused by: error while executing at wasm backtrace:
    0: 0x1a874ab - config_tests.wasm!abort
    1: 0x1a8328a - config_tests.wasm!std::sys::pal::wasi::helpers::abort_internal::hcc3b2e0cde3c9001
    2: 0x1a81eb9 - config_tests.wasm!std::process::abort::h0e38511b4c8b6f04
    3: 0x1a81eaf - config_tests.wasm!__rustc[5224e6b81cd82a8f]::__rust_abort
    4: 0x1a8468d - config_tests.wasm!__rustc[5224e6b81cd82a8f]::__rust_start_panic
    5: 0x1a844fe - config_tests.wasm!__rustc[5224e6b81cd82a8f]::rust_panic
    6: 0x1a84483 - config_tests.wasm!std::panicking::rust_panic_with_hook::h085fb375cd657b2f
    7: 0x1a83579 - config_tests.wasm!std::panicking::begin_panic_handler::{{closure}}::he68af7f9d5c53e56
    8: 0x1a834e5 - config_tests.wasm!std::sys::backtrace::__rust_end_short_backtrace::h4c38003a22ca226f
    9: 0x1a83e6a - config_tests.wasm!__rustc[5224e6b81cd82a8f]::rust_begin_unwind
   10: 0x1a8d7d4 - config_tests.wasm!core::panicking::panic_fmt::h4e32e8d1cab5f47e
   11: 0x1a8f22a - config_tests.wasm!core::panicking::assert_failed_inner::hf7ede4d3870aaaec
   12: 0x1a7236a - config_tests.wasm!core::panicking::assert_failed::h168e3f8c09ecb509
   13: 0x1a5e157 - config_tests.wasm!config_tests::attorney_tests_v2::test_update_attorney::hfa3e917eac0a0048
   14: 0x1a71015 - config_tests.wasm!spin-test-test-update-attorney
Caused by: wasm trap: wasm `unreachable` instruction executed

---- test-get-judge-by-id-cache-hit ----
test 'spin-test-test-get-judge-by-id-cache-hit' failed 
Caused by: error while executing at wasm backtrace:
    0: 0x1a874ab - config_tests.wasm!abort
    1: 0x1a8328a - config_tests.wasm!std::sys::pal::wasi::helpers::abort_internal::hcc3b2e0cde3c9001
    2: 0x1a81eb9 - config_tests.wasm!std::process::abort::h0e38511b4c8b6f04
    3: 0x1a81eaf - config_tests.wasm!__rustc[5224e6b81cd82a8f]::__rust_abort
    4: 0x1a8468d - config_tests.wasm!__rustc[5224e6b81cd82a8f]::__rust_start_panic
    5: 0x1a844fe - config_tests.wasm!__rustc[5224e6b81cd82a8f]::rust_panic
    6: 0x1a84483 - config_tests.wasm!std::panicking::rust_panic_with_hook::h085fb375cd657b2f
    7: 0x1a83579 - config_tests.wasm!std::panicking::begin_panic_handler::{{closure}}::he68af7f9d5c53e56
    8: 0x1a834e5 - config_tests.wasm!std::sys::backtrace::__rust_end_short_backtrace::h4c38003a22ca226f
    9: 0x1a83e6a - config_tests.wasm!__rustc[5224e6b81cd82a8f]::rust_begin_unwind
   10: 0x1a8d7d4 - config_tests.wasm!core::panicking::panic_fmt::h4e32e8d1cab5f47e
   11: 0x1a8f22a - config_tests.wasm!core::panicking::assert_failed_inner::hf7ede4d3870aaaec
   12: 0x1a7236a - config_tests.wasm!core::panicking::assert_failed::h168e3f8c09ecb509
   13: 0x1a4fba0 - config_tests.wasm!config_tests::judge_tests_proper::test_get_judge_by_id_cache_hit::h13cd55250e77367b
   14: 0x1a71042 - config_tests.wasm!spin-test-test-get-judge-by-id-cache-hit
Caused by: wasm trap: wasm `unreachable` instruction executed

---- test-get-sentencing-by-case ----
test 'spin-test-test-get-sentencing-by-case' failed 
Caused by: error while executing at wasm backtrace:
    0: 0x1a874ab - config_tests.wasm!abort
    1: 0x1a8328a - config_tests.wasm!std::sys::pal::wasi::helpers::abort_internal::hcc3b2e0cde3c9001
    2: 0x1a81eb9 - config_tests.wasm!std::process::abort::h0e38511b4c8b6f04
    3: 0x1a81eaf - config_tests.wasm!__rustc[5224e6b81cd82a8f]::__rust_abort
    4: 0x1a8468d - config_tests.wasm!__rustc[5224e6b81cd82a8f]::__rust_start_panic
    5: 0x1a844fe - config_tests.wasm!__rustc[5224e6b81cd82a8f]::rust_panic
    6: 0x1a84483 - config_tests.wasm!std::panicking::rust_panic_with_hook::h085fb375cd657b2f
    7: 0x1a83579 - config_tests.wasm!std::panicking::begin_panic_handler::{{closure}}::he68af7f9d5c53e56
    8: 0x1a834e5 - config_tests.wasm!std::sys::backtrace::__rust_end_short_backtrace::h4c38003a22ca226f
    9: 0x1a83e6a - config_tests.wasm!__rustc[5224e6b81cd82a8f]::rust_begin_unwind
   10: 0x1a8d7d4 - config_tests.wasm!core::panicking::panic_fmt::h4e32e8d1cab5f47e
   11: 0x1a8f22a - config_tests.wasm!core::panicking::assert_failed_inner::hf7ede4d3870aaaec
   12: 0x1a7236a - config_tests.wasm!core::panicking::assert_failed::h168e3f8c09ecb509
   13: 0x1a004be - config_tests.wasm!config_tests::sentencing_tests_v2::test_get_sentencing_by_case::h90940b54c1f12977
   14: 0x1a6faab - config_tests.wasm!spin-test-test-get-sentencing-by-case
Caused by: wasm trap: wasm `unreachable` instruction executed

---- test-create-deadline-invalid-date ----
test 'spin-test-test-create-deadline-invalid-date' failed 
Caused by: error while executing at wasm backtrace:
    0: 0x1a874ab - config_tests.wasm!abort
    1: 0x1a8328a - config_tests.wasm!std::sys::pal::wasi::helpers::abort_internal::hcc3b2e0cde3c9001
    2: 0x1a81eb9 - config_tests.wasm!std::process::abort::h0e38511b4c8b6f04
    3: 0x1a81eaf - config_tests.wasm!__rustc[5224e6b81cd82a8f]::__rust_abort
    4: 0x1a8468d - config_tests.wasm!__rustc[5224e6b81cd82a8f]::__rust_start_panic
    5: 0x1a844fe - config_tests.wasm!__rustc[5224e6b81cd82a8f]::rust_panic
    6: 0x1a84483 - config_tests.wasm!std::panicking::rust_panic_with_hook::h085fb375cd657b2f
    7: 0x1a835ab - config_tests.wasm!std::panicking::begin_panic_handler::{{closure}}::he68af7f9d5c53e56
    8: 0x1a834e5 - config_tests.wasm!std::sys::backtrace::__rust_end_short_backtrace::h4c38003a22ca226f
    9: 0x1a83e6a - config_tests.wasm!__rustc[5224e6b81cd82a8f]::rust_begin_unwind
   10: 0x1a8d7d4 - config_tests.wasm!core::panicking::panic_fmt::h4e32e8d1cab5f47e
   11: 0x1a3dbf0 - config_tests.wasm!config_tests::deadline_tests_v2::test_create_deadline_invalid_date::h96fc50d176751b36
   12: 0x1a70ef8 - config_tests.wasm!spin-test-test-create-deadline-invalid-date
Caused by: wasm trap: wasm `unreachable` instruction executed

---- test-create-deadline-missing-due-date ----
test 'spin-test-test-create-deadline-missing-due-date' failed 
Caused by: error while executing at wasm backtrace:
    0: 0x1a874ab - config_tests.wasm!abort
    1: 0x1a8328a - config_tests.wasm!std::sys::pal::wasi::helpers::abort_internal::hcc3b2e0cde3c9001
    2: 0x1a81eb9 - config_tests.wasm!std::process::abort::h0e38511b4c8b6f04
    3: 0x1a81eaf - config_tests.wasm!__rustc[5224e6b81cd82a8f]::__rust_abort
    4: 0x1a8468d - config_tests.wasm!__rustc[5224e6b81cd82a8f]::__rust_start_panic
    5: 0x1a844fe - config_tests.wasm!__rustc[5224e6b81cd82a8f]::rust_panic
    6: 0x1a84483 - config_tests.wasm!std::panicking::rust_panic_with_hook::h085fb375cd657b2f
    7: 0x1a835ab - config_tests.wasm!std::panicking::begin_panic_handler::{{closure}}::he68af7f9d5c53e56
    8: 0x1a834e5 - config_tests.wasm!std::sys::backtrace::__rust_end_short_backtrace::h4c38003a22ca226f
    9: 0x1a83e6a - config_tests.wasm!__rustc[5224e6b81cd82a8f]::rust_begin_unwind
   10: 0x1a8d7d4 - config_tests.wasm!core::panicking::panic_fmt::h4e32e8d1cab5f47e
   11: 0x1a345a3 - config_tests.wasm!config_tests::deadline_tests_v2::test_create_deadline_missing_due_date::he64497f5906dd31d
   12: 0x1a70b8b - config_tests.wasm!spin-test-test-create-deadline-missing-due-date
Caused by: wasm trap: wasm `unreachable` instruction executed

---- test-delete-deadline ----
test 'spin-test-test-delete-deadline' failed 
Caused by: error while executing at wasm backtrace:
    0: 0x1a874ab - config_tests.wasm!abort
    1: 0x1a8328a - config_tests.wasm!std::sys::pal::wasi::helpers::abort_internal::hcc3b2e0cde3c9001
    2: 0x1a81eb9 - config_tests.wasm!std::process::abort::h0e38511b4c8b6f04
    3: 0x1a81eaf - config_tests.wasm!__rustc[5224e6b81cd82a8f]::__rust_abort
    4: 0x1a8468d - config_tests.wasm!__rustc[5224e6b81cd82a8f]::__rust_start_panic
    5: 0x1a844fe - config_tests.wasm!__rustc[5224e6b81cd82a8f]::rust_panic
    6: 0x1a84483 - config_tests.wasm!std::panicking::rust_panic_with_hook::h085fb375cd657b2f
    7: 0x1a835ab - config_tests.wasm!std::panicking::begin_panic_handler::{{closure}}::he68af7f9d5c53e56
    8: 0x1a834e5 - config_tests.wasm!std::sys::backtrace::__rust_end_short_backtrace::h4c38003a22ca226f
    9: 0x1a83e6a - config_tests.wasm!__rustc[5224e6b81cd82a8f]::rust_begin_unwind
   10: 0x1a8d7d4 - config_tests.wasm!core::panicking::panic_fmt::h4e32e8d1cab5f47e
   11: 0x1a3958d - config_tests.wasm!config_tests::deadline_tests_v2::test_delete_deadline::h4705e4fd00f504bf
   12: 0x1a70f07 - config_tests.wasm!spin-test-test-delete-deadline
Caused by: wasm trap: wasm `unreachable` instruction executed

---- test-create-order-success ----
test 'spin-test-test-create-order-success' failed 
Caused by: error while executing at wasm backtrace:
    0: 0x1a874ab - config_tests.wasm!abort
    1: 0x1a8328a - config_tests.wasm!std::sys::pal::wasi::helpers::abort_internal::hcc3b2e0cde3c9001
    2: 0x1a81eb9 - config_tests.wasm!std::process::abort::h0e38511b4c8b6f04
    3: 0x1a81eaf - config_tests.wasm!__rustc[5224e6b81cd82a8f]::__rust_abort
    4: 0x1a8468d - config_tests.wasm!__rustc[5224e6b81cd82a8f]::__rust_start_panic
    5: 0x1a844fe - config_tests.wasm!__rustc[5224e6b81cd82a8f]::rust_panic
    6: 0x1a84483 - config_tests.wasm!std::panicking::rust_panic_with_hook::h085fb375cd657b2f
    7: 0x1a83579 - config_tests.wasm!std::panicking::begin_panic_handler::{{closure}}::he68af7f9d5c53e56
    8: 0x1a834e5 - config_tests.wasm!std::sys::backtrace::__rust_end_short_backtrace::h4c38003a22ca226f
    9: 0x1a83e6a - config_tests.wasm!__rustc[5224e6b81cd82a8f]::rust_begin_unwind
   10: 0x1a8d7d4 - config_tests.wasm!core::panicking::panic_fmt::h4e32e8d1cab5f47e
   11: 0x1a102e0 - config_tests.wasm!config_tests::order_tests_v2::test_create_order_success::haa5b485d4cb7f693
   12: 0x1a6fb7d - config_tests.wasm!spin-test-test-create-order-success
Caused by: wasm trap: wasm `unreachable` instruction executed

---- test-delete-calendar-event ----
test 'spin-test-test-delete-calendar-event' failed 
Caused by: error while executing at wasm backtrace:
    0: 0x1a874ab - config_tests.wasm!abort
    1: 0x1a8328a - config_tests.wasm!std::sys::pal::wasi::helpers::abort_internal::hcc3b2e0cde3c9001
    2: 0x1a81eb9 - config_tests.wasm!std::process::abort::h0e38511b4c8b6f04
    3: 0x1a81eaf - config_tests.wasm!__rustc[5224e6b81cd82a8f]::__rust_abort
    4: 0x1a8468d - config_tests.wasm!__rustc[5224e6b81cd82a8f]::__rust_start_panic
    5: 0x1a844fe - config_tests.wasm!__rustc[5224e6b81cd82a8f]::rust_panic
    6: 0x1a84483 - config_tests.wasm!std::panicking::rust_panic_with_hook::h085fb375cd657b2f
    7: 0x1a835ab - config_tests.wasm!std::panicking::begin_panic_handler::{{closure}}::he68af7f9d5c53e56
    8: 0x1a834e5 - config_tests.wasm!std::sys::backtrace::__rust_end_short_backtrace::h4c38003a22ca226f
    9: 0x1a83e6a - config_tests.wasm!__rustc[5224e6b81cd82a8f]::rust_begin_unwind
   10: 0x1a8d7d4 - config_tests.wasm!core::panicking::panic_fmt::h4e32e8d1cab5f47e
   11: 0x19f400c - config_tests.wasm!config_tests::docket_tests_v2::test_delete_calendar_event::h7adb34a55e537b44
   12: 0x1a70ba9 - config_tests.wasm!spin-test-test-delete-calendar-event
Caused by: wasm trap: wasm `unreachable` instruction executed

---- test-calculate-guidelines ----
test 'spin-test-test-calculate-guidelines' failed 
Caused by: error while executing at wasm backtrace:
    0: 0x1a874ab - config_tests.wasm!abort
    1: 0x1a8328a - config_tests.wasm!std::sys::pal::wasi::helpers::abort_internal::hcc3b2e0cde3c9001
    2: 0x1a81eb9 - config_tests.wasm!std::process::abort::h0e38511b4c8b6f04
    3: 0x1a81eaf - config_tests.wasm!__rustc[5224e6b81cd82a8f]::__rust_abort
    4: 0x1a8468d - config_tests.wasm!__rustc[5224e6b81cd82a8f]::__rust_start_panic
    5: 0x1a844fe - config_tests.wasm!__rustc[5224e6b81cd82a8f]::rust_panic
    6: 0x1a84483 - config_tests.wasm!std::panicking::rust_panic_with_hook::h085fb375cd657b2f
    7: 0x1a83579 - config_tests.wasm!std::panicking::begin_panic_handler::{{closure}}::he68af7f9d5c53e56
    8: 0x1a834e5 - config_tests.wasm!std::sys::backtrace::__rust_end_short_backtrace::h4c38003a22ca226f
    9: 0x1a83e6a - config_tests.wasm!__rustc[5224e6b81cd82a8f]::rust_begin_unwind
   10: 0x1a8d7d4 - config_tests.wasm!core::panicking::panic_fmt::h4e32e8d1cab5f47e
   11: 0x1a8f22a - config_tests.wasm!core::panicking::assert_failed_inner::hf7ede4d3870aaaec
   12: 0x1a7236a - config_tests.wasm!core::panicking::assert_failed::h168e3f8c09ecb509
   13: 0x1a01376 - config_tests.wasm!config_tests::sentencing_tests_v2::test_calculate_guidelines::h155b158404b96931
   14: 0x1a70ee9 - config_tests.wasm!spin-test-test-calculate-guidelines
Caused by: wasm trap: wasm `unreachable` instruction executed

---- test-get-case-docket ----
test 'spin-test-test-get-case-docket' failed 
Caused by: error while executing at wasm backtrace:
    0: 0x1a874ab - config_tests.wasm!abort
    1: 0x1a8328a - config_tests.wasm!std::sys::pal::wasi::helpers::abort_internal::hcc3b2e0cde3c9001
    2: 0x1a81eb9 - config_tests.wasm!std::process::abort::h0e38511b4c8b6f04
    3: 0x1a81eaf - config_tests.wasm!__rustc[5224e6b81cd82a8f]::__rust_abort
    4: 0x1a8468d - config_tests.wasm!__rustc[5224e6b81cd82a8f]::__rust_start_panic
    5: 0x1a844fe - config_tests.wasm!__rustc[5224e6b81cd82a8f]::rust_panic
    6: 0x1a84483 - config_tests.wasm!std::panicking::rust_panic_with_hook::h085fb375cd657b2f
    7: 0x1a83579 - config_tests.wasm!std::panicking::begin_panic_handler::{{closure}}::he68af7f9d5c53e56
    8: 0x1a834e5 - config_tests.wasm!std::sys::backtrace::__rust_end_short_backtrace::h4c38003a22ca226f
    9: 0x1a83e6a - config_tests.wasm!__rustc[5224e6b81cd82a8f]::rust_begin_unwind
   10: 0x1a8d7d4 - config_tests.wasm!core::panicking::panic_fmt::h4e32e8d1cab5f47e
   11: 0x1a8f22a - config_tests.wasm!core::panicking::assert_failed_inner::hf7ede4d3870aaaec
   12: 0x1a7236a - config_tests.wasm!core::panicking::assert_failed::h168e3f8c09ecb509
   13: 0x19edc66 - config_tests.wasm!config_tests::docket_tests_v2::test_get_case_docket::h52e496572e5a807e
   14: 0x1a6fb50 - config_tests.wasm!spin-test-test-get-case-docket
Caused by: wasm trap: wasm `unreachable` instruction executed

---- test-get-judge-by-id-cache-miss ----
test 'spin-test-test-get-judge-by-id-cache-miss' failed 
Caused by: error while executing at wasm backtrace:
    0: 0x1a874ab - config_tests.wasm!abort
    1: 0x1a8328a - config_tests.wasm!std::sys::pal::wasi::helpers::abort_internal::hcc3b2e0cde3c9001
    2: 0x1a81eb9 - config_tests.wasm!std::process::abort::h0e38511b4c8b6f04
    3: 0x1a81eaf - config_tests.wasm!__rustc[5224e6b81cd82a8f]::__rust_abort
    4: 0x1a8468d - config_tests.wasm!__rustc[5224e6b81cd82a8f]::__rust_start_panic
    5: 0x1a844fe - config_tests.wasm!__rustc[5224e6b81cd82a8f]::rust_panic
    6: 0x1a84483 - config_tests.wasm!std::panicking::rust_panic_with_hook::h085fb375cd657b2f
    7: 0x1a83579 - config_tests.wasm!std::panicking::begin_panic_handler::{{closure}}::he68af7f9d5c53e56
    8: 0x1a834e5 - config_tests.wasm!std::sys::backtrace::__rust_end_short_backtrace::h4c38003a22ca226f
    9: 0x1a83e6a - config_tests.wasm!__rustc[5224e6b81cd82a8f]::rust_begin_unwind
   10: 0x1a8d7d4 - config_tests.wasm!core::panicking::panic_fmt::h4e32e8d1cab5f47e
   11: 0x1a8f299 - config_tests.wasm!core::panicking::assert_failed_inner::hf7ede4d3870aaaec
   12: 0x1a723f8 - config_tests.wasm!core::panicking::assert_failed::h4cba53361f898320
   13: 0x1a500b7 - config_tests.wasm!config_tests::judge_tests_proper::test_get_judge_by_id_cache_miss::h64b3527507c87bec
   14: 0x1a6fbc8 - config_tests.wasm!spin-test-test-get-judge-by-id-cache-miss
Caused by: wasm trap: wasm `unreachable` instruction executed

---- test-attorney-multi-tenant-isolation ----
test 'spin-test-test-attorney-multi-tenant-isolation' failed 
Caused by: error while executing at wasm backtrace:
    0: 0x1a874ab - config_tests.wasm!abort
    1: 0x1a8328a - config_tests.wasm!std::sys::pal::wasi::helpers::abort_internal::hcc3b2e0cde3c9001
    2: 0x1a81eb9 - config_tests.wasm!std::process::abort::h0e38511b4c8b6f04
    3: 0x1a81eaf - config_tests.wasm!__rustc[5224e6b81cd82a8f]::__rust_abort
    4: 0x1a8468d - config_tests.wasm!__rustc[5224e6b81cd82a8f]::__rust_start_panic
    5: 0x1a844fe - config_tests.wasm!__rustc[5224e6b81cd82a8f]::rust_panic
    6: 0x1a84483 - config_tests.wasm!std::panicking::rust_panic_with_hook::h085fb375cd657b2f
    7: 0x1a835ab - config_tests.wasm!std::panicking::begin_panic_handler::{{closure}}::he68af7f9d5c53e56
    8: 0x1a834e5 - config_tests.wasm!std::sys::backtrace::__rust_end_short_backtrace::h4c38003a22ca226f
    9: 0x1a83e6a - config_tests.wasm!__rustc[5224e6b81cd82a8f]::rust_begin_unwind
   10: 0x1a8d7d4 - config_tests.wasm!core::panicking::panic_fmt::h4e32e8d1cab5f47e
   11: 0x1a88e9f - config_tests.wasm!core::panicking::panic::h42b72918664c199b
   12: 0x1a612c7 - config_tests.wasm!config_tests::attorney_tests_v2::test_attorney_multi_tenant_isolation::he5c4bcf9ef5e72f4
   13: 0x1a73d94 - config_tests.wasm!spin-test-test-attorney-multi-tenant-isolation
Caused by: wasm trap: wasm `unreachable` instruction executed

---- test-get-sentencing-statistics ----
test 'spin-test-test-get-sentencing-statistics' failed 
Caused by: error while executing at wasm backtrace:
    0: 0x1a874ab - config_tests.wasm!abort
    1: 0x1a8328a - config_tests.wasm!std::sys::pal::wasi::helpers::abort_internal::hcc3b2e0cde3c9001
    2: 0x1a81eb9 - config_tests.wasm!std::process::abort::h0e38511b4c8b6f04
    3: 0x1a81eaf - config_tests.wasm!__rustc[5224e6b81cd82a8f]::__rust_abort
    4: 0x1a8468d - config_tests.wasm!__rustc[5224e6b81cd82a8f]::__rust_start_panic
    5: 0x1a844fe - config_tests.wasm!__rustc[5224e6b81cd82a8f]::rust_panic
    6: 0x1a84483 - config_tests.wasm!std::panicking::rust_panic_with_hook::h085fb375cd657b2f
    7: 0x1a83579 - config_tests.wasm!std::panicking::begin_panic_handler::{{closure}}::he68af7f9d5c53e56
    8: 0x1a834e5 - config_tests.wasm!std::sys::backtrace::__rust_end_short_backtrace::h4c38003a22ca226f
    9: 0x1a83e6a - config_tests.wasm!__rustc[5224e6b81cd82a8f]::rust_begin_unwind
   10: 0x1a8d7d4 - config_tests.wasm!core::panicking::panic_fmt::h4e32e8d1cab5f47e
   11: 0x1a8f22a - config_tests.wasm!core::panicking::assert_failed_inner::hf7ede4d3870aaaec
   12: 0x1a7236a - config_tests.wasm!core::panicking::assert_failed::h168e3f8c09ecb509
   13: 0x1a05331 - config_tests.wasm!config_tests::sentencing_tests_v2::test_get_sentencing_statistics::hc32fe31d7b538b46
   14: 0x1a6fa9c - config_tests.wasm!spin-test-test-get-sentencing-statistics
Caused by: wasm trap: wasm `unreachable` instruction executed

---- test-create-docket-entry-success ----
test 'spin-test-test-create-docket-entry-success' failed 
Caused by: error while executing at wasm backtrace:
    0: 0x1a874ab - config_tests.wasm!abort
    1: 0x1a8328a - config_tests.wasm!std::sys::pal::wasi::helpers::abort_internal::hcc3b2e0cde3c9001
    2: 0x1a81eb9 - config_tests.wasm!std::process::abort::h0e38511b4c8b6f04
    3: 0x1a81eaf - config_tests.wasm!__rustc[5224e6b81cd82a8f]::__rust_abort
    4: 0x1a8468d - config_tests.wasm!__rustc[5224e6b81cd82a8f]::__rust_start_panic
    5: 0x1a844fe - config_tests.wasm!__rustc[5224e6b81cd82a8f]::rust_panic
    6: 0x1a84483 - config_tests.wasm!std::panicking::rust_panic_with_hook::h085fb375cd657b2f
    7: 0x1a83579 - config_tests.wasm!std::panicking::begin_panic_handler::{{closure}}::he68af7f9d5c53e56
    8: 0x1a834e5 - config_tests.wasm!std::sys::backtrace::__rust_end_short_backtrace::h4c38003a22ca226f
    9: 0x1a83e6a - config_tests.wasm!__rustc[5224e6b81cd82a8f]::rust_begin_unwind
   10: 0x1a8d7d4 - config_tests.wasm!core::panicking::panic_fmt::h4e32e8d1cab5f47e
   11: 0x19ec358 - config_tests.wasm!config_tests::docket_tests_v2::test_create_docket_entry_success::hd168a78bc14c9773
   12: 0x1a7250e - config_tests.wasm!spin-test-test-create-docket-entry-success
Caused by: wasm trap: wasm `unreachable` instruction executed

---- test-judges-requires-district-header ----
test 'spin-test-test-judges-requires-district-header' failed 
Caused by: error while executing at wasm backtrace:
    0: 0xcc3337 - spin_utopia.wasm!abort
    1: 0xcb7c40 - spin_utopia.wasm!std::sys::pal::wasi::helpers::abort_internal::hcc3b2e0cde3c9001
    2: 0xcb31d1 - spin_utopia.wasm!std::process::abort::h0e38511b4c8b6f04
    3: 0xcb31c7 - spin_utopia.wasm!__rustc[5224e6b81cd82a8f]::__rust_abort
    4: 0xcb9697 - spin_utopia.wasm!__rustc[5224e6b81cd82a8f]::__rust_start_panic
    5: 0xcb9299 - spin_utopia.wasm!__rustc[5224e6b81cd82a8f]::rust_panic
    6: 0xcb9160 - spin_utopia.wasm!std::panicking::rust_panic_with_hook::h085fb375cd657b2f
    7: 0xcb80f5 - spin_utopia.wasm!std::panicking::begin_panic_handler::{{closure}}::he68af7f9d5c53e56
    8: 0xcb8061 - spin_utopia.wasm!std::sys::backtrace::__rust_end_short_backtrace::h4c38003a22ca226f
    9: 0xcb8b47 - spin_utopia.wasm!__rustc[5224e6b81cd82a8f]::rust_begin_unwind
   10: 0xcccb36 - spin_utopia.wasm!core::panicking::panic_fmt::h4e32e8d1cab5f47e
   11: 0xcce756 - spin_utopia.wasm!core::result::unwrap_failed::heb00d4d50e638a08
   12: 0x6b92ca - spin_utopia.wasm!spin_utopia::adapters::spin_kv_judge_repository::SpinKvJudgeRepository::with_store::hc21c782599f37ad7
   13: 0x7f3f2c - spin_utopia.wasm!spin_utopia::handlers::judge::get_all_judges::hb285393c3fe950f4
   14: 0x4821bb - spin_utopia.wasm!<F as spin_sdk::http::router::Handler>::handle::{{closure}}::h9d3a718e0ddcd112
   15: 0xc985d3 - spin_utopia.wasm!<alloc::boxed::Box<dyn spin_sdk::http::router::Handler> as spin_sdk::http::router::Handler>::handle::{{closure}}::h1b6255c66b0e82da
   16: 0x4eee85 - spin_utopia.wasm!spin_executor::run::h5e53f2e63611faf5
   17: 0x4ee766 - spin_utopia.wasm!spin_utopia::handle_spin_todo_api::{{closure}}::haaee0c45a36a0cd2
   18: 0x4eaef0 - spin_utopia.wasm!spin_executor::run::h5543f9eff02f4bcf
   19: 0xbabe6f - spin_utopia.wasm!wasi:http/incoming-handler@0.2.0#handle
   20: 0x5795 - <unknown>!<wasm function 104>
   21: 0x19310dc - router.wasm!<router::Component as router::bindings::exports::wasi::http::incoming_handler::Guest>::handle::ha50de62a29cb8b3e
   22: 0x19319e0 - router.wasm!wasi:http/incoming-handler@0.2.0#handle
   23: 0x20c0 - <unknown>!<wasm function 55>
   24: 0x1a8048d - config_tests.wasm!spin_test_sdk::perform_request::h8724e91b3678e35f
   25: 0x1a64d78 - config_tests.wasm!config_tests::header_routing_tests::make_request_no_header::h653ba474ca0fbec2
   26: 0x1a73e0c - config_tests.wasm!spin-test-test-judges-requires-district-header
Caused by: wasm trap: wasm `unreachable` instruction executed

---- test-search-docket-entries ----
test 'spin-test-test-search-docket-entries' failed 
Caused by: error while executing at wasm backtrace:
    0: 0x1a874ab - config_tests.wasm!abort
    1: 0x1a8328a - config_tests.wasm!std::sys::pal::wasi::helpers::abort_internal::hcc3b2e0cde3c9001
    2: 0x1a81eb9 - config_tests.wasm!std::process::abort::h0e38511b4c8b6f04
    3: 0x1a81eaf - config_tests.wasm!__rustc[5224e6b81cd82a8f]::__rust_abort
    4: 0x1a8468d - config_tests.wasm!__rustc[5224e6b81cd82a8f]::__rust_start_panic
    5: 0x1a844fe - config_tests.wasm!__rustc[5224e6b81cd82a8f]::rust_panic
    6: 0x1a84483 - config_tests.wasm!std::panicking::rust_panic_with_hook::h085fb375cd657b2f
    7: 0x1a83579 - config_tests.wasm!std::panicking::begin_panic_handler::{{closure}}::he68af7f9d5c53e56
    8: 0x1a834e5 - config_tests.wasm!std::sys::backtrace::__rust_end_short_backtrace::h4c38003a22ca226f
    9: 0x1a83e6a - config_tests.wasm!__rustc[5224e6b81cd82a8f]::rust_begin_unwind
   10: 0x1a8d7d4 - config_tests.wasm!core::panicking::panic_fmt::h4e32e8d1cab5f47e
   11: 0x1a8f22a - config_tests.wasm!core::panicking::assert_failed_inner::hf7ede4d3870aaaec
   12: 0x1a7236a - config_tests.wasm!core::panicking::assert_failed::h168e3f8c09ecb509
   13: 0x19ee525 - config_tests.wasm!config_tests::docket_tests_v2::test_search_docket_entries::h8390fd090f387c4f
   14: 0x1a73d3a - config_tests.wasm!spin-test-test-search-docket-entries
Caused by: wasm trap: wasm `unreachable` instruction executed

---- test-update-attorney-nonexistent ----
test 'spin-test-test-update-attorney-nonexistent' failed 
Caused by: error while executing at wasm backtrace:
    0: 0x1a874ab - config_tests.wasm!abort
    1: 0x1a8328a - config_tests.wasm!std::sys::pal::wasi::helpers::abort_internal::hcc3b2e0cde3c9001
    2: 0x1a81eb9 - config_tests.wasm!std::process::abort::h0e38511b4c8b6f04
    3: 0x1a81eaf - config_tests.wasm!__rustc[5224e6b81cd82a8f]::__rust_abort
    4: 0x1a8468d - config_tests.wasm!__rustc[5224e6b81cd82a8f]::__rust_start_panic
    5: 0x1a844fe - config_tests.wasm!__rustc[5224e6b81cd82a8f]::rust_panic
    6: 0x1a84483 - config_tests.wasm!std::panicking::rust_panic_with_hook::h085fb375cd657b2f
    7: 0x1a83579 - config_tests.wasm!std::panicking::begin_panic_handler::{{closure}}::he68af7f9d5c53e56
    8: 0x1a834e5 - config_tests.wasm!std::sys::backtrace::__rust_end_short_backtrace::h4c38003a22ca226f
    9: 0x1a83e6a - config_tests.wasm!__rustc[5224e6b81cd82a8f]::rust_begin_unwind
   10: 0x1a8d7d4 - config_tests.wasm!core::panicking::panic_fmt::h4e32e8d1cab5f47e
   11: 0x1a8f22a - config_tests.wasm!core::panicking::assert_failed_inner::hf7ede4d3870aaaec
   12: 0x1a7236a - config_tests.wasm!core::panicking::assert_failed::h168e3f8c09ecb509
   13: 0x1a6422d - config_tests.wasm!config_tests::attorney_tests_v2::test_update_attorney_nonexistent::hfb63f75b3eb2197f
   14: 0x1a6fb9b - config_tests.wasm!spin-test-test-update-attorney-nonexistent
Caused by: wasm trap: wasm `unreachable` instruction executed

---- test-get-opinion-by-id ----
test 'spin-test-test-get-opinion-by-id' failed 
Caused by: error while executing at wasm backtrace:
    0: 0x1a874ab - config_tests.wasm!abort
    1: 0x1a8328a - config_tests.wasm!std::sys::pal::wasi::helpers::abort_internal::hcc3b2e0cde3c9001
    2: 0x1a81eb9 - config_tests.wasm!std::process::abort::h0e38511b4c8b6f04
    3: 0x1a81eaf - config_tests.wasm!__rustc[5224e6b81cd82a8f]::__rust_abort
    4: 0x1a8468d - config_tests.wasm!__rustc[5224e6b81cd82a8f]::__rust_start_panic
    5: 0x1a844fe - config_tests.wasm!__rustc[5224e6b81cd82a8f]::rust_panic
    6: 0x1a84483 - config_tests.wasm!std::panicking::rust_panic_with_hook::h085fb375cd657b2f
    7: 0x1a83579 - config_tests.wasm!std::panicking::begin_panic_handler::{{closure}}::he68af7f9d5c53e56
    8: 0x1a834e5 - config_tests.wasm!std::sys::backtrace::__rust_end_short_backtrace::h4c38003a22ca226f
    9: 0x1a83e6a - config_tests.wasm!__rustc[5224e6b81cd82a8f]::rust_begin_unwind
   10: 0x1a8d7d4 - config_tests.wasm!core::panicking::panic_fmt::h4e32e8d1cab5f47e
   11: 0x1a8f22a - config_tests.wasm!core::panicking::assert_failed_inner::hf7ede4d3870aaaec
   12: 0x1a7236a - config_tests.wasm!core::panicking::assert_failed::h168e3f8c09ecb509
   13: 0x1a2564f - config_tests.wasm!config_tests::opinion_tests_v2::test_get_opinion_by_id::h1ba1cd7e24b271d6
   14: 0x1a72568 - config_tests.wasm!spin-test-test-get-opinion-by-id
Caused by: wasm trap: wasm `unreachable` instruction executed

---- test-record-departure ----
test 'spin-test-test-record-departure' failed 
Caused by: error while executing at wasm backtrace:
    0: 0x1a874ab - config_tests.wasm!abort
    1: 0x1a8328a - config_tests.wasm!std::sys::pal::wasi::helpers::abort_internal::hcc3b2e0cde3c9001
    2: 0x1a81eb9 - config_tests.wasm!std::process::abort::h0e38511b4c8b6f04
    3: 0x1a81eaf - config_tests.wasm!__rustc[5224e6b81cd82a8f]::__rust_abort
    4: 0x1a8468d - config_tests.wasm!__rustc[5224e6b81cd82a8f]::__rust_start_panic
    5: 0x1a844fe - config_tests.wasm!__rustc[5224e6b81cd82a8f]::rust_panic
    6: 0x1a84483 - config_tests.wasm!std::panicking::rust_panic_with_hook::h085fb375cd657b2f
    7: 0x1a83579 - config_tests.wasm!std::panicking::begin_panic_handler::{{closure}}::he68af7f9d5c53e56
    8: 0x1a834e5 - config_tests.wasm!std::sys::backtrace::__rust_end_short_backtrace::h4c38003a22ca226f
    9: 0x1a83e6a - config_tests.wasm!__rustc[5224e6b81cd82a8f]::rust_begin_unwind
   10: 0x1a8d7d4 - config_tests.wasm!core::panicking::panic_fmt::h4e32e8d1cab5f47e
   11: 0x1a8f22a - config_tests.wasm!core::panicking::assert_failed_inner::hf7ede4d3870aaaec
   12: 0x1a7236a - config_tests.wasm!core::panicking::assert_failed::h168e3f8c09ecb509
   13: 0x1a03a60 - config_tests.wasm!config_tests::sentencing_tests_v2::test_record_departure::h47f1c7af374a1e9d
   14: 0x1a70b5e - config_tests.wasm!spin-test-test-record-departure
Caused by: wasm trap: wasm `unreachable` instruction executed

---- test-create-order-invalid-type ----
test 'spin-test-test-create-order-invalid-type' failed 
Caused by: error while executing at wasm backtrace:
    0: 0x1a874ab - config_tests.wasm!abort
    1: 0x1a8328a - config_tests.wasm!std::sys::pal::wasi::helpers::abort_internal::hcc3b2e0cde3c9001
    2: 0x1a81eb9 - config_tests.wasm!std::process::abort::h0e38511b4c8b6f04
    3: 0x1a81eaf - config_tests.wasm!__rustc[5224e6b81cd82a8f]::__rust_abort
    4: 0x1a8468d - config_tests.wasm!__rustc[5224e6b81cd82a8f]::__rust_start_panic
    5: 0x1a844fe - config_tests.wasm!__rustc[5224e6b81cd82a8f]::rust_panic
    6: 0x1a84483 - config_tests.wasm!std::panicking::rust_panic_with_hook::h085fb375cd657b2f
    7: 0x1a835ab - config_tests.wasm!std::panicking::begin_panic_handler::{{closure}}::he68af7f9d5c53e56
    8: 0x1a834e5 - config_tests.wasm!std::sys::backtrace::__rust_end_short_backtrace::h4c38003a22ca226f
    9: 0x1a83e6a - config_tests.wasm!__rustc[5224e6b81cd82a8f]::rust_begin_unwind
   10: 0x1a8d7d4 - config_tests.wasm!core::panicking::panic_fmt::h4e32e8d1cab5f47e
   11: 0x1a1d72f - config_tests.wasm!config_tests::order_tests_v2::test_create_order_invalid_type::h17a39be2bcee7150
   12: 0x1a70f70 - config_tests.wasm!spin-test-test-create-order-invalid-type
Caused by: wasm trap: wasm `unreachable` instruction executed

---- test-get-extension-by-id ----
test 'spin-test-test-get-extension-by-id' failed 
Caused by: error while executing at wasm backtrace:
    0: 0x1a874ab - config_tests.wasm!abort
    1: 0x1a8328a - config_tests.wasm!std::sys::pal::wasi::helpers::abort_internal::hcc3b2e0cde3c9001
    2: 0x1a81eb9 - config_tests.wasm!std::process::abort::h0e38511b4c8b6f04
    3: 0x1a81eaf - config_tests.wasm!__rustc[5224e6b81cd82a8f]::__rust_abort
    4: 0x1a8468d - config_tests.wasm!__rustc[5224e6b81cd82a8f]::__rust_start_panic
    5: 0x1a844fe - config_tests.wasm!__rustc[5224e6b81cd82a8f]::rust_panic
    6: 0x1a84483 - config_tests.wasm!std::panicking::rust_panic_with_hook::h085fb375cd657b2f
    7: 0x1a83579 - config_tests.wasm!std::panicking::begin_panic_handler::{{closure}}::he68af7f9d5c53e56
    8: 0x1a834e5 - config_tests.wasm!std::sys::backtrace::__rust_end_short_backtrace::h4c38003a22ca226f
    9: 0x1a83e6a - config_tests.wasm!__rustc[5224e6b81cd82a8f]::rust_begin_unwind
   10: 0x1a8d7d4 - config_tests.wasm!core::panicking::panic_fmt::h4e32e8d1cab5f47e
   11: 0x1a8f299 - config_tests.wasm!core::panicking::assert_failed_inner::hf7ede4d3870aaaec
   12: 0x1a723b1 - config_tests.wasm!core::panicking::assert_failed::h1dc2379667e06363
   13: 0x1a37ada - config_tests.wasm!config_tests::deadline_tests_v2::test_get_extension_by_id::h0d3d122497d540af
   14: 0x1a70f25 - config_tests.wasm!spin-test-test-get-extension-by-id
Caused by: wasm trap: wasm `unreachable` instruction executed

---- test-record-appeal ----
test 'spin-test-test-record-appeal' failed 
Caused by: error while executing at wasm backtrace:
    0: 0x1a874ab - config_tests.wasm!abort
    1: 0x1a8328a - config_tests.wasm!std::sys::pal::wasi::helpers::abort_internal::hcc3b2e0cde3c9001
    2: 0x1a81eb9 - config_tests.wasm!std::process::abort::h0e38511b4c8b6f04
    3: 0x1a81eaf - config_tests.wasm!__rustc[5224e6b81cd82a8f]::__rust_abort
    4: 0x1a8468d - config_tests.wasm!__rustc[5224e6b81cd82a8f]::__rust_start_panic
    5: 0x1a844fe - config_tests.wasm!__rustc[5224e6b81cd82a8f]::rust_panic
    6: 0x1a84483 - config_tests.wasm!std::panicking::rust_panic_with_hook::h085fb375cd657b2f
    7: 0x1a83579 - config_tests.wasm!std::panicking::begin_panic_handler::{{closure}}::he68af7f9d5c53e56
    8: 0x1a834e5 - config_tests.wasm!std::sys::backtrace::__rust_end_short_backtrace::h4c38003a22ca226f
    9: 0x1a83e6a - config_tests.wasm!__rustc[5224e6b81cd82a8f]::rust_begin_unwind
   10: 0x1a8d7d4 - config_tests.wasm!core::panicking::panic_fmt::h4e32e8d1cab5f47e
   11: 0x1a8f22a - config_tests.wasm!core::panicking::assert_failed_inner::hf7ede4d3870aaaec
   12: 0x1a7236a - config_tests.wasm!core::panicking::assert_failed::h168e3f8c09ecb509
   13: 0x1a065ea - config_tests.wasm!config_tests::sentencing_tests_v2::test_record_appeal::h1c01a40638543246
   14: 0x1a72496 - config_tests.wasm!spin-test-test-record-appeal
Caused by: wasm trap: wasm `unreachable` instruction executed

---- test-update-speedy-trial-clock ----
test 'spin-test-test-update-speedy-trial-clock' failed 
Caused by: error while executing at wasm backtrace:
    0: 0x1a874ab - config_tests.wasm!abort
    1: 0x1a8328a - config_tests.wasm!std::sys::pal::wasi::helpers::abort_internal::hcc3b2e0cde3c9001
    2: 0x1a81eb9 - config_tests.wasm!std::process::abort::h0e38511b4c8b6f04
    3: 0x1a81eaf - config_tests.wasm!__rustc[5224e6b81cd82a8f]::__rust_abort
    4: 0x1a8468d - config_tests.wasm!__rustc[5224e6b81cd82a8f]::__rust_start_panic
    5: 0x1a844fe - config_tests.wasm!__rustc[5224e6b81cd82a8f]::rust_panic
    6: 0x1a84483 - config_tests.wasm!std::panicking::rust_panic_with_hook::h085fb375cd657b2f
    7: 0x1a83579 - config_tests.wasm!std::panicking::begin_panic_handler::{{closure}}::he68af7f9d5c53e56
    8: 0x1a834e5 - config_tests.wasm!std::sys::backtrace::__rust_end_short_backtrace::h4c38003a22ca226f
    9: 0x1a83e6a - config_tests.wasm!__rustc[5224e6b81cd82a8f]::rust_begin_unwind
   10: 0x1a8d7d4 - config_tests.wasm!core::panicking::panic_fmt::h4e32e8d1cab5f47e
   11: 0x1a8f22a - config_tests.wasm!core::panicking::assert_failed_inner::hf7ede4d3870aaaec
   12: 0x1a7236a - config_tests.wasm!core::panicking::assert_failed::h168e3f8c09ecb509
   13: 0x19f2f8f - config_tests.wasm!config_tests::docket_tests_v2::test_update_speedy_trial_clock::ha53c0fb37e559a4f
   14: 0x1a73d0d - config_tests.wasm!spin-test-test-update-speedy-trial-clock
Caused by: wasm trap: wasm `unreachable` instruction executed

---- test-create-opinion-invalid-type ----
test 'spin-test-test-create-opinion-invalid-type' failed 
Caused by: error while executing at wasm backtrace:
    0: 0x1a874ab - config_tests.wasm!abort
    1: 0x1a8328a - config_tests.wasm!std::sys::pal::wasi::helpers::abort_internal::hcc3b2e0cde3c9001
    2: 0x1a81eb9 - config_tests.wasm!std::process::abort::h0e38511b4c8b6f04
    3: 0x1a81eaf - config_tests.wasm!__rustc[5224e6b81cd82a8f]::__rust_abort
    4: 0x1a8468d - config_tests.wasm!__rustc[5224e6b81cd82a8f]::__rust_start_panic
    5: 0x1a844fe - config_tests.wasm!__rustc[5224e6b81cd82a8f]::rust_panic
    6: 0x1a84483 - config_tests.wasm!std::panicking::rust_panic_with_hook::h085fb375cd657b2f
    7: 0x1a835ab - config_tests.wasm!std::panicking::begin_panic_handler::{{closure}}::he68af7f9d5c53e56
    8: 0x1a834e5 - config_tests.wasm!std::sys::backtrace::__rust_end_short_backtrace::h4c38003a22ca226f
    9: 0x1a83e6a - config_tests.wasm!__rustc[5224e6b81cd82a8f]::rust_begin_unwind
   10: 0x1a8d7d4 - config_tests.wasm!core::panicking::panic_fmt::h4e32e8d1cab5f47e
   11: 0x1a2dbce - config_tests.wasm!config_tests::opinion_tests_v2::test_create_opinion_invalid_type::h9cb538372f6737b5
   12: 0x1a70fbb - config_tests.wasm!spin-test-test-create-opinion-invalid-type
Caused by: wasm trap: wasm `unreachable` instruction executed

---- test-create-from-template ----
test 'spin-test-test-create-from-template' failed 
Caused by: error while executing at wasm backtrace:
    0: 0x1a874ab - config_tests.wasm!abort
    1: 0x1a8328a - config_tests.wasm!std::sys::pal::wasi::helpers::abort_internal::hcc3b2e0cde3c9001
    2: 0x1a81eb9 - config_tests.wasm!std::process::abort::h0e38511b4c8b6f04
    3: 0x1a81eaf - config_tests.wasm!__rustc[5224e6b81cd82a8f]::__rust_abort
    4: 0x1a8468d - config_tests.wasm!__rustc[5224e6b81cd82a8f]::__rust_start_panic
    5: 0x1a844fe - config_tests.wasm!__rustc[5224e6b81cd82a8f]::rust_panic
    6: 0x1a84483 - config_tests.wasm!std::panicking::rust_panic_with_hook::h085fb375cd657b2f
    7: 0x1a83579 - config_tests.wasm!std::panicking::begin_panic_handler::{{closure}}::he68af7f9d5c53e56
    8: 0x1a834e5 - config_tests.wasm!std::sys::backtrace::__rust_end_short_backtrace::h4c38003a22ca226f
    9: 0x1a83e6a - config_tests.wasm!__rustc[5224e6b81cd82a8f]::rust_begin_unwind
   10: 0x1a8d7d4 - config_tests.wasm!core::panicking::panic_fmt::h4e32e8d1cab5f47e
   11: 0x1a8f22a - config_tests.wasm!core::panicking::assert_failed_inner::hf7ede4d3870aaaec
   12: 0x1a7236a - config_tests.wasm!core::panicking::assert_failed::h168e3f8c09ecb509
   13: 0x1a17137 - config_tests.wasm!config_tests::order_tests_v2::test_create_from_template::h38eb5b716a07fdd1
   14: 0x1a73d49 - config_tests.wasm!spin-test-test-create-from-template
Caused by: wasm trap: wasm `unreachable` instruction executed

---- test-get-speedy-trial-violations ----
test 'spin-test-test-get-speedy-trial-violations' failed 
Caused by: error while executing at wasm backtrace:
    0: 0x1a874ab - config_tests.wasm!abort
    1: 0x1a8328a - config_tests.wasm!std::sys::pal::wasi::helpers::abort_internal::hcc3b2e0cde3c9001
    2: 0x1a81eb9 - config_tests.wasm!std::process::abort::h0e38511b4c8b6f04
    3: 0x1a81eaf - config_tests.wasm!__rustc[5224e6b81cd82a8f]::__rust_abort
    4: 0x1a8468d - config_tests.wasm!__rustc[5224e6b81cd82a8f]::__rust_start_panic
    5: 0x1a844fe - config_tests.wasm!__rustc[5224e6b81cd82a8f]::rust_panic
    6: 0x1a84483 - config_tests.wasm!std::panicking::rust_panic_with_hook::h085fb375cd657b2f
    7: 0x1a835ab - config_tests.wasm!std::panicking::begin_panic_handler::{{closure}}::he68af7f9d5c53e56
    8: 0x1a834e5 - config_tests.wasm!std::sys::backtrace::__rust_end_short_backtrace::h4c38003a22ca226f
    9: 0x1a83e6a - config_tests.wasm!__rustc[5224e6b81cd82a8f]::rust_begin_unwind
   10: 0x1a8d7d4 - config_tests.wasm!core::panicking::panic_fmt::h4e32e8d1cab5f47e
   11: 0x19f3500 - config_tests.wasm!config_tests::docket_tests_v2::test_get_speedy_trial_violations::h252b6ca5c85e75b5
   12: 0x1a6fb14 - config_tests.wasm!spin-test-test-get-speedy-trial-violations
Caused by: wasm trap: wasm `unreachable` instruction executed

---- test-docket-multi-tenant-isolation ----
test 'spin-test-test-docket-multi-tenant-isolation' failed 
Caused by: error while executing at wasm backtrace:
    0: 0x1a874ab - config_tests.wasm!abort
    1: 0x1a8328a - config_tests.wasm!std::sys::pal::wasi::helpers::abort_internal::hcc3b2e0cde3c9001
    2: 0x1a81eb9 - config_tests.wasm!std::process::abort::h0e38511b4c8b6f04
    3: 0x1a81eaf - config_tests.wasm!__rustc[5224e6b81cd82a8f]::__rust_abort
    4: 0x1a8468d - config_tests.wasm!__rustc[5224e6b81cd82a8f]::__rust_start_panic
    5: 0x1a844fe - config_tests.wasm!__rustc[5224e6b81cd82a8f]::rust_panic
    6: 0x1a84483 - config_tests.wasm!std::panicking::rust_panic_with_hook::h085fb375cd657b2f
    7: 0x1a835ab - config_tests.wasm!std::panicking::begin_panic_handler::{{closure}}::he68af7f9d5c53e56
    8: 0x1a834e5 - config_tests.wasm!std::sys::backtrace::__rust_end_short_backtrace::h4c38003a22ca226f
    9: 0x1a83e6a - config_tests.wasm!__rustc[5224e6b81cd82a8f]::rust_begin_unwind
   10: 0x1a8d7d4 - config_tests.wasm!core::panicking::panic_fmt::h4e32e8d1cab5f47e
   11: 0x1a88e9f - config_tests.wasm!core::panicking::panic::h42b72918664c199b
   12: 0x19f5adf - config_tests.wasm!config_tests::docket_tests_v2::test_docket_multi_tenant_isolation::h9a9c08fd92ed4232
   13: 0x1a6fb05 - config_tests.wasm!spin-test-test-docket-multi-tenant-isolation
Caused by: wasm trap: wasm `unreachable` instruction executed

---- test-get-expiring-orders ----
test 'spin-test-test-get-expiring-orders' failed 
Caused by: error while executing at wasm backtrace:
    0: 0x1a874ab - config_tests.wasm!abort
    1: 0x1a8328a - config_tests.wasm!std::sys::pal::wasi::helpers::abort_internal::hcc3b2e0cde3c9001
    2: 0x1a81eb9 - config_tests.wasm!std::process::abort::h0e38511b4c8b6f04
    3: 0x1a81eaf - config_tests.wasm!__rustc[5224e6b81cd82a8f]::__rust_abort
    4: 0x1a8468d - config_tests.wasm!__rustc[5224e6b81cd82a8f]::__rust_start_panic
    5: 0x1a844fe - config_tests.wasm!__rustc[5224e6b81cd82a8f]::rust_panic
    6: 0x1a84483 - config_tests.wasm!std::panicking::rust_panic_with_hook::h085fb375cd657b2f
    7: 0x1a835ab - config_tests.wasm!std::panicking::begin_panic_handler::{{closure}}::he68af7f9d5c53e56
    8: 0x1a834e5 - config_tests.wasm!std::sys::backtrace::__rust_end_short_backtrace::h4c38003a22ca226f
    9: 0x1a83e6a - config_tests.wasm!__rustc[5224e6b81cd82a8f]::rust_begin_unwind
   10: 0x1a8d7d4 - config_tests.wasm!core::panicking::panic_fmt::h4e32e8d1cab5f47e
   11: 0x1a1976d - config_tests.wasm!config_tests::order_tests_v2::test_get_expiring_orders::h3f71bc2b2f84711d
   12: 0x1a70f7f - config_tests.wasm!spin-test-test-get-expiring-orders
Caused by: wasm trap: wasm `unreachable` instruction executed

---- test-get-all-judges-with-prepopulated-data ----
test 'spin-test-test-get-all-judges-with-prepopulated-data' failed 
Caused by: error while executing at wasm backtrace:
    0: 0x1a874ab - config_tests.wasm!abort
    1: 0x1a8328a - config_tests.wasm!std::sys::pal::wasi::helpers::abort_internal::hcc3b2e0cde3c9001
    2: 0x1a81eb9 - config_tests.wasm!std::process::abort::h0e38511b4c8b6f04
    3: 0x1a81eaf - config_tests.wasm!__rustc[5224e6b81cd82a8f]::__rust_abort
    4: 0x1a8468d - config_tests.wasm!__rustc[5224e6b81cd82a8f]::__rust_start_panic
    5: 0x1a844fe - config_tests.wasm!__rustc[5224e6b81cd82a8f]::rust_panic
    6: 0x1a84483 - config_tests.wasm!std::panicking::rust_panic_with_hook::h085fb375cd657b2f
    7: 0x1a835ab - config_tests.wasm!std::panicking::begin_panic_handler::{{closure}}::he68af7f9d5c53e56
    8: 0x1a834e5 - config_tests.wasm!std::sys::backtrace::__rust_end_short_backtrace::h4c38003a22ca226f
    9: 0x1a83e6a - config_tests.wasm!__rustc[5224e6b81cd82a8f]::rust_begin_unwind
   10: 0x1a8d7d4 - config_tests.wasm!core::panicking::panic_fmt::h4e32e8d1cab5f47e
   11: 0x1a4ecc0 - config_tests.wasm!config_tests::judge_tests_proper::test_get_all_judges_with_prepopulated_data::hb11705e27f213065
   12: 0x1a70cb7 - config_tests.wasm!spin-test-test-get-all-judges-with-prepopulated-data
Caused by: wasm trap: wasm `unreachable` instruction executed

---- test-get-judge-sentencing-stats ----
test 'spin-test-test-get-judge-sentencing-stats' failed 
Caused by: error while executing at wasm backtrace:
    0: 0x1a874ab - config_tests.wasm!abort
    1: 0x1a8328a - config_tests.wasm!std::sys::pal::wasi::helpers::abort_internal::hcc3b2e0cde3c9001
    2: 0x1a81eb9 - config_tests.wasm!std::process::abort::h0e38511b4c8b6f04
    3: 0x1a81eaf - config_tests.wasm!__rustc[5224e6b81cd82a8f]::__rust_abort
    4: 0x1a8468d - config_tests.wasm!__rustc[5224e6b81cd82a8f]::__rust_start_panic
    5: 0x1a844fe - config_tests.wasm!__rustc[5224e6b81cd82a8f]::rust_panic
    6: 0x1a84483 - config_tests.wasm!std::panicking::rust_panic_with_hook::h085fb375cd657b2f
    7: 0x1a83579 - config_tests.wasm!std::panicking::begin_panic_handler::{{closure}}::he68af7f9d5c53e56
    8: 0x1a834e5 - config_tests.wasm!std::sys::backtrace::__rust_end_short_backtrace::h4c38003a22ca226f
    9: 0x1a83e6a - config_tests.wasm!__rustc[5224e6b81cd82a8f]::rust_begin_unwind
   10: 0x1a8d7d4 - config_tests.wasm!core::panicking::panic_fmt::h4e32e8d1cab5f47e
   11: 0x1a8f22a - config_tests.wasm!core::panicking::assert_failed_inner::hf7ede4d3870aaaec
   12: 0x1a7236a - config_tests.wasm!core::panicking::assert_failed::h168e3f8c09ecb509
   13: 0x1a058ae - config_tests.wasm!config_tests::sentencing_tests_v2::test_get_judge_sentencing_stats::hb937ad94d3297dda
   14: 0x1a73ca4 - config_tests.wasm!spin-test-test-get-judge-sentencing-stats
Caused by: wasm trap: wasm `unreachable` instruction executed

---- test-search-opinions ----
test 'spin-test-test-search-opinions' failed 
Caused by: error while executing at wasm backtrace:
    0: 0x1a874ab - config_tests.wasm!abort
    1: 0x1a8328a - config_tests.wasm!std::sys::pal::wasi::helpers::abort_internal::hcc3b2e0cde3c9001
    2: 0x1a81eb9 - config_tests.wasm!std::process::abort::h0e38511b4c8b6f04
    3: 0x1a81eaf - config_tests.wasm!__rustc[5224e6b81cd82a8f]::__rust_abort
    4: 0x1a8468d - config_tests.wasm!__rustc[5224e6b81cd82a8f]::__rust_start_panic
    5: 0x1a844fe - config_tests.wasm!__rustc[5224e6b81cd82a8f]::rust_panic
    6: 0x1a84483 - config_tests.wasm!std::panicking::rust_panic_with_hook::h085fb375cd657b2f
    7: 0x1a83579 - config_tests.wasm!std::panicking::begin_panic_handler::{{closure}}::he68af7f9d5c53e56
    8: 0x1a834e5 - config_tests.wasm!std::sys::backtrace::__rust_end_short_backtrace::h4c38003a22ca226f
    9: 0x1a83e6a - config_tests.wasm!__rustc[5224e6b81cd82a8f]::rust_begin_unwind
   10: 0x1a8d7d4 - config_tests.wasm!core::panicking::panic_fmt::h4e32e8d1cab5f47e
   11: 0x1a8f22a - config_tests.wasm!core::panicking::assert_failed_inner::hf7ede4d3870aaaec
   12: 0x1a7236a - config_tests.wasm!core::panicking::assert_failed::h168e3f8c09ecb509
   13: 0x1a2c2ab - config_tests.wasm!config_tests::opinion_tests_v2::test_search_opinions::h5c1fee1c6393967d
   14: 0x1a70c21 - config_tests.wasm!spin-test-test-search-opinions
Caused by: wasm trap: wasm `unreachable` instruction executed

---- test-publish-opinion ----
test 'spin-test-test-publish-opinion' failed 
Caused by: error while executing at wasm backtrace:
    0: 0x1a874ab - config_tests.wasm!abort
    1: 0x1a8328a - config_tests.wasm!std::sys::pal::wasi::helpers::abort_internal::hcc3b2e0cde3c9001
    2: 0x1a81eb9 - config_tests.wasm!std::process::abort::h0e38511b4c8b6f04
    3: 0x1a81eaf - config_tests.wasm!__rustc[5224e6b81cd82a8f]::__rust_abort
    4: 0x1a8468d - config_tests.wasm!__rustc[5224e6b81cd82a8f]::__rust_start_panic
    5: 0x1a844fe - config_tests.wasm!__rustc[5224e6b81cd82a8f]::rust_panic
    6: 0x1a84483 - config_tests.wasm!std::panicking::rust_panic_with_hook::h085fb375cd657b2f
    7: 0x1a83579 - config_tests.wasm!std::panicking::begin_panic_handler::{{closure}}::he68af7f9d5c53e56
    8: 0x1a834e5 - config_tests.wasm!std::sys::backtrace::__rust_end_short_backtrace::h4c38003a22ca226f
    9: 0x1a83e6a - config_tests.wasm!__rustc[5224e6b81cd82a8f]::rust_begin_unwind
   10: 0x1a8d7d4 - config_tests.wasm!core::panicking::panic_fmt::h4e32e8d1cab5f47e
   11: 0x1a8f22a - config_tests.wasm!core::panicking::assert_failed_inner::hf7ede4d3870aaaec
   12: 0x1a7236a - config_tests.wasm!core::panicking::assert_failed::h168e3f8c09ecb509
   13: 0x1a274fa - config_tests.wasm!config_tests::opinion_tests_v2::test_publish_opinion::h0c1829de91519acc
   14: 0x1a70fe8 - config_tests.wasm!spin-test-test-publish-opinion
Caused by: wasm trap: wasm `unreachable` instruction executed

---- test-get-opinions-by-judge ----
test 'spin-test-test-get-opinions-by-judge' failed 
Caused by: error while executing at wasm backtrace:
    0: 0x1a874ab - config_tests.wasm!abort
    1: 0x1a8328a - config_tests.wasm!std::sys::pal::wasi::helpers::abort_internal::hcc3b2e0cde3c9001
    2: 0x1a81eb9 - config_tests.wasm!std::process::abort::h0e38511b4c8b6f04
    3: 0x1a81eaf - config_tests.wasm!__rustc[5224e6b81cd82a8f]::__rust_abort
    4: 0x1a8468d - config_tests.wasm!__rustc[5224e6b81cd82a8f]::__rust_start_panic
    5: 0x1a844fe - config_tests.wasm!__rustc[5224e6b81cd82a8f]::rust_panic
    6: 0x1a84483 - config_tests.wasm!std::panicking::rust_panic_with_hook::h085fb375cd657b2f
    7: 0x1a835ab - config_tests.wasm!std::panicking::begin_panic_handler::{{closure}}::he68af7f9d5c53e56
    8: 0x1a834e5 - config_tests.wasm!std::sys::backtrace::__rust_end_short_backtrace::h4c38003a22ca226f
    9: 0x1a83e6a - config_tests.wasm!__rustc[5224e6b81cd82a8f]::rust_begin_unwind
   10: 0x1a8d7d4 - config_tests.wasm!core::panicking::panic_fmt::h4e32e8d1cab5f47e
   11: 0x1a263e7 - config_tests.wasm!config_tests::opinion_tests_v2::test_get_opinions_by_judge::h5da91f315a29d26f
   12: 0x1a70c4e - config_tests.wasm!spin-test-test-get-opinions-by-judge
Caused by: wasm trap: wasm `unreachable` instruction executed

---- test-issue-order ----
test 'spin-test-test-issue-order' failed 
Caused by: error while executing at wasm backtrace:
    0: 0x1a874ab - config_tests.wasm!abort
    1: 0x1a8328a - config_tests.wasm!std::sys::pal::wasi::helpers::abort_internal::hcc3b2e0cde3c9001
    2: 0x1a81eb9 - config_tests.wasm!std::process::abort::h0e38511b4c8b6f04
    3: 0x1a81eaf - config_tests.wasm!__rustc[5224e6b81cd82a8f]::__rust_abort
    4: 0x1a8468d - config_tests.wasm!__rustc[5224e6b81cd82a8f]::__rust_start_panic
    5: 0x1a844fe - config_tests.wasm!__rustc[5224e6b81cd82a8f]::rust_panic
    6: 0x1a84483 - config_tests.wasm!std::panicking::rust_panic_with_hook::h085fb375cd657b2f
    7: 0x1a83579 - config_tests.wasm!std::panicking::begin_panic_handler::{{closure}}::he68af7f9d5c53e56
    8: 0x1a834e5 - config_tests.wasm!std::sys::backtrace::__rust_end_short_backtrace::h4c38003a22ca226f
    9: 0x1a83e6a - config_tests.wasm!__rustc[5224e6b81cd82a8f]::rust_begin_unwind
   10: 0x1a8d7d4 - config_tests.wasm!core::panicking::panic_fmt::h4e32e8d1cab5f47e
   11: 0x1a8f22a - config_tests.wasm!core::panicking::assert_failed_inner::hf7ede4d3870aaaec
   12: 0x1a7236a - config_tests.wasm!core::panicking::assert_failed::h168e3f8c09ecb509
   13: 0x1a14ccb - config_tests.wasm!config_tests::order_tests_v2::test_issue_order::hee554bb812c997df
   14: 0x1a6fb6e - config_tests.wasm!spin-test-test-issue-order
Caused by: wasm trap: wasm `unreachable` instruction executed

---- test-complete-deadline ----
test 'spin-test-test-complete-deadline' failed 
Caused by: error while executing at wasm backtrace:
    0: 0x1a874ab - config_tests.wasm!abort
    1: 0x1a8328a - config_tests.wasm!std::sys::pal::wasi::helpers::abort_internal::hcc3b2e0cde3c9001
    2: 0x1a81eb9 - config_tests.wasm!std::process::abort::h0e38511b4c8b6f04
    3: 0x1a81eaf - config_tests.wasm!__rustc[5224e6b81cd82a8f]::__rust_abort
    4: 0x1a8468d - config_tests.wasm!__rustc[5224e6b81cd82a8f]::__rust_start_panic
    5: 0x1a844fe - config_tests.wasm!__rustc[5224e6b81cd82a8f]::rust_panic
    6: 0x1a84483 - config_tests.wasm!std::panicking::rust_panic_with_hook::h085fb375cd657b2f
    7: 0x1a83579 - config_tests.wasm!std::panicking::begin_panic_handler::{{closure}}::he68af7f9d5c53e56
    8: 0x1a834e5 - config_tests.wasm!std::sys::backtrace::__rust_end_short_backtrace::h4c38003a22ca226f
    9: 0x1a83e6a - config_tests.wasm!__rustc[5224e6b81cd82a8f]::rust_begin_unwind
   10: 0x1a8d7d4 - config_tests.wasm!core::panicking::panic_fmt::h4e32e8d1cab5f47e
   11: 0x1a8f22a - config_tests.wasm!core::panicking::assert_failed_inner::hf7ede4d3870aaaec
   12: 0x1a7236a - config_tests.wasm!core::panicking::assert_failed::h168e3f8c09ecb509
   13: 0x1a370df - config_tests.wasm!config_tests::deadline_tests_v2::test_complete_deadline::h5a86ba74e6de6787
   14: 0x1a70b7c - config_tests.wasm!spin-test-test-complete-deadline
Caused by: wasm trap: wasm `unreachable` instruction executed

---- test-create-order-missing-judge ----
test 'spin-test-test-create-order-missing-judge' failed 
Caused by: error while executing at wasm backtrace:
    0: 0x1a874ab - config_tests.wasm!abort
    1: 0x1a8328a - config_tests.wasm!std::sys::pal::wasi::helpers::abort_internal::hcc3b2e0cde3c9001
    2: 0x1a81eb9 - config_tests.wasm!std::process::abort::h0e38511b4c8b6f04
    3: 0x1a81eaf - config_tests.wasm!__rustc[5224e6b81cd82a8f]::__rust_abort
    4: 0x1a8468d - config_tests.wasm!__rustc[5224e6b81cd82a8f]::__rust_start_panic
    5: 0x1a844fe - config_tests.wasm!__rustc[5224e6b81cd82a8f]::rust_panic
    6: 0x1a84483 - config_tests.wasm!std::panicking::rust_panic_with_hook::h085fb375cd657b2f
    7: 0x1a835ab - config_tests.wasm!std::panicking::begin_panic_handler::{{closure}}::he68af7f9d5c53e56
    8: 0x1a834e5 - config_tests.wasm!std::sys::backtrace::__rust_end_short_backtrace::h4c38003a22ca226f
    9: 0x1a83e6a - config_tests.wasm!__rustc[5224e6b81cd82a8f]::rust_begin_unwind
   10: 0x1a8d7d4 - config_tests.wasm!core::panicking::panic_fmt::h4e32e8d1cab5f47e
   11: 0x1a12298 - config_tests.wasm!config_tests::order_tests_v2::test_create_order_missing_judge::h1029722929f44a98
   12: 0x1a7253b - config_tests.wasm!spin-test-test-create-order-missing-judge
Caused by: wasm trap: wasm `unreachable` instruction executed

---- test-schedule-event-missing-judge ----
test 'spin-test-test-schedule-event-missing-judge' failed 
Caused by: error while executing at wasm backtrace:
    0: 0x1a874ab - config_tests.wasm!abort
    1: 0x1a8328a - config_tests.wasm!std::sys::pal::wasi::helpers::abort_internal::hcc3b2e0cde3c9001
    2: 0x1a81eb9 - config_tests.wasm!std::process::abort::h0e38511b4c8b6f04
    3: 0x1a81eaf - config_tests.wasm!__rustc[5224e6b81cd82a8f]::__rust_abort
    4: 0x1a8468d - config_tests.wasm!__rustc[5224e6b81cd82a8f]::__rust_start_panic
    5: 0x1a844fe - config_tests.wasm!__rustc[5224e6b81cd82a8f]::rust_panic
    6: 0x1a84483 - config_tests.wasm!std::panicking::rust_panic_with_hook::h085fb375cd657b2f
    7: 0x1a835ab - config_tests.wasm!std::panicking::begin_panic_handler::{{closure}}::he68af7f9d5c53e56
    8: 0x1a834e5 - config_tests.wasm!std::sys::backtrace::__rust_end_short_backtrace::h4c38003a22ca226f
    9: 0x1a83e6a - config_tests.wasm!__rustc[5224e6b81cd82a8f]::rust_begin_unwind
   10: 0x1a8d7d4 - config_tests.wasm!core::panicking::panic_fmt::h4e32e8d1cab5f47e
   11: 0x19efcce - config_tests.wasm!config_tests::docket_tests_v2::test_schedule_event_missing_judge::hbed992eb369a8ae7
   12: 0x1a70bc7 - config_tests.wasm!spin-test-test-schedule-event-missing-judge
Caused by: wasm trap: wasm `unreachable` instruction executed

---- test-update-judge-status ----
test 'spin-test-test-update-judge-status' failed 
Caused by: error while executing at wasm backtrace:
    0: 0x1a874ab - config_tests.wasm!abort
    1: 0x1a8328a - config_tests.wasm!std::sys::pal::wasi::helpers::abort_internal::hcc3b2e0cde3c9001
    2: 0x1a81eb9 - config_tests.wasm!std::process::abort::h0e38511b4c8b6f04
    3: 0x1a81eaf - config_tests.wasm!__rustc[5224e6b81cd82a8f]::__rust_abort
    4: 0x1a8468d - config_tests.wasm!__rustc[5224e6b81cd82a8f]::__rust_start_panic
    5: 0x1a844fe - config_tests.wasm!__rustc[5224e6b81cd82a8f]::rust_panic
    6: 0x1a84483 - config_tests.wasm!std::panicking::rust_panic_with_hook::h085fb375cd657b2f
    7: 0x1a83579 - config_tests.wasm!std::panicking::begin_panic_handler::{{closure}}::he68af7f9d5c53e56
    8: 0x1a834e5 - config_tests.wasm!std::sys::backtrace::__rust_end_short_backtrace::h4c38003a22ca226f
    9: 0x1a83e6a - config_tests.wasm!__rustc[5224e6b81cd82a8f]::rust_begin_unwind
   10: 0x1a8d7d4 - config_tests.wasm!core::panicking::panic_fmt::h4e32e8d1cab5f47e
   11: 0x1a8f22a - config_tests.wasm!core::panicking::assert_failed_inner::hf7ede4d3870aaaec
   12: 0x1a7236a - config_tests.wasm!core::panicking::assert_failed::h168e3f8c09ecb509
   13: 0x1a51029 - config_tests.wasm!config_tests::judge_tests_proper::test_update_judge_status::h643d30f2589e25fe
   14: 0x1a70ca8 - config_tests.wasm!spin-test-test-update-judge-status
Caused by: wasm trap: wasm `unreachable` instruction executed

---- test-get-departures ----
test 'spin-test-test-get-departures' failed 
Caused by: error while executing at wasm backtrace:
    0: 0x1a874ab - config_tests.wasm!abort
    1: 0x1a8328a - config_tests.wasm!std::sys::pal::wasi::helpers::abort_internal::hcc3b2e0cde3c9001
    2: 0x1a81eb9 - config_tests.wasm!std::process::abort::h0e38511b4c8b6f04
    3: 0x1a81eaf - config_tests.wasm!__rustc[5224e6b81cd82a8f]::__rust_abort
    4: 0x1a8468d - config_tests.wasm!__rustc[5224e6b81cd82a8f]::__rust_start_panic
    5: 0x1a844fe - config_tests.wasm!__rustc[5224e6b81cd82a8f]::rust_panic
    6: 0x1a84483 - config_tests.wasm!std::panicking::rust_panic_with_hook::h085fb375cd657b2f
    7: 0x1a83579 - config_tests.wasm!std::panicking::begin_panic_handler::{{closure}}::he68af7f9d5c53e56
    8: 0x1a834e5 - config_tests.wasm!std::sys::backtrace::__rust_end_short_backtrace::h4c38003a22ca226f
    9: 0x1a83e6a - config_tests.wasm!__rustc[5224e6b81cd82a8f]::rust_begin_unwind
   10: 0x1a8d7d4 - config_tests.wasm!core::panicking::panic_fmt::h4e32e8d1cab5f47e
   11: 0x1a8f22a - config_tests.wasm!core::panicking::assert_failed_inner::hf7ede4d3870aaaec
   12: 0x1a7236a - config_tests.wasm!core::panicking::assert_failed::h168e3f8c09ecb509
   13: 0x1a04046 - config_tests.wasm!config_tests::sentencing_tests_v2::test_get_departures::h0e288bc7bda46e31
   14: 0x1a724a5 - config_tests.wasm!spin-test-test-get-departures
Caused by: wasm trap: wasm `unreachable` instruction executed

---- test-create-case-success ----
test 'spin-test-test-create-case-success' failed 
Caused by: error while executing at wasm backtrace:
    0: 0x1a874ab - config_tests.wasm!abort
    1: 0x1a8328a - config_tests.wasm!std::sys::pal::wasi::helpers::abort_internal::hcc3b2e0cde3c9001
    2: 0x1a81eb9 - config_tests.wasm!std::process::abort::h0e38511b4c8b6f04
    3: 0x1a81eaf - config_tests.wasm!__rustc[5224e6b81cd82a8f]::__rust_abort
    4: 0x1a8468d - config_tests.wasm!__rustc[5224e6b81cd82a8f]::__rust_start_panic
    5: 0x1a844fe - config_tests.wasm!__rustc[5224e6b81cd82a8f]::rust_panic
    6: 0x1a84483 - config_tests.wasm!std::panicking::rust_panic_with_hook::h085fb375cd657b2f
    7: 0x1a835ab - config_tests.wasm!std::panicking::begin_panic_handler::{{closure}}::he68af7f9d5c53e56
    8: 0x1a834e5 - config_tests.wasm!std::sys::backtrace::__rust_end_short_backtrace::h4c38003a22ca226f
    9: 0x1a83e6a - config_tests.wasm!__rustc[5224e6b81cd82a8f]::rust_begin_unwind
   10: 0x1a8d7d4 - config_tests.wasm!core::panicking::panic_fmt::h4e32e8d1cab5f47e
   11: 0x1a88e9f - config_tests.wasm!core::panicking::panic::h42b72918664c199b
   12: 0x1a409ba - config_tests.wasm!config_tests::criminal_case_tests_v2::test_create_case_success::hf7a840721ae05417
   13: 0x1a6fc22 - config_tests.wasm!spin-test-test-create-case-success
Caused by: wasm trap: wasm `unreachable` instruction executed

---- test-header-routing-matches-url-routing ----
test 'spin-test-test-header-routing-matches-url-routing' failed 
Caused by: error while executing at wasm backtrace:
    0: 0x2850d4 - spin_test_virt.wasm!__rust_start_panic
    1: 0x284eb0 - spin_test_virt.wasm!rust_panic
    2: 0x284c66 - spin_test_virt.wasm!std::panicking::rust_panic_with_hook::h50e657195af0239c
    3: 0x284137 - spin_test_virt.wasm!std::panicking::begin_panic_handler::{{closure}}::h0187e6969a85aab0
    4: 0x284067 - spin_test_virt.wasm!std::sys_common::backtrace::__rust_end_short_backtrace::h575fb82445d56667
    5: 0x2847fe - spin_test_virt.wasm!rust_begin_unwind
    6: 0x29768f - spin_test_virt.wasm!core::panicking::panic_fmt::ha6764f2272b7fb95
    7: 0x298da7 - spin_test_virt.wasm!core::panicking::panic::h864593189f35325f
    8: 0x41b0f - spin_test_virt.wasm!<spin_test_virt::wasi::http::Fields as spin_test_virt::bindings::exports::wasi::http::types::GuestFields>::set::habf51fbb9be39bbf
    9: 0x9e139 - spin_test_virt.wasm!spin_test_virt::bindings::exports::wasi::http::types::_export_method_fields_set_cabi::h5abb92c0326716a9
   10: 0x86ca3 - spin_test_virt.wasm!wasi:http/types@0.2.0#[method]fields.set
   11:  0xf56 - <unknown>!<wasm function 66>
   12: 0x18db703 - wit-component:shim!indirect-wasi:http/types@0.2.0-[method]fields.set
   13: 0xc8fd85 - spin_utopia.wasm!spin_sdk::wit::wasi::http0_2_0::types::Fields::set::he886307fa344c000
   14: 0xbd0bfc - spin_utopia.wasm!spin_utopia::handlers::opinion_url::add_district_header::he19a54280b743209
   15: 0xbd1096 - spin_utopia.wasm!spin_utopia::handlers::judge_url::get_all_judges::h71c1b48997ddaeb9
   16: 0x48ad39 - spin_utopia.wasm!<F as spin_sdk::http::router::Handler>::handle::{{closure}}::hafe561f05a2bc265
   17: 0xc985d3 - spin_utopia.wasm!<alloc::boxed::Box<dyn spin_sdk::http::router::Handler> as spin_sdk::http::router::Handler>::handle::{{closure}}::h1b6255c66b0e82da
   18: 0x4eee85 - spin_utopia.wasm!spin_executor::run::h5e53f2e63611faf5
   19: 0x4ee766 - spin_utopia.wasm!spin_utopia::handle_spin_todo_api::{{closure}}::haaee0c45a36a0cd2
   20: 0x4eaef0 - spin_utopia.wasm!spin_executor::run::h5543f9eff02f4bcf
   21: 0xbabe6f - spin_utopia.wasm!wasi:http/incoming-handler@0.2.0#handle
   22: 0x5795 - <unknown>!<wasm function 104>
   23: 0x19310dc - router.wasm!<router::Component as router::bindings::exports::wasi::http::incoming_handler::Guest>::handle::ha50de62a29cb8b3e
   24: 0x19319e0 - router.wasm!wasi:http/incoming-handler@0.2.0#handle
   25: 0x20c0 - <unknown>!<wasm function 55>
   26: 0x1a8048d - config_tests.wasm!spin_test_sdk::perform_request::h8724e91b3678e35f
   27: 0x1a64d78 - config_tests.wasm!config_tests::header_routing_tests::make_request_no_header::h653ba474ca0fbec2
   28: 0x1a6799f - config_tests.wasm!config_tests::header_routing_tests::test_header_routing_matches_url_routing::hadb8c91ef6018bdb
   29: 0x1a70cc6 - config_tests.wasm!spin-test-test-header-routing-matches-url-routing
Caused by: wasm trap: wasm `unreachable` instruction executed

---- test-get-sentencing-by-id ----
test 'spin-test-test-get-sentencing-by-id' failed 
Caused by: error while executing at wasm backtrace:
    0: 0x1a874ab - config_tests.wasm!abort
    1: 0x1a8328a - config_tests.wasm!std::sys::pal::wasi::helpers::abort_internal::hcc3b2e0cde3c9001
    2: 0x1a81eb9 - config_tests.wasm!std::process::abort::h0e38511b4c8b6f04
    3: 0x1a81eaf - config_tests.wasm!__rustc[5224e6b81cd82a8f]::__rust_abort
    4: 0x1a8468d - config_tests.wasm!__rustc[5224e6b81cd82a8f]::__rust_start_panic
    5: 0x1a844fe - config_tests.wasm!__rustc[5224e6b81cd82a8f]::rust_panic
    6: 0x1a84483 - config_tests.wasm!std::panicking::rust_panic_with_hook::h085fb375cd657b2f
    7: 0x1a83579 - config_tests.wasm!std::panicking::begin_panic_handler::{{closure}}::he68af7f9d5c53e56
    8: 0x1a834e5 - config_tests.wasm!std::sys::backtrace::__rust_end_short_backtrace::h4c38003a22ca226f
    9: 0x1a83e6a - config_tests.wasm!__rustc[5224e6b81cd82a8f]::rust_begin_unwind
   10: 0x1a8d7d4 - config_tests.wasm!core::panicking::panic_fmt::h4e32e8d1cab5f47e
   11: 0x1a8f22a - config_tests.wasm!core::panicking::assert_failed_inner::hf7ede4d3870aaaec
   12: 0x1a7236a - config_tests.wasm!core::panicking::assert_failed::h168e3f8c09ecb509
   13: 0x1a00058 - config_tests.wasm!config_tests::sentencing_tests_v2::test_get_sentencing_by_id::h299efd516a940df1
   14: 0x1a70b6d - config_tests.wasm!spin-test-test-get-sentencing-by-id
Caused by: wasm trap: wasm `unreachable` instruction executed

---- test-list-orders ----
test 'spin-test-test-list-orders' failed 
Caused by: error while executing at wasm backtrace:
    0: 0x1a874ab - config_tests.wasm!abort
    1: 0x1a8328a - config_tests.wasm!std::sys::pal::wasi::helpers::abort_internal::hcc3b2e0cde3c9001
    2: 0x1a81eb9 - config_tests.wasm!std::process::abort::h0e38511b4c8b6f04
    3: 0x1a81eaf - config_tests.wasm!__rustc[5224e6b81cd82a8f]::__rust_abort
    4: 0x1a8468d - config_tests.wasm!__rustc[5224e6b81cd82a8f]::__rust_start_panic
    5: 0x1a844fe - config_tests.wasm!__rustc[5224e6b81cd82a8f]::rust_panic
    6: 0x1a84483 - config_tests.wasm!std::panicking::rust_panic_with_hook::h085fb375cd657b2f
    7: 0x1a835ab - config_tests.wasm!std::panicking::begin_panic_handler::{{closure}}::he68af7f9d5c53e56
    8: 0x1a834e5 - config_tests.wasm!std::sys::backtrace::__rust_end_short_backtrace::h4c38003a22ca226f
    9: 0x1a83e6a - config_tests.wasm!__rustc[5224e6b81cd82a8f]::rust_begin_unwind
   10: 0x1a8d7d4 - config_tests.wasm!core::panicking::panic_fmt::h4e32e8d1cab5f47e
   11: 0x1a12cd3 - config_tests.wasm!config_tests::order_tests_v2::test_list_orders::hb7d9ac33222229ef
   12: 0x1a70f9d - config_tests.wasm!spin-test-test-list-orders
Caused by: wasm trap: wasm `unreachable` instruction executed

---- test-get-order-by-id ----
test 'spin-test-test-get-order-by-id' failed 
Caused by: error while executing at wasm backtrace:
    0: 0x1a874ab - config_tests.wasm!abort
    1: 0x1a8328a - config_tests.wasm!std::sys::pal::wasi::helpers::abort_internal::hcc3b2e0cde3c9001
    2: 0x1a81eb9 - config_tests.wasm!std::process::abort::h0e38511b4c8b6f04
    3: 0x1a81eaf - config_tests.wasm!__rustc[5224e6b81cd82a8f]::__rust_abort
    4: 0x1a8468d - config_tests.wasm!__rustc[5224e6b81cd82a8f]::__rust_start_panic
    5: 0x1a844fe - config_tests.wasm!__rustc[5224e6b81cd82a8f]::rust_panic
    6: 0x1a84483 - config_tests.wasm!std::panicking::rust_panic_with_hook::h085fb375cd657b2f
    7: 0x1a83579 - config_tests.wasm!std::panicking::begin_panic_handler::{{closure}}::he68af7f9d5c53e56
    8: 0x1a834e5 - config_tests.wasm!std::sys::backtrace::__rust_end_short_backtrace::h4c38003a22ca226f
    9: 0x1a83e6a - config_tests.wasm!__rustc[5224e6b81cd82a8f]::rust_begin_unwind
   10: 0x1a8d7d4 - config_tests.wasm!core::panicking::panic_fmt::h4e32e8d1cab5f47e
   11: 0x1a8f22a - config_tests.wasm!core::panicking::assert_failed_inner::hf7ede4d3870aaaec
   12: 0x1a7236a - config_tests.wasm!core::panicking::assert_failed::h168e3f8c09ecb509
   13: 0x1a12801 - config_tests.wasm!config_tests::order_tests_v2::test_get_order_by_id::hf6ff0ed8ee2ae0a5
   14: 0x1a70c12 - config_tests.wasm!spin-test-test-get-order-by-id
Caused by: wasm trap: wasm `unreachable` instruction executed

---- test-judge-conflict-management ----
test 'spin-test-test-judge-conflict-management' failed 
Caused by: error while executing at wasm backtrace:
    0: 0x1a874ab - config_tests.wasm!abort
    1: 0x1a8328a - config_tests.wasm!std::sys::pal::wasi::helpers::abort_internal::hcc3b2e0cde3c9001
    2: 0x1a81eb9 - config_tests.wasm!std::process::abort::h0e38511b4c8b6f04
    3: 0x1a81eaf - config_tests.wasm!__rustc[5224e6b81cd82a8f]::__rust_abort
    4: 0x1a8468d - config_tests.wasm!__rustc[5224e6b81cd82a8f]::__rust_start_panic
    5: 0x1a844fe - config_tests.wasm!__rustc[5224e6b81cd82a8f]::rust_panic
    6: 0x1a84483 - config_tests.wasm!std::panicking::rust_panic_with_hook::h085fb375cd657b2f
    7: 0x1a83579 - config_tests.wasm!std::panicking::begin_panic_handler::{{closure}}::he68af7f9d5c53e56
    8: 0x1a834e5 - config_tests.wasm!std::sys::backtrace::__rust_end_short_backtrace::h4c38003a22ca226f
    9: 0x1a83e6a - config_tests.wasm!__rustc[5224e6b81cd82a8f]::rust_begin_unwind
   10: 0x1a8d7d4 - config_tests.wasm!core::panicking::panic_fmt::h4e32e8d1cab5f47e
   11: 0x1a8f22a - config_tests.wasm!core::panicking::assert_failed_inner::hf7ede4d3870aaaec
   12: 0x1a7236a - config_tests.wasm!core::panicking::assert_failed::h168e3f8c09ecb509
   13: 0x1a53d67 - config_tests.wasm!config_tests::judge_tests_proper::test_judge_conflict_management::hbba652344552b0c8
   14: 0x1a725e0 - config_tests.wasm!spin-test-test-judge-conflict-management
Caused by: wasm trap: wasm `unreachable` instruction executed

---- test-sign-order ----
test 'spin-test-test-sign-order' failed 
Caused by: error while executing at wasm backtrace:
    0: 0x1a874ab - config_tests.wasm!abort
    1: 0x1a8328a - config_tests.wasm!std::sys::pal::wasi::helpers::abort_internal::hcc3b2e0cde3c9001
    2: 0x1a81eb9 - config_tests.wasm!std::process::abort::h0e38511b4c8b6f04
    3: 0x1a81eaf - config_tests.wasm!__rustc[5224e6b81cd82a8f]::__rust_abort
    4: 0x1a8468d - config_tests.wasm!__rustc[5224e6b81cd82a8f]::__rust_start_panic
    5: 0x1a844fe - config_tests.wasm!__rustc[5224e6b81cd82a8f]::rust_panic
    6: 0x1a84483 - config_tests.wasm!std::panicking::rust_panic_with_hook::h085fb375cd657b2f
    7: 0x1a83579 - config_tests.wasm!std::panicking::begin_panic_handler::{{closure}}::he68af7f9d5c53e56
    8: 0x1a834e5 - config_tests.wasm!std::sys::backtrace::__rust_end_short_backtrace::h4c38003a22ca226f
    9: 0x1a83e6a - config_tests.wasm!__rustc[5224e6b81cd82a8f]::rust_begin_unwind
   10: 0x1a8d7d4 - config_tests.wasm!core::panicking::panic_fmt::h4e32e8d1cab5f47e
   11: 0x1a8f22a - config_tests.wasm!core::panicking::assert_failed_inner::hf7ede4d3870aaaec
   12: 0x1a7236a - config_tests.wasm!core::panicking::assert_failed::h168e3f8c09ecb509
   13: 0x1a144e8 - config_tests.wasm!config_tests::order_tests_v2::test_sign_order::h0bdc8990c8f7d786
   14: 0x1a70f8e - config_tests.wasm!spin-test-test-sign-order
Caused by: wasm trap: wasm `unreachable` instruction executed

---- test-request-extension ----
test 'spin-test-test-request-extension' failed 
Caused by: error while executing at wasm backtrace:
    0: 0x1a874ab - config_tests.wasm!abort
    1: 0x1a8328a - config_tests.wasm!std::sys::pal::wasi::helpers::abort_internal::hcc3b2e0cde3c9001
    2: 0x1a81eb9 - config_tests.wasm!std::process::abort::h0e38511b4c8b6f04
    3: 0x1a81eaf - config_tests.wasm!__rustc[5224e6b81cd82a8f]::__rust_abort
    4: 0x1a8468d - config_tests.wasm!__rustc[5224e6b81cd82a8f]::__rust_start_panic
    5: 0x1a844fe - config_tests.wasm!__rustc[5224e6b81cd82a8f]::rust_panic
    6: 0x1a84483 - config_tests.wasm!std::panicking::rust_panic_with_hook::h085fb375cd657b2f
    7: 0x1a83579 - config_tests.wasm!std::panicking::begin_panic_handler::{{closure}}::he68af7f9d5c53e56
    8: 0x1a834e5 - config_tests.wasm!std::sys::backtrace::__rust_end_short_backtrace::h4c38003a22ca226f
    9: 0x1a83e6a - config_tests.wasm!__rustc[5224e6b81cd82a8f]::rust_begin_unwind
   10: 0x1a8d7d4 - config_tests.wasm!core::panicking::panic_fmt::h4e32e8d1cab5f47e
   11: 0x1a37689 - config_tests.wasm!config_tests::deadline_tests_v2::test_request_extension::hd5a4da41d4e01f98
   12: 0x1a73cc2 - config_tests.wasm!spin-test-test-request-extension
Caused by: wasm trap: wasm `unreachable` instruction executed

---- test-create-case-duplicate ----
test 'spin-test-test-create-case-duplicate' failed 
Caused by: error while executing at wasm backtrace:
    0: 0x1a874ab - config_tests.wasm!abort
    1: 0x1a8328a - config_tests.wasm!std::sys::pal::wasi::helpers::abort_internal::hcc3b2e0cde3c9001
    2: 0x1a81eb9 - config_tests.wasm!std::process::abort::h0e38511b4c8b6f04
    3: 0x1a81eaf - config_tests.wasm!__rustc[5224e6b81cd82a8f]::__rust_abort
    4: 0x1a8468d - config_tests.wasm!__rustc[5224e6b81cd82a8f]::__rust_start_panic
    5: 0x1a844fe - config_tests.wasm!__rustc[5224e6b81cd82a8f]::rust_panic
    6: 0x1a84483 - config_tests.wasm!std::panicking::rust_panic_with_hook::h085fb375cd657b2f
    7: 0x1a835ab - config_tests.wasm!std::panicking::begin_panic_handler::{{closure}}::he68af7f9d5c53e56
    8: 0x1a834e5 - config_tests.wasm!std::sys::backtrace::__rust_end_short_backtrace::h4c38003a22ca226f
    9: 0x1a83e6a - config_tests.wasm!__rustc[5224e6b81cd82a8f]::rust_begin_unwind
   10: 0x1a8d7d4 - config_tests.wasm!core::panicking::panic_fmt::h4e32e8d1cab5f47e
   11: 0x1a40bfc - config_tests.wasm!config_tests::criminal_case_tests_v2::test_create_case_duplicate::hba5726453712259e
   12: 0x1a6fc13 - config_tests.wasm!spin-test-test-create-case-duplicate
Caused by: wasm trap: wasm `unreachable` instruction executed

---- test-multi-tenant-isolation ----
test 'spin-test-test-multi-tenant-isolation' failed 
Caused by: error while executing at wasm backtrace:
    0: 0x1a874ab - config_tests.wasm!abort
    1: 0x1a8328a - config_tests.wasm!std::sys::pal::wasi::helpers::abort_internal::hcc3b2e0cde3c9001
    2: 0x1a81eb9 - config_tests.wasm!std::process::abort::h0e38511b4c8b6f04
    3: 0x1a81eaf - config_tests.wasm!__rustc[5224e6b81cd82a8f]::__rust_abort
    4: 0x1a8468d - config_tests.wasm!__rustc[5224e6b81cd82a8f]::__rust_start_panic
    5: 0x1a844fe - config_tests.wasm!__rustc[5224e6b81cd82a8f]::rust_panic
    6: 0x1a84483 - config_tests.wasm!std::panicking::rust_panic_with_hook::h085fb375cd657b2f
    7: 0x1a835ab - config_tests.wasm!std::panicking::begin_panic_handler::{{closure}}::he68af7f9d5c53e56
    8: 0x1a834e5 - config_tests.wasm!std::sys::backtrace::__rust_end_short_backtrace::h4c38003a22ca226f
    9: 0x1a83e6a - config_tests.wasm!__rustc[5224e6b81cd82a8f]::rust_begin_unwind
   10: 0x1a8d7d4 - config_tests.wasm!core::panicking::panic_fmt::h4e32e8d1cab5f47e
   11: 0x1a88e9f - config_tests.wasm!core::panicking::panic::h42b72918664c199b
   12: 0x1a47483 - config_tests.wasm!config_tests::criminal_case_tests_v2::test_multi_tenant_isolation::hc61a55f863bb99e0
   13: 0x1a6fc04 - config_tests.wasm!spin-test-test-multi-tenant-isolation
Caused by: wasm trap: wasm `unreachable` instruction executed

---- test-get-attorney-by-bar-number ----
test 'spin-test-test-get-attorney-by-bar-number' failed 
Caused by: error while executing at wasm backtrace:
    0: 0x1a874ab - config_tests.wasm!abort
    1: 0x1a8328a - config_tests.wasm!std::sys::pal::wasi::helpers::abort_internal::hcc3b2e0cde3c9001
    2: 0x1a81eb9 - config_tests.wasm!std::process::abort::h0e38511b4c8b6f04
    3: 0x1a81eaf - config_tests.wasm!__rustc[5224e6b81cd82a8f]::__rust_abort
    4: 0x1a8468d - config_tests.wasm!__rustc[5224e6b81cd82a8f]::__rust_start_panic
    5: 0x1a844fe - config_tests.wasm!__rustc[5224e6b81cd82a8f]::rust_panic
    6: 0x1a84483 - config_tests.wasm!std::panicking::rust_panic_with_hook::h085fb375cd657b2f
    7: 0x1a83579 - config_tests.wasm!std::panicking::begin_panic_handler::{{closure}}::he68af7f9d5c53e56
    8: 0x1a834e5 - config_tests.wasm!std::sys::backtrace::__rust_end_short_backtrace::h4c38003a22ca226f
    9: 0x1a83e6a - config_tests.wasm!__rustc[5224e6b81cd82a8f]::rust_begin_unwind
   10: 0x1a8d7d4 - config_tests.wasm!core::panicking::panic_fmt::h4e32e8d1cab5f47e
   11: 0x1a8f22a - config_tests.wasm!core::panicking::assert_failed_inner::hf7ede4d3870aaaec
   12: 0x1a7236a - config_tests.wasm!core::panicking::assert_failed::h168e3f8c09ecb509
   13: 0x1a5d24d - config_tests.wasm!config_tests::attorney_tests_v2::test_get_attorney_by_bar_number::h987410183c6aef8a
   14: 0x1a71024 - config_tests.wasm!spin-test-test-get-attorney-by-bar-number
Caused by: wasm trap: wasm `unreachable` instruction executed

---- test-get-deadlines-by-case ----
test 'spin-test-test-get-deadlines-by-case' failed 
Caused by: error while executing at wasm backtrace:
    0: 0x1a874ab - config_tests.wasm!abort
    1: 0x1a8328a - config_tests.wasm!std::sys::pal::wasi::helpers::abort_internal::hcc3b2e0cde3c9001
    2: 0x1a81eb9 - config_tests.wasm!std::process::abort::h0e38511b4c8b6f04
    3: 0x1a81eaf - config_tests.wasm!__rustc[5224e6b81cd82a8f]::__rust_abort
    4: 0x1a8468d - config_tests.wasm!__rustc[5224e6b81cd82a8f]::__rust_start_panic
    5: 0x1a844fe - config_tests.wasm!__rustc[5224e6b81cd82a8f]::rust_panic
    6: 0x1a84483 - config_tests.wasm!std::panicking::rust_panic_with_hook::h085fb375cd657b2f
    7: 0x1a83579 - config_tests.wasm!std::panicking::begin_panic_handler::{{closure}}::he68af7f9d5c53e56
    8: 0x1a834e5 - config_tests.wasm!std::sys::backtrace::__rust_end_short_backtrace::h4c38003a22ca226f
    9: 0x1a83e6a - config_tests.wasm!__rustc[5224e6b81cd82a8f]::rust_begin_unwind
   10: 0x1a8d7d4 - config_tests.wasm!core::panicking::panic_fmt::h4e32e8d1cab5f47e
   11: 0x1a8f22a - config_tests.wasm!core::panicking::assert_failed_inner::hf7ede4d3870aaaec
   12: 0x1a7236a - config_tests.wasm!core::panicking::assert_failed::h168e3f8c09ecb509
   13: 0x1a3571f - config_tests.wasm!config_tests::deadline_tests_v2::test_get_deadlines_by_case::hd0cf328a52ff5d4e
   14: 0x1a70f34 - config_tests.wasm!spin-test-test-get-deadlines-by-case
Caused by: wasm trap: wasm `unreachable` instruction executed

---- test-add-defendant ----
test 'spin-test-test-add-defendant' failed 
Caused by: error while executing at wasm backtrace:
    0: 0x1a874ab - config_tests.wasm!abort
    1: 0x1a8328a - config_tests.wasm!std::sys::pal::wasi::helpers::abort_internal::hcc3b2e0cde3c9001
    2: 0x1a81eb9 - config_tests.wasm!std::process::abort::h0e38511b4c8b6f04
    3: 0x1a81eaf - config_tests.wasm!__rustc[5224e6b81cd82a8f]::__rust_abort
    4: 0x1a8468d - config_tests.wasm!__rustc[5224e6b81cd82a8f]::__rust_start_panic
    5: 0x1a844fe - config_tests.wasm!__rustc[5224e6b81cd82a8f]::rust_panic
    6: 0x1a84483 - config_tests.wasm!std::panicking::rust_panic_with_hook::h085fb375cd657b2f
    7: 0x1a835ab - config_tests.wasm!std::panicking::begin_panic_handler::{{closure}}::he68af7f9d5c53e56
    8: 0x1a834e5 - config_tests.wasm!std::sys::backtrace::__rust_end_short_backtrace::h4c38003a22ca226f
    9: 0x1a83e6a - config_tests.wasm!__rustc[5224e6b81cd82a8f]::rust_begin_unwind
   10: 0x1a8d7d4 - config_tests.wasm!core::panicking::panic_fmt::h4e32e8d1cab5f47e
   11: 0x1a46403 - config_tests.wasm!config_tests::criminal_case_tests_v2::test_add_defendant::h03236718a6357e88
   12: 0x1a73e97 - config_tests.wasm!spin-test-test-add-defendant
Caused by: wasm trap: wasm `unreachable` instruction executed

---- test-get-sealed-entries ----
test 'spin-test-test-get-sealed-entries' failed 
Caused by: error while executing at wasm backtrace:
    0: 0x1a874ab - config_tests.wasm!abort
    1: 0x1a8328a - config_tests.wasm!std::sys::pal::wasi::helpers::abort_internal::hcc3b2e0cde3c9001
    2: 0x1a81eb9 - config_tests.wasm!std::process::abort::h0e38511b4c8b6f04
    3: 0x1a81eaf - config_tests.wasm!__rustc[5224e6b81cd82a8f]::__rust_abort
    4: 0x1a8468d - config_tests.wasm!__rustc[5224e6b81cd82a8f]::__rust_start_panic
    5: 0x1a844fe - config_tests.wasm!__rustc[5224e6b81cd82a8f]::rust_panic
    6: 0x1a84483 - config_tests.wasm!std::panicking::rust_panic_with_hook::h085fb375cd657b2f
    7: 0x1a83579 - config_tests.wasm!std::panicking::begin_panic_handler::{{closure}}::he68af7f9d5c53e56
    8: 0x1a834e5 - config_tests.wasm!std::sys::backtrace::__rust_end_short_backtrace::h4c38003a22ca226f
    9: 0x1a83e6a - config_tests.wasm!__rustc[5224e6b81cd82a8f]::rust_begin_unwind
   10: 0x1a8d7d4 - config_tests.wasm!core::panicking::panic_fmt::h4e32e8d1cab5f47e
   11: 0x1a8f22a - config_tests.wasm!core::panicking::assert_failed_inner::hf7ede4d3870aaaec
   12: 0x1a7236a - config_tests.wasm!core::panicking::assert_failed::h168e3f8c09ecb509
   13: 0x19ee1e6 - config_tests.wasm!config_tests::docket_tests_v2::test_get_sealed_entries::h0f58a7c9c09c7048
   14: 0x1a70f52 - config_tests.wasm!spin-test-test-get-sealed-entries
Caused by: wasm trap: wasm `unreachable` instruction executed

---- test-check-order-expired ----
test 'spin-test-test-check-order-expired' failed 
Caused by: error while executing at wasm backtrace:
    0: 0x1a874ab - config_tests.wasm!abort
    1: 0x1a8328a - config_tests.wasm!std::sys::pal::wasi::helpers::abort_internal::hcc3b2e0cde3c9001
    2: 0x1a81eb9 - config_tests.wasm!std::process::abort::h0e38511b4c8b6f04
    3: 0x1a81eaf - config_tests.wasm!__rustc[5224e6b81cd82a8f]::__rust_abort
    4: 0x1a8468d - config_tests.wasm!__rustc[5224e6b81cd82a8f]::__rust_start_panic
    5: 0x1a844fe - config_tests.wasm!__rustc[5224e6b81cd82a8f]::rust_panic
    6: 0x1a84483 - config_tests.wasm!std::panicking::rust_panic_with_hook::h085fb375cd657b2f
    7: 0x1a835ab - config_tests.wasm!std::panicking::begin_panic_handler::{{closure}}::he68af7f9d5c53e56
    8: 0x1a834e5 - config_tests.wasm!std::sys::backtrace::__rust_end_short_backtrace::h4c38003a22ca226f
    9: 0x1a83e6a - config_tests.wasm!__rustc[5224e6b81cd82a8f]::rust_begin_unwind
   10: 0x1a8d7d4 - config_tests.wasm!core::panicking::panic_fmt::h4e32e8d1cab5f47e
   11: 0x1a19ade - config_tests.wasm!config_tests::order_tests_v2::test_check_order_expired::h81deea442bbcb578
   12: 0x1a70bf4 - config_tests.wasm!spin-test-test-check-order-expired
Caused by: wasm trap: wasm `unreachable` instruction executed

---- test-get-cases-by-judge ----
test 'spin-test-test-get-cases-by-judge' failed 
Caused by: error while executing at wasm backtrace:
    0: 0x1a874ab - config_tests.wasm!abort
    1: 0x1a8328a - config_tests.wasm!std::sys::pal::wasi::helpers::abort_internal::hcc3b2e0cde3c9001
    2: 0x1a81eb9 - config_tests.wasm!std::process::abort::h0e38511b4c8b6f04
    3: 0x1a81eaf - config_tests.wasm!__rustc[5224e6b81cd82a8f]::__rust_abort
    4: 0x1a8468d - config_tests.wasm!__rustc[5224e6b81cd82a8f]::__rust_start_panic
    5: 0x1a844fe - config_tests.wasm!__rustc[5224e6b81cd82a8f]::rust_panic
    6: 0x1a84483 - config_tests.wasm!std::panicking::rust_panic_with_hook::h085fb375cd657b2f
    7: 0x1a835ab - config_tests.wasm!std::panicking::begin_panic_handler::{{closure}}::he68af7f9d5c53e56
    8: 0x1a834e5 - config_tests.wasm!std::sys::backtrace::__rust_end_short_backtrace::h4c38003a22ca226f
    9: 0x1a83e6a - config_tests.wasm!__rustc[5224e6b81cd82a8f]::rust_begin_unwind
   10: 0x1a8d7d4 - config_tests.wasm!core::panicking::panic_fmt::h4e32e8d1cab5f47e
   11: 0x1a4554e - config_tests.wasm!config_tests::criminal_case_tests_v2::test_get_cases_by_judge::h9eefbc1bd00f849d
   12: 0x1a72658 - config_tests.wasm!spin-test-test-get-cases-by-judge
Caused by: wasm trap: wasm `unreachable` instruction executed

---- test-get-deadlines-by-type ----
test 'spin-test-test-get-deadlines-by-type' failed 
Caused by: error while executing at wasm backtrace:
    0: 0x1a874ab - config_tests.wasm!abort
    1: 0x1a8328a - config_tests.wasm!std::sys::pal::wasi::helpers::abort_internal::hcc3b2e0cde3c9001
    2: 0x1a81eb9 - config_tests.wasm!std::process::abort::h0e38511b4c8b6f04
    3: 0x1a81eaf - config_tests.wasm!__rustc[5224e6b81cd82a8f]::__rust_abort
    4: 0x1a8468d - config_tests.wasm!__rustc[5224e6b81cd82a8f]::__rust_start_panic
    5: 0x1a844fe - config_tests.wasm!__rustc[5224e6b81cd82a8f]::rust_panic
    6: 0x1a84483 - config_tests.wasm!std::panicking::rust_panic_with_hook::h085fb375cd657b2f
    7: 0x1a83579 - config_tests.wasm!std::panicking::begin_panic_handler::{{closure}}::he68af7f9d5c53e56
    8: 0x1a834e5 - config_tests.wasm!std::sys::backtrace::__rust_end_short_backtrace::h4c38003a22ca226f
    9: 0x1a83e6a - config_tests.wasm!__rustc[5224e6b81cd82a8f]::rust_begin_unwind
   10: 0x1a8d7d4 - config_tests.wasm!core::panicking::panic_fmt::h4e32e8d1cab5f47e
   11: 0x1a8f22a - config_tests.wasm!core::panicking::assert_failed_inner::hf7ede4d3870aaaec
   12: 0x1a7236a - config_tests.wasm!core::panicking::assert_failed::h168e3f8c09ecb509
   13: 0x1a35a5e - config_tests.wasm!config_tests::deadline_tests_v2::test_get_deadlines_by_type::he5f05ea2ea13d0d2
   14: 0x1a73ce0 - config_tests.wasm!spin-test-test-get-deadlines-by-type
Caused by: wasm trap: wasm `unreachable` instruction executed

---- test-update-nonexistent-opinion ----
test 'spin-test-test-update-nonexistent-opinion' failed 
Caused by: error while executing at wasm backtrace:
    0: 0x1a874ab - config_tests.wasm!abort
    1: 0x1a8328a - config_tests.wasm!std::sys::pal::wasi::helpers::abort_internal::hcc3b2e0cde3c9001
    2: 0x1a81eb9 - config_tests.wasm!std::process::abort::h0e38511b4c8b6f04
    3: 0x1a81eaf - config_tests.wasm!__rustc[5224e6b81cd82a8f]::__rust_abort
    4: 0x1a8468d - config_tests.wasm!__rustc[5224e6b81cd82a8f]::__rust_start_panic
    5: 0x1a844fe - config_tests.wasm!__rustc[5224e6b81cd82a8f]::rust_panic
    6: 0x1a84483 - config_tests.wasm!std::panicking::rust_panic_with_hook::h085fb375cd657b2f
    7: 0x1a83579 - config_tests.wasm!std::panicking::begin_panic_handler::{{closure}}::he68af7f9d5c53e56
    8: 0x1a834e5 - config_tests.wasm!std::sys::backtrace::__rust_end_short_backtrace::h4c38003a22ca226f
    9: 0x1a83e6a - config_tests.wasm!__rustc[5224e6b81cd82a8f]::rust_begin_unwind
   10: 0x1a8d7d4 - config_tests.wasm!core::panicking::panic_fmt::h4e32e8d1cab5f47e
   11: 0x1a8f22a - config_tests.wasm!core::panicking::assert_failed_inner::hf7ede4d3870aaaec
   12: 0x1a7236a - config_tests.wasm!core::panicking::assert_failed::h168e3f8c09ecb509
   13: 0x1a2e1b9 - config_tests.wasm!config_tests::opinion_tests_v2::test_update_nonexistent_opinion::he17367eaecb0dcf5
   14: 0x1a7254a - config_tests.wasm!spin-test-test-update-nonexistent-opinion
Caused by: wasm trap: wasm `unreachable` instruction executed

---- test-add-service-record ----
test 'spin-test-test-add-service-record' failed 
Caused by: error while executing at wasm backtrace:
    0: 0x1a874ab - config_tests.wasm!abort
    1: 0x1a8328a - config_tests.wasm!std::sys::pal::wasi::helpers::abort_internal::hcc3b2e0cde3c9001
    2: 0x1a81eb9 - config_tests.wasm!std::process::abort::h0e38511b4c8b6f04
    3: 0x1a81eaf - config_tests.wasm!__rustc[5224e6b81cd82a8f]::__rust_abort
    4: 0x1a8468d - config_tests.wasm!__rustc[5224e6b81cd82a8f]::__rust_start_panic
    5: 0x1a844fe - config_tests.wasm!__rustc[5224e6b81cd82a8f]::rust_panic
    6: 0x1a84483 - config_tests.wasm!std::panicking::rust_panic_with_hook::h085fb375cd657b2f
    7: 0x1a83579 - config_tests.wasm!std::panicking::begin_panic_handler::{{closure}}::he68af7f9d5c53e56
    8: 0x1a834e5 - config_tests.wasm!std::sys::backtrace::__rust_end_short_backtrace::h4c38003a22ca226f
    9: 0x1a83e6a - config_tests.wasm!__rustc[5224e6b81cd82a8f]::rust_begin_unwind
   10: 0x1a8d7d4 - config_tests.wasm!core::panicking::panic_fmt::h4e32e8d1cab5f47e
   11: 0x1a8f22a - config_tests.wasm!core::panicking::assert_failed_inner::hf7ede4d3870aaaec
   12: 0x1a7236a - config_tests.wasm!core::panicking::assert_failed::h168e3f8c09ecb509
   13: 0x1a191fb - config_tests.wasm!config_tests::order_tests_v2::test_add_service_record::h61ba886b3fe80d13
   14: 0x1a70c03 - config_tests.wasm!spin-test-test-add-service-record
Caused by: wasm trap: wasm `unreachable` instruction executed

---- test-create-deadline-missing-case-id ----
test 'spin-test-test-create-deadline-missing-case-id' failed 
Caused by: error while executing at wasm backtrace:
    0: 0x1a874ab - config_tests.wasm!abort
    1: 0x1a8328a - config_tests.wasm!std::sys::pal::wasi::helpers::abort_internal::hcc3b2e0cde3c9001
    2: 0x1a81eb9 - config_tests.wasm!std::process::abort::h0e38511b4c8b6f04
    3: 0x1a81eaf - config_tests.wasm!__rustc[5224e6b81cd82a8f]::__rust_abort
    4: 0x1a8468d - config_tests.wasm!__rustc[5224e6b81cd82a8f]::__rust_start_panic
    5: 0x1a844fe - config_tests.wasm!__rustc[5224e6b81cd82a8f]::rust_panic
    6: 0x1a84483 - config_tests.wasm!std::panicking::rust_panic_with_hook::h085fb375cd657b2f
    7: 0x1a835ab - config_tests.wasm!std::panicking::begin_panic_handler::{{closure}}::he68af7f9d5c53e56
    8: 0x1a834e5 - config_tests.wasm!std::sys::backtrace::__rust_end_short_backtrace::h4c38003a22ca226f
    9: 0x1a83e6a - config_tests.wasm!__rustc[5224e6b81cd82a8f]::rust_begin_unwind
   10: 0x1a8d7d4 - config_tests.wasm!core::panicking::panic_fmt::h4e32e8d1cab5f47e
   11: 0x1a33015 - config_tests.wasm!config_tests::deadline_tests_v2::test_create_deadline_missing_case_id::h7de483bb6ffa1e22
   12: 0x1a724ff - config_tests.wasm!spin-test-test-create-deadline-missing-case-id
Caused by: wasm trap: wasm `unreachable` instruction executed

---- test-get-published-opinions ----
test 'spin-test-test-get-published-opinions' failed 
Caused by: error while executing at wasm backtrace:
    0: 0x1a874ab - config_tests.wasm!abort
    1: 0x1a8328a - config_tests.wasm!std::sys::pal::wasi::helpers::abort_internal::hcc3b2e0cde3c9001
    2: 0x1a81eb9 - config_tests.wasm!std::process::abort::h0e38511b4c8b6f04
    3: 0x1a81eaf - config_tests.wasm!__rustc[5224e6b81cd82a8f]::__rust_abort
    4: 0x1a8468d - config_tests.wasm!__rustc[5224e6b81cd82a8f]::__rust_start_panic
    5: 0x1a844fe - config_tests.wasm!__rustc[5224e6b81cd82a8f]::rust_panic
    6: 0x1a84483 - config_tests.wasm!std::panicking::rust_panic_with_hook::h085fb375cd657b2f
    7: 0x1a83579 - config_tests.wasm!std::panicking::begin_panic_handler::{{closure}}::he68af7f9d5c53e56
    8: 0x1a834e5 - config_tests.wasm!std::sys::backtrace::__rust_end_short_backtrace::h4c38003a22ca226f
    9: 0x1a83e6a - config_tests.wasm!__rustc[5224e6b81cd82a8f]::rust_begin_unwind
   10: 0x1a8d7d4 - config_tests.wasm!core::panicking::panic_fmt::h4e32e8d1cab5f47e
   11: 0x1a8f22a - config_tests.wasm!core::panicking::assert_failed_inner::hf7ede4d3870aaaec
   12: 0x1a7236a - config_tests.wasm!core::panicking::assert_failed::h168e3f8c09ecb509
   13: 0x1a2c5ea - config_tests.wasm!config_tests::opinion_tests_v2::test_get_published_opinions::h3d6110f8f5d3d06d
   14: 0x1a73d76 - config_tests.wasm!spin-test-test-get-published-opinions
Caused by: wasm trap: wasm `unreachable` instruction executed

---- test-create-attorney-invalid-email ----
test 'spin-test-test-create-attorney-invalid-email' failed 
Caused by: error while executing at wasm backtrace:
    0: 0x1a874ab - config_tests.wasm!abort
    1: 0x1a8328a - config_tests.wasm!std::sys::pal::wasi::helpers::abort_internal::hcc3b2e0cde3c9001
    2: 0x1a81eb9 - config_tests.wasm!std::process::abort::h0e38511b4c8b6f04
    3: 0x1a81eaf - config_tests.wasm!__rustc[5224e6b81cd82a8f]::__rust_abort
    4: 0x1a8468d - config_tests.wasm!__rustc[5224e6b81cd82a8f]::__rust_start_panic
    5: 0x1a844fe - config_tests.wasm!__rustc[5224e6b81cd82a8f]::rust_panic
    6: 0x1a84483 - config_tests.wasm!std::panicking::rust_panic_with_hook::h085fb375cd657b2f
    7: 0x1a835ab - config_tests.wasm!std::panicking::begin_panic_handler::{{closure}}::he68af7f9d5c53e56
    8: 0x1a834e5 - config_tests.wasm!std::sys::backtrace::__rust_end_short_backtrace::h4c38003a22ca226f
    9: 0x1a83e6a - config_tests.wasm!__rustc[5224e6b81cd82a8f]::rust_begin_unwind
   10: 0x1a8d7d4 - config_tests.wasm!core::panicking::panic_fmt::h4e32e8d1cab5f47e
   11: 0x1a63c99 - config_tests.wasm!config_tests::attorney_tests_v2::test_create_attorney_invalid_email::he4497b7325c9fab7
   12: 0x1a73d85 - config_tests.wasm!spin-test-test-create-attorney-invalid-email
Caused by: wasm trap: wasm `unreachable` instruction executed

---- test-create-draft-version ----
test 'spin-test-test-create-draft-version' failed 
Caused by: error while executing at wasm backtrace:
    0: 0x1a874ab - config_tests.wasm!abort
    1: 0x1a8328a - config_tests.wasm!std::sys::pal::wasi::helpers::abort_internal::hcc3b2e0cde3c9001
    2: 0x1a81eb9 - config_tests.wasm!std::process::abort::h0e38511b4c8b6f04
    3: 0x1a81eaf - config_tests.wasm!__rustc[5224e6b81cd82a8f]::__rust_abort
    4: 0x1a8468d - config_tests.wasm!__rustc[5224e6b81cd82a8f]::__rust_start_panic
    5: 0x1a844fe - config_tests.wasm!__rustc[5224e6b81cd82a8f]::rust_panic
    6: 0x1a84483 - config_tests.wasm!std::panicking::rust_panic_with_hook::h085fb375cd657b2f
    7: 0x1a83579 - config_tests.wasm!std::panicking::begin_panic_handler::{{closure}}::he68af7f9d5c53e56
    8: 0x1a834e5 - config_tests.wasm!std::sys::backtrace::__rust_end_short_backtrace::h4c38003a22ca226f
    9: 0x1a83e6a - config_tests.wasm!__rustc[5224e6b81cd82a8f]::rust_begin_unwind
   10: 0x1a8d7d4 - config_tests.wasm!core::panicking::panic_fmt::h4e32e8d1cab5f47e
   11: 0x1a8f22a - config_tests.wasm!core::panicking::assert_failed_inner::hf7ede4d3870aaaec
   12: 0x1a7236a - config_tests.wasm!core::panicking::assert_failed::h168e3f8c09ecb509
   13: 0x1a27ca4 - config_tests.wasm!config_tests::opinion_tests_v2::test_create_draft_version::h0af2a423b4744692
   14: 0x1a70c3f - config_tests.wasm!spin-test-test-create-draft-version
Caused by: wasm trap: wasm `unreachable` instruction executed

---- test-district-isolation-with-headers ----
test 'spin-test-test-district-isolation-with-headers' failed 
Caused by: error while executing at wasm backtrace:
    0: 0x1a874ab - config_tests.wasm!abort
    1: 0x1a8328a - config_tests.wasm!std::sys::pal::wasi::helpers::abort_internal::hcc3b2e0cde3c9001
    2: 0x1a81eb9 - config_tests.wasm!std::process::abort::h0e38511b4c8b6f04
    3: 0x1a81eaf - config_tests.wasm!__rustc[5224e6b81cd82a8f]::__rust_abort
    4: 0x1a8468d - config_tests.wasm!__rustc[5224e6b81cd82a8f]::__rust_start_panic
    5: 0x1a844fe - config_tests.wasm!__rustc[5224e6b81cd82a8f]::rust_panic
    6: 0x1a84483 - config_tests.wasm!std::panicking::rust_panic_with_hook::h085fb375cd657b2f
    7: 0x1a835ab - config_tests.wasm!std::panicking::begin_panic_handler::{{closure}}::he68af7f9d5c53e56
    8: 0x1a834e5 - config_tests.wasm!std::sys::backtrace::__rust_end_short_backtrace::h4c38003a22ca226f
    9: 0x1a83e6a - config_tests.wasm!__rustc[5224e6b81cd82a8f]::rust_begin_unwind
   10: 0x1a8d7d4 - config_tests.wasm!core::panicking::panic_fmt::h4e32e8d1cab5f47e
   11: 0x1a88e9f - config_tests.wasm!core::panicking::panic::h42b72918664c199b
   12: 0x1a68919 - config_tests.wasm!config_tests::header_routing_tests::test_district_isolation_with_headers::h1c8e05fdf6e8a44c
   13: 0x1a71060 - config_tests.wasm!spin-test-test-district-isolation-with-headers
Caused by: wasm trap: wasm `unreachable` instruction executed

---- test-update-opinion ----
test 'spin-test-test-update-opinion' failed 
Caused by: error while executing at wasm backtrace:
    0: 0x1a874ab - config_tests.wasm!abort
    1: 0x1a8328a - config_tests.wasm!std::sys::pal::wasi::helpers::abort_internal::hcc3b2e0cde3c9001
    2: 0x1a81eb9 - config_tests.wasm!std::process::abort::h0e38511b4c8b6f04
    3: 0x1a81eaf - config_tests.wasm!__rustc[5224e6b81cd82a8f]::__rust_abort
    4: 0x1a8468d - config_tests.wasm!__rustc[5224e6b81cd82a8f]::__rust_start_panic
    5: 0x1a844fe - config_tests.wasm!__rustc[5224e6b81cd82a8f]::rust_panic
    6: 0x1a84483 - config_tests.wasm!std::panicking::rust_panic_with_hook::h085fb375cd657b2f
    7: 0x1a83579 - config_tests.wasm!std::panicking::begin_panic_handler::{{closure}}::he68af7f9d5c53e56
    8: 0x1a834e5 - config_tests.wasm!std::sys::backtrace::__rust_end_short_backtrace::h4c38003a22ca226f
    9: 0x1a83e6a - config_tests.wasm!__rustc[5224e6b81cd82a8f]::rust_begin_unwind
   10: 0x1a8d7d4 - config_tests.wasm!core::panicking::panic_fmt::h4e32e8d1cab5f47e
   11: 0x1a8f22a - config_tests.wasm!core::panicking::assert_failed_inner::hf7ede4d3870aaaec
   12: 0x1a7236a - config_tests.wasm!core::panicking::assert_failed::h168e3f8c09ecb509
   13: 0x1a26d45 - config_tests.wasm!config_tests::opinion_tests_v2::test_update_opinion::hafe71f3f0ffd2728
   14: 0x1a72559 - config_tests.wasm!spin-test-test-update-opinion
Caused by: wasm trap: wasm `unreachable` instruction executed

---- test-schedule-event-time-conflict ----
test 'spin-test-test-schedule-event-time-conflict' failed 
Caused by: error while executing at wasm backtrace:
    0: 0x1a874ab - config_tests.wasm!abort
    1: 0x1a8328a - config_tests.wasm!std::sys::pal::wasi::helpers::abort_internal::hcc3b2e0cde3c9001
    2: 0x1a81eb9 - config_tests.wasm!std::process::abort::h0e38511b4c8b6f04
    3: 0x1a81eaf - config_tests.wasm!__rustc[5224e6b81cd82a8f]::__rust_abort
    4: 0x1a8468d - config_tests.wasm!__rustc[5224e6b81cd82a8f]::__rust_start_panic
    5: 0x1a844fe - config_tests.wasm!__rustc[5224e6b81cd82a8f]::rust_panic
    6: 0x1a84483 - config_tests.wasm!std::panicking::rust_panic_with_hook::h085fb375cd657b2f
    7: 0x1a835ab - config_tests.wasm!std::panicking::begin_panic_handler::{{closure}}::he68af7f9d5c53e56
    8: 0x1a834e5 - config_tests.wasm!std::sys::backtrace::__rust_end_short_backtrace::h4c38003a22ca226f
    9: 0x1a83e6a - config_tests.wasm!__rustc[5224e6b81cd82a8f]::rust_begin_unwind
   10: 0x1a8d7d4 - config_tests.wasm!core::panicking::panic_fmt::h4e32e8d1cab5f47e
   11: 0x19f8a43 - config_tests.wasm!config_tests::docket_tests_v2::test_schedule_event_time_conflict::h93c7dd65886ca5e2
   12: 0x1a70f43 - config_tests.wasm!spin-test-test-schedule-event-time-conflict
Caused by: wasm trap: wasm `unreachable` instruction executed

---- test-get-case-by-id-found ----
test 'spin-test-test-get-case-by-id-found' failed 
Caused by: error while executing at wasm backtrace:
    0: 0x1a874ab - config_tests.wasm!abort
    1: 0x1a8328a - config_tests.wasm!std::sys::pal::wasi::helpers::abort_internal::hcc3b2e0cde3c9001
    2: 0x1a81eb9 - config_tests.wasm!std::process::abort::h0e38511b4c8b6f04
    3: 0x1a81eaf - config_tests.wasm!__rustc[5224e6b81cd82a8f]::__rust_abort
    4: 0x1a8468d - config_tests.wasm!__rustc[5224e6b81cd82a8f]::__rust_start_panic
    5: 0x1a844fe - config_tests.wasm!__rustc[5224e6b81cd82a8f]::rust_panic
    6: 0x1a84483 - config_tests.wasm!std::panicking::rust_panic_with_hook::h085fb375cd657b2f
    7: 0x1a83579 - config_tests.wasm!std::panicking::begin_panic_handler::{{closure}}::he68af7f9d5c53e56
    8: 0x1a834e5 - config_tests.wasm!std::sys::backtrace::__rust_end_short_backtrace::h4c38003a22ca226f
    9: 0x1a83e6a - config_tests.wasm!__rustc[5224e6b81cd82a8f]::rust_begin_unwind
   10: 0x1a8d7d4 - config_tests.wasm!core::panicking::panic_fmt::h4e32e8d1cab5f47e
   11: 0x1a8f299 - config_tests.wasm!core::panicking::assert_failed_inner::hf7ede4d3870aaaec
   12: 0x1a723b1 - config_tests.wasm!core::panicking::assert_failed::h1dc2379667e06363
   13: 0x1a42649 - config_tests.wasm!config_tests::criminal_case_tests_v2::test_get_case_by_id_found::h924f65948a83dc05
   14: 0x1a73ea6 - config_tests.wasm!spin-test-test-get-case-by-id-found
Caused by: wasm trap: wasm `unreachable` instruction executed

---- test-get-opinions-by-case ----
test 'spin-test-test-get-opinions-by-case' failed 
Caused by: error while executing at wasm backtrace:
    0: 0x1a874ab - config_tests.wasm!abort
    1: 0x1a8328a - config_tests.wasm!std::sys::pal::wasi::helpers::abort_internal::hcc3b2e0cde3c9001
    2: 0x1a81eb9 - config_tests.wasm!std::process::abort::h0e38511b4c8b6f04
    3: 0x1a81eaf - config_tests.wasm!__rustc[5224e6b81cd82a8f]::__rust_abort
    4: 0x1a8468d - config_tests.wasm!__rustc[5224e6b81cd82a8f]::__rust_start_panic
    5: 0x1a844fe - config_tests.wasm!__rustc[5224e6b81cd82a8f]::rust_panic
    6: 0x1a84483 - config_tests.wasm!std::panicking::rust_panic_with_hook::h085fb375cd657b2f
    7: 0x1a83579 - config_tests.wasm!std::panicking::begin_panic_handler::{{closure}}::he68af7f9d5c53e56
    8: 0x1a834e5 - config_tests.wasm!std::sys::backtrace::__rust_end_short_backtrace::h4c38003a22ca226f
    9: 0x1a83e6a - config_tests.wasm!__rustc[5224e6b81cd82a8f]::rust_begin_unwind
   10: 0x1a8d7d4 - config_tests.wasm!core::panicking::panic_fmt::h4e32e8d1cab5f47e
   11: 0x1a8f22a - config_tests.wasm!core::panicking::assert_failed_inner::hf7ede4d3870aaaec
   12: 0x1a7236a - config_tests.wasm!core::panicking::assert_failed::h168e3f8c09ecb509
   13: 0x1a25f0f - config_tests.wasm!config_tests::opinion_tests_v2::test_get_opinions_by_case::h7871c2a1f7231ec7
   14: 0x1a6fb8c - config_tests.wasm!spin-test-test-get-opinions-by-case
Caused by: wasm trap: wasm `unreachable` instruction executed

---- test-get-urgent-deadlines ----
test 'spin-test-test-get-urgent-deadlines' failed 
Caused by: error while executing at wasm backtrace:
    0: 0x1a874ab - config_tests.wasm!abort
    1: 0x1a8328a - config_tests.wasm!std::sys::pal::wasi::helpers::abort_internal::hcc3b2e0cde3c9001
    2: 0x1a81eb9 - config_tests.wasm!std::process::abort::h0e38511b4c8b6f04
    3: 0x1a81eaf - config_tests.wasm!__rustc[5224e6b81cd82a8f]::__rust_abort
    4: 0x1a8468d - config_tests.wasm!__rustc[5224e6b81cd82a8f]::__rust_start_panic
    5: 0x1a844fe - config_tests.wasm!__rustc[5224e6b81cd82a8f]::rust_panic
    6: 0x1a84483 - config_tests.wasm!std::panicking::rust_panic_with_hook::h085fb375cd657b2f
    7: 0x1a835ab - config_tests.wasm!std::panicking::begin_panic_handler::{{closure}}::he68af7f9d5c53e56
    8: 0x1a834e5 - config_tests.wasm!std::sys::backtrace::__rust_end_short_backtrace::h4c38003a22ca226f
    9: 0x1a83e6a - config_tests.wasm!__rustc[5224e6b81cd82a8f]::rust_begin_unwind
   10: 0x1a8d7d4 - config_tests.wasm!core::panicking::panic_fmt::h4e32e8d1cab5f47e
   11: 0x1a3516b - config_tests.wasm!config_tests::deadline_tests_v2::test_get_urgent_deadlines::h11036321c01e81a6
   12: 0x1a724e1 - config_tests.wasm!spin-test-test-get-urgent-deadlines
Caused by: wasm trap: wasm `unreachable` instruction executed

---- test-get-pending-signatures ----
test 'spin-test-test-get-pending-signatures' failed 
Caused by: error while executing at wasm backtrace:
    0: 0x1a874ab - config_tests.wasm!abort
    1: 0x1a8328a - config_tests.wasm!std::sys::pal::wasi::helpers::abort_internal::hcc3b2e0cde3c9001
    2: 0x1a81eb9 - config_tests.wasm!std::process::abort::h0e38511b4c8b6f04
    3: 0x1a81eaf - config_tests.wasm!__rustc[5224e6b81cd82a8f]::__rust_abort
    4: 0x1a8468d - config_tests.wasm!__rustc[5224e6b81cd82a8f]::__rust_start_panic
    5: 0x1a844fe - config_tests.wasm!__rustc[5224e6b81cd82a8f]::rust_panic
    6: 0x1a84483 - config_tests.wasm!std::panicking::rust_panic_with_hook::h085fb375cd657b2f
    7: 0x1a835ab - config_tests.wasm!std::panicking::begin_panic_handler::{{closure}}::he68af7f9d5c53e56
    8: 0x1a834e5 - config_tests.wasm!std::sys::backtrace::__rust_end_short_backtrace::h4c38003a22ca226f
    9: 0x1a83e6a - config_tests.wasm!__rustc[5224e6b81cd82a8f]::rust_begin_unwind
   10: 0x1a8d7d4 - config_tests.wasm!core::panicking::panic_fmt::h4e32e8d1cab5f47e
   11: 0x1a1332f - config_tests.wasm!config_tests::order_tests_v2::test_get_pending_signatures::h226bd6eeacce9187
   12: 0x1a7252c - config_tests.wasm!spin-test-test-get-pending-signatures
Caused by: wasm trap: wasm `unreachable` instruction executed

---- test-get-order-templates ----
test 'spin-test-test-get-order-templates' failed 
Caused by: error while executing at wasm backtrace:
    0: 0x1a874ab - config_tests.wasm!abort
    1: 0x1a8328a - config_tests.wasm!std::sys::pal::wasi::helpers::abort_internal::hcc3b2e0cde3c9001
    2: 0x1a81eb9 - config_tests.wasm!std::process::abort::h0e38511b4c8b6f04
    3: 0x1a81eaf - config_tests.wasm!__rustc[5224e6b81cd82a8f]::__rust_abort
    4: 0x1a8468d - config_tests.wasm!__rustc[5224e6b81cd82a8f]::__rust_start_panic
    5: 0x1a844fe - config_tests.wasm!__rustc[5224e6b81cd82a8f]::rust_panic
    6: 0x1a84483 - config_tests.wasm!std::panicking::rust_panic_with_hook::h085fb375cd657b2f
    7: 0x1a835ab - config_tests.wasm!std::panicking::begin_panic_handler::{{closure}}::he68af7f9d5c53e56
    8: 0x1a834e5 - config_tests.wasm!std::sys::backtrace::__rust_end_short_backtrace::h4c38003a22ca226f
    9: 0x1a83e6a - config_tests.wasm!__rustc[5224e6b81cd82a8f]::rust_begin_unwind
   10: 0x1a8d7d4 - config_tests.wasm!core::panicking::panic_fmt::h4e32e8d1cab5f47e
   11: 0x1a18325 - config_tests.wasm!config_tests::order_tests_v2::test_get_order_templates::hbd2d23af7a751661
   12: 0x1a7251d - config_tests.wasm!spin-test-test-get-order-templates
Caused by: wasm trap: wasm `unreachable` instruction executed

---- test-get-opinion-not-found ----
test 'spin-test-test-get-opinion-not-found' failed 
Caused by: error while executing at wasm backtrace:
    0: 0x1a874ab - config_tests.wasm!abort
    1: 0x1a8328a - config_tests.wasm!std::sys::pal::wasi::helpers::abort_internal::hcc3b2e0cde3c9001
    2: 0x1a81eb9 - config_tests.wasm!std::process::abort::h0e38511b4c8b6f04
    3: 0x1a81eaf - config_tests.wasm!__rustc[5224e6b81cd82a8f]::__rust_abort
    4: 0x1a8468d - config_tests.wasm!__rustc[5224e6b81cd82a8f]::__rust_start_panic
    5: 0x1a844fe - config_tests.wasm!__rustc[5224e6b81cd82a8f]::rust_panic
    6: 0x1a84483 - config_tests.wasm!std::panicking::rust_panic_with_hook::h085fb375cd657b2f
    7: 0x1a83579 - config_tests.wasm!std::panicking::begin_panic_handler::{{closure}}::he68af7f9d5c53e56
    8: 0x1a834e5 - config_tests.wasm!std::sys::backtrace::__rust_end_short_backtrace::h4c38003a22ca226f
    9: 0x1a83e6a - config_tests.wasm!__rustc[5224e6b81cd82a8f]::rust_begin_unwind
   10: 0x1a8d7d4 - config_tests.wasm!core::panicking::panic_fmt::h4e32e8d1cab5f47e
   11: 0x1a8f22a - config_tests.wasm!core::panicking::assert_failed_inner::hf7ede4d3870aaaec
   12: 0x1a7236a - config_tests.wasm!core::panicking::assert_failed::h168e3f8c09ecb509
   13: 0x1a2577b - config_tests.wasm!config_tests::opinion_tests_v2::test_get_opinion_not_found::hd06aaec73e9ef5f7
   14: 0x1a70c6c - config_tests.wasm!spin-test-test-get-opinion-not-found
Caused by: wasm trap: wasm `unreachable` instruction executed

---- test-get-speedy-trial-status ----
test 'spin-test-test-get-speedy-trial-status' failed 
Caused by: error while executing at wasm backtrace:
    0: 0x1a874ab - config_tests.wasm!abort
    1: 0x1a8328a - config_tests.wasm!std::sys::pal::wasi::helpers::abort_internal::hcc3b2e0cde3c9001
    2: 0x1a81eb9 - config_tests.wasm!std::process::abort::h0e38511b4c8b6f04
    3: 0x1a81eaf - config_tests.wasm!__rustc[5224e6b81cd82a8f]::__rust_abort
    4: 0x1a8468d - config_tests.wasm!__rustc[5224e6b81cd82a8f]::__rust_start_panic
    5: 0x1a844fe - config_tests.wasm!__rustc[5224e6b81cd82a8f]::rust_panic
    6: 0x1a84483 - config_tests.wasm!std::panicking::rust_panic_with_hook::h085fb375cd657b2f
    7: 0x1a83579 - config_tests.wasm!std::panicking::begin_panic_handler::{{closure}}::he68af7f9d5c53e56
    8: 0x1a834e5 - config_tests.wasm!std::sys::backtrace::__rust_end_short_backtrace::h4c38003a22ca226f
    9: 0x1a83e6a - config_tests.wasm!__rustc[5224e6b81cd82a8f]::rust_begin_unwind
   10: 0x1a8d7d4 - config_tests.wasm!core::panicking::panic_fmt::h4e32e8d1cab5f47e
   11: 0x1a8f22a - config_tests.wasm!core::panicking::assert_failed_inner::hf7ede4d3870aaaec
   12: 0x1a7236a - config_tests.wasm!core::panicking::assert_failed::h168e3f8c09ecb509
   13: 0x19f2657 - config_tests.wasm!config_tests::docket_tests_v2::test_get_speedy_trial_status::h02ad304d15c897cf
   14: 0x1a6fb23 - config_tests.wasm!spin-test-test-get-speedy-trial-status
Caused by: wasm trap: wasm `unreachable` instruction executed

---- test-update-deadline-status ----
test 'spin-test-test-update-deadline-status' failed 
Caused by: error while executing at wasm backtrace:
    0: 0x1a874ab - config_tests.wasm!abort
    1: 0x1a8328a - config_tests.wasm!std::sys::pal::wasi::helpers::abort_internal::hcc3b2e0cde3c9001
    2: 0x1a81eb9 - config_tests.wasm!std::process::abort::h0e38511b4c8b6f04
    3: 0x1a81eaf - config_tests.wasm!__rustc[5224e6b81cd82a8f]::__rust_abort
    4: 0x1a8468d - config_tests.wasm!__rustc[5224e6b81cd82a8f]::__rust_start_panic
    5: 0x1a844fe - config_tests.wasm!__rustc[5224e6b81cd82a8f]::rust_panic
    6: 0x1a84483 - config_tests.wasm!std::panicking::rust_panic_with_hook::h085fb375cd657b2f
    7: 0x1a83579 - config_tests.wasm!std::panicking::begin_panic_handler::{{closure}}::he68af7f9d5c53e56
    8: 0x1a834e5 - config_tests.wasm!std::sys::backtrace::__rust_end_short_backtrace::h4c38003a22ca226f
    9: 0x1a83e6a - config_tests.wasm!__rustc[5224e6b81cd82a8f]::rust_begin_unwind
   10: 0x1a8d7d4 - config_tests.wasm!core::panicking::panic_fmt::h4e32e8d1cab5f47e
   11: 0x1a8f22a - config_tests.wasm!core::panicking::assert_failed_inner::hf7ede4d3870aaaec
   12: 0x1a7236a - config_tests.wasm!core::panicking::assert_failed::h168e3f8c09ecb509
   13: 0x1a363f2 - config_tests.wasm!config_tests::deadline_tests_v2::test_update_deadline_status::h7ee4899eae5e03b1
   14: 0x1a73cd1 - config_tests.wasm!spin-test-test-update-deadline-status
Caused by: wasm trap: wasm `unreachable` instruction executed

---- test-update-case-status ----
test 'spin-test-test-update-case-status' failed 
Caused by: error while executing at wasm backtrace:
    0: 0x1a874ab - config_tests.wasm!abort
    1: 0x1a8328a - config_tests.wasm!std::sys::pal::wasi::helpers::abort_internal::hcc3b2e0cde3c9001
    2: 0x1a81eb9 - config_tests.wasm!std::process::abort::h0e38511b4c8b6f04
    3: 0x1a81eaf - config_tests.wasm!__rustc[5224e6b81cd82a8f]::__rust_abort
    4: 0x1a8468d - config_tests.wasm!__rustc[5224e6b81cd82a8f]::__rust_start_panic
    5: 0x1a844fe - config_tests.wasm!__rustc[5224e6b81cd82a8f]::rust_panic
    6: 0x1a84483 - config_tests.wasm!std::panicking::rust_panic_with_hook::h085fb375cd657b2f
    7: 0x1a83579 - config_tests.wasm!std::panicking::begin_panic_handler::{{closure}}::he68af7f9d5c53e56
    8: 0x1a834e5 - config_tests.wasm!std::sys::backtrace::__rust_end_short_backtrace::h4c38003a22ca226f
    9: 0x1a83e6a - config_tests.wasm!__rustc[5224e6b81cd82a8f]::rust_begin_unwind
   10: 0x1a8d7d4 - config_tests.wasm!core::panicking::panic_fmt::h4e32e8d1cab5f47e
   11: 0x1a8f22a - config_tests.wasm!core::panicking::assert_failed_inner::hf7ede4d3870aaaec
   12: 0x1a7236a - config_tests.wasm!core::panicking::assert_failed::h168e3f8c09ecb509
   13: 0x1a45976 - config_tests.wasm!config_tests::criminal_case_tests_v2::test_update_case_status::h8b129c753133193f
   14: 0x1a7108d - config_tests.wasm!spin-test-test-update-case-status
Caused by: wasm trap: wasm `unreachable` instruction executed

---- test-update-sentencing ----
test 'spin-test-test-update-sentencing' failed 
Caused by: error while executing at wasm backtrace:
    0: 0x1a874ab - config_tests.wasm!abort
    1: 0x1a8328a - config_tests.wasm!std::sys::pal::wasi::helpers::abort_internal::hcc3b2e0cde3c9001
    2: 0x1a81eb9 - config_tests.wasm!std::process::abort::h0e38511b4c8b6f04
    3: 0x1a81eaf - config_tests.wasm!__rustc[5224e6b81cd82a8f]::__rust_abort
    4: 0x1a8468d - config_tests.wasm!__rustc[5224e6b81cd82a8f]::__rust_start_panic
    5: 0x1a844fe - config_tests.wasm!__rustc[5224e6b81cd82a8f]::rust_panic
    6: 0x1a84483 - config_tests.wasm!std::panicking::rust_panic_with_hook::h085fb375cd657b2f
    7: 0x1a83579 - config_tests.wasm!std::panicking::begin_panic_handler::{{closure}}::he68af7f9d5c53e56
    8: 0x1a834e5 - config_tests.wasm!std::sys::backtrace::__rust_end_short_backtrace::h4c38003a22ca226f
    9: 0x1a83e6a - config_tests.wasm!__rustc[5224e6b81cd82a8f]::rust_begin_unwind
   10: 0x1a8d7d4 - config_tests.wasm!core::panicking::panic_fmt::h4e32e8d1cab5f47e
   11: 0x1a8f22a - config_tests.wasm!core::panicking::assert_failed_inner::hf7ede4d3870aaaec
   12: 0x1a7236a - config_tests.wasm!core::panicking::assert_failed::h168e3f8c09ecb509
   13: 0x1a04b91 - config_tests.wasm!config_tests::sentencing_tests_v2::test_update_sentencing::hdb13356c52164cb4
   14: 0x1a70b4f - config_tests.wasm!spin-test-test-update-sentencing
Caused by: wasm trap: wasm `unreachable` instruction executed

---- test-url-based-routing ----
test 'spin-test-test-url-based-routing' failed 
Caused by: error while executing at wasm backtrace:
    0: 0x2850d4 - spin_test_virt.wasm!__rust_start_panic
    1: 0x284eb0 - spin_test_virt.wasm!rust_panic
    2: 0x284c66 - spin_test_virt.wasm!std::panicking::rust_panic_with_hook::h50e657195af0239c
    3: 0x284137 - spin_test_virt.wasm!std::panicking::begin_panic_handler::{{closure}}::h0187e6969a85aab0
    4: 0x284067 - spin_test_virt.wasm!std::sys_common::backtrace::__rust_end_short_backtrace::h575fb82445d56667
    5: 0x2847fe - spin_test_virt.wasm!rust_begin_unwind
    6: 0x29768f - spin_test_virt.wasm!core::panicking::panic_fmt::ha6764f2272b7fb95
    7: 0x298da7 - spin_test_virt.wasm!core::panicking::panic::h864593189f35325f
    8: 0x41b0f - spin_test_virt.wasm!<spin_test_virt::wasi::http::Fields as spin_test_virt::bindings::exports::wasi::http::types::GuestFields>::set::habf51fbb9be39bbf
    9: 0x9e139 - spin_test_virt.wasm!spin_test_virt::bindings::exports::wasi::http::types::_export_method_fields_set_cabi::h5abb92c0326716a9
   10: 0x86ca3 - spin_test_virt.wasm!wasi:http/types@0.2.0#[method]fields.set
   11:  0xf56 - <unknown>!<wasm function 66>
   12: 0x18db703 - wit-component:shim!indirect-wasi:http/types@0.2.0-[method]fields.set
   13: 0xc8fd85 - spin_utopia.wasm!spin_sdk::wit::wasi::http0_2_0::types::Fields::set::he886307fa344c000
   14: 0xbd0bfc - spin_utopia.wasm!spin_utopia::handlers::opinion_url::add_district_header::he19a54280b743209
   15: 0xbd1096 - spin_utopia.wasm!spin_utopia::handlers::judge_url::get_all_judges::h71c1b48997ddaeb9
   16: 0x48ad39 - spin_utopia.wasm!<F as spin_sdk::http::router::Handler>::handle::{{closure}}::hafe561f05a2bc265
   17: 0xc985d3 - spin_utopia.wasm!<alloc::boxed::Box<dyn spin_sdk::http::router::Handler> as spin_sdk::http::router::Handler>::handle::{{closure}}::h1b6255c66b0e82da
   18: 0x4eee85 - spin_utopia.wasm!spin_executor::run::h5e53f2e63611faf5
   19: 0x4ee766 - spin_utopia.wasm!spin_utopia::handle_spin_todo_api::{{closure}}::haaee0c45a36a0cd2
   20: 0x4eaef0 - spin_utopia.wasm!spin_executor::run::h5543f9eff02f4bcf
   21: 0xbabe6f - spin_utopia.wasm!wasi:http/incoming-handler@0.2.0#handle
   22: 0x5795 - <unknown>!<wasm function 104>
   23: 0x19310dc - router.wasm!<router::Component as router::bindings::exports::wasi::http::incoming_handler::Guest>::handle::ha50de62a29cb8b3e
   24: 0x19319e0 - router.wasm!wasi:http/incoming-handler@0.2.0#handle
   25: 0x20c0 - <unknown>!<wasm function 55>
   26: 0x1a8048d - config_tests.wasm!spin_test_sdk::perform_request::h8724e91b3678e35f
   27: 0x1a52b45 - config_tests.wasm!config_tests::judge_tests_proper::test_url_based_routing::h4dcb10f706f8d3f6
   28: 0x1a71033 - config_tests.wasm!spin-test-test-url-based-routing
Caused by: wasm trap: wasm `unreachable` instruction executed

---- test-get-pending-extensions ----
test 'spin-test-test-get-pending-extensions' failed 
Caused by: error while executing at wasm backtrace:
    0: 0x1a874ab - config_tests.wasm!abort
    1: 0x1a8328a - config_tests.wasm!std::sys::pal::wasi::helpers::abort_internal::hcc3b2e0cde3c9001
    2: 0x1a81eb9 - config_tests.wasm!std::process::abort::h0e38511b4c8b6f04
    3: 0x1a81eaf - config_tests.wasm!__rustc[5224e6b81cd82a8f]::__rust_abort
    4: 0x1a8468d - config_tests.wasm!__rustc[5224e6b81cd82a8f]::__rust_start_panic
    5: 0x1a844fe - config_tests.wasm!__rustc[5224e6b81cd82a8f]::rust_panic
    6: 0x1a84483 - config_tests.wasm!std::panicking::rust_panic_with_hook::h085fb375cd657b2f
    7: 0x1a835ab - config_tests.wasm!std::panicking::begin_panic_handler::{{closure}}::he68af7f9d5c53e56
    8: 0x1a834e5 - config_tests.wasm!std::sys::backtrace::__rust_end_short_backtrace::h4c38003a22ca226f
    9: 0x1a83e6a - config_tests.wasm!__rustc[5224e6b81cd82a8f]::rust_begin_unwind
   10: 0x1a8d7d4 - config_tests.wasm!core::panicking::panic_fmt::h4e32e8d1cab5f47e
   11: 0x1a37e19 - config_tests.wasm!config_tests::deadline_tests_v2::test_get_pending_extensions::hc70ce1b9b33c1a78
   12: 0x1a70f16 - config_tests.wasm!spin-test-test-get-pending-extensions
Caused by: wasm trap: wasm `unreachable` instruction executed

---- test-get-pending-sentencings ----
test 'spin-test-test-get-pending-sentencings' failed 
Caused by: error while executing at wasm backtrace:
    0: 0x1a874ab - config_tests.wasm!abort
    1: 0x1a8328a - config_tests.wasm!std::sys::pal::wasi::helpers::abort_internal::hcc3b2e0cde3c9001
    2: 0x1a81eb9 - config_tests.wasm!std::process::abort::h0e38511b4c8b6f04
    3: 0x1a81eaf - config_tests.wasm!__rustc[5224e6b81cd82a8f]::__rust_abort
    4: 0x1a8468d - config_tests.wasm!__rustc[5224e6b81cd82a8f]::__rust_start_panic
    5: 0x1a844fe - config_tests.wasm!__rustc[5224e6b81cd82a8f]::rust_panic
    6: 0x1a84483 - config_tests.wasm!std::panicking::rust_panic_with_hook::h085fb375cd657b2f
    7: 0x1a83579 - config_tests.wasm!std::panicking::begin_panic_handler::{{closure}}::he68af7f9d5c53e56
    8: 0x1a834e5 - config_tests.wasm!std::sys::backtrace::__rust_end_short_backtrace::h4c38003a22ca226f
    9: 0x1a83e6a - config_tests.wasm!__rustc[5224e6b81cd82a8f]::rust_begin_unwind
   10: 0x1a8d7d4 - config_tests.wasm!core::panicking::panic_fmt::h4e32e8d1cab5f47e
   11: 0x1a8f22a - config_tests.wasm!core::panicking::assert_failed_inner::hf7ede4d3870aaaec
   12: 0x1a7236a - config_tests.wasm!core::panicking::assert_failed::h168e3f8c09ecb509
   13: 0x1a007c9 - config_tests.wasm!config_tests::sentencing_tests_v2::test_get_pending_sentencings::hb4a04170fd205608
   14: 0x1a73cb3 - config_tests.wasm!spin-test-test-get-pending-sentencings
Caused by: wasm trap: wasm `unreachable` instruction executed

---- test-config-requires-district-header ----
test 'spin-test-test-config-requires-district-header' failed 
Caused by: error while executing at wasm backtrace:
    0: 0x1a874ab - config_tests.wasm!abort
    1: 0x1a8328a - config_tests.wasm!std::sys::pal::wasi::helpers::abort_internal::hcc3b2e0cde3c9001
    2: 0x1a81eb9 - config_tests.wasm!std::process::abort::h0e38511b4c8b6f04
    3: 0x1a81eaf - config_tests.wasm!__rustc[5224e6b81cd82a8f]::__rust_abort
    4: 0x1a8468d - config_tests.wasm!__rustc[5224e6b81cd82a8f]::__rust_start_panic
    5: 0x1a844fe - config_tests.wasm!__rustc[5224e6b81cd82a8f]::rust_panic
    6: 0x1a84483 - config_tests.wasm!std::panicking::rust_panic_with_hook::h085fb375cd657b2f
    7: 0x1a835ab - config_tests.wasm!std::panicking::begin_panic_handler::{{closure}}::he68af7f9d5c53e56
    8: 0x1a834e5 - config_tests.wasm!std::sys::backtrace::__rust_end_short_backtrace::h4c38003a22ca226f
    9: 0x1a83e6a - config_tests.wasm!__rustc[5224e6b81cd82a8f]::rust_begin_unwind
   10: 0x1a8d7d4 - config_tests.wasm!core::panicking::panic_fmt::h4e32e8d1cab5f47e
   11: 0x1a655c6 - config_tests.wasm!config_tests::header_routing_tests::test_config_requires_district_header::h114382b129a3324b
   12: 0x1a7263a - config_tests.wasm!spin-test-test-config-requires-district-header
Caused by: wasm trap: wasm `unreachable` instruction executed

---- test-header-vs-url-routing-consistency ----
test 'spin-test-test-header-vs-url-routing-consistency' failed 
Caused by: error while executing at wasm backtrace:
    0: 0x2850d4 - spin_test_virt.wasm!__rust_start_panic
    1: 0x284eb0 - spin_test_virt.wasm!rust_panic
    2: 0x284c66 - spin_test_virt.wasm!std::panicking::rust_panic_with_hook::h50e657195af0239c
    3: 0x284137 - spin_test_virt.wasm!std::panicking::begin_panic_handler::{{closure}}::h0187e6969a85aab0
    4: 0x284067 - spin_test_virt.wasm!std::sys_common::backtrace::__rust_end_short_backtrace::h575fb82445d56667
    5: 0x2847fe - spin_test_virt.wasm!rust_begin_unwind
    6: 0x29768f - spin_test_virt.wasm!core::panicking::panic_fmt::ha6764f2272b7fb95
    7: 0x298da7 - spin_test_virt.wasm!core::panicking::panic::h864593189f35325f
    8: 0x41b0f - spin_test_virt.wasm!<spin_test_virt::wasi::http::Fields as spin_test_virt::bindings::exports::wasi::http::types::GuestFields>::set::habf51fbb9be39bbf
    9: 0x9e139 - spin_test_virt.wasm!spin_test_virt::bindings::exports::wasi::http::types::_export_method_fields_set_cabi::h5abb92c0326716a9
   10: 0x86ca3 - spin_test_virt.wasm!wasi:http/types@0.2.0#[method]fields.set
   11:  0xf56 - <unknown>!<wasm function 66>
   12: 0x18db703 - wit-component:shim!indirect-wasi:http/types@0.2.0-[method]fields.set
   13: 0xc8fd85 - spin_utopia.wasm!spin_sdk::wit::wasi::http0_2_0::types::Fields::set::he886307fa344c000
   14: 0x4fb49c - spin_utopia.wasm!spin_utopia::handlers::docket_url::add_district_header::h561f10789ff5b1e4
   15: 0x4fad50 - spin_utopia.wasm!spin_utopia::handlers::criminal_case_url::create_case::h0037ee3a6293b88b
   16: 0x46dee5 - spin_utopia.wasm!<F as spin_sdk::http::router::Handler>::handle::{{closure}}::h64d718538d36f0f7
   17: 0xc985d3 - spin_utopia.wasm!<alloc::boxed::Box<dyn spin_sdk::http::router::Handler> as spin_sdk::http::router::Handler>::handle::{{closure}}::h1b6255c66b0e82da
   18: 0x4eee85 - spin_utopia.wasm!spin_executor::run::h5e53f2e63611faf5
   19: 0x4ee766 - spin_utopia.wasm!spin_utopia::handle_spin_todo_api::{{closure}}::haaee0c45a36a0cd2
   20: 0x4eaef0 - spin_utopia.wasm!spin_executor::run::h5543f9eff02f4bcf
   21: 0xbabe6f - spin_utopia.wasm!wasi:http/incoming-handler@0.2.0#handle
   22: 0x5795 - <unknown>!<wasm function 104>
   23: 0x19310dc - router.wasm!<router::Component as router::bindings::exports::wasi::http::incoming_handler::Guest>::handle::ha50de62a29cb8b3e
   24: 0x19319e0 - router.wasm!wasi:http/incoming-handler@0.2.0#handle
   25: 0x20c0 - <unknown>!<wasm function 55>
   26: 0x1a8048d - config_tests.wasm!spin_test_sdk::perform_request::h8724e91b3678e35f
   27: 0x1a48e11 - config_tests.wasm!config_tests::criminal_case_tests_v2::test_header_vs_url_routing_consistency::hdf167e4971ba05f3
   28: 0x1a72649 - config_tests.wasm!spin-test-test-header-vs-url-routing-consistency
Caused by: wasm trap: wasm `unreachable` instruction executed

---- test-create-deadline-success ----
test 'spin-test-test-create-deadline-success' failed 
Caused by: error while executing at wasm backtrace:
    0: 0x1a874ab - config_tests.wasm!abort
    1: 0x1a8328a - config_tests.wasm!std::sys::pal::wasi::helpers::abort_internal::hcc3b2e0cde3c9001
    2: 0x1a81eb9 - config_tests.wasm!std::process::abort::h0e38511b4c8b6f04
    3: 0x1a81eaf - config_tests.wasm!__rustc[5224e6b81cd82a8f]::__rust_abort
    4: 0x1a8468d - config_tests.wasm!__rustc[5224e6b81cd82a8f]::__rust_start_panic
    5: 0x1a844fe - config_tests.wasm!__rustc[5224e6b81cd82a8f]::rust_panic
    6: 0x1a84483 - config_tests.wasm!std::panicking::rust_panic_with_hook::h085fb375cd657b2f
    7: 0x1a83579 - config_tests.wasm!std::panicking::begin_panic_handler::{{closure}}::he68af7f9d5c53e56
    8: 0x1a834e5 - config_tests.wasm!std::sys::backtrace::__rust_end_short_backtrace::h4c38003a22ca226f
    9: 0x1a83e6a - config_tests.wasm!__rustc[5224e6b81cd82a8f]::rust_begin_unwind
   10: 0x1a8d7d4 - config_tests.wasm!core::panicking::panic_fmt::h4e32e8d1cab5f47e
   11: 0x1a31f89 - config_tests.wasm!config_tests::deadline_tests_v2::test_create_deadline_success::hb7c97732a1920f0a
   12: 0x1a73cef - config_tests.wasm!spin-test-test-create-deadline-success
Caused by: wasm trap: wasm `unreachable` instruction executed

---- test-calculate-guidelines-invalid-history ----
test 'spin-test-test-calculate-guidelines-invalid-history' failed 
Caused by: error while executing at wasm backtrace:
    0: 0x1a874ab - config_tests.wasm!abort
    1: 0x1a8328a - config_tests.wasm!std::sys::pal::wasi::helpers::abort_internal::hcc3b2e0cde3c9001
    2: 0x1a81eb9 - config_tests.wasm!std::process::abort::h0e38511b4c8b6f04
    3: 0x1a81eaf - config_tests.wasm!__rustc[5224e6b81cd82a8f]::__rust_abort
    4: 0x1a8468d - config_tests.wasm!__rustc[5224e6b81cd82a8f]::__rust_start_panic
    5: 0x1a844fe - config_tests.wasm!__rustc[5224e6b81cd82a8f]::rust_panic
    6: 0x1a84483 - config_tests.wasm!std::panicking::rust_panic_with_hook::h085fb375cd657b2f
    7: 0x1a83579 - config_tests.wasm!std::panicking::begin_panic_handler::{{closure}}::he68af7f9d5c53e56
    8: 0x1a834e5 - config_tests.wasm!std::sys::backtrace::__rust_end_short_backtrace::h4c38003a22ca226f
    9: 0x1a83e6a - config_tests.wasm!__rustc[5224e6b81cd82a8f]::rust_begin_unwind
   10: 0x1a8d7d4 - config_tests.wasm!core::panicking::panic_fmt::h4e32e8d1cab5f47e
   11: 0x1a8f22a - config_tests.wasm!core::panicking::assert_failed_inner::hf7ede4d3870aaaec
   12: 0x1a7236a - config_tests.wasm!core::panicking::assert_failed::h168e3f8c09ecb509
   13: 0x1a0ba26 - config_tests.wasm!config_tests::sentencing_tests_v2::test_calculate_guidelines_invalid_history::h823b91a66b925f0f
   14: 0x1a70b40 - config_tests.wasm!spin-test-test-calculate-guidelines-invalid-history
Caused by: wasm trap: wasm `unreachable` instruction executed

---- test-get-attorney-metrics ----
test 'spin-test-test-get-attorney-metrics' failed 
Caused by: error while executing at wasm backtrace:
    0: 0x1a874ab - config_tests.wasm!abort
    1: 0x1a8328a - config_tests.wasm!std::sys::pal::wasi::helpers::abort_internal::hcc3b2e0cde3c9001
    2: 0x1a81eb9 - config_tests.wasm!std::process::abort::h0e38511b4c8b6f04
    3: 0x1a81eaf - config_tests.wasm!__rustc[5224e6b81cd82a8f]::__rust_abort
    4: 0x1a8468d - config_tests.wasm!__rustc[5224e6b81cd82a8f]::__rust_start_panic
    5: 0x1a844fe - config_tests.wasm!__rustc[5224e6b81cd82a8f]::rust_panic
    6: 0x1a84483 - config_tests.wasm!std::panicking::rust_panic_with_hook::h085fb375cd657b2f
    7: 0x1a83579 - config_tests.wasm!std::panicking::begin_panic_handler::{{closure}}::he68af7f9d5c53e56
    8: 0x1a834e5 - config_tests.wasm!std::sys::backtrace::__rust_end_short_backtrace::h4c38003a22ca226f
    9: 0x1a83e6a - config_tests.wasm!__rustc[5224e6b81cd82a8f]::rust_begin_unwind
   10: 0x1a8d7d4 - config_tests.wasm!core::panicking::panic_fmt::h4e32e8d1cab5f47e
   11: 0x1a8f22a - config_tests.wasm!core::panicking::assert_failed_inner::hf7ede4d3870aaaec
   12: 0x1a7236a - config_tests.wasm!core::panicking::assert_failed::h168e3f8c09ecb509
   13: 0x1a5fec2 - config_tests.wasm!config_tests::attorney_tests_v2::test_get_attorney_metrics::hbae08789f7a99932
   14: 0x1a71006 - config_tests.wasm!spin-test-test-get-attorney-metrics
Caused by: wasm trap: wasm `unreachable` instruction executed

---- test-get-cja-panel ----
test 'spin-test-test-get-cja-panel' failed 
Caused by: error while executing at wasm backtrace:
    0: 0x1a874ab - config_tests.wasm!abort
    1: 0x1a8328a - config_tests.wasm!std::sys::pal::wasi::helpers::abort_internal::hcc3b2e0cde3c9001
    2: 0x1a81eb9 - config_tests.wasm!std::process::abort::h0e38511b4c8b6f04
    3: 0x1a81eaf - config_tests.wasm!__rustc[5224e6b81cd82a8f]::__rust_abort
    4: 0x1a8468d - config_tests.wasm!__rustc[5224e6b81cd82a8f]::__rust_start_panic
    5: 0x1a844fe - config_tests.wasm!__rustc[5224e6b81cd82a8f]::rust_panic
    6: 0x1a84483 - config_tests.wasm!std::panicking::rust_panic_with_hook::h085fb375cd657b2f
    7: 0x1a83579 - config_tests.wasm!std::panicking::begin_panic_handler::{{closure}}::he68af7f9d5c53e56
    8: 0x1a834e5 - config_tests.wasm!std::sys::backtrace::__rust_end_short_backtrace::h4c38003a22ca226f
    9: 0x1a83e6a - config_tests.wasm!__rustc[5224e6b81cd82a8f]::rust_begin_unwind
   10: 0x1a8d7d4 - config_tests.wasm!core::panicking::panic_fmt::h4e32e8d1cab5f47e
   11: 0x1a8f22a - config_tests.wasm!core::panicking::assert_failed_inner::hf7ede4d3870aaaec
   12: 0x1a7236a - config_tests.wasm!core::panicking::assert_failed::h168e3f8c09ecb509
   13: 0x1a5e7a6 - config_tests.wasm!config_tests::attorney_tests_v2::test_get_cja_panel::he5da1f1867932ab7
   14: 0x1a72586 - config_tests.wasm!spin-test-test-get-cja-panel
Caused by: wasm trap: wasm `unreachable` instruction executed

---- test-create-order-missing-case-id ----
test 'spin-test-test-create-order-missing-case-id' failed 
Caused by: error while executing at wasm backtrace:
    0: 0x1a874ab - config_tests.wasm!abort
    1: 0x1a8328a - config_tests.wasm!std::sys::pal::wasi::helpers::abort_internal::hcc3b2e0cde3c9001
    2: 0x1a81eb9 - config_tests.wasm!std::process::abort::h0e38511b4c8b6f04
    3: 0x1a81eaf - config_tests.wasm!__rustc[5224e6b81cd82a8f]::__rust_abort
    4: 0x1a8468d - config_tests.wasm!__rustc[5224e6b81cd82a8f]::__rust_start_panic
    5: 0x1a844fe - config_tests.wasm!__rustc[5224e6b81cd82a8f]::rust_panic
    6: 0x1a84483 - config_tests.wasm!std::panicking::rust_panic_with_hook::h085fb375cd657b2f
    7: 0x1a835ab - config_tests.wasm!std::panicking::begin_panic_handler::{{closure}}::he68af7f9d5c53e56
    8: 0x1a834e5 - config_tests.wasm!std::sys::backtrace::__rust_end_short_backtrace::h4c38003a22ca226f
    9: 0x1a83e6a - config_tests.wasm!__rustc[5224e6b81cd82a8f]::rust_begin_unwind
   10: 0x1a8d7d4 - config_tests.wasm!core::panicking::panic_fmt::h4e32e8d1cab5f47e
   11: 0x1a1107a - config_tests.wasm!config_tests::order_tests_v2::test_create_order_missing_case_id::h7139b40841045278
   12: 0x1a70fac - config_tests.wasm!spin-test-test-create-order-missing-case-id
Caused by: wasm trap: wasm `unreachable` instruction executed

---- test-count-by-status ----
test 'spin-test-test-count-by-status' failed 
Caused by: error while executing at wasm backtrace:
    0: 0x1a874ab - config_tests.wasm!abort
    1: 0x1a8328a - config_tests.wasm!std::sys::pal::wasi::helpers::abort_internal::hcc3b2e0cde3c9001
    2: 0x1a81eb9 - config_tests.wasm!std::process::abort::h0e38511b4c8b6f04
    3: 0x1a81eaf - config_tests.wasm!__rustc[5224e6b81cd82a8f]::__rust_abort
    4: 0x1a8468d - config_tests.wasm!__rustc[5224e6b81cd82a8f]::__rust_start_panic
    5: 0x1a844fe - config_tests.wasm!__rustc[5224e6b81cd82a8f]::rust_panic
    6: 0x1a84483 - config_tests.wasm!std::panicking::rust_panic_with_hook::h085fb375cd657b2f
    7: 0x1a83579 - config_tests.wasm!std::panicking::begin_panic_handler::{{closure}}::he68af7f9d5c53e56
    8: 0x1a834e5 - config_tests.wasm!std::sys::backtrace::__rust_end_short_backtrace::h4c38003a22ca226f
    9: 0x1a83e6a - config_tests.wasm!__rustc[5224e6b81cd82a8f]::rust_begin_unwind
   10: 0x1a8d7d4 - config_tests.wasm!core::panicking::panic_fmt::h4e32e8d1cab5f47e
   11: 0x1a8f22a - config_tests.wasm!core::panicking::assert_failed_inner::hf7ede4d3870aaaec
   12: 0x1a7236a - config_tests.wasm!core::panicking::assert_failed::h168e3f8c09ecb509
   13: 0x1a4b58e - config_tests.wasm!config_tests::criminal_case_tests_v2::test_count_by_status::h78317cfcfb15d131
   14: 0x1a6fbe6 - config_tests.wasm!spin-test-test-count-by-status
Caused by: wasm trap: wasm `unreachable` instruction executed

---- test-get-events-by-courtroom ----
test 'spin-test-test-get-events-by-courtroom' failed 
Caused by: error while executing at wasm backtrace:
    0: 0x1a874ab - config_tests.wasm!abort
    1: 0x1a8328a - config_tests.wasm!std::sys::pal::wasi::helpers::abort_internal::hcc3b2e0cde3c9001
    2: 0x1a81eb9 - config_tests.wasm!std::process::abort::h0e38511b4c8b6f04
    3: 0x1a81eaf - config_tests.wasm!__rustc[5224e6b81cd82a8f]::__rust_abort
    4: 0x1a8468d - config_tests.wasm!__rustc[5224e6b81cd82a8f]::__rust_start_panic
    5: 0x1a844fe - config_tests.wasm!__rustc[5224e6b81cd82a8f]::rust_panic
    6: 0x1a84483 - config_tests.wasm!std::panicking::rust_panic_with_hook::h085fb375cd657b2f
    7: 0x1a835ab - config_tests.wasm!std::panicking::begin_panic_handler::{{closure}}::he68af7f9d5c53e56
    8: 0x1a834e5 - config_tests.wasm!std::sys::backtrace::__rust_end_short_backtrace::h4c38003a22ca226f
    9: 0x1a83e6a - config_tests.wasm!__rustc[5224e6b81cd82a8f]::rust_begin_unwind
   10: 0x1a8d7d4 - config_tests.wasm!core::panicking::panic_fmt::h4e32e8d1cab5f47e
   11: 0x19f0948 - config_tests.wasm!config_tests::docket_tests_v2::test_get_events_by_courtroom::heeb592fe5a31ac0b
   12: 0x1a73d2b - config_tests.wasm!spin-test-test-get-events-by-courtroom
Caused by: wasm trap: wasm `unreachable` instruction executed

---- test-get-case-by-id-not-found ----
test 'spin-test-test-get-case-by-id-not-found' failed 
Caused by: error while executing at wasm backtrace:
    0: 0x1a874ab - config_tests.wasm!abort
    1: 0x1a8328a - config_tests.wasm!std::sys::pal::wasi::helpers::abort_internal::hcc3b2e0cde3c9001
    2: 0x1a81eb9 - config_tests.wasm!std::process::abort::h0e38511b4c8b6f04
    3: 0x1a81eaf - config_tests.wasm!__rustc[5224e6b81cd82a8f]::__rust_abort
    4: 0x1a8468d - config_tests.wasm!__rustc[5224e6b81cd82a8f]::__rust_start_panic
    5: 0x1a844fe - config_tests.wasm!__rustc[5224e6b81cd82a8f]::rust_panic
    6: 0x1a84483 - config_tests.wasm!std::panicking::rust_panic_with_hook::h085fb375cd657b2f
    7: 0x1a83579 - config_tests.wasm!std::panicking::begin_panic_handler::{{closure}}::he68af7f9d5c53e56
    8: 0x1a834e5 - config_tests.wasm!std::sys::backtrace::__rust_end_short_backtrace::h4c38003a22ca226f
    9: 0x1a83e6a - config_tests.wasm!__rustc[5224e6b81cd82a8f]::rust_begin_unwind
   10: 0x1a8d7d4 - config_tests.wasm!core::panicking::panic_fmt::h4e32e8d1cab5f47e
   11: 0x1a8f299 - config_tests.wasm!core::panicking::assert_failed_inner::hf7ede4d3870aaaec
   12: 0x1a723f8 - config_tests.wasm!core::panicking::assert_failed::h4cba53361f898320
   13: 0x1a42b10 - config_tests.wasm!config_tests::criminal_case_tests_v2::test_get_case_by_id_not_found::h98bde743d3cc63a5
   14: 0x1a7109c - config_tests.wasm!spin-test-test-get-case-by-id-not-found
Caused by: wasm trap: wasm `unreachable` instruction executed


failures:
    test-get-filing-statistics
    test-list-all-attorneys
    test-schedule-calendar-event
    test-delete-docket-entry
    test-empty-district-header
    test-delete-case
    test-opinion-multi-tenant-isolation
    test-initialize-speedy-trial
    test-create-opinion-success
    test-list-opinions
    test-create-sentencing-invalid-offense-level
    test-add-to-cja-panel
    test-get-draft-versions
    test-check-deadline-approaching
    test-request-extension-invalid-days
    test-get-orders-by-case
    test-get-judge-calendar
    test-get-guidelines-by-id
    test-find-available-slot
    test-get-deadline-by-id
    test-deadline-multi-tenant-isolation
    test-order-multi-tenant-isolation
    test-missing-header-returns-error
    test-create-attorney-success
    test-update-order
    test-update-attorney
    test-get-judge-by-id-cache-hit
    test-get-sentencing-by-case
    test-create-deadline-invalid-date
    test-create-deadline-missing-due-date
    test-delete-deadline
    test-create-order-success
    test-delete-calendar-event
    test-calculate-guidelines
    test-get-case-docket
    test-get-judge-by-id-cache-miss
    test-attorney-multi-tenant-isolation
    test-get-sentencing-statistics
    test-create-docket-entry-success
    test-judges-requires-district-header
    test-search-docket-entries
    test-update-attorney-nonexistent
    test-get-opinion-by-id
    test-record-departure
    test-create-order-invalid-type
    test-get-extension-by-id
    test-record-appeal
    test-update-speedy-trial-clock
    test-create-opinion-invalid-type
    test-create-from-template
    test-get-speedy-trial-violations
    test-docket-multi-tenant-isolation
    test-get-expiring-orders
    test-get-all-judges-with-prepopulated-data
    test-get-judge-sentencing-stats
    test-search-opinions
    test-publish-opinion
    test-get-opinions-by-judge
    test-issue-order
    test-complete-deadline
    test-create-order-missing-judge
    test-schedule-event-missing-judge
    test-update-judge-status
    test-get-departures
    test-create-case-success
    test-header-routing-matches-url-routing
    test-get-sentencing-by-id
    test-list-orders
    test-get-order-by-id
    test-judge-conflict-management
    test-sign-order
    test-request-extension
    test-create-case-duplicate
    test-multi-tenant-isolation
    test-get-attorney-by-bar-number
    test-get-deadlines-by-case
    test-add-defendant
    test-get-sealed-entries
    test-check-order-expired
    test-get-cases-by-judge
    test-get-deadlines-by-type
    test-update-nonexistent-opinion
    test-add-service-record
    test-create-deadline-missing-case-id
    test-get-published-opinions
    test-create-attorney-invalid-email
    test-create-draft-version
    test-district-isolation-with-headers
    test-update-opinion
    test-schedule-event-time-conflict
    test-get-case-by-id-found
    test-get-opinions-by-case
    test-get-urgent-deadlines
    test-get-pending-signatures
    test-get-order-templates
    test-get-opinion-not-found
    test-get-speedy-trial-status
    test-update-deadline-status
    test-update-case-status
    test-update-sentencing
    test-url-based-routing
    test-get-pending-extensions
    test-get-pending-sentencings
    test-config-requires-district-header
    test-header-vs-url-routing-consistency
    test-create-deadline-success
    test-calculate-guidelines-invalid-history
    test-get-attorney-metrics
    test-get-cja-panel
    test-create-order-missing-case-id
    test-count-by-status
    test-get-events-by-courtroom
    test-get-case-by-id-not-found

test result: [0m[31mFAILED[0m. 39 passed; 113 failed; 0 ignored; 0 measured; 0 filtered out; finished in 223.53s

