    Finished `release` profile [optimized] target(s) in 0.10s

running 152 tests

thread '<unnamed>' panicked at src/deadline_tests_v2.rs:482:5:
assertion `left == right` failed: Delete should return 204 No Content
  left: 400
 right: 204
note: run with `RUST_BACKTRACE=1` environment variable to display a backtrace

thread '<unnamed>' panicked at src/order_tests_v2.rs:263:5:
Should return pending signatures
note: run with `RUST_BACKTRACE=1` environment variable to display a backtrace

thread '<unnamed>' panicked at src/docket_tests_v2.rs:246:5:
Schedule should return 201 (created) or 409 (conflict), got 400: {"error":"Invalid data format","status":400,"details":"UUID parsing failed: invalid character: expected an optional prefix of `urn:uuid:` followed by [0-9a-fA-F-], found `s` at 3 at line 1 column 21"}
note: run with `RUST_BACKTRACE=1` environment variable to display a backtrace

thread '<unnamed>' panicked at src/deadline_tests_v2.rs:297:5:
assertion `left == right` failed: Update should return 200
  left: 400
 right: 200
note: run with `RUST_BACKTRACE=1` environment variable to display a backtrace

thread '<unnamed>' panicked at src/order_tests_v2.rs:392:5:
assertion `left == right` failed: Create from template should return 201
  left: 404
 right: 201
note: run with `RUST_BACKTRACE=1` environment variable to display a backtrace

thread '<unnamed>' panicked at src/attorney_tests_v2.rs:327:5:
assertion `left == right` failed: Should return 200 for metrics
  left: 500
 right: 200
note: run with `RUST_BACKTRACE=1` environment variable to display a backtrace

thread '<unnamed>' panicked at src/criminal_case_tests_v2.rs:129:5:
Create should return 201 (created) or 409 (exists), got 400: {"error":"Invalid data format","status":400,"details":"unknown variant `WhiteCollar`, expected one of `fraud`, `drug_offense`, `racketeering`, `cybercrime`, `tax_offense`, `money_laundering`, `immigration`, `firearms`, `other` at line 1 column 54"}
note: run with `RUST_BACKTRACE=1` environment variable to display a backtrace

thread '<unnamed>' panicked at src/deadline_tests_v2.rs:322:5:
assertion `left == right` failed: Complete should return 200
  left: 400
 right: 200
note: run with `RUST_BACKTRACE=1` environment variable to display a backtrace

thread '<unnamed>' panicked at src/deadline_tests_v2.rs:113:5:
Create should return 201 (created) or 409 (exists), got 400: {"error":"Invalid data format","status":400,"details":"UUID parsing failed: invalid character: expected an optional prefix of `urn:uuid:` followed by [0-9a-fA-F-], found `s` at 3 at line 1 column 48"}
note: run with `RUST_BACKTRACE=1` environment variable to display a backtrace

thread '<unnamed>' panicked at src/judge_tests_proper.rs:180:5:
assertion `left == right` failed: Should return 404 for non-existent judge
  left: 400
 right: 404
note: run with `RUST_BACKTRACE=1` environment variable to display a backtrace
test test-delete-deadline                         ... [0m[31mFAILED[0m
test test-get-pending-signatures                  ... [0m[31mFAILED[0m
test test-create-from-template                    ... [0m[31mFAILED[0m
test test-get-judge-by-id-cache-miss              ... [0m[31mFAILED[0m
test test-create-case-success                     ... [0m[31mFAILED[0m
test test-url-based-config-endpoint               ... [0m[32mok[0m
test test-create-deadline-success                 ... [0m[31mFAILED[0m
test test-schedule-calendar-event                 ... [0m[31mFAILED[0m
test test-complete-deadline                       ... [0m[31mFAILED[0m
test test-get-attorney-metrics                    ... [0m[31mFAILED[0m
test test-schedule-event-time-conflict            ... [0m[32mok[0m
test test-update-deadline-status                  ... [0m[31mFAILED[0m
test test-judge-workload-stats                    ... [0m[32mok[0m
test test-missing-district-header-returns-error   ... [0m[32mok[0m

thread '<unnamed>' panicked at src/judge_tests_proper.rs:215:5:
assertion `left == right` failed: Update should return 200
  left: 400
 right: 200
note: run with `RUST_BACKTRACE=1` environment variable to display a backtrace

thread '<unnamed>' panicked at src/attorney_tests_v2.rs:269:5:
Add to CJA panel should return 200 or 201
note: run with `RUST_BACKTRACE=1` environment variable to display a backtrace

thread '<unnamed>' panicked at src/judge_tests_proper.rs:120:5:
Should return at least 2 judges
note: run with `RUST_BACKTRACE=1` environment variable to display a backtrace

thread '<unnamed>' panicked at src/docket_tests_v2.rs:531:5:
assertion `left == right` failed: Delete should return 204 No Content
  left: 400
 right: 204
note: run with `RUST_BACKTRACE=1` environment variable to display a backtrace
test test-update-judge-status                     ... [0m[31mFAILED[0m

thread '<unnamed>' panicked at src/deadline_tests_v2.rs:350:5:
Extension request should return 201 or 200, got 400: {"error":"Bad Request","status":400,"details":"Invalid deadline ID"}
note: run with `RUST_BACKTRACE=1` environment variable to display a backtrace
test test-add-to-cja-panel                        ... [0m[31mFAILED[0m

thread '<unnamed>' panicked at src/docket_tests_v2.rs:330:5:
Should return courtroom events
note: run with `RUST_BACKTRACE=1` environment variable to display a backtrace
test test-get-all-judges-with-prepopulated-data   ... [0m[31mFAILED[0m

thread '<unnamed>' panicked at src/order_tests_v2.rs:529:5:
assertion `left == right` failed: Should return 200
  left: 404
 right: 200
note: run with `RUST_BACKTRACE=1` environment variable to display a backtrace

thread '<unnamed>' panicked at src/deadline_tests_v2.rs:586:5:
Error should mention invalid extension
note: run with `RUST_BACKTRACE=1` environment variable to display a backtrace

thread '<unnamed>' panicked at src/deadline_tests_v2.rs:220:5:
Should return urgent deadlines
note: run with `RUST_BACKTRACE=1` environment variable to display a backtrace

thread '<unnamed>' panicked at src/attorney_tests_v2.rs:105:5:
Create should return 201 (created) or 409 (exists), got 400: {"BadRequest":"Invalid JSON: missing field `address` at line 1 column 223"}
note: run with `RUST_BACKTRACE=1` environment variable to display a backtrace

thread '<unnamed>' panicked at src/deadline_tests_v2.rs:142:5:
Error should mention missing case_id field
note: run with `RUST_BACKTRACE=1` environment variable to display a backtrace
test test-delete-calendar-event                   ... [0m[31mFAILED[0m
test test-request-extension                       ... [0m[31mFAILED[0m
test test-get-events-by-courtroom                 ... [0m[31mFAILED[0m
test test-create-attorney-missing-bar-number      ... [0m[32mok[0m
test test-check-order-expired                     ... [0m[31mFAILED[0m
test test-request-extension-invalid-days          ... [0m[31mFAILED[0m
test test-get-urgent-deadlines                    ... [0m[31mFAILED[0m
test test-create-attorney-success                 ... [0m[31mFAILED[0m
test test-get-compliance-report                   ... [0m[32mok[0m
test test-create-opinion-missing-author           ... [0m[32mok[0m
test test-create-deadline-missing-case-id         ... [0m[31mFAILED[0m

thread '<unnamed>' panicked at src/order_tests_v2.rs:109:5:
Create should return 201 (created) or 409 (exists), got 400: {"error":"Invalid data format","status":400,"details":"premature end of input at line 1 column 259"}
note: run with `RUST_BACKTRACE=1` environment variable to display a backtrace

thread '<unnamed>' panicked at src/deadline_tests_v2.rs:513:5:
assertion failed: status == 201 || status == 409
note: run with `RUST_BACKTRACE=1` environment variable to display a backtrace

thread '<unnamed>' panicked at src/deadline_tests_v2.rs:190:5:
assertion `left == right` failed: Should return 200 for existing deadline
  left: 400
 right: 200
note: run with `RUST_BACKTRACE=1` environment variable to display a backtrace
test test-get-case-statistics                     ... [0m[32mok[0m
test test-create-order-success                    ... [0m[31mFAILED[0m
test test-deadline-multi-tenant-isolation         ... [0m[31mFAILED[0m

thread '<unnamed>' panicked at src/docket_tests_v2.rs:119:5:
Create should return 201 (created) or 409 (exists), got 400: {"error":"Invalid data format","status":400,"details":"UUID parsing failed: invalid character: expected an optional prefix of `urn:uuid:` followed by [0-9a-fA-F-], found `s` at 3 at line 1 column 21"}
note: run with `RUST_BACKTRACE=1` environment variable to display a backtrace

thread '<unnamed>' panicked at src/sentencing_tests_v2.rs:207:5:
assertion `left == right` failed: Should return 200 for existing sentencing
  left: 500
 right: 200
note: run with `RUST_BACKTRACE=1` environment variable to display a backtrace

thread '<unnamed>' panicked at src/attorney_tests_v2.rs:218:5:
Should return at least 2 attorneys
note: run with `RUST_BACKTRACE=1` environment variable to display a backtrace

thread '<unnamed>' panicked at src/docket_tests_v2.rs:463:5:
Should return speedy trial violations
note: run with `RUST_BACKTRACE=1` environment variable to display a backtrace

thread '<unnamed>' panicked at src/criminal_case_tests_v2.rs:258:5:
assertion `left == right` failed: Should return 404 for non-existent case
  left: 400
 right: 404
note: run with `RUST_BACKTRACE=1` environment variable to display a backtrace

thread '<unnamed>' panicked at src/sentencing_tests_v2.rs:128:5:
Create should return 201 (created) or 409 (exists), got 400: Invalid JSON: missing field `defendant_id` at line 1 column 429
note: run with `RUST_BACKTRACE=1` environment variable to display a backtrace
thread '<unnamed>' panicked at crates/spin-test-virt/src/wasi/http.rs:370:9:
not yet implemented
note: run with `RUST_BACKTRACE=1` environment variable to display a backtrace

thread '<unnamed>' panicked at src/docket_tests_v2.rs:509:5:
assertion `left == right` failed: Delete should return 204 No Content
  left: 400
 right: 204
note: run with `RUST_BACKTRACE=1` environment variable to display a backtrace
test test-get-deadline-by-id                      ... [0m[31mFAILED[0m
test test-create-docket-entry-success             ... [0m[31mFAILED[0m
test test-delete-sentencing                       ... [0m[32mok[0m
test test-get-sentencing-by-id                    ... [0m[31mFAILED[0m
test test-list-all-attorneys                      ... [0m[31mFAILED[0m

thread '<unnamed>' panicked at src/sentencing_tests_v2.rs:230:5:
assertion `left == right` failed: Should return 200
  left: 500
 right: 200
note: run with `RUST_BACKTRACE=1` environment variable to display a backtrace
test test-get-speedy-trial-violations             ... [0m[31mFAILED[0m
thread '<unnamed>' panicked at crates/spin-test-virt/src/wasi/http.rs:370:9:
not yet implemented
note: run with `RUST_BACKTRACE=1` environment variable to display a backtrace
test test-get-case-by-id-not-found                ... [0m[31mFAILED[0m
test test-create-case-requires-district-header    ... [0m[32mok[0m
test test-create-sentencing-success               ... [0m[31mFAILED[0m
test test-delete-docket-entry                     ... [0m[31mFAILED[0m
test test-url-based-routing                       ... [0m[31mFAILED[0m

thread '<unnamed>' panicked at src/criminal_case_tests_v2.rs:336:5:
assertion `left == right` failed: Update should return 200
  left: 400
 right: 200
note: run with `RUST_BACKTRACE=1` environment variable to display a backtrace
test test-very-long-district-header               ... [0m[32mok[0m
test test-get-sentencing-by-case                  ... [0m[31mFAILED[0m
test test-header-routing-matches-url-routing      ... [0m[31mFAILED[0m

thread '<unnamed>' panicked at src/header_routing_tests.rs:150:5:
Should indicate missing district
note: run with `RUST_BACKTRACE=1` environment variable to display a backtrace

thread '<unnamed>' panicked at src/docket_tests_v2.rs:593:5:
assertion failed: status == 201 || status == 409
note: run with `RUST_BACKTRACE=1` environment variable to display a backtrace

thread '<unnamed>' panicked at src/judge_tests_proper.rs:243:5:
assertion failed: status == 201 || status == 409
note: run with `RUST_BACKTRACE=1` environment variable to display a backtrace

thread '<unnamed>' panicked at src/docket_tests_v2.rs:561:5:
assertion `left == right` failed: Should return 200 for statistics
  left: 400
 right: 200
note: run with `RUST_BACKTRACE=1` environment variable to display a backtrace

thread '<unnamed>' panicked at src/deadline_tests_v2.rs:167:5:
Error should mention missing due_date field
note: run with `RUST_BACKTRACE=1` environment variable to display a backtrace

thread '<unnamed>' panicked at src/opinion_tests_v2.rs:339:5:
assertion `left == right` failed: Publish should return 200
  left: 400
 right: 200
note: run with `RUST_BACKTRACE=1` environment variable to display a backtrace

thread '<unnamed>' panicked at src/sentencing_tests_v2.rs:336:5:
assertion `left == right` failed: Record departure should return 200
  left: 400
 right: 200
note: run with `RUST_BACKTRACE=1` environment variable to display a backtrace

thread '<unnamed>' panicked at src/order_tests_v2.rs:482:5:
assertion `left == right` failed: Add service record should return 200
  left: 400
 right: 200
note: run with `RUST_BACKTRACE=1` environment variable to display a backtrace
test test-update-case-status                      ... [0m[31mFAILED[0m
test test-config-requires-district-header         ... [0m[31mFAILED[0m
test test-create-opinion-missing-case-id          ... [0m[32mok[0m
test test-docket-multi-tenant-isolation           ... [0m[31mFAILED[0m

thread '<unnamed>' panicked at src/opinion_tests_v2.rs:398:5:
Should return draft versions
note: run with `RUST_BACKTRACE=1` environment variable to display a backtrace

thread '<unnamed>' panicked at src/attorney_tests_v2.rs:431:5:
assertion `left == right` failed: Update non-existent attorney should return 404
  left: 405
 right: 404
note: run with `RUST_BACKTRACE=1` environment variable to display a backtrace
test test-multi-tenancy-isolation                 ... [0m[31mFAILED[0m
test test-get-opinion-not-found                   ... [0m[32mok[0m
test test-get-filing-statistics                   ... [0m[31mFAILED[0m
test test-create-deadline-missing-due-date        ... [0m[31mFAILED[0m
test test-publish-opinion                         ... [0m[31mFAILED[0m
test test-record-departure                        ... [0m[31mFAILED[0m
test test-add-service-record                      ... [0m[31mFAILED[0m

thread '<unnamed>' panicked at src/criminal_case_tests_v2.rs:542:5:
assertion `left == right` failed: Count should return 200
  left: 400
 right: 200
note: run with `RUST_BACKTRACE=1` environment variable to display a backtrace
test test-get-draft-versions                      ... [0m[31mFAILED[0m
test test-update-attorney-nonexistent             ... [0m[31mFAILED[0m
test test-health-check-no-header-required         ... [0m[32mok[0m

thread '<unnamed>' panicked at src/docket_tests_v2.rs:433:5:
assertion `left == right` failed: Update clock should return 200
  left: 400
 right: 200
note: run with `RUST_BACKTRACE=1` environment variable to display a backtrace

thread '<unnamed>' panicked at src/adapters/spin_kv_case_repository.rs:24:14:
Failed to open store: tenant_not_specified: Error::AccessDenied
note: run with `RUST_BACKTRACE=1` environment variable to display a backtrace

thread '<unnamed>' panicked at src/docket_tests_v2.rs:200:5:
assertion `left == right` failed: Should return 200 for sealed entries
  left: 400
 right: 200
note: run with `RUST_BACKTRACE=1` environment variable to display a backtrace

thread '<unnamed>' panicked at src/opinion_tests_v2.rs:307:5:
assertion `left == right` failed: Update should return 200
  left: 405
 right: 200
note: run with `RUST_BACKTRACE=1` environment variable to display a backtrace

thread '<unnamed>' panicked at src/order_tests_v2.rs:165:5:
Error should mention missing judge_id field
note: run with `RUST_BACKTRACE=1` environment variable to display a backtrace

thread '<unnamed>' panicked at src/order_tests_v2.rs:240:5:
Should return orders for the case
note: run with `RUST_BACKTRACE=1` environment variable to display a backtrace

thread '<unnamed>' panicked at src/header_routing_tests.rs:375:5:
assertion failed: status == 201 || status == 409
note: run with `RUST_BACKTRACE=1` environment variable to display a backtrace

thread '<unnamed>' panicked at src/order_tests_v2.rs:326:5:
assertion `left == right` failed: Sign should return 200
  left: 400
 right: 200
note: run with `RUST_BACKTRACE=1` environment variable to display a backtrace

thread '<unnamed>' panicked at src/opinion_tests_v2.rs:254:5:
Should return opinions for the case
note: run with `RUST_BACKTRACE=1` environment variable to display a backtrace
test test-count-by-status                         ... [0m[31mFAILED[0m
test test-update-speedy-trial-clock               ... [0m[31mFAILED[0m
test test-missing-header-returns-error            ... [0m[31mFAILED[0m
test test-get-sealed-entries                      ... [0m[31mFAILED[0m

thread '<unnamed>' panicked at src/opinion_tests_v2.rs:453:5:
assertion failed: status == 201 || status == 409
note: run with `RUST_BACKTRACE=1` environment variable to display a backtrace

thread '<unnamed>' panicked at src/attorney_tests_v2.rs:245:5:
assertion `left == right` failed: Update should return 200
  left: 405
 right: 200
note: run with `RUST_BACKTRACE=1` environment variable to display a backtrace
test test-update-opinion                          ... [0m[31mFAILED[0m
test test-create-order-missing-judge              ... [0m[31mFAILED[0m
test test-get-orders-by-case                      ... [0m[31mFAILED[0m
test test-delete-order                            ... [0m[32mok[0m
test test-district-isolation-with-headers         ... [0m[31mFAILED[0m
test test-sign-order                              ... [0m[31mFAILED[0m
test test-get-opinions-by-case                    ... [0m[31mFAILED[0m

thread '<unnamed>' panicked at src/opinion_tests_v2.rs:231:5:
Should return at least 2 opinions
note: run with `RUST_BACKTRACE=1` environment variable to display a backtrace
test test-create-deadline-invalid-date            ... [0m[32mok[0m
test test-opinion-multi-tenant-isolation          ... [0m[31mFAILED[0m
test test-update-attorney                         ... [0m[31mFAILED[0m

thread '<unnamed>' panicked at src/opinion_tests_v2.rs:502:5:
assertion `left == right` failed: Search should return 200
  left: 404
 right: 200
note: run with `RUST_BACKTRACE=1` environment variable to display a backtrace

thread '<unnamed>' panicked at src/sentencing_tests_v2.rs:308:5:
assertion `left == right` failed: Should return 200 for existing guidelines
  left: 404
 right: 200
note: run with `RUST_BACKTRACE=1` environment variable to display a backtrace

thread '<unnamed>' panicked at src/docket_tests_v2.rs:483:5:
assertion `left == right` failed: Should return 200 for deadline check
  left: 400
 right: 200
note: run with `RUST_BACKTRACE=1` environment variable to display a backtrace

thread '<unnamed>' panicked at src/order_tests_v2.rs:295:5:
assertion `left == right` failed: Update should return 200
  left: 404
 right: 200
note: run with `RUST_BACKTRACE=1` environment variable to display a backtrace

thread '<unnamed>' panicked at src/criminal_case_tests_v2.rs:186:5:
Error should mention missing description field
note: run with `RUST_BACKTRACE=1` environment variable to display a backtrace

thread '<unnamed>' panicked at src/adapters/spin_kv_judge_repository.rs:34:14:
Failed to open store: tenant_not_specified: Error::AccessDenied
note: run with `RUST_BACKTRACE=1` environment variable to display a backtrace

thread '<unnamed>' panicked at src/docket_tests_v2.rs:149:5:
Error should mention missing case_id field
note: run with `RUST_BACKTRACE=1` environment variable to display a backtrace

thread '<unnamed>' panicked at src/deadline_tests_v2.rs:266:5:
assertion `left == right` failed: Should return 200
  left: 400
 right: 200
note: run with `RUST_BACKTRACE=1` environment variable to display a backtrace
test test-list-opinions                           ... [0m[31mFAILED[0m
test test-search-opinions                         ... [0m[31mFAILED[0m
test test-get-guidelines-by-id                    ... [0m[31mFAILED[0m
test test-check-deadline-approaching              ... [0m[31mFAILED[0m
test test-update-order                            ... [0m[31mFAILED[0m

thread '<unnamed>' panicked at src/deadline_tests_v2.rs:243:5:
assertion `left == right` failed: Should return 200
  left: 400
 right: 200
note: run with `RUST_BACKTRACE=1` environment variable to display a backtrace

thread '<unnamed>' panicked at src/sentencing_tests_v2.rs:544:5:
assertion failed: status == 201 || status == 409
note: run with `RUST_BACKTRACE=1` environment variable to display a backtrace

thread '<unnamed>' panicked at src/attorney_tests_v2.rs:412:5:
Error should mention invalid email
note: run with `RUST_BACKTRACE=1` environment variable to display a backtrace
test test-create-judge-invalid-title-enum         ... [0m[32mok[0m
test test-create-case-missing-description         ... [0m[31mFAILED[0m
test test-empty-district-header                   ... [0m[31mFAILED[0m
test test-create-docket-entry-missing-case-id     ... [0m[31mFAILED[0m
test test-get-deadlines-by-type                   ... [0m[31mFAILED[0m
test test-get-federal-rules                       ... [0m[32mok[0m

thread '<unnamed>' panicked at src/criminal_case_tests_v2.rs:306:5:
Should return judge's cases
note: run with `RUST_BACKTRACE=1` environment variable to display a backtrace
test test-get-deadlines-by-case                   ... [0m[31mFAILED[0m
test test-sentencing-multi-tenant-isolation       ... [0m[31mFAILED[0m
test test-create-attorney-invalid-email           ... [0m[31mFAILED[0m

thread '<unnamed>' panicked at src/docket_tests_v2.rs:174:5:
assertion `left == right` failed: Should return 200 for case docket
  left: 400
 right: 200
note: run with `RUST_BACKTRACE=1` environment variable to display a backtrace

thread '<unnamed>' panicked at src/deadline_tests_v2.rs:373:5:
assertion `left == right` failed: Should return 200 for existing extension
  left: 400
 right: 200
note: run with `RUST_BACKTRACE=1` environment variable to display a backtrace

thread '<unnamed>' panicked at src/docket_tests_v2.rs:223:5:
assertion `left == right` failed: Search should return 200
  left: 400
 right: 200
note: run with `RUST_BACKTRACE=1` environment variable to display a backtrace

thread '<unnamed>' panicked at src/judge_tests_proper.rs:422:5:
Error should mention missing courtroom field
note: run with `RUST_BACKTRACE=1` environment variable to display a backtrace

thread '<unnamed>' panicked at src/judge_tests_proper.rs:153:5:
assertion `left == right` failed: Should return 200 for existing judge
  left: 400
 right: 200
note: run with `RUST_BACKTRACE=1` environment variable to display a backtrace

thread '<unnamed>' panicked at src/order_tests_v2.rs:561:5:
assertion failed: status == 201 || status == 409
note: run with `RUST_BACKTRACE=1` environment variable to display a backtrace

thread '<unnamed>' panicked at src/sentencing_tests_v2.rs:362:5:
assertion `left == right` failed: Should return 200
  left: 404
 right: 200
note: run with `RUST_BACKTRACE=1` environment variable to display a backtrace

thread '<unnamed>' panicked at src/sentencing_tests_v2.rs:594:5:
Error should mention invalid offense level
note: run with `RUST_BACKTRACE=1` environment variable to display a backtrace

thread '<unnamed>' panicked at src/attorney_tests_v2.rs:292:5:
assertion `left == right` failed: Should return 200
  left: 404
 right: 200
note: run with `RUST_BACKTRACE=1` environment variable to display a backtrace
test test-get-cases-by-judge                      ... [0m[31mFAILED[0m
test test-get-case-docket                         ... [0m[31mFAILED[0m
test test-get-extension-by-id                     ... [0m[31mFAILED[0m
test test-search-docket-entries                   ... [0m[31mFAILED[0m
test test-create-judge-missing-courtroom          ... [0m[31mFAILED[0m

thread '<unnamed>' panicked at src/criminal_case_tests_v2.rs:156:5:
assertion `left == right` failed: Duplicate case should return 409 Conflict
  left: 400
 right: 409
note: run with `RUST_BACKTRACE=1` environment variable to display a backtrace

thread '<unnamed>' panicked at src/criminal_case_tests_v2.rs:418:5:
assertion failed: status == 201 || status == 409
note: run with `RUST_BACKTRACE=1` environment variable to display a backtrace
test test-get-judge-by-id-cache-hit               ... [0m[31mFAILED[0m
test test-order-multi-tenant-isolation            ... [0m[31mFAILED[0m
test test-get-departures                          ... [0m[31mFAILED[0m
test test-create-sentencing-invalid-offense-level ... [0m[31mFAILED[0m
test test-get-cja-panel                           ... [0m[31mFAILED[0m
test test-valid-federal-court-headers             ... [0m[32mok[0m
test test-create-case-duplicate                   ... [0m[31mFAILED[0m
test test-multi-tenant-isolation                  ... [0m[31mFAILED[0m
test test-valid-district-header-district12        ... [0m[32mok[0m

thread '<unnamed>' panicked at src/opinion_tests_v2.rs:558:5:
Error should mention invalid type
note: run with `RUST_BACKTRACE=1` environment variable to display a backtrace

thread '<unnamed>' panicked at src/docket_tests_v2.rs:278:5:
Error should mention missing judge_id field
note: run with `RUST_BACKTRACE=1` environment variable to display a backtrace

thread '<unnamed>' panicked at src/opinion_tests_v2.rs:188:5:
assertion `left == right` failed: Should return 200 for existing opinion
  left: 404
 right: 200
note: run with `RUST_BACKTRACE=1` environment variable to display a backtrace

thread '<unnamed>' panicked at src/docket_tests_v2.rs:406:5:
assertion `left == right` failed: Should return 200 for speedy trial status
  left: 404
 right: 200
note: run with `RUST_BACKTRACE=1` environment variable to display a backtrace

thread '<unnamed>' panicked at src/criminal_case_tests_v2.rs:234:5:
assertion `left == right` failed: Should return 200 for existing case
  left: 400
 right: 200
note: run with `RUST_BACKTRACE=1` environment variable to display a backtrace

thread '<unnamed>' panicked at src/opinion_tests_v2.rs:370:5:
assertion `left == right` failed: Create draft should return 201
  left: 400
 right: 201
note: run with `RUST_BACKTRACE=1` environment variable to display a backtrace

thread '<unnamed>' panicked at src/sentencing_tests_v2.rs:394:5:
assertion `left == right` failed: Update should return 200
  left: 405
 right: 200
note: run with `RUST_BACKTRACE=1` environment variable to display a backtrace

thread '<unnamed>' panicked at src/opinion_tests_v2.rs:280:5:
Should return judge's opinions
note: run with `RUST_BACKTRACE=1` environment variable to display a backtrace
test test-create-judge-missing-title              ... [0m[32mok[0m
test test-create-opinion-invalid-type             ... [0m[31mFAILED[0m
test test-schedule-event-missing-judge            ... [0m[31mFAILED[0m
test test-config-accepts-district-header          ... [0m[32mok[0m
test test-get-opinion-by-id                       ... [0m[31mFAILED[0m

thread '<unnamed>' panicked at src/attorney_tests_v2.rs:175:5:
assertion `left == right` failed: Should return 200 for existing attorney
  left: 404
 right: 200
note: run with `RUST_BACKTRACE=1` environment variable to display a backtrace

thread '<unnamed>' panicked at src/sentencing_tests_v2.rs:452:5:
assertion `left == right` failed: Should return 200
  left: 404
 right: 200
note: run with `RUST_BACKTRACE=1` environment variable to display a backtrace
test test-get-speedy-trial-status                 ... [0m[31mFAILED[0m
test test-get-case-by-id-found                    ... [0m[31mFAILED[0m
test test-create-draft-version                    ... [0m[31mFAILED[0m
test test-get-attorney-not-found                  ... [0m[32mok[0m
test test-update-sentencing                       ... [0m[31mFAILED[0m
test test-get-opinions-by-judge                   ... [0m[31mFAILED[0m

thread '<unnamed>' panicked at src/sentencing_tests_v2.rs:253:5:
assertion `left == right` failed: Should return 200
  left: 500
 right: 200
note: run with `RUST_BACKTRACE=1` environment variable to display a backtrace
test test-get-attorney-by-bar-number              ... [0m[31mFAILED[0m
test test-valid-district-header-district9         ... [0m[32mok[0m
test test-get-judge-sentencing-stats              ... [0m[31mFAILED[0m

thread '<unnamed>' panicked at src/sentencing_tests_v2.rs:486:5:
assertion `left == right` failed: Record appeal should return 200
  left: 404
 right: 200
note: run with `RUST_BACKTRACE=1` environment variable to display a backtrace

thread '<unnamed>' panicked at src/order_tests_v2.rs:139:5:
Error should mention missing case_id field
note: run with `RUST_BACKTRACE=1` environment variable to display a backtrace

thread '<unnamed>' panicked at src/docket_tests_v2.rs:383:5:
Initialize should return 200 or 201, got 400: {"error":"Bad Request","status":400,"details":"Invalid case ID"}
note: run with `RUST_BACKTRACE=1` environment variable to display a backtrace

thread '<unnamed>' panicked at src/opinion_tests_v2.rs:107:5:
Create should return 201 (created) or 409 (exists), got 400: {"error":"Invalid data format","status":400,"details":"missing field `case_name` at line 1 column 437"}
note: run with `RUST_BACKTRACE=1` environment variable to display a backtrace

thread '<unnamed>' panicked at src/order_tests_v2.rs:426:5:
Should return templates
note: run with `RUST_BACKTRACE=1` environment variable to display a backtrace

thread '<unnamed>' panicked at src/opinion_tests_v2.rs:525:5:
assertion `left == right` failed: Should return 200
  left: 404
 right: 200
note: run with `RUST_BACKTRACE=1` environment variable to display a backtrace
test test-get-pending-sentencings                 ... [0m[31mFAILED[0m
test test-record-appeal                           ... [0m[31mFAILED[0m
test test-config-endpoint-returns-valid-response  ... [0m[32mok[0m
test test-create-order-missing-case-id            ... [0m[31mFAILED[0m
test test-initialize-speedy-trial                 ... [0m[31mFAILED[0m

thread '<unnamed>' panicked at src/opinion_tests_v2.rs:577:5:
assertion `left == right` failed: Update non-existent opinion should return 404
  left: 405
 right: 404
note: run with `RUST_BACKTRACE=1` environment variable to display a backtrace

thread '<unnamed>' panicked at src/order_tests_v2.rs:188:5:
assertion `left == right` failed: Should return 200 for existing order
  left: 404
 right: 200
note: run with `RUST_BACKTRACE=1` environment variable to display a backtrace

thread '<unnamed>' panicked at src/judge_tests_proper.rs:75:5:
Expected 201 or 409, got 400 with body: {"error":"Invalid data format","status":400,"details":"unknown variant `DistrictJudge`, expected one of `chief_judge`, `district_judge`, `senior_judge`, `magistrate_judge`, `bankruptcy_judge`, `visiting_judge` at line 1 column 146"}
note: run with `RUST_BACKTRACE=1` environment variable to display a backtrace
test test-create-opinion-success                  ... [0m[31mFAILED[0m
test test-health-check                            ... [0m[32mok[0m
test test-get-order-templates                     ... [0m[31mFAILED[0m
test test-get-published-opinions                  ... [0m[31mFAILED[0m
test test-create-sentencing-missing-judge         ... [0m[32mok[0m
test test-create-sentencing-missing-case-id       ... [0m[32mok[0m

thread '<unnamed>' panicked at src/attorney_tests_v2.rs:153:5:
assertion `left == right` failed: Duplicate attorney should return 409 Conflict
  left: 400
 right: 409
note: run with `RUST_BACKTRACE=1` environment variable to display a backtrace
test test-get-order-by-id                         ... [0m[31mFAILED[0m
test test-update-nonexistent-opinion              ... [0m[31mFAILED[0m
test test-create-judge-with-store                 ... [0m[31mFAILED[0m
thread '<unnamed>' panicked at crates/spin-test-virt/src/wasi/http.rs:370:9:
not yet implemented
note: run with `RUST_BACKTRACE=1` environment variable to display a backtrace

thread '<unnamed>' panicked at src/adapters/spin_kv_judge_repository.rs:34:14:
Failed to open store: tenant_not_specified: Error::AccessDenied
note: run with `RUST_BACKTRACE=1` environment variable to display a backtrace

thread '<unnamed>' panicked at src/attorney_tests_v2.rs:357:5:
assertion failed: status == 201 || status == 409
note: run with `RUST_BACKTRACE=1` environment variable to display a backtrace

thread '<unnamed>' panicked at src/deadline_tests_v2.rs:400:5:
Should return pending extensions
note: run with `RUST_BACKTRACE=1` environment variable to display a backtrace

thread '<unnamed>' panicked at src/order_tests_v2.rs:217:5:
Should return at least 2 orders
note: run with `RUST_BACKTRACE=1` environment variable to display a backtrace

thread '<unnamed>' panicked at src/criminal_case_tests_v2.rs:362:5:
assertion `left == right` failed: Add defendant should return 200
  left: 400
 right: 200
note: run with `RUST_BACKTRACE=1` environment variable to display a backtrace

thread '<unnamed>' panicked at src/order_tests_v2.rs:353:5:
assertion `left == right` failed: Issue should return 200
  left: 404
 right: 200
note: run with `RUST_BACKTRACE=1` environment variable to display a backtrace
test test-create-attorney-duplicate               ... [0m[31mFAILED[0m
test test-delete-opinion                          ... [0m[32mok[0m
test test-case-insensitive-district-headers       ... [0m[32mok[0m
test test-tenant-id-header-takes-priority         ... [0m[32mok[0m
test test-header-vs-url-routing-consistency       ... [0m[31mFAILED[0m

thread '<unnamed>' panicked at src/sentencing_tests_v2.rs:282:5:
assertion `left == right` failed: Calculate guidelines should return 200
  left: 405
 right: 200
note: run with `RUST_BACKTRACE=1` environment variable to display a backtrace

thread '<unnamed>' panicked at src/sentencing_tests_v2.rs:426:5:
assertion `left == right` failed: Should return 200 for statistics
  left: 404
 right: 200
note: run with `RUST_BACKTRACE=1` environment variable to display a backtrace
test test-judges-requires-district-header         ... [0m[31mFAILED[0m
test test-attorney-multi-tenant-isolation         ... [0m[31mFAILED[0m
test test-get-pending-extensions                  ... [0m[31mFAILED[0m
test test-list-orders                             ... [0m[31mFAILED[0m
test test-add-defendant                           ... [0m[31mFAILED[0m
test test-issue-order                             ... [0m[31mFAILED[0m

thread '<unnamed>' panicked at src/docket_tests_v2.rs:355:5:
assertion `left == right` failed: Should return 200 for available slot
  left: 405
 right: 200
note: run with `RUST_BACKTRACE=1` environment variable to display a backtrace
test test-create-case-missing-crime-type          ... [0m[32mok[0m
test test-calculate-guidelines                    ... [0m[31mFAILED[0m
test test-get-sentencing-statistics               ... [0m[31mFAILED[0m

thread '<unnamed>' panicked at src/docket_tests_v2.rs:303:5:
assertion `left == right` failed: Should return 200 for judge calendar
  left: 400
 right: 200
note: run with `RUST_BACKTRACE=1` environment variable to display a backtrace

thread '<unnamed>' panicked at src/sentencing_tests_v2.rs:615:5:
assertion `left == right` failed: Invalid criminal history should return 400
  left: 405
 right: 400
note: run with `RUST_BACKTRACE=1` environment variable to display a backtrace

thread '<unnamed>' panicked at src/criminal_case_tests_v2.rs:389:5:
assertion `left == right` failed: Delete should return 204 No Content
  left: 400
 right: 204
note: run with `RUST_BACKTRACE=1` environment variable to display a backtrace

thread '<unnamed>' panicked at src/order_tests_v2.rs:611:5:
Error should mention invalid order type
note: run with `RUST_BACKTRACE=1` environment variable to display a backtrace

thread '<unnamed>' panicked at src/judge_tests_proper.rs:322:5:
assertion `left == right` failed: Adding conflict should return 200
  left: 400
 right: 200
note: run with `RUST_BACKTRACE=1` environment variable to display a backtrace

thread '<unnamed>' panicked at src/order_tests_v2.rs:511:5:
Should return expiring orders
note: run with `RUST_BACKTRACE=1` environment variable to display a backtrace
test test-find-available-slot                     ... [0m[31mFAILED[0m
test test-get-judge-calendar                      ... [0m[31mFAILED[0m
test test-calculate-guidelines-invalid-history    ... [0m[31mFAILED[0m
test test-delete-case                             ... [0m[31mFAILED[0m
test test-invalid-district-header                 ... [0m[32mok[0m
test test-create-order-invalid-type               ... [0m[31mFAILED[0m
test test-header-sanitization                     ... [0m[32mok[0m
test test-judge-conflict-management               ... [0m[31mFAILED[0m
test test-get-expiring-orders                     ... [0m[31mFAILED[0m

failures:

---- test-delete-deadline ----
test 'spin-test-test-delete-deadline' failed 
Caused by: error while executing at wasm backtrace:
    0: 0x1a6ca23 - config_tests.wasm!abort
    1: 0x1a68802 - config_tests.wasm!std::sys::pal::wasi::helpers::abort_internal::hcc3b2e0cde3c9001
    2: 0x1a67431 - config_tests.wasm!std::process::abort::h0e38511b4c8b6f04
    3: 0x1a67427 - config_tests.wasm!__rustc[5224e6b81cd82a8f]::__rust_abort
    4: 0x1a69c05 - config_tests.wasm!__rustc[5224e6b81cd82a8f]::__rust_start_panic
    5: 0x1a69a76 - config_tests.wasm!__rustc[5224e6b81cd82a8f]::rust_panic
    6: 0x1a699fb - config_tests.wasm!std::panicking::rust_panic_with_hook::h085fb375cd657b2f
    7: 0x1a68af1 - config_tests.wasm!std::panicking::begin_panic_handler::{{closure}}::he68af7f9d5c53e56
    8: 0x1a68a5d - config_tests.wasm!std::sys::backtrace::__rust_end_short_backtrace::h4c38003a22ca226f
    9: 0x1a693e2 - config_tests.wasm!__rustc[5224e6b81cd82a8f]::rust_begin_unwind
   10: 0x1a72d4c - config_tests.wasm!core::panicking::panic_fmt::h4e32e8d1cab5f47e
   11: 0x1a747a2 - config_tests.wasm!core::panicking::assert_failed_inner::hf7ede4d3870aaaec
   12: 0x1a578e2 - config_tests.wasm!core::panicking::assert_failed::h168e3f8c09ecb509
   13: 0x1a32f01 - config_tests.wasm!config_tests::deadline_tests_v2::test_delete_deadline::h4705e4fd00f504bf
   14: 0x1a5647f - config_tests.wasm!spin-test-test-delete-deadline
Caused by: wasm trap: wasm `unreachable` instruction executed

---- test-get-pending-signatures ----
test 'spin-test-test-get-pending-signatures' failed 
Caused by: error while executing at wasm backtrace:
    0: 0x1a6ca23 - config_tests.wasm!abort
    1: 0x1a68802 - config_tests.wasm!std::sys::pal::wasi::helpers::abort_internal::hcc3b2e0cde3c9001
    2: 0x1a67431 - config_tests.wasm!std::process::abort::h0e38511b4c8b6f04
    3: 0x1a67427 - config_tests.wasm!__rustc[5224e6b81cd82a8f]::__rust_abort
    4: 0x1a69c05 - config_tests.wasm!__rustc[5224e6b81cd82a8f]::__rust_start_panic
    5: 0x1a69a76 - config_tests.wasm!__rustc[5224e6b81cd82a8f]::rust_panic
    6: 0x1a699fb - config_tests.wasm!std::panicking::rust_panic_with_hook::h085fb375cd657b2f
    7: 0x1a68b23 - config_tests.wasm!std::panicking::begin_panic_handler::{{closure}}::he68af7f9d5c53e56
    8: 0x1a68a5d - config_tests.wasm!std::sys::backtrace::__rust_end_short_backtrace::h4c38003a22ca226f
    9: 0x1a693e2 - config_tests.wasm!__rustc[5224e6b81cd82a8f]::rust_begin_unwind
   10: 0x1a72d4c - config_tests.wasm!core::panicking::panic_fmt::h4e32e8d1cab5f47e
   11: 0x1a09d94 - config_tests.wasm!config_tests::order_tests_v2::test_get_pending_signatures::h226bd6eeacce9187
   12: 0x1a57aa4 - config_tests.wasm!spin-test-test-get-pending-signatures
Caused by: wasm trap: wasm `unreachable` instruction executed

---- test-create-from-template ----
test 'spin-test-test-create-from-template' failed 
Caused by: error while executing at wasm backtrace:
    0: 0x1a6ca23 - config_tests.wasm!abort
    1: 0x1a68802 - config_tests.wasm!std::sys::pal::wasi::helpers::abort_internal::hcc3b2e0cde3c9001
    2: 0x1a67431 - config_tests.wasm!std::process::abort::h0e38511b4c8b6f04
    3: 0x1a67427 - config_tests.wasm!__rustc[5224e6b81cd82a8f]::__rust_abort
    4: 0x1a69c05 - config_tests.wasm!__rustc[5224e6b81cd82a8f]::__rust_start_panic
    5: 0x1a69a76 - config_tests.wasm!__rustc[5224e6b81cd82a8f]::rust_panic
    6: 0x1a699fb - config_tests.wasm!std::panicking::rust_panic_with_hook::h085fb375cd657b2f
    7: 0x1a68af1 - config_tests.wasm!std::panicking::begin_panic_handler::{{closure}}::he68af7f9d5c53e56
    8: 0x1a68a5d - config_tests.wasm!std::sys::backtrace::__rust_end_short_backtrace::h4c38003a22ca226f
    9: 0x1a693e2 - config_tests.wasm!__rustc[5224e6b81cd82a8f]::rust_begin_unwind
   10: 0x1a72d4c - config_tests.wasm!core::panicking::panic_fmt::h4e32e8d1cab5f47e
   11: 0x1a747a2 - config_tests.wasm!core::panicking::assert_failed_inner::hf7ede4d3870aaaec
   12: 0x1a578e2 - config_tests.wasm!core::panicking::assert_failed::h168e3f8c09ecb509
   13: 0x1a0cd8e - config_tests.wasm!config_tests::order_tests_v2::test_create_from_template::h38eb5b716a07fdd1
   14: 0x1a592c1 - config_tests.wasm!spin-test-test-create-from-template
Caused by: wasm trap: wasm `unreachable` instruction executed

---- test-get-judge-by-id-cache-miss ----
test 'spin-test-test-get-judge-by-id-cache-miss' failed 
Caused by: error while executing at wasm backtrace:
    0: 0x1a6ca23 - config_tests.wasm!abort
    1: 0x1a68802 - config_tests.wasm!std::sys::pal::wasi::helpers::abort_internal::hcc3b2e0cde3c9001
    2: 0x1a67431 - config_tests.wasm!std::process::abort::h0e38511b4c8b6f04
    3: 0x1a67427 - config_tests.wasm!__rustc[5224e6b81cd82a8f]::__rust_abort
    4: 0x1a69c05 - config_tests.wasm!__rustc[5224e6b81cd82a8f]::__rust_start_panic
    5: 0x1a69a76 - config_tests.wasm!__rustc[5224e6b81cd82a8f]::rust_panic
    6: 0x1a699fb - config_tests.wasm!std::panicking::rust_panic_with_hook::h085fb375cd657b2f
    7: 0x1a68af1 - config_tests.wasm!std::panicking::begin_panic_handler::{{closure}}::he68af7f9d5c53e56
    8: 0x1a68a5d - config_tests.wasm!std::sys::backtrace::__rust_end_short_backtrace::h4c38003a22ca226f
    9: 0x1a693e2 - config_tests.wasm!__rustc[5224e6b81cd82a8f]::rust_begin_unwind
   10: 0x1a72d4c - config_tests.wasm!core::panicking::panic_fmt::h4e32e8d1cab5f47e
   11: 0x1a747a2 - config_tests.wasm!core::panicking::assert_failed_inner::hf7ede4d3870aaaec
   12: 0x1a578e2 - config_tests.wasm!core::panicking::assert_failed::h168e3f8c09ecb509
   13: 0x1a3a8ce - config_tests.wasm!config_tests::judge_tests_proper::test_get_judge_by_id_cache_miss::h64b3527507c87bec
   14: 0x1a55140 - config_tests.wasm!spin-test-test-get-judge-by-id-cache-miss
Caused by: wasm trap: wasm `unreachable` instruction executed

---- test-create-case-success ----
test 'spin-test-test-create-case-success' failed 
Caused by: error while executing at wasm backtrace:
    0: 0x1a6ca23 - config_tests.wasm!abort
    1: 0x1a68802 - config_tests.wasm!std::sys::pal::wasi::helpers::abort_internal::hcc3b2e0cde3c9001
    2: 0x1a67431 - config_tests.wasm!std::process::abort::h0e38511b4c8b6f04
    3: 0x1a67427 - config_tests.wasm!__rustc[5224e6b81cd82a8f]::__rust_abort
    4: 0x1a69c05 - config_tests.wasm!__rustc[5224e6b81cd82a8f]::__rust_start_panic
    5: 0x1a69a76 - config_tests.wasm!__rustc[5224e6b81cd82a8f]::rust_panic
    6: 0x1a699fb - config_tests.wasm!std::panicking::rust_panic_with_hook::h085fb375cd657b2f
    7: 0x1a68af1 - config_tests.wasm!std::panicking::begin_panic_handler::{{closure}}::he68af7f9d5c53e56
    8: 0x1a68a5d - config_tests.wasm!std::sys::backtrace::__rust_end_short_backtrace::h4c38003a22ca226f
    9: 0x1a693e2 - config_tests.wasm!__rustc[5224e6b81cd82a8f]::rust_begin_unwind
   10: 0x1a72d4c - config_tests.wasm!core::panicking::panic_fmt::h4e32e8d1cab5f47e
   11: 0x1a20ac9 - config_tests.wasm!config_tests::criminal_case_tests_v2::test_create_case_success::hf7a840721ae05417
   12: 0x1a5519a - config_tests.wasm!spin-test-test-create-case-success
Caused by: wasm trap: wasm `unreachable` instruction executed

---- test-create-deadline-success ----
test 'spin-test-test-create-deadline-success' failed 
Caused by: error while executing at wasm backtrace:
    0: 0x1a6ca23 - config_tests.wasm!abort
    1: 0x1a68802 - config_tests.wasm!std::sys::pal::wasi::helpers::abort_internal::hcc3b2e0cde3c9001
    2: 0x1a67431 - config_tests.wasm!std::process::abort::h0e38511b4c8b6f04
    3: 0x1a67427 - config_tests.wasm!__rustc[5224e6b81cd82a8f]::__rust_abort
    4: 0x1a69c05 - config_tests.wasm!__rustc[5224e6b81cd82a8f]::__rust_start_panic
    5: 0x1a69a76 - config_tests.wasm!__rustc[5224e6b81cd82a8f]::rust_panic
    6: 0x1a699fb - config_tests.wasm!std::panicking::rust_panic_with_hook::h085fb375cd657b2f
    7: 0x1a68af1 - config_tests.wasm!std::panicking::begin_panic_handler::{{closure}}::he68af7f9d5c53e56
    8: 0x1a68a5d - config_tests.wasm!std::sys::backtrace::__rust_end_short_backtrace::h4c38003a22ca226f
    9: 0x1a693e2 - config_tests.wasm!__rustc[5224e6b81cd82a8f]::rust_begin_unwind
   10: 0x1a72d4c - config_tests.wasm!core::panicking::panic_fmt::h4e32e8d1cab5f47e
   11: 0x1a2cde5 - config_tests.wasm!config_tests::deadline_tests_v2::test_create_deadline_success::hb7c97732a1920f0a
   12: 0x1a59267 - config_tests.wasm!spin-test-test-create-deadline-success
Caused by: wasm trap: wasm `unreachable` instruction executed

---- test-schedule-calendar-event ----
test 'spin-test-test-schedule-calendar-event' failed 
Caused by: error while executing at wasm backtrace:
    0: 0x1a6ca23 - config_tests.wasm!abort
    1: 0x1a68802 - config_tests.wasm!std::sys::pal::wasi::helpers::abort_internal::hcc3b2e0cde3c9001
    2: 0x1a67431 - config_tests.wasm!std::process::abort::h0e38511b4c8b6f04
    3: 0x1a67427 - config_tests.wasm!__rustc[5224e6b81cd82a8f]::__rust_abort
    4: 0x1a69c05 - config_tests.wasm!__rustc[5224e6b81cd82a8f]::__rust_start_panic
    5: 0x1a69a76 - config_tests.wasm!__rustc[5224e6b81cd82a8f]::rust_panic
    6: 0x1a699fb - config_tests.wasm!std::panicking::rust_panic_with_hook::h085fb375cd657b2f
    7: 0x1a68af1 - config_tests.wasm!std::panicking::begin_panic_handler::{{closure}}::he68af7f9d5c53e56
    8: 0x1a68a5d - config_tests.wasm!std::sys::backtrace::__rust_end_short_backtrace::h4c38003a22ca226f
    9: 0x1a693e2 - config_tests.wasm!__rustc[5224e6b81cd82a8f]::rust_begin_unwind
   10: 0x1a72d4c - config_tests.wasm!core::panicking::panic_fmt::h4e32e8d1cab5f47e
   11: 0x19fbf5c - config_tests.wasm!config_tests::docket_tests_v2::test_schedule_calendar_event::heba2b78cb5f8b44d
   12: 0x1a5614e - config_tests.wasm!spin-test-test-schedule-calendar-event
Caused by: wasm trap: wasm `unreachable` instruction executed

---- test-complete-deadline ----
test 'spin-test-test-complete-deadline' failed 
Caused by: error while executing at wasm backtrace:
    0: 0x1a6ca23 - config_tests.wasm!abort
    1: 0x1a68802 - config_tests.wasm!std::sys::pal::wasi::helpers::abort_internal::hcc3b2e0cde3c9001
    2: 0x1a67431 - config_tests.wasm!std::process::abort::h0e38511b4c8b6f04
    3: 0x1a67427 - config_tests.wasm!__rustc[5224e6b81cd82a8f]::__rust_abort
    4: 0x1a69c05 - config_tests.wasm!__rustc[5224e6b81cd82a8f]::__rust_start_panic
    5: 0x1a69a76 - config_tests.wasm!__rustc[5224e6b81cd82a8f]::rust_panic
    6: 0x1a699fb - config_tests.wasm!std::panicking::rust_panic_with_hook::h085fb375cd657b2f
    7: 0x1a68af1 - config_tests.wasm!std::panicking::begin_panic_handler::{{closure}}::he68af7f9d5c53e56
    8: 0x1a68a5d - config_tests.wasm!std::sys::backtrace::__rust_end_short_backtrace::h4c38003a22ca226f
    9: 0x1a693e2 - config_tests.wasm!__rustc[5224e6b81cd82a8f]::rust_begin_unwind
   10: 0x1a72d4c - config_tests.wasm!core::panicking::panic_fmt::h4e32e8d1cab5f47e
   11: 0x1a747a2 - config_tests.wasm!core::panicking::assert_failed_inner::hf7ede4d3870aaaec
   12: 0x1a578e2 - config_tests.wasm!core::panicking::assert_failed::h168e3f8c09ecb509
   13: 0x1a30a12 - config_tests.wasm!config_tests::deadline_tests_v2::test_complete_deadline::h5a86ba74e6de6787
   14: 0x1a560f4 - config_tests.wasm!spin-test-test-complete-deadline
Caused by: wasm trap: wasm `unreachable` instruction executed

---- test-get-attorney-metrics ----
test 'spin-test-test-get-attorney-metrics' failed 
Caused by: error while executing at wasm backtrace:
    0: 0x1a6ca23 - config_tests.wasm!abort
    1: 0x1a68802 - config_tests.wasm!std::sys::pal::wasi::helpers::abort_internal::hcc3b2e0cde3c9001
    2: 0x1a67431 - config_tests.wasm!std::process::abort::h0e38511b4c8b6f04
    3: 0x1a67427 - config_tests.wasm!__rustc[5224e6b81cd82a8f]::__rust_abort
    4: 0x1a69c05 - config_tests.wasm!__rustc[5224e6b81cd82a8f]::__rust_start_panic
    5: 0x1a69a76 - config_tests.wasm!__rustc[5224e6b81cd82a8f]::rust_panic
    6: 0x1a699fb - config_tests.wasm!std::panicking::rust_panic_with_hook::h085fb375cd657b2f
    7: 0x1a68af1 - config_tests.wasm!std::panicking::begin_panic_handler::{{closure}}::he68af7f9d5c53e56
    8: 0x1a68a5d - config_tests.wasm!std::sys::backtrace::__rust_end_short_backtrace::h4c38003a22ca226f
    9: 0x1a693e2 - config_tests.wasm!__rustc[5224e6b81cd82a8f]::rust_begin_unwind
   10: 0x1a72d4c - config_tests.wasm!core::panicking::panic_fmt::h4e32e8d1cab5f47e
   11: 0x1a747a2 - config_tests.wasm!core::panicking::assert_failed_inner::hf7ede4d3870aaaec
   12: 0x1a578e2 - config_tests.wasm!core::panicking::assert_failed::h168e3f8c09ecb509
   13: 0x1a47dc0 - config_tests.wasm!config_tests::attorney_tests_v2::test_get_attorney_metrics::hbae08789f7a99932
   14: 0x1a5657e - config_tests.wasm!spin-test-test-get-attorney-metrics
Caused by: wasm trap: wasm `unreachable` instruction executed

---- test-update-deadline-status ----
test 'spin-test-test-update-deadline-status' failed 
Caused by: error while executing at wasm backtrace:
    0: 0x1a6ca23 - config_tests.wasm!abort
    1: 0x1a68802 - config_tests.wasm!std::sys::pal::wasi::helpers::abort_internal::hcc3b2e0cde3c9001
    2: 0x1a67431 - config_tests.wasm!std::process::abort::h0e38511b4c8b6f04
    3: 0x1a67427 - config_tests.wasm!__rustc[5224e6b81cd82a8f]::__rust_abort
    4: 0x1a69c05 - config_tests.wasm!__rustc[5224e6b81cd82a8f]::__rust_start_panic
    5: 0x1a69a76 - config_tests.wasm!__rustc[5224e6b81cd82a8f]::rust_panic
    6: 0x1a699fb - config_tests.wasm!std::panicking::rust_panic_with_hook::h085fb375cd657b2f
    7: 0x1a68af1 - config_tests.wasm!std::panicking::begin_panic_handler::{{closure}}::he68af7f9d5c53e56
    8: 0x1a68a5d - config_tests.wasm!std::sys::backtrace::__rust_end_short_backtrace::h4c38003a22ca226f
    9: 0x1a693e2 - config_tests.wasm!__rustc[5224e6b81cd82a8f]::rust_begin_unwind
   10: 0x1a72d4c - config_tests.wasm!core::panicking::panic_fmt::h4e32e8d1cab5f47e
   11: 0x1a747a2 - config_tests.wasm!core::panicking::assert_failed_inner::hf7ede4d3870aaaec
   12: 0x1a578e2 - config_tests.wasm!core::panicking::assert_failed::h168e3f8c09ecb509
   13: 0x1a2fd58 - config_tests.wasm!config_tests::deadline_tests_v2::test_update_deadline_status::h7ee4899eae5e03b1
   14: 0x1a59249 - config_tests.wasm!spin-test-test-update-deadline-status
Caused by: wasm trap: wasm `unreachable` instruction executed

---- test-update-judge-status ----
test 'spin-test-test-update-judge-status' failed 
Caused by: error while executing at wasm backtrace:
    0: 0x1a6ca23 - config_tests.wasm!abort
    1: 0x1a68802 - config_tests.wasm!std::sys::pal::wasi::helpers::abort_internal::hcc3b2e0cde3c9001
    2: 0x1a67431 - config_tests.wasm!std::process::abort::h0e38511b4c8b6f04
    3: 0x1a67427 - config_tests.wasm!__rustc[5224e6b81cd82a8f]::__rust_abort
    4: 0x1a69c05 - config_tests.wasm!__rustc[5224e6b81cd82a8f]::__rust_start_panic
    5: 0x1a69a76 - config_tests.wasm!__rustc[5224e6b81cd82a8f]::rust_panic
    6: 0x1a699fb - config_tests.wasm!std::panicking::rust_panic_with_hook::h085fb375cd657b2f
    7: 0x1a68af1 - config_tests.wasm!std::panicking::begin_panic_handler::{{closure}}::he68af7f9d5c53e56
    8: 0x1a68a5d - config_tests.wasm!std::sys::backtrace::__rust_end_short_backtrace::h4c38003a22ca226f
    9: 0x1a693e2 - config_tests.wasm!__rustc[5224e6b81cd82a8f]::rust_begin_unwind
   10: 0x1a72d4c - config_tests.wasm!core::panicking::panic_fmt::h4e32e8d1cab5f47e
   11: 0x1a747a2 - config_tests.wasm!core::panicking::assert_failed_inner::hf7ede4d3870aaaec
   12: 0x1a578e2 - config_tests.wasm!core::panicking::assert_failed::h168e3f8c09ecb509
   13: 0x1a3b851 - config_tests.wasm!config_tests::judge_tests_proper::test_update_judge_status::h643d30f2589e25fe
   14: 0x1a56220 - config_tests.wasm!spin-test-test-update-judge-status
Caused by: wasm trap: wasm `unreachable` instruction executed

---- test-add-to-cja-panel ----
test 'spin-test-test-add-to-cja-panel' failed 
Caused by: error while executing at wasm backtrace:
    0: 0x1a6ca23 - config_tests.wasm!abort
    1: 0x1a68802 - config_tests.wasm!std::sys::pal::wasi::helpers::abort_internal::hcc3b2e0cde3c9001
    2: 0x1a67431 - config_tests.wasm!std::process::abort::h0e38511b4c8b6f04
    3: 0x1a67427 - config_tests.wasm!__rustc[5224e6b81cd82a8f]::__rust_abort
    4: 0x1a69c05 - config_tests.wasm!__rustc[5224e6b81cd82a8f]::__rust_start_panic
    5: 0x1a69a76 - config_tests.wasm!__rustc[5224e6b81cd82a8f]::rust_panic
    6: 0x1a699fb - config_tests.wasm!std::panicking::rust_panic_with_hook::h085fb375cd657b2f
    7: 0x1a68b23 - config_tests.wasm!std::panicking::begin_panic_handler::{{closure}}::he68af7f9d5c53e56
    8: 0x1a68a5d - config_tests.wasm!std::sys::backtrace::__rust_end_short_backtrace::h4c38003a22ca226f
    9: 0x1a693e2 - config_tests.wasm!__rustc[5224e6b81cd82a8f]::rust_begin_unwind
   10: 0x1a72d4c - config_tests.wasm!core::panicking::panic_fmt::h4e32e8d1cab5f47e
   11: 0x1a46dae - config_tests.wasm!config_tests::attorney_tests_v2::test_add_to_cja_panel::h5d02160eac86a269
   12: 0x1a55122 - config_tests.wasm!spin-test-test-add-to-cja-panel
Caused by: wasm trap: wasm `unreachable` instruction executed

---- test-get-all-judges-with-prepopulated-data ----
test 'spin-test-test-get-all-judges-with-prepopulated-data' failed 
Caused by: error while executing at wasm backtrace:
    0: 0x1a6ca23 - config_tests.wasm!abort
    1: 0x1a68802 - config_tests.wasm!std::sys::pal::wasi::helpers::abort_internal::hcc3b2e0cde3c9001
    2: 0x1a67431 - config_tests.wasm!std::process::abort::h0e38511b4c8b6f04
    3: 0x1a67427 - config_tests.wasm!__rustc[5224e6b81cd82a8f]::__rust_abort
    4: 0x1a69c05 - config_tests.wasm!__rustc[5224e6b81cd82a8f]::__rust_start_panic
    5: 0x1a69a76 - config_tests.wasm!__rustc[5224e6b81cd82a8f]::rust_panic
    6: 0x1a699fb - config_tests.wasm!std::panicking::rust_panic_with_hook::h085fb375cd657b2f
    7: 0x1a68b23 - config_tests.wasm!std::panicking::begin_panic_handler::{{closure}}::he68af7f9d5c53e56
    8: 0x1a68a5d - config_tests.wasm!std::sys::backtrace::__rust_end_short_backtrace::h4c38003a22ca226f
    9: 0x1a693e2 - config_tests.wasm!__rustc[5224e6b81cd82a8f]::rust_begin_unwind
   10: 0x1a72d4c - config_tests.wasm!core::panicking::panic_fmt::h4e32e8d1cab5f47e
   11: 0x1a3954e - config_tests.wasm!config_tests::judge_tests_proper::test_get_all_judges_with_prepopulated_data::hb11705e27f213065
   12: 0x1a5622f - config_tests.wasm!spin-test-test-get-all-judges-with-prepopulated-data
Caused by: wasm trap: wasm `unreachable` instruction executed

---- test-delete-calendar-event ----
test 'spin-test-test-delete-calendar-event' failed 
Caused by: error while executing at wasm backtrace:
    0: 0x1a6ca23 - config_tests.wasm!abort
    1: 0x1a68802 - config_tests.wasm!std::sys::pal::wasi::helpers::abort_internal::hcc3b2e0cde3c9001
    2: 0x1a67431 - config_tests.wasm!std::process::abort::h0e38511b4c8b6f04
    3: 0x1a67427 - config_tests.wasm!__rustc[5224e6b81cd82a8f]::__rust_abort
    4: 0x1a69c05 - config_tests.wasm!__rustc[5224e6b81cd82a8f]::__rust_start_panic
    5: 0x1a69a76 - config_tests.wasm!__rustc[5224e6b81cd82a8f]::rust_panic
    6: 0x1a699fb - config_tests.wasm!std::panicking::rust_panic_with_hook::h085fb375cd657b2f
    7: 0x1a68af1 - config_tests.wasm!std::panicking::begin_panic_handler::{{closure}}::he68af7f9d5c53e56
    8: 0x1a68a5d - config_tests.wasm!std::sys::backtrace::__rust_end_short_backtrace::h4c38003a22ca226f
    9: 0x1a693e2 - config_tests.wasm!__rustc[5224e6b81cd82a8f]::rust_begin_unwind
   10: 0x1a72d4c - config_tests.wasm!core::panicking::panic_fmt::h4e32e8d1cab5f47e
   11: 0x1a747a2 - config_tests.wasm!core::panicking::assert_failed_inner::hf7ede4d3870aaaec
   12: 0x1a578e2 - config_tests.wasm!core::panicking::assert_failed::h168e3f8c09ecb509
   13: 0x1a00bab - config_tests.wasm!config_tests::docket_tests_v2::test_delete_calendar_event::h7adb34a55e537b44
   14: 0x1a56121 - config_tests.wasm!spin-test-test-delete-calendar-event
Caused by: wasm trap: wasm `unreachable` instruction executed

---- test-request-extension ----
test 'spin-test-test-request-extension' failed 
Caused by: error while executing at wasm backtrace:
    0: 0x1a6ca23 - config_tests.wasm!abort
    1: 0x1a68802 - config_tests.wasm!std::sys::pal::wasi::helpers::abort_internal::hcc3b2e0cde3c9001
    2: 0x1a67431 - config_tests.wasm!std::process::abort::h0e38511b4c8b6f04
    3: 0x1a67427 - config_tests.wasm!__rustc[5224e6b81cd82a8f]::__rust_abort
    4: 0x1a69c05 - config_tests.wasm!__rustc[5224e6b81cd82a8f]::__rust_start_panic
    5: 0x1a69a76 - config_tests.wasm!__rustc[5224e6b81cd82a8f]::rust_panic
    6: 0x1a699fb - config_tests.wasm!std::panicking::rust_panic_with_hook::h085fb375cd657b2f
    7: 0x1a68af1 - config_tests.wasm!std::panicking::begin_panic_handler::{{closure}}::he68af7f9d5c53e56
    8: 0x1a68a5d - config_tests.wasm!std::sys::backtrace::__rust_end_short_backtrace::h4c38003a22ca226f
    9: 0x1a693e2 - config_tests.wasm!__rustc[5224e6b81cd82a8f]::rust_begin_unwind
   10: 0x1a72d4c - config_tests.wasm!core::panicking::panic_fmt::h4e32e8d1cab5f47e
   11: 0x1a30fbc - config_tests.wasm!config_tests::deadline_tests_v2::test_request_extension::hd5a4da41d4e01f98
   12: 0x1a5923a - config_tests.wasm!spin-test-test-request-extension
Caused by: wasm trap: wasm `unreachable` instruction executed

---- test-get-events-by-courtroom ----
test 'spin-test-test-get-events-by-courtroom' failed 
Caused by: error while executing at wasm backtrace:
    0: 0x1a6ca23 - config_tests.wasm!abort
    1: 0x1a68802 - config_tests.wasm!std::sys::pal::wasi::helpers::abort_internal::hcc3b2e0cde3c9001
    2: 0x1a67431 - config_tests.wasm!std::process::abort::h0e38511b4c8b6f04
    3: 0x1a67427 - config_tests.wasm!__rustc[5224e6b81cd82a8f]::__rust_abort
    4: 0x1a69c05 - config_tests.wasm!__rustc[5224e6b81cd82a8f]::__rust_start_panic
    5: 0x1a69a76 - config_tests.wasm!__rustc[5224e6b81cd82a8f]::rust_panic
    6: 0x1a699fb - config_tests.wasm!std::panicking::rust_panic_with_hook::h085fb375cd657b2f
    7: 0x1a68b23 - config_tests.wasm!std::panicking::begin_panic_handler::{{closure}}::he68af7f9d5c53e56
    8: 0x1a68a5d - config_tests.wasm!std::sys::backtrace::__rust_end_short_backtrace::h4c38003a22ca226f
    9: 0x1a693e2 - config_tests.wasm!__rustc[5224e6b81cd82a8f]::rust_begin_unwind
   10: 0x1a72d4c - config_tests.wasm!core::panicking::panic_fmt::h4e32e8d1cab5f47e
   11: 0x19fd8b2 - config_tests.wasm!config_tests::docket_tests_v2::test_get_events_by_courtroom::heeb592fe5a31ac0b
   12: 0x1a592a3 - config_tests.wasm!spin-test-test-get-events-by-courtroom
Caused by: wasm trap: wasm `unreachable` instruction executed

---- test-check-order-expired ----
test 'spin-test-test-check-order-expired' failed 
Caused by: error while executing at wasm backtrace:
    0: 0x1a6ca23 - config_tests.wasm!abort
    1: 0x1a68802 - config_tests.wasm!std::sys::pal::wasi::helpers::abort_internal::hcc3b2e0cde3c9001
    2: 0x1a67431 - config_tests.wasm!std::process::abort::h0e38511b4c8b6f04
    3: 0x1a67427 - config_tests.wasm!__rustc[5224e6b81cd82a8f]::__rust_abort
    4: 0x1a69c05 - config_tests.wasm!__rustc[5224e6b81cd82a8f]::__rust_start_panic
    5: 0x1a69a76 - config_tests.wasm!__rustc[5224e6b81cd82a8f]::rust_panic
    6: 0x1a699fb - config_tests.wasm!std::panicking::rust_panic_with_hook::h085fb375cd657b2f
    7: 0x1a68af1 - config_tests.wasm!std::panicking::begin_panic_handler::{{closure}}::he68af7f9d5c53e56
    8: 0x1a68a5d - config_tests.wasm!std::sys::backtrace::__rust_end_short_backtrace::h4c38003a22ca226f
    9: 0x1a693e2 - config_tests.wasm!__rustc[5224e6b81cd82a8f]::rust_begin_unwind
   10: 0x1a72d4c - config_tests.wasm!core::panicking::panic_fmt::h4e32e8d1cab5f47e
   11: 0x1a747a2 - config_tests.wasm!core::panicking::assert_failed_inner::hf7ede4d3870aaaec
   12: 0x1a578e2 - config_tests.wasm!core::panicking::assert_failed::h168e3f8c09ecb509
   13: 0x1a0f68a - config_tests.wasm!config_tests::order_tests_v2::test_check_order_expired::h81deea442bbcb578
   14: 0x1a5616c - config_tests.wasm!spin-test-test-check-order-expired
Caused by: wasm trap: wasm `unreachable` instruction executed

---- test-request-extension-invalid-days ----
test 'spin-test-test-request-extension-invalid-days' failed 
Caused by: error while executing at wasm backtrace:
    0: 0x1a6ca23 - config_tests.wasm!abort
    1: 0x1a68802 - config_tests.wasm!std::sys::pal::wasi::helpers::abort_internal::hcc3b2e0cde3c9001
    2: 0x1a67431 - config_tests.wasm!std::process::abort::h0e38511b4c8b6f04
    3: 0x1a67427 - config_tests.wasm!__rustc[5224e6b81cd82a8f]::__rust_abort
    4: 0x1a69c05 - config_tests.wasm!__rustc[5224e6b81cd82a8f]::__rust_start_panic
    5: 0x1a69a76 - config_tests.wasm!__rustc[5224e6b81cd82a8f]::rust_panic
    6: 0x1a699fb - config_tests.wasm!std::panicking::rust_panic_with_hook::h085fb375cd657b2f
    7: 0x1a68b23 - config_tests.wasm!std::panicking::begin_panic_handler::{{closure}}::he68af7f9d5c53e56
    8: 0x1a68a5d - config_tests.wasm!std::sys::backtrace::__rust_end_short_backtrace::h4c38003a22ca226f
    9: 0x1a693e2 - config_tests.wasm!__rustc[5224e6b81cd82a8f]::rust_begin_unwind
   10: 0x1a72d4c - config_tests.wasm!core::panicking::panic_fmt::h4e32e8d1cab5f47e
   11: 0x1a35d71 - config_tests.wasm!config_tests::deadline_tests_v2::test_request_extension_invalid_days::h515797573172b97a
   12: 0x1a57a4a - config_tests.wasm!spin-test-test-request-extension-invalid-days
Caused by: wasm trap: wasm `unreachable` instruction executed

---- test-get-urgent-deadlines ----
test 'spin-test-test-get-urgent-deadlines' failed 
Caused by: error while executing at wasm backtrace:
    0: 0x1a6ca23 - config_tests.wasm!abort
    1: 0x1a68802 - config_tests.wasm!std::sys::pal::wasi::helpers::abort_internal::hcc3b2e0cde3c9001
    2: 0x1a67431 - config_tests.wasm!std::process::abort::h0e38511b4c8b6f04
    3: 0x1a67427 - config_tests.wasm!__rustc[5224e6b81cd82a8f]::__rust_abort
    4: 0x1a69c05 - config_tests.wasm!__rustc[5224e6b81cd82a8f]::__rust_start_panic
    5: 0x1a69a76 - config_tests.wasm!__rustc[5224e6b81cd82a8f]::rust_panic
    6: 0x1a699fb - config_tests.wasm!std::panicking::rust_panic_with_hook::h085fb375cd657b2f
    7: 0x1a68b23 - config_tests.wasm!std::panicking::begin_panic_handler::{{closure}}::he68af7f9d5c53e56
    8: 0x1a68a5d - config_tests.wasm!std::sys::backtrace::__rust_end_short_backtrace::h4c38003a22ca226f
    9: 0x1a693e2 - config_tests.wasm!__rustc[5224e6b81cd82a8f]::rust_begin_unwind
   10: 0x1a72d4c - config_tests.wasm!core::panicking::panic_fmt::h4e32e8d1cab5f47e
   11: 0x1a2ead1 - config_tests.wasm!config_tests::deadline_tests_v2::test_get_urgent_deadlines::h11036321c01e81a6
   12: 0x1a57a59 - config_tests.wasm!spin-test-test-get-urgent-deadlines
Caused by: wasm trap: wasm `unreachable` instruction executed

---- test-create-attorney-success ----
test 'spin-test-test-create-attorney-success' failed 
Caused by: error while executing at wasm backtrace:
    0: 0x1a6ca23 - config_tests.wasm!abort
    1: 0x1a68802 - config_tests.wasm!std::sys::pal::wasi::helpers::abort_internal::hcc3b2e0cde3c9001
    2: 0x1a67431 - config_tests.wasm!std::process::abort::h0e38511b4c8b6f04
    3: 0x1a67427 - config_tests.wasm!__rustc[5224e6b81cd82a8f]::__rust_abort
    4: 0x1a69c05 - config_tests.wasm!__rustc[5224e6b81cd82a8f]::__rust_start_panic
    5: 0x1a69a76 - config_tests.wasm!__rustc[5224e6b81cd82a8f]::rust_panic
    6: 0x1a699fb - config_tests.wasm!std::panicking::rust_panic_with_hook::h085fb375cd657b2f
    7: 0x1a68af1 - config_tests.wasm!std::panicking::begin_panic_handler::{{closure}}::he68af7f9d5c53e56
    8: 0x1a68a5d - config_tests.wasm!std::sys::backtrace::__rust_end_short_backtrace::h4c38003a22ca226f
    9: 0x1a693e2 - config_tests.wasm!__rustc[5224e6b81cd82a8f]::rust_begin_unwind
   10: 0x1a72d4c - config_tests.wasm!core::panicking::panic_fmt::h4e32e8d1cab5f47e
   11: 0x1a44bea - config_tests.wasm!config_tests::attorney_tests_v2::test_create_attorney_success::hc4f2b90cf9966e58
   12: 0x1a57b3a - config_tests.wasm!spin-test-test-create-attorney-success
Caused by: wasm trap: wasm `unreachable` instruction executed

---- test-create-deadline-missing-case-id ----
test 'spin-test-test-create-deadline-missing-case-id' failed 
Caused by: error while executing at wasm backtrace:
    0: 0x1a6ca23 - config_tests.wasm!abort
    1: 0x1a68802 - config_tests.wasm!std::sys::pal::wasi::helpers::abort_internal::hcc3b2e0cde3c9001
    2: 0x1a67431 - config_tests.wasm!std::process::abort::h0e38511b4c8b6f04
    3: 0x1a67427 - config_tests.wasm!__rustc[5224e6b81cd82a8f]::__rust_abort
    4: 0x1a69c05 - config_tests.wasm!__rustc[5224e6b81cd82a8f]::__rust_start_panic
    5: 0x1a69a76 - config_tests.wasm!__rustc[5224e6b81cd82a8f]::rust_panic
    6: 0x1a699fb - config_tests.wasm!std::panicking::rust_panic_with_hook::h085fb375cd657b2f
    7: 0x1a68b23 - config_tests.wasm!std::panicking::begin_panic_handler::{{closure}}::he68af7f9d5c53e56
    8: 0x1a68a5d - config_tests.wasm!std::sys::backtrace::__rust_end_short_backtrace::h4c38003a22ca226f
    9: 0x1a693e2 - config_tests.wasm!__rustc[5224e6b81cd82a8f]::rust_begin_unwind
   10: 0x1a72d4c - config_tests.wasm!core::panicking::panic_fmt::h4e32e8d1cab5f47e
   11: 0x1a2d68b - config_tests.wasm!config_tests::deadline_tests_v2::test_create_deadline_missing_case_id::h7de483bb6ffa1e22
   12: 0x1a57a77 - config_tests.wasm!spin-test-test-create-deadline-missing-case-id
Caused by: wasm trap: wasm `unreachable` instruction executed

---- test-create-order-success ----
test 'spin-test-test-create-order-success' failed 
Caused by: error while executing at wasm backtrace:
    0: 0x1a6ca23 - config_tests.wasm!abort
    1: 0x1a68802 - config_tests.wasm!std::sys::pal::wasi::helpers::abort_internal::hcc3b2e0cde3c9001
    2: 0x1a67431 - config_tests.wasm!std::process::abort::h0e38511b4c8b6f04
    3: 0x1a67427 - config_tests.wasm!__rustc[5224e6b81cd82a8f]::__rust_abort
    4: 0x1a69c05 - config_tests.wasm!__rustc[5224e6b81cd82a8f]::__rust_start_panic
    5: 0x1a69a76 - config_tests.wasm!__rustc[5224e6b81cd82a8f]::rust_panic
    6: 0x1a699fb - config_tests.wasm!std::panicking::rust_panic_with_hook::h085fb375cd657b2f
    7: 0x1a68af1 - config_tests.wasm!std::panicking::begin_panic_handler::{{closure}}::he68af7f9d5c53e56
    8: 0x1a68a5d - config_tests.wasm!std::sys::backtrace::__rust_end_short_backtrace::h4c38003a22ca226f
    9: 0x1a693e2 - config_tests.wasm!__rustc[5224e6b81cd82a8f]::rust_begin_unwind
   10: 0x1a72d4c - config_tests.wasm!core::panicking::panic_fmt::h4e32e8d1cab5f47e
   11: 0x1a077ec - config_tests.wasm!config_tests::order_tests_v2::test_create_order_success::haa5b485d4cb7f693
   12: 0x1a550f5 - config_tests.wasm!spin-test-test-create-order-success
Caused by: wasm trap: wasm `unreachable` instruction executed

---- test-deadline-multi-tenant-isolation ----
test 'spin-test-test-deadline-multi-tenant-isolation' failed 
Caused by: error while executing at wasm backtrace:
    0: 0x1a6ca23 - config_tests.wasm!abort
    1: 0x1a68802 - config_tests.wasm!std::sys::pal::wasi::helpers::abort_internal::hcc3b2e0cde3c9001
    2: 0x1a67431 - config_tests.wasm!std::process::abort::h0e38511b4c8b6f04
    3: 0x1a67427 - config_tests.wasm!__rustc[5224e6b81cd82a8f]::__rust_abort
    4: 0x1a69c05 - config_tests.wasm!__rustc[5224e6b81cd82a8f]::__rust_start_panic
    5: 0x1a69a76 - config_tests.wasm!__rustc[5224e6b81cd82a8f]::rust_panic
    6: 0x1a699fb - config_tests.wasm!std::panicking::rust_panic_with_hook::h085fb375cd657b2f
    7: 0x1a68b23 - config_tests.wasm!std::panicking::begin_panic_handler::{{closure}}::he68af7f9d5c53e56
    8: 0x1a68a5d - config_tests.wasm!std::sys::backtrace::__rust_end_short_backtrace::h4c38003a22ca226f
    9: 0x1a693e2 - config_tests.wasm!__rustc[5224e6b81cd82a8f]::rust_begin_unwind
   10: 0x1a72d4c - config_tests.wasm!core::panicking::panic_fmt::h4e32e8d1cab5f47e
   11: 0x1a6e417 - config_tests.wasm!core::panicking::panic::h42b72918664c199b
   12: 0x1a338ca - config_tests.wasm!config_tests::deadline_tests_v2::test_deadline_multi_tenant_isolation::hcc9281c96f2697be
   13: 0x1a55050 - config_tests.wasm!spin-test-test-deadline-multi-tenant-isolation
Caused by: wasm trap: wasm `unreachable` instruction executed

---- test-get-deadline-by-id ----
test 'spin-test-test-get-deadline-by-id' failed 
Caused by: error while executing at wasm backtrace:
    0: 0x1a6ca23 - config_tests.wasm!abort
    1: 0x1a68802 - config_tests.wasm!std::sys::pal::wasi::helpers::abort_internal::hcc3b2e0cde3c9001
    2: 0x1a67431 - config_tests.wasm!std::process::abort::h0e38511b4c8b6f04
    3: 0x1a67427 - config_tests.wasm!__rustc[5224e6b81cd82a8f]::__rust_abort
    4: 0x1a69c05 - config_tests.wasm!__rustc[5224e6b81cd82a8f]::__rust_start_panic
    5: 0x1a69a76 - config_tests.wasm!__rustc[5224e6b81cd82a8f]::rust_panic
    6: 0x1a699fb - config_tests.wasm!std::panicking::rust_panic_with_hook::h085fb375cd657b2f
    7: 0x1a68af1 - config_tests.wasm!std::panicking::begin_panic_handler::{{closure}}::he68af7f9d5c53e56
    8: 0x1a68a5d - config_tests.wasm!std::sys::backtrace::__rust_end_short_backtrace::h4c38003a22ca226f
    9: 0x1a693e2 - config_tests.wasm!__rustc[5224e6b81cd82a8f]::rust_begin_unwind
   10: 0x1a72d4c - config_tests.wasm!core::panicking::panic_fmt::h4e32e8d1cab5f47e
   11: 0x1a747a2 - config_tests.wasm!core::panicking::assert_failed_inner::hf7ede4d3870aaaec
   12: 0x1a578e2 - config_tests.wasm!core::panicking::assert_failed::h168e3f8c09ecb509
   13: 0x1a2e4ba - config_tests.wasm!config_tests::deadline_tests_v2::test_get_deadline_by_id::hb228877dc70b4261
   14: 0x1a57a68 - config_tests.wasm!spin-test-test-get-deadline-by-id
Caused by: wasm trap: wasm `unreachable` instruction executed

---- test-create-docket-entry-success ----
test 'spin-test-test-create-docket-entry-success' failed 
Caused by: error while executing at wasm backtrace:
    0: 0x1a6ca23 - config_tests.wasm!abort
    1: 0x1a68802 - config_tests.wasm!std::sys::pal::wasi::helpers::abort_internal::hcc3b2e0cde3c9001
    2: 0x1a67431 - config_tests.wasm!std::process::abort::h0e38511b4c8b6f04
    3: 0x1a67427 - config_tests.wasm!__rustc[5224e6b81cd82a8f]::__rust_abort
    4: 0x1a69c05 - config_tests.wasm!__rustc[5224e6b81cd82a8f]::__rust_start_panic
    5: 0x1a69a76 - config_tests.wasm!__rustc[5224e6b81cd82a8f]::rust_panic
    6: 0x1a699fb - config_tests.wasm!std::panicking::rust_panic_with_hook::h085fb375cd657b2f
    7: 0x1a68af1 - config_tests.wasm!std::panicking::begin_panic_handler::{{closure}}::he68af7f9d5c53e56
    8: 0x1a68a5d - config_tests.wasm!std::sys::backtrace::__rust_end_short_backtrace::h4c38003a22ca226f
    9: 0x1a693e2 - config_tests.wasm!__rustc[5224e6b81cd82a8f]::rust_begin_unwind
   10: 0x1a72d4c - config_tests.wasm!core::panicking::panic_fmt::h4e32e8d1cab5f47e
   11: 0x19fa119 - config_tests.wasm!config_tests::docket_tests_v2::test_create_docket_entry_success::hd168a78bc14c9773
   12: 0x1a57a86 - config_tests.wasm!spin-test-test-create-docket-entry-success
Caused by: wasm trap: wasm `unreachable` instruction executed

---- test-get-sentencing-by-id ----
test 'spin-test-test-get-sentencing-by-id' failed 
Caused by: error while executing at wasm backtrace:
    0: 0x1a6ca23 - config_tests.wasm!abort
    1: 0x1a68802 - config_tests.wasm!std::sys::pal::wasi::helpers::abort_internal::hcc3b2e0cde3c9001
    2: 0x1a67431 - config_tests.wasm!std::process::abort::h0e38511b4c8b6f04
    3: 0x1a67427 - config_tests.wasm!__rustc[5224e6b81cd82a8f]::__rust_abort
    4: 0x1a69c05 - config_tests.wasm!__rustc[5224e6b81cd82a8f]::__rust_start_panic
    5: 0x1a69a76 - config_tests.wasm!__rustc[5224e6b81cd82a8f]::rust_panic
    6: 0x1a699fb - config_tests.wasm!std::panicking::rust_panic_with_hook::h085fb375cd657b2f
    7: 0x1a68af1 - config_tests.wasm!std::panicking::begin_panic_handler::{{closure}}::he68af7f9d5c53e56
    8: 0x1a68a5d - config_tests.wasm!std::sys::backtrace::__rust_end_short_backtrace::h4c38003a22ca226f
    9: 0x1a693e2 - config_tests.wasm!__rustc[5224e6b81cd82a8f]::rust_begin_unwind
   10: 0x1a72d4c - config_tests.wasm!core::panicking::panic_fmt::h4e32e8d1cab5f47e
   11: 0x1a747a2 - config_tests.wasm!core::panicking::assert_failed_inner::hf7ede4d3870aaaec
   12: 0x1a578e2 - config_tests.wasm!core::panicking::assert_failed::h168e3f8c09ecb509
   13: 0x19ec0dd - config_tests.wasm!config_tests::sentencing_tests_v2::test_get_sentencing_by_id::h299efd516a940df1
   14: 0x1a560e5 - config_tests.wasm!spin-test-test-get-sentencing-by-id
Caused by: wasm trap: wasm `unreachable` instruction executed

---- test-list-all-attorneys ----
test 'spin-test-test-list-all-attorneys' failed 
Caused by: error while executing at wasm backtrace:
    0: 0x1a6ca23 - config_tests.wasm!abort
    1: 0x1a68802 - config_tests.wasm!std::sys::pal::wasi::helpers::abort_internal::hcc3b2e0cde3c9001
    2: 0x1a67431 - config_tests.wasm!std::process::abort::h0e38511b4c8b6f04
    3: 0x1a67427 - config_tests.wasm!__rustc[5224e6b81cd82a8f]::__rust_abort
    4: 0x1a69c05 - config_tests.wasm!__rustc[5224e6b81cd82a8f]::__rust_start_panic
    5: 0x1a69a76 - config_tests.wasm!__rustc[5224e6b81cd82a8f]::rust_panic
    6: 0x1a699fb - config_tests.wasm!std::panicking::rust_panic_with_hook::h085fb375cd657b2f
    7: 0x1a68b23 - config_tests.wasm!std::panicking::begin_panic_handler::{{closure}}::he68af7f9d5c53e56
    8: 0x1a68a5d - config_tests.wasm!std::sys::backtrace::__rust_end_short_backtrace::h4c38003a22ca226f
    9: 0x1a693e2 - config_tests.wasm!__rustc[5224e6b81cd82a8f]::rust_begin_unwind
   10: 0x1a72d4c - config_tests.wasm!core::panicking::panic_fmt::h4e32e8d1cab5f47e
   11: 0x1a4612c - config_tests.wasm!config_tests::attorney_tests_v2::test_list_all_attorneys::h9b81ec52a3e06f26
   12: 0x1a57b0d - config_tests.wasm!spin-test-test-list-all-attorneys
Caused by: wasm trap: wasm `unreachable` instruction executed

---- test-get-speedy-trial-violations ----
test 'spin-test-test-get-speedy-trial-violations' failed 
Caused by: error while executing at wasm backtrace:
    0: 0x1a6ca23 - config_tests.wasm!abort
    1: 0x1a68802 - config_tests.wasm!std::sys::pal::wasi::helpers::abort_internal::hcc3b2e0cde3c9001
    2: 0x1a67431 - config_tests.wasm!std::process::abort::h0e38511b4c8b6f04
    3: 0x1a67427 - config_tests.wasm!__rustc[5224e6b81cd82a8f]::__rust_abort
    4: 0x1a69c05 - config_tests.wasm!__rustc[5224e6b81cd82a8f]::__rust_start_panic
    5: 0x1a69a76 - config_tests.wasm!__rustc[5224e6b81cd82a8f]::rust_panic
    6: 0x1a699fb - config_tests.wasm!std::panicking::rust_panic_with_hook::h085fb375cd657b2f
    7: 0x1a68b23 - config_tests.wasm!std::panicking::begin_panic_handler::{{closure}}::he68af7f9d5c53e56
    8: 0x1a68a5d - config_tests.wasm!std::sys::backtrace::__rust_end_short_backtrace::h4c38003a22ca226f
    9: 0x1a693e2 - config_tests.wasm!__rustc[5224e6b81cd82a8f]::rust_begin_unwind
   10: 0x1a72d4c - config_tests.wasm!core::panicking::panic_fmt::h4e32e8d1cab5f47e
   11: 0x1a00070 - config_tests.wasm!config_tests::docket_tests_v2::test_get_speedy_trial_violations::h252b6ca5c85e75b5
   12: 0x1a5508c - config_tests.wasm!spin-test-test-get-speedy-trial-violations
Caused by: wasm trap: wasm `unreachable` instruction executed

---- test-get-case-by-id-not-found ----
test 'spin-test-test-get-case-by-id-not-found' failed 
Caused by: error while executing at wasm backtrace:
    0: 0x1a6ca23 - config_tests.wasm!abort
    1: 0x1a68802 - config_tests.wasm!std::sys::pal::wasi::helpers::abort_internal::hcc3b2e0cde3c9001
    2: 0x1a67431 - config_tests.wasm!std::process::abort::h0e38511b4c8b6f04
    3: 0x1a67427 - config_tests.wasm!__rustc[5224e6b81cd82a8f]::__rust_abort
    4: 0x1a69c05 - config_tests.wasm!__rustc[5224e6b81cd82a8f]::__rust_start_panic
    5: 0x1a69a76 - config_tests.wasm!__rustc[5224e6b81cd82a8f]::rust_panic
    6: 0x1a699fb - config_tests.wasm!std::panicking::rust_panic_with_hook::h085fb375cd657b2f
    7: 0x1a68af1 - config_tests.wasm!std::panicking::begin_panic_handler::{{closure}}::he68af7f9d5c53e56
    8: 0x1a68a5d - config_tests.wasm!std::sys::backtrace::__rust_end_short_backtrace::h4c38003a22ca226f
    9: 0x1a693e2 - config_tests.wasm!__rustc[5224e6b81cd82a8f]::rust_begin_unwind
   10: 0x1a72d4c - config_tests.wasm!core::panicking::panic_fmt::h4e32e8d1cab5f47e
   11: 0x1a747a2 - config_tests.wasm!core::panicking::assert_failed_inner::hf7ede4d3870aaaec
   12: 0x1a578e2 - config_tests.wasm!core::panicking::assert_failed::h168e3f8c09ecb509
   13: 0x1a22af7 - config_tests.wasm!config_tests::criminal_case_tests_v2::test_get_case_by_id_not_found::h98bde743d3cc63a5
   14: 0x1a56614 - config_tests.wasm!spin-test-test-get-case-by-id-not-found
Caused by: wasm trap: wasm `unreachable` instruction executed

---- test-create-sentencing-success ----
test 'spin-test-test-create-sentencing-success' failed 
Caused by: error while executing at wasm backtrace:
    0: 0x1a6ca23 - config_tests.wasm!abort
    1: 0x1a68802 - config_tests.wasm!std::sys::pal::wasi::helpers::abort_internal::hcc3b2e0cde3c9001
    2: 0x1a67431 - config_tests.wasm!std::process::abort::h0e38511b4c8b6f04
    3: 0x1a67427 - config_tests.wasm!__rustc[5224e6b81cd82a8f]::__rust_abort
    4: 0x1a69c05 - config_tests.wasm!__rustc[5224e6b81cd82a8f]::__rust_start_panic
    5: 0x1a69a76 - config_tests.wasm!__rustc[5224e6b81cd82a8f]::rust_panic
    6: 0x1a699fb - config_tests.wasm!std::panicking::rust_panic_with_hook::h085fb375cd657b2f
    7: 0x1a68af1 - config_tests.wasm!std::panicking::begin_panic_handler::{{closure}}::he68af7f9d5c53e56
    8: 0x1a68a5d - config_tests.wasm!std::sys::backtrace::__rust_end_short_backtrace::h4c38003a22ca226f
    9: 0x1a693e2 - config_tests.wasm!__rustc[5224e6b81cd82a8f]::rust_begin_unwind
   10: 0x1a72d4c - config_tests.wasm!core::panicking::panic_fmt::h4e32e8d1cab5f47e
   11: 0x19ea773 - config_tests.wasm!config_tests::sentencing_tests_v2::test_create_sentencing_success::h72af0528729021d1
   12: 0x1a57a3b - config_tests.wasm!spin-test-test-create-sentencing-success
Caused by: wasm trap: wasm `unreachable` instruction executed

---- test-delete-docket-entry ----
test 'spin-test-test-delete-docket-entry' failed 
Caused by: error while executing at wasm backtrace:
    0: 0x1a6ca23 - config_tests.wasm!abort
    1: 0x1a68802 - config_tests.wasm!std::sys::pal::wasi::helpers::abort_internal::hcc3b2e0cde3c9001
    2: 0x1a67431 - config_tests.wasm!std::process::abort::h0e38511b4c8b6f04
    3: 0x1a67427 - config_tests.wasm!__rustc[5224e6b81cd82a8f]::__rust_abort
    4: 0x1a69c05 - config_tests.wasm!__rustc[5224e6b81cd82a8f]::__rust_start_panic
    5: 0x1a69a76 - config_tests.wasm!__rustc[5224e6b81cd82a8f]::rust_panic
    6: 0x1a699fb - config_tests.wasm!std::panicking::rust_panic_with_hook::h085fb375cd657b2f
    7: 0x1a68af1 - config_tests.wasm!std::panicking::begin_panic_handler::{{closure}}::he68af7f9d5c53e56
    8: 0x1a68a5d - config_tests.wasm!std::sys::backtrace::__rust_end_short_backtrace::h4c38003a22ca226f
    9: 0x1a693e2 - config_tests.wasm!__rustc[5224e6b81cd82a8f]::rust_begin_unwind
   10: 0x1a72d4c - config_tests.wasm!core::panicking::panic_fmt::h4e32e8d1cab5f47e
   11: 0x1a747a2 - config_tests.wasm!core::panicking::assert_failed_inner::hf7ede4d3870aaaec
   12: 0x1a578e2 - config_tests.wasm!core::panicking::assert_failed::h168e3f8c09ecb509
   13: 0x1a00872 - config_tests.wasm!config_tests::docket_tests_v2::test_delete_docket_entry::h15598a7ef0522f41
   14: 0x1a56130 - config_tests.wasm!spin-test-test-delete-docket-entry
Caused by: wasm trap: wasm `unreachable` instruction executed

---- test-url-based-routing ----
test 'spin-test-test-url-based-routing' failed 
Caused by: error while executing at wasm backtrace:
    0: 0x2850d4 - spin_test_virt.wasm!__rust_start_panic
    1: 0x284eb0 - spin_test_virt.wasm!rust_panic
    2: 0x284c66 - spin_test_virt.wasm!std::panicking::rust_panic_with_hook::h50e657195af0239c
    3: 0x284137 - spin_test_virt.wasm!std::panicking::begin_panic_handler::{{closure}}::h0187e6969a85aab0
    4: 0x284067 - spin_test_virt.wasm!std::sys_common::backtrace::__rust_end_short_backtrace::h575fb82445d56667
    5: 0x2847fe - spin_test_virt.wasm!rust_begin_unwind
    6: 0x29768f - spin_test_virt.wasm!core::panicking::panic_fmt::ha6764f2272b7fb95
    7: 0x298da7 - spin_test_virt.wasm!core::panicking::panic::h864593189f35325f
    8: 0x41b0f - spin_test_virt.wasm!<spin_test_virt::wasi::http::Fields as spin_test_virt::bindings::exports::wasi::http::types::GuestFields>::set::habf51fbb9be39bbf
    9: 0x9e139 - spin_test_virt.wasm!spin_test_virt::bindings::exports::wasi::http::types::_export_method_fields_set_cabi::h5abb92c0326716a9
   10: 0x86ca3 - spin_test_virt.wasm!wasi:http/types@0.2.0#[method]fields.set
   11:  0xf56 - <unknown>!<wasm function 66>
   12: 0x18db703 - wit-component:shim!indirect-wasi:http/types@0.2.0-[method]fields.set
   13: 0xc8fd85 - spin_utopia.wasm!spin_sdk::wit::wasi::http0_2_0::types::Fields::set::he886307fa344c000
   14: 0xbd0bfc - spin_utopia.wasm!spin_utopia::handlers::opinion_url::add_district_header::he19a54280b743209
   15: 0xbd1096 - spin_utopia.wasm!spin_utopia::handlers::judge_url::get_all_judges::h71c1b48997ddaeb9
   16: 0x48ad39 - spin_utopia.wasm!<F as spin_sdk::http::router::Handler>::handle::{{closure}}::hafe561f05a2bc265
   17: 0xc985d3 - spin_utopia.wasm!<alloc::boxed::Box<dyn spin_sdk::http::router::Handler> as spin_sdk::http::router::Handler>::handle::{{closure}}::h1b6255c66b0e82da
   18: 0x4eee85 - spin_utopia.wasm!spin_executor::run::h5e53f2e63611faf5
   19: 0x4ee766 - spin_utopia.wasm!spin_utopia::handle_spin_todo_api::{{closure}}::haaee0c45a36a0cd2
   20: 0x4eaef0 - spin_utopia.wasm!spin_executor::run::h5543f9eff02f4bcf
   21: 0xbabe6f - spin_utopia.wasm!wasi:http/incoming-handler@0.2.0#handle
   22: 0x5795 - <unknown>!<wasm function 104>
   23: 0x19310dc - router.wasm!<router::Component as router::bindings::exports::wasi::http::incoming_handler::Guest>::handle::ha50de62a29cb8b3e
   24: 0x19319e0 - router.wasm!wasi:http/incoming-handler@0.2.0#handle
   25: 0x20c0 - <unknown>!<wasm function 55>
   26: 0x1a65a05 - config_tests.wasm!spin_test_sdk::perform_request::h8724e91b3678e35f
   27: 0x1a3d36a - config_tests.wasm!config_tests::judge_tests_proper::test_url_based_routing::h4dcb10f706f8d3f6
   28: 0x1a565ab - config_tests.wasm!spin-test-test-url-based-routing
Caused by: wasm trap: wasm `unreachable` instruction executed

---- test-get-sentencing-by-case ----
test 'spin-test-test-get-sentencing-by-case' failed 
Caused by: error while executing at wasm backtrace:
    0: 0x1a6ca23 - config_tests.wasm!abort
    1: 0x1a68802 - config_tests.wasm!std::sys::pal::wasi::helpers::abort_internal::hcc3b2e0cde3c9001
    2: 0x1a67431 - config_tests.wasm!std::process::abort::h0e38511b4c8b6f04
    3: 0x1a67427 - config_tests.wasm!__rustc[5224e6b81cd82a8f]::__rust_abort
    4: 0x1a69c05 - config_tests.wasm!__rustc[5224e6b81cd82a8f]::__rust_start_panic
    5: 0x1a69a76 - config_tests.wasm!__rustc[5224e6b81cd82a8f]::rust_panic
    6: 0x1a699fb - config_tests.wasm!std::panicking::rust_panic_with_hook::h085fb375cd657b2f
    7: 0x1a68af1 - config_tests.wasm!std::panicking::begin_panic_handler::{{closure}}::he68af7f9d5c53e56
    8: 0x1a68a5d - config_tests.wasm!std::sys::backtrace::__rust_end_short_backtrace::h4c38003a22ca226f
    9: 0x1a693e2 - config_tests.wasm!__rustc[5224e6b81cd82a8f]::rust_begin_unwind
   10: 0x1a72d4c - config_tests.wasm!core::panicking::panic_fmt::h4e32e8d1cab5f47e
   11: 0x1a747a2 - config_tests.wasm!core::panicking::assert_failed_inner::hf7ede4d3870aaaec
   12: 0x1a578e2 - config_tests.wasm!core::panicking::assert_failed::h168e3f8c09ecb509
   13: 0x19ec543 - config_tests.wasm!config_tests::sentencing_tests_v2::test_get_sentencing_by_case::h90940b54c1f12977
   14: 0x1a55023 - config_tests.wasm!spin-test-test-get-sentencing-by-case
Caused by: wasm trap: wasm `unreachable` instruction executed

---- test-header-routing-matches-url-routing ----
test 'spin-test-test-header-routing-matches-url-routing' failed 
Caused by: error while executing at wasm backtrace:
    0: 0x2850d4 - spin_test_virt.wasm!__rust_start_panic
    1: 0x284eb0 - spin_test_virt.wasm!rust_panic
    2: 0x284c66 - spin_test_virt.wasm!std::panicking::rust_panic_with_hook::h50e657195af0239c
    3: 0x284137 - spin_test_virt.wasm!std::panicking::begin_panic_handler::{{closure}}::h0187e6969a85aab0
    4: 0x284067 - spin_test_virt.wasm!std::sys_common::backtrace::__rust_end_short_backtrace::h575fb82445d56667
    5: 0x2847fe - spin_test_virt.wasm!rust_begin_unwind
    6: 0x29768f - spin_test_virt.wasm!core::panicking::panic_fmt::ha6764f2272b7fb95
    7: 0x298da7 - spin_test_virt.wasm!core::panicking::panic::h864593189f35325f
    8: 0x41b0f - spin_test_virt.wasm!<spin_test_virt::wasi::http::Fields as spin_test_virt::bindings::exports::wasi::http::types::GuestFields>::set::habf51fbb9be39bbf
    9: 0x9e139 - spin_test_virt.wasm!spin_test_virt::bindings::exports::wasi::http::types::_export_method_fields_set_cabi::h5abb92c0326716a9
   10: 0x86ca3 - spin_test_virt.wasm!wasi:http/types@0.2.0#[method]fields.set
   11:  0xf56 - <unknown>!<wasm function 66>
   12: 0x18db703 - wit-component:shim!indirect-wasi:http/types@0.2.0-[method]fields.set
   13: 0xc8fd85 - spin_utopia.wasm!spin_sdk::wit::wasi::http0_2_0::types::Fields::set::he886307fa344c000
   14: 0xbd0bfc - spin_utopia.wasm!spin_utopia::handlers::opinion_url::add_district_header::he19a54280b743209
   15: 0xbd1096 - spin_utopia.wasm!spin_utopia::handlers::judge_url::get_all_judges::h71c1b48997ddaeb9
   16: 0x48ad39 - spin_utopia.wasm!<F as spin_sdk::http::router::Handler>::handle::{{closure}}::hafe561f05a2bc265
   17: 0xc985d3 - spin_utopia.wasm!<alloc::boxed::Box<dyn spin_sdk::http::router::Handler> as spin_sdk::http::router::Handler>::handle::{{closure}}::h1b6255c66b0e82da
   18: 0x4eee85 - spin_utopia.wasm!spin_executor::run::h5e53f2e63611faf5
   19: 0x4ee766 - spin_utopia.wasm!spin_utopia::handle_spin_todo_api::{{closure}}::haaee0c45a36a0cd2
   20: 0x4eaef0 - spin_utopia.wasm!spin_executor::run::h5543f9eff02f4bcf
   21: 0xbabe6f - spin_utopia.wasm!wasi:http/incoming-handler@0.2.0#handle
   22: 0x5795 - <unknown>!<wasm function 104>
   23: 0x19310dc - router.wasm!<router::Component as router::bindings::exports::wasi::http::incoming_handler::Guest>::handle::ha50de62a29cb8b3e
   24: 0x19319e0 - router.wasm!wasi:http/incoming-handler@0.2.0#handle
   25: 0x20c0 - <unknown>!<wasm function 55>
   26: 0x1a65a05 - config_tests.wasm!spin_test_sdk::perform_request::h8724e91b3678e35f
   27: 0x1a4ad77 - config_tests.wasm!config_tests::header_routing_tests::make_request_no_header::h653ba474ca0fbec2
   28: 0x1a4d471 - config_tests.wasm!config_tests::header_routing_tests::test_header_routing_matches_url_routing::hadb8c91ef6018bdb
   29: 0x1a5623e - config_tests.wasm!spin-test-test-header-routing-matches-url-routing
Caused by: wasm trap: wasm `unreachable` instruction executed

---- test-update-case-status ----
test 'spin-test-test-update-case-status' failed 
Caused by: error while executing at wasm backtrace:
    0: 0x1a6ca23 - config_tests.wasm!abort
    1: 0x1a68802 - config_tests.wasm!std::sys::pal::wasi::helpers::abort_internal::hcc3b2e0cde3c9001
    2: 0x1a67431 - config_tests.wasm!std::process::abort::h0e38511b4c8b6f04
    3: 0x1a67427 - config_tests.wasm!__rustc[5224e6b81cd82a8f]::__rust_abort
    4: 0x1a69c05 - config_tests.wasm!__rustc[5224e6b81cd82a8f]::__rust_start_panic
    5: 0x1a69a76 - config_tests.wasm!__rustc[5224e6b81cd82a8f]::rust_panic
    6: 0x1a699fb - config_tests.wasm!std::panicking::rust_panic_with_hook::h085fb375cd657b2f
    7: 0x1a68af1 - config_tests.wasm!std::panicking::begin_panic_handler::{{closure}}::he68af7f9d5c53e56
    8: 0x1a68a5d - config_tests.wasm!std::sys::backtrace::__rust_end_short_backtrace::h4c38003a22ca226f
    9: 0x1a693e2 - config_tests.wasm!__rustc[5224e6b81cd82a8f]::rust_begin_unwind
   10: 0x1a72d4c - config_tests.wasm!core::panicking::panic_fmt::h4e32e8d1cab5f47e
   11: 0x1a747a2 - config_tests.wasm!core::panicking::assert_failed_inner::hf7ede4d3870aaaec
   12: 0x1a578e2 - config_tests.wasm!core::panicking::assert_failed::h168e3f8c09ecb509
   13: 0x1a247e3 - config_tests.wasm!config_tests::criminal_case_tests_v2::test_update_case_status::h8b129c753133193f
   14: 0x1a56605 - config_tests.wasm!spin-test-test-update-case-status
Caused by: wasm trap: wasm `unreachable` instruction executed

---- test-config-requires-district-header ----
test 'spin-test-test-config-requires-district-header' failed 
Caused by: error while executing at wasm backtrace:
    0: 0x1a6ca23 - config_tests.wasm!abort
    1: 0x1a68802 - config_tests.wasm!std::sys::pal::wasi::helpers::abort_internal::hcc3b2e0cde3c9001
    2: 0x1a67431 - config_tests.wasm!std::process::abort::h0e38511b4c8b6f04
    3: 0x1a67427 - config_tests.wasm!__rustc[5224e6b81cd82a8f]::__rust_abort
    4: 0x1a69c05 - config_tests.wasm!__rustc[5224e6b81cd82a8f]::__rust_start_panic
    5: 0x1a69a76 - config_tests.wasm!__rustc[5224e6b81cd82a8f]::rust_panic
    6: 0x1a699fb - config_tests.wasm!std::panicking::rust_panic_with_hook::h085fb375cd657b2f
    7: 0x1a68b23 - config_tests.wasm!std::panicking::begin_panic_handler::{{closure}}::he68af7f9d5c53e56
    8: 0x1a68a5d - config_tests.wasm!std::sys::backtrace::__rust_end_short_backtrace::h4c38003a22ca226f
    9: 0x1a693e2 - config_tests.wasm!__rustc[5224e6b81cd82a8f]::rust_begin_unwind
   10: 0x1a72d4c - config_tests.wasm!core::panicking::panic_fmt::h4e32e8d1cab5f47e
   11: 0x1a4b61c - config_tests.wasm!config_tests::header_routing_tests::test_config_requires_district_header::h114382b129a3324b
   12: 0x1a57bb2 - config_tests.wasm!spin-test-test-config-requires-district-header
Caused by: wasm trap: wasm `unreachable` instruction executed

---- test-docket-multi-tenant-isolation ----
test 'spin-test-test-docket-multi-tenant-isolation' failed 
Caused by: error while executing at wasm backtrace:
    0: 0x1a6ca23 - config_tests.wasm!abort
    1: 0x1a68802 - config_tests.wasm!std::sys::pal::wasi::helpers::abort_internal::hcc3b2e0cde3c9001
    2: 0x1a67431 - config_tests.wasm!std::process::abort::h0e38511b4c8b6f04
    3: 0x1a67427 - config_tests.wasm!__rustc[5224e6b81cd82a8f]::__rust_abort
    4: 0x1a69c05 - config_tests.wasm!__rustc[5224e6b81cd82a8f]::__rust_start_panic
    5: 0x1a69a76 - config_tests.wasm!__rustc[5224e6b81cd82a8f]::rust_panic
    6: 0x1a699fb - config_tests.wasm!std::panicking::rust_panic_with_hook::h085fb375cd657b2f
    7: 0x1a68b23 - config_tests.wasm!std::panicking::begin_panic_handler::{{closure}}::he68af7f9d5c53e56
    8: 0x1a68a5d - config_tests.wasm!std::sys::backtrace::__rust_end_short_backtrace::h4c38003a22ca226f
    9: 0x1a693e2 - config_tests.wasm!__rustc[5224e6b81cd82a8f]::rust_begin_unwind
   10: 0x1a72d4c - config_tests.wasm!core::panicking::panic_fmt::h4e32e8d1cab5f47e
   11: 0x1a6e417 - config_tests.wasm!core::panicking::panic::h42b72918664c199b
   12: 0x1a01dbe - config_tests.wasm!config_tests::docket_tests_v2::test_docket_multi_tenant_isolation::h9a9c08fd92ed4232
   13: 0x1a5507d - config_tests.wasm!spin-test-test-docket-multi-tenant-isolation
Caused by: wasm trap: wasm `unreachable` instruction executed

---- test-multi-tenancy-isolation ----
test 'spin-test-test-multi-tenancy-isolation' failed 
Caused by: error while executing at wasm backtrace:
    0: 0x1a6ca23 - config_tests.wasm!abort
    1: 0x1a68802 - config_tests.wasm!std::sys::pal::wasi::helpers::abort_internal::hcc3b2e0cde3c9001
    2: 0x1a67431 - config_tests.wasm!std::process::abort::h0e38511b4c8b6f04
    3: 0x1a67427 - config_tests.wasm!__rustc[5224e6b81cd82a8f]::__rust_abort
    4: 0x1a69c05 - config_tests.wasm!__rustc[5224e6b81cd82a8f]::__rust_start_panic
    5: 0x1a69a76 - config_tests.wasm!__rustc[5224e6b81cd82a8f]::rust_panic
    6: 0x1a699fb - config_tests.wasm!std::panicking::rust_panic_with_hook::h085fb375cd657b2f
    7: 0x1a68b23 - config_tests.wasm!std::panicking::begin_panic_handler::{{closure}}::he68af7f9d5c53e56
    8: 0x1a68a5d - config_tests.wasm!std::sys::backtrace::__rust_end_short_backtrace::h4c38003a22ca226f
    9: 0x1a693e2 - config_tests.wasm!__rustc[5224e6b81cd82a8f]::rust_begin_unwind
   10: 0x1a72d4c - config_tests.wasm!core::panicking::panic_fmt::h4e32e8d1cab5f47e
   11: 0x1a6e417 - config_tests.wasm!core::panicking::panic::h42b72918664c199b
   12: 0x1a3c042 - config_tests.wasm!config_tests::judge_tests_proper::test_multi_tenancy_isolation::habb8082dbbf5962b
   13: 0x1a56211 - config_tests.wasm!spin-test-test-multi-tenancy-isolation
Caused by: wasm trap: wasm `unreachable` instruction executed

---- test-get-filing-statistics ----
test 'spin-test-test-get-filing-statistics' failed 
Caused by: error while executing at wasm backtrace:
    0: 0x1a6ca23 - config_tests.wasm!abort
    1: 0x1a68802 - config_tests.wasm!std::sys::pal::wasi::helpers::abort_internal::hcc3b2e0cde3c9001
    2: 0x1a67431 - config_tests.wasm!std::process::abort::h0e38511b4c8b6f04
    3: 0x1a67427 - config_tests.wasm!__rustc[5224e6b81cd82a8f]::__rust_abort
    4: 0x1a69c05 - config_tests.wasm!__rustc[5224e6b81cd82a8f]::__rust_start_panic
    5: 0x1a69a76 - config_tests.wasm!__rustc[5224e6b81cd82a8f]::rust_panic
    6: 0x1a699fb - config_tests.wasm!std::panicking::rust_panic_with_hook::h085fb375cd657b2f
    7: 0x1a68af1 - config_tests.wasm!std::panicking::begin_panic_handler::{{closure}}::he68af7f9d5c53e56
    8: 0x1a68a5d - config_tests.wasm!std::sys::backtrace::__rust_end_short_backtrace::h4c38003a22ca226f
    9: 0x1a693e2 - config_tests.wasm!__rustc[5224e6b81cd82a8f]::rust_begin_unwind
   10: 0x1a72d4c - config_tests.wasm!core::panicking::panic_fmt::h4e32e8d1cab5f47e
   11: 0x1a747a2 - config_tests.wasm!core::panicking::assert_failed_inner::hf7ede4d3870aaaec
   12: 0x1a578e2 - config_tests.wasm!core::panicking::assert_failed::h168e3f8c09ecb509
   13: 0x1a0127c - config_tests.wasm!config_tests::docket_tests_v2::test_get_filing_statistics::hec2a98ab70613988
   14: 0x1a56112 - config_tests.wasm!spin-test-test-get-filing-statistics
Caused by: wasm trap: wasm `unreachable` instruction executed

---- test-create-deadline-missing-due-date ----
test 'spin-test-test-create-deadline-missing-due-date' failed 
Caused by: error while executing at wasm backtrace:
    0: 0x1a6ca23 - config_tests.wasm!abort
    1: 0x1a68802 - config_tests.wasm!std::sys::pal::wasi::helpers::abort_internal::hcc3b2e0cde3c9001
    2: 0x1a67431 - config_tests.wasm!std::process::abort::h0e38511b4c8b6f04
    3: 0x1a67427 - config_tests.wasm!__rustc[5224e6b81cd82a8f]::__rust_abort
    4: 0x1a69c05 - config_tests.wasm!__rustc[5224e6b81cd82a8f]::__rust_start_panic
    5: 0x1a69a76 - config_tests.wasm!__rustc[5224e6b81cd82a8f]::rust_panic
    6: 0x1a699fb - config_tests.wasm!std::panicking::rust_panic_with_hook::h085fb375cd657b2f
    7: 0x1a68b23 - config_tests.wasm!std::panicking::begin_panic_handler::{{closure}}::he68af7f9d5c53e56
    8: 0x1a68a5d - config_tests.wasm!std::sys::backtrace::__rust_end_short_backtrace::h4c38003a22ca226f
    9: 0x1a693e2 - config_tests.wasm!__rustc[5224e6b81cd82a8f]::rust_begin_unwind
   10: 0x1a72d4c - config_tests.wasm!core::panicking::panic_fmt::h4e32e8d1cab5f47e
   11: 0x1a2e005 - config_tests.wasm!config_tests::deadline_tests_v2::test_create_deadline_missing_due_date::he64497f5906dd31d
   12: 0x1a56103 - config_tests.wasm!spin-test-test-create-deadline-missing-due-date
Caused by: wasm trap: wasm `unreachable` instruction executed

---- test-publish-opinion ----
test 'spin-test-test-publish-opinion' failed 
Caused by: error while executing at wasm backtrace:
    0: 0x1a6ca23 - config_tests.wasm!abort
    1: 0x1a68802 - config_tests.wasm!std::sys::pal::wasi::helpers::abort_internal::hcc3b2e0cde3c9001
    2: 0x1a67431 - config_tests.wasm!std::process::abort::h0e38511b4c8b6f04
    3: 0x1a67427 - config_tests.wasm!__rustc[5224e6b81cd82a8f]::__rust_abort
    4: 0x1a69c05 - config_tests.wasm!__rustc[5224e6b81cd82a8f]::__rust_start_panic
    5: 0x1a69a76 - config_tests.wasm!__rustc[5224e6b81cd82a8f]::rust_panic
    6: 0x1a699fb - config_tests.wasm!std::panicking::rust_panic_with_hook::h085fb375cd657b2f
    7: 0x1a68af1 - config_tests.wasm!std::panicking::begin_panic_handler::{{closure}}::he68af7f9d5c53e56
    8: 0x1a68a5d - config_tests.wasm!std::sys::backtrace::__rust_end_short_backtrace::h4c38003a22ca226f
    9: 0x1a693e2 - config_tests.wasm!__rustc[5224e6b81cd82a8f]::rust_begin_unwind
   10: 0x1a72d4c - config_tests.wasm!core::panicking::panic_fmt::h4e32e8d1cab5f47e
   11: 0x1a747a2 - config_tests.wasm!core::panicking::assert_failed_inner::hf7ede4d3870aaaec
   12: 0x1a578e2 - config_tests.wasm!core::panicking::assert_failed::h168e3f8c09ecb509
   13: 0x1a199bc - config_tests.wasm!config_tests::opinion_tests_v2::test_publish_opinion::h0c1829de91519acc
   14: 0x1a56560 - config_tests.wasm!spin-test-test-publish-opinion
Caused by: wasm trap: wasm `unreachable` instruction executed

---- test-record-departure ----
test 'spin-test-test-record-departure' failed 
Caused by: error while executing at wasm backtrace:
    0: 0x1a6ca23 - config_tests.wasm!abort
    1: 0x1a68802 - config_tests.wasm!std::sys::pal::wasi::helpers::abort_internal::hcc3b2e0cde3c9001
    2: 0x1a67431 - config_tests.wasm!std::process::abort::h0e38511b4c8b6f04
    3: 0x1a67427 - config_tests.wasm!__rustc[5224e6b81cd82a8f]::__rust_abort
    4: 0x1a69c05 - config_tests.wasm!__rustc[5224e6b81cd82a8f]::__rust_start_panic
    5: 0x1a69a76 - config_tests.wasm!__rustc[5224e6b81cd82a8f]::rust_panic
    6: 0x1a699fb - config_tests.wasm!std::panicking::rust_panic_with_hook::h085fb375cd657b2f
    7: 0x1a68af1 - config_tests.wasm!std::panicking::begin_panic_handler::{{closure}}::he68af7f9d5c53e56
    8: 0x1a68a5d - config_tests.wasm!std::sys::backtrace::__rust_end_short_backtrace::h4c38003a22ca226f
    9: 0x1a693e2 - config_tests.wasm!__rustc[5224e6b81cd82a8f]::rust_begin_unwind
   10: 0x1a72d4c - config_tests.wasm!core::panicking::panic_fmt::h4e32e8d1cab5f47e
   11: 0x1a747a2 - config_tests.wasm!core::panicking::assert_failed_inner::hf7ede4d3870aaaec
   12: 0x1a578e2 - config_tests.wasm!core::panicking::assert_failed::h168e3f8c09ecb509
   13: 0x19efae5 - config_tests.wasm!config_tests::sentencing_tests_v2::test_record_departure::h47f1c7af374a1e9d
   14: 0x1a560d6 - config_tests.wasm!spin-test-test-record-departure
Caused by: wasm trap: wasm `unreachable` instruction executed

---- test-add-service-record ----
test 'spin-test-test-add-service-record' failed 
Caused by: error while executing at wasm backtrace:
    0: 0x1a6ca23 - config_tests.wasm!abort
    1: 0x1a68802 - config_tests.wasm!std::sys::pal::wasi::helpers::abort_internal::hcc3b2e0cde3c9001
    2: 0x1a67431 - config_tests.wasm!std::process::abort::h0e38511b4c8b6f04
    3: 0x1a67427 - config_tests.wasm!__rustc[5224e6b81cd82a8f]::__rust_abort
    4: 0x1a69c05 - config_tests.wasm!__rustc[5224e6b81cd82a8f]::__rust_start_panic
    5: 0x1a69a76 - config_tests.wasm!__rustc[5224e6b81cd82a8f]::rust_panic
    6: 0x1a699fb - config_tests.wasm!std::panicking::rust_panic_with_hook::h085fb375cd657b2f
    7: 0x1a68af1 - config_tests.wasm!std::panicking::begin_panic_handler::{{closure}}::he68af7f9d5c53e56
    8: 0x1a68a5d - config_tests.wasm!std::sys::backtrace::__rust_end_short_backtrace::h4c38003a22ca226f
    9: 0x1a693e2 - config_tests.wasm!__rustc[5224e6b81cd82a8f]::rust_begin_unwind
   10: 0x1a72d4c - config_tests.wasm!core::panicking::panic_fmt::h4e32e8d1cab5f47e
   11: 0x1a747a2 - config_tests.wasm!core::panicking::assert_failed_inner::hf7ede4d3870aaaec
   12: 0x1a578e2 - config_tests.wasm!core::panicking::assert_failed::h168e3f8c09ecb509
   13: 0x1a0ed27 - config_tests.wasm!config_tests::order_tests_v2::test_add_service_record::h61ba886b3fe80d13
   14: 0x1a5617b - config_tests.wasm!spin-test-test-add-service-record
Caused by: wasm trap: wasm `unreachable` instruction executed

---- test-get-draft-versions ----
test 'spin-test-test-get-draft-versions' failed 
Caused by: error while executing at wasm backtrace:
    0: 0x1a6ca23 - config_tests.wasm!abort
    1: 0x1a68802 - config_tests.wasm!std::sys::pal::wasi::helpers::abort_internal::hcc3b2e0cde3c9001
    2: 0x1a67431 - config_tests.wasm!std::process::abort::h0e38511b4c8b6f04
    3: 0x1a67427 - config_tests.wasm!__rustc[5224e6b81cd82a8f]::__rust_abort
    4: 0x1a69c05 - config_tests.wasm!__rustc[5224e6b81cd82a8f]::__rust_start_panic
    5: 0x1a69a76 - config_tests.wasm!__rustc[5224e6b81cd82a8f]::rust_panic
    6: 0x1a699fb - config_tests.wasm!std::panicking::rust_panic_with_hook::h085fb375cd657b2f
    7: 0x1a68b23 - config_tests.wasm!std::panicking::begin_panic_handler::{{closure}}::he68af7f9d5c53e56
    8: 0x1a68a5d - config_tests.wasm!std::sys::backtrace::__rust_end_short_backtrace::h4c38003a22ca226f
    9: 0x1a693e2 - config_tests.wasm!__rustc[5224e6b81cd82a8f]::rust_begin_unwind
   10: 0x1a72d4c - config_tests.wasm!core::panicking::panic_fmt::h4e32e8d1cab5f47e
   11: 0x1a1aeda - config_tests.wasm!config_tests::opinion_tests_v2::test_get_draft_versions::h957745203dcdcbca
   12: 0x1a56551 - config_tests.wasm!spin-test-test-get-draft-versions
Caused by: wasm trap: wasm `unreachable` instruction executed

---- test-update-attorney-nonexistent ----
test 'spin-test-test-update-attorney-nonexistent' failed 
Caused by: error while executing at wasm backtrace:
    0: 0x1a6ca23 - config_tests.wasm!abort
    1: 0x1a68802 - config_tests.wasm!std::sys::pal::wasi::helpers::abort_internal::hcc3b2e0cde3c9001
    2: 0x1a67431 - config_tests.wasm!std::process::abort::h0e38511b4c8b6f04
    3: 0x1a67427 - config_tests.wasm!__rustc[5224e6b81cd82a8f]::__rust_abort
    4: 0x1a69c05 - config_tests.wasm!__rustc[5224e6b81cd82a8f]::__rust_start_panic
    5: 0x1a69a76 - config_tests.wasm!__rustc[5224e6b81cd82a8f]::rust_panic
    6: 0x1a699fb - config_tests.wasm!std::panicking::rust_panic_with_hook::h085fb375cd657b2f
    7: 0x1a68af1 - config_tests.wasm!std::panicking::begin_panic_handler::{{closure}}::he68af7f9d5c53e56
    8: 0x1a68a5d - config_tests.wasm!std::sys::backtrace::__rust_end_short_backtrace::h4c38003a22ca226f
    9: 0x1a693e2 - config_tests.wasm!__rustc[5224e6b81cd82a8f]::rust_begin_unwind
   10: 0x1a72d4c - config_tests.wasm!core::panicking::panic_fmt::h4e32e8d1cab5f47e
   11: 0x1a747a2 - config_tests.wasm!core::panicking::assert_failed_inner::hf7ede4d3870aaaec
   12: 0x1a578e2 - config_tests.wasm!core::panicking::assert_failed::h168e3f8c09ecb509
   13: 0x1a4a24b - config_tests.wasm!config_tests::attorney_tests_v2::test_update_attorney_nonexistent::hfb63f75b3eb2197f
   14: 0x1a55113 - config_tests.wasm!spin-test-test-update-attorney-nonexistent
Caused by: wasm trap: wasm `unreachable` instruction executed

---- test-count-by-status ----
test 'spin-test-test-count-by-status' failed 
Caused by: error while executing at wasm backtrace:
    0: 0x1a6ca23 - config_tests.wasm!abort
    1: 0x1a68802 - config_tests.wasm!std::sys::pal::wasi::helpers::abort_internal::hcc3b2e0cde3c9001
    2: 0x1a67431 - config_tests.wasm!std::process::abort::h0e38511b4c8b6f04
    3: 0x1a67427 - config_tests.wasm!__rustc[5224e6b81cd82a8f]::__rust_abort
    4: 0x1a69c05 - config_tests.wasm!__rustc[5224e6b81cd82a8f]::__rust_start_panic
    5: 0x1a69a76 - config_tests.wasm!__rustc[5224e6b81cd82a8f]::rust_panic
    6: 0x1a699fb - config_tests.wasm!std::panicking::rust_panic_with_hook::h085fb375cd657b2f
    7: 0x1a68af1 - config_tests.wasm!std::panicking::begin_panic_handler::{{closure}}::he68af7f9d5c53e56
    8: 0x1a68a5d - config_tests.wasm!std::sys::backtrace::__rust_end_short_backtrace::h4c38003a22ca226f
    9: 0x1a693e2 - config_tests.wasm!__rustc[5224e6b81cd82a8f]::rust_begin_unwind
   10: 0x1a72d4c - config_tests.wasm!core::panicking::panic_fmt::h4e32e8d1cab5f47e
   11: 0x1a747a2 - config_tests.wasm!core::panicking::assert_failed_inner::hf7ede4d3870aaaec
   12: 0x1a578e2 - config_tests.wasm!core::panicking::assert_failed::h168e3f8c09ecb509
   13: 0x1a29960 - config_tests.wasm!config_tests::criminal_case_tests_v2::test_count_by_status::h78317cfcfb15d131
   14: 0x1a5515e - config_tests.wasm!spin-test-test-count-by-status
Caused by: wasm trap: wasm `unreachable` instruction executed

---- test-update-speedy-trial-clock ----
test 'spin-test-test-update-speedy-trial-clock' failed 
Caused by: error while executing at wasm backtrace:
    0: 0x1a6ca23 - config_tests.wasm!abort
    1: 0x1a68802 - config_tests.wasm!std::sys::pal::wasi::helpers::abort_internal::hcc3b2e0cde3c9001
    2: 0x1a67431 - config_tests.wasm!std::process::abort::h0e38511b4c8b6f04
    3: 0x1a67427 - config_tests.wasm!__rustc[5224e6b81cd82a8f]::__rust_abort
    4: 0x1a69c05 - config_tests.wasm!__rustc[5224e6b81cd82a8f]::__rust_start_panic
    5: 0x1a69a76 - config_tests.wasm!__rustc[5224e6b81cd82a8f]::rust_panic
    6: 0x1a699fb - config_tests.wasm!std::panicking::rust_panic_with_hook::h085fb375cd657b2f
    7: 0x1a68af1 - config_tests.wasm!std::panicking::begin_panic_handler::{{closure}}::he68af7f9d5c53e56
    8: 0x1a68a5d - config_tests.wasm!std::sys::backtrace::__rust_end_short_backtrace::h4c38003a22ca226f
    9: 0x1a693e2 - config_tests.wasm!__rustc[5224e6b81cd82a8f]::rust_begin_unwind
   10: 0x1a72d4c - config_tests.wasm!core::panicking::panic_fmt::h4e32e8d1cab5f47e
   11: 0x1a747a2 - config_tests.wasm!core::panicking::assert_failed_inner::hf7ede4d3870aaaec
   12: 0x1a578e2 - config_tests.wasm!core::panicking::assert_failed::h168e3f8c09ecb509
   13: 0x19ffaff - config_tests.wasm!config_tests::docket_tests_v2::test_update_speedy_trial_clock::ha53c0fb37e559a4f
   14: 0x1a59285 - config_tests.wasm!spin-test-test-update-speedy-trial-clock
Caused by: wasm trap: wasm `unreachable` instruction executed

---- test-missing-header-returns-error ----
test 'spin-test-test-missing-header-returns-error' failed 
Caused by: error while executing at wasm backtrace:
    0: 0xcc3337 - spin_utopia.wasm!abort
    1: 0xcb7c40 - spin_utopia.wasm!std::sys::pal::wasi::helpers::abort_internal::hcc3b2e0cde3c9001
    2: 0xcb31d1 - spin_utopia.wasm!std::process::abort::h0e38511b4c8b6f04
    3: 0xcb31c7 - spin_utopia.wasm!__rustc[5224e6b81cd82a8f]::__rust_abort
    4: 0xcb9697 - spin_utopia.wasm!__rustc[5224e6b81cd82a8f]::__rust_start_panic
    5: 0xcb9299 - spin_utopia.wasm!__rustc[5224e6b81cd82a8f]::rust_panic
    6: 0xcb9160 - spin_utopia.wasm!std::panicking::rust_panic_with_hook::h085fb375cd657b2f
    7: 0xcb80f5 - spin_utopia.wasm!std::panicking::begin_panic_handler::{{closure}}::he68af7f9d5c53e56
    8: 0xcb8061 - spin_utopia.wasm!std::sys::backtrace::__rust_end_short_backtrace::h4c38003a22ca226f
    9: 0xcb8b47 - spin_utopia.wasm!__rustc[5224e6b81cd82a8f]::rust_begin_unwind
   10: 0xcccb36 - spin_utopia.wasm!core::panicking::panic_fmt::h4e32e8d1cab5f47e
   11: 0xcce756 - spin_utopia.wasm!core::result::unwrap_failed::heb00d4d50e638a08
   12: 0x617352 - spin_utopia.wasm!spin_utopia::adapters::spin_kv_case_repository::SpinKvCaseRepository::with_store::h784e93cfa8fc00c8
   13: 0xa33a19 - spin_utopia.wasm!spin_utopia::handlers::criminal_case::search_cases::h14feef512b2b9a78
   14: 0x48bb46 - spin_utopia.wasm!<F as spin_sdk::http::router::Handler>::handle::{{closure}}::hb3a4169752374014
   15: 0xc985d3 - spin_utopia.wasm!<alloc::boxed::Box<dyn spin_sdk::http::router::Handler> as spin_sdk::http::router::Handler>::handle::{{closure}}::h1b6255c66b0e82da
   16: 0x4eee85 - spin_utopia.wasm!spin_executor::run::h5e53f2e63611faf5
   17: 0x4ee766 - spin_utopia.wasm!spin_utopia::handle_spin_todo_api::{{closure}}::haaee0c45a36a0cd2
   18: 0x4eaef0 - spin_utopia.wasm!spin_executor::run::h5543f9eff02f4bcf
   19: 0xbabe6f - spin_utopia.wasm!wasi:http/incoming-handler@0.2.0#handle
   20: 0x5795 - <unknown>!<wasm function 104>
   21: 0x19310dc - router.wasm!<router::Component as router::bindings::exports::wasi::http::incoming_handler::Guest>::handle::ha50de62a29cb8b3e
   22: 0x19319e0 - router.wasm!wasi:http/incoming-handler@0.2.0#handle
   23: 0x20c0 - <unknown>!<wasm function 55>
   24: 0x1a65a05 - config_tests.wasm!spin_test_sdk::perform_request::h8724e91b3678e35f
   25: 0x1a4ad77 - config_tests.wasm!config_tests::header_routing_tests::make_request_no_header::h653ba474ca0fbec2
   26: 0x1a4b44a - config_tests.wasm!config_tests::header_routing_tests::test_missing_header_returns_error::h3bc2f538810db244
   27: 0x1a5625c - config_tests.wasm!spin-test-test-missing-header-returns-error
Caused by: wasm trap: wasm `unreachable` instruction executed

---- test-get-sealed-entries ----
test 'spin-test-test-get-sealed-entries' failed 
Caused by: error while executing at wasm backtrace:
    0: 0x1a6ca23 - config_tests.wasm!abort
    1: 0x1a68802 - config_tests.wasm!std::sys::pal::wasi::helpers::abort_internal::hcc3b2e0cde3c9001
    2: 0x1a67431 - config_tests.wasm!std::process::abort::h0e38511b4c8b6f04
    3: 0x1a67427 - config_tests.wasm!__rustc[5224e6b81cd82a8f]::__rust_abort
    4: 0x1a69c05 - config_tests.wasm!__rustc[5224e6b81cd82a8f]::__rust_start_panic
    5: 0x1a69a76 - config_tests.wasm!__rustc[5224e6b81cd82a8f]::rust_panic
    6: 0x1a699fb - config_tests.wasm!std::panicking::rust_panic_with_hook::h085fb375cd657b2f
    7: 0x1a68af1 - config_tests.wasm!std::panicking::begin_panic_handler::{{closure}}::he68af7f9d5c53e56
    8: 0x1a68a5d - config_tests.wasm!std::sys::backtrace::__rust_end_short_backtrace::h4c38003a22ca226f
    9: 0x1a693e2 - config_tests.wasm!__rustc[5224e6b81cd82a8f]::rust_begin_unwind
   10: 0x1a72d4c - config_tests.wasm!core::panicking::panic_fmt::h4e32e8d1cab5f47e
   11: 0x1a747a2 - config_tests.wasm!core::panicking::assert_failed_inner::hf7ede4d3870aaaec
   12: 0x1a578e2 - config_tests.wasm!core::panicking::assert_failed::h168e3f8c09ecb509
   13: 0x19fb87e - config_tests.wasm!config_tests::docket_tests_v2::test_get_sealed_entries::h0f58a7c9c09c7048
   14: 0x1a564ca - config_tests.wasm!spin-test-test-get-sealed-entries
Caused by: wasm trap: wasm `unreachable` instruction executed

---- test-update-opinion ----
test 'spin-test-test-update-opinion' failed 
Caused by: error while executing at wasm backtrace:
    0: 0x1a6ca23 - config_tests.wasm!abort
    1: 0x1a68802 - config_tests.wasm!std::sys::pal::wasi::helpers::abort_internal::hcc3b2e0cde3c9001
    2: 0x1a67431 - config_tests.wasm!std::process::abort::h0e38511b4c8b6f04
    3: 0x1a67427 - config_tests.wasm!__rustc[5224e6b81cd82a8f]::__rust_abort
    4: 0x1a69c05 - config_tests.wasm!__rustc[5224e6b81cd82a8f]::__rust_start_panic
    5: 0x1a69a76 - config_tests.wasm!__rustc[5224e6b81cd82a8f]::rust_panic
    6: 0x1a699fb - config_tests.wasm!std::panicking::rust_panic_with_hook::h085fb375cd657b2f
    7: 0x1a68af1 - config_tests.wasm!std::panicking::begin_panic_handler::{{closure}}::he68af7f9d5c53e56
    8: 0x1a68a5d - config_tests.wasm!std::sys::backtrace::__rust_end_short_backtrace::h4c38003a22ca226f
    9: 0x1a693e2 - config_tests.wasm!__rustc[5224e6b81cd82a8f]::rust_begin_unwind
   10: 0x1a72d4c - config_tests.wasm!core::panicking::panic_fmt::h4e32e8d1cab5f47e
   11: 0x1a747a2 - config_tests.wasm!core::panicking::assert_failed_inner::hf7ede4d3870aaaec
   12: 0x1a578e2 - config_tests.wasm!core::panicking::assert_failed::h168e3f8c09ecb509
   13: 0x1a19207 - config_tests.wasm!config_tests::opinion_tests_v2::test_update_opinion::hafe71f3f0ffd2728
   14: 0x1a57ad1 - config_tests.wasm!spin-test-test-update-opinion
Caused by: wasm trap: wasm `unreachable` instruction executed

---- test-create-order-missing-judge ----
test 'spin-test-test-create-order-missing-judge' failed 
Caused by: error while executing at wasm backtrace:
    0: 0x1a6ca23 - config_tests.wasm!abort
    1: 0x1a68802 - config_tests.wasm!std::sys::pal::wasi::helpers::abort_internal::hcc3b2e0cde3c9001
    2: 0x1a67431 - config_tests.wasm!std::process::abort::h0e38511b4c8b6f04
    3: 0x1a67427 - config_tests.wasm!__rustc[5224e6b81cd82a8f]::__rust_abort
    4: 0x1a69c05 - config_tests.wasm!__rustc[5224e6b81cd82a8f]::__rust_start_panic
    5: 0x1a69a76 - config_tests.wasm!__rustc[5224e6b81cd82a8f]::rust_panic
    6: 0x1a699fb - config_tests.wasm!std::panicking::rust_panic_with_hook::h085fb375cd657b2f
    7: 0x1a68b23 - config_tests.wasm!std::panicking::begin_panic_handler::{{closure}}::he68af7f9d5c53e56
    8: 0x1a68a5d - config_tests.wasm!std::sys::backtrace::__rust_end_short_backtrace::h4c38003a22ca226f
    9: 0x1a693e2 - config_tests.wasm!__rustc[5224e6b81cd82a8f]::rust_begin_unwind
   10: 0x1a72d4c - config_tests.wasm!core::panicking::panic_fmt::h4e32e8d1cab5f47e
   11: 0x1a08d64 - config_tests.wasm!config_tests::order_tests_v2::test_create_order_missing_judge::h1029722929f44a98
   12: 0x1a57ab3 - config_tests.wasm!spin-test-test-create-order-missing-judge
Caused by: wasm trap: wasm `unreachable` instruction executed

---- test-get-orders-by-case ----
test 'spin-test-test-get-orders-by-case' failed 
Caused by: error while executing at wasm backtrace:
    0: 0x1a6ca23 - config_tests.wasm!abort
    1: 0x1a68802 - config_tests.wasm!std::sys::pal::wasi::helpers::abort_internal::hcc3b2e0cde3c9001
    2: 0x1a67431 - config_tests.wasm!std::process::abort::h0e38511b4c8b6f04
    3: 0x1a67427 - config_tests.wasm!__rustc[5224e6b81cd82a8f]::__rust_abort
    4: 0x1a69c05 - config_tests.wasm!__rustc[5224e6b81cd82a8f]::__rust_start_panic
    5: 0x1a69a76 - config_tests.wasm!__rustc[5224e6b81cd82a8f]::rust_panic
    6: 0x1a699fb - config_tests.wasm!std::panicking::rust_panic_with_hook::h085fb375cd657b2f
    7: 0x1a68b23 - config_tests.wasm!std::panicking::begin_panic_handler::{{closure}}::he68af7f9d5c53e56
    8: 0x1a68a5d - config_tests.wasm!std::sys::backtrace::__rust_end_short_backtrace::h4c38003a22ca226f
    9: 0x1a693e2 - config_tests.wasm!__rustc[5224e6b81cd82a8f]::rust_begin_unwind
   10: 0x1a72d4c - config_tests.wasm!core::panicking::panic_fmt::h4e32e8d1cab5f47e
   11: 0x1a09a55 - config_tests.wasm!config_tests::order_tests_v2::test_get_orders_by_case::h61a95d07d48a345d
   12: 0x1a592df - config_tests.wasm!spin-test-test-get-orders-by-case
Caused by: wasm trap: wasm `unreachable` instruction executed

---- test-district-isolation-with-headers ----
test 'spin-test-test-district-isolation-with-headers' failed 
Caused by: error while executing at wasm backtrace:
    0: 0x1a6ca23 - config_tests.wasm!abort
    1: 0x1a68802 - config_tests.wasm!std::sys::pal::wasi::helpers::abort_internal::hcc3b2e0cde3c9001
    2: 0x1a67431 - config_tests.wasm!std::process::abort::h0e38511b4c8b6f04
    3: 0x1a67427 - config_tests.wasm!__rustc[5224e6b81cd82a8f]::__rust_abort
    4: 0x1a69c05 - config_tests.wasm!__rustc[5224e6b81cd82a8f]::__rust_start_panic
    5: 0x1a69a76 - config_tests.wasm!__rustc[5224e6b81cd82a8f]::rust_panic
    6: 0x1a699fb - config_tests.wasm!std::panicking::rust_panic_with_hook::h085fb375cd657b2f
    7: 0x1a68b23 - config_tests.wasm!std::panicking::begin_panic_handler::{{closure}}::he68af7f9d5c53e56
    8: 0x1a68a5d - config_tests.wasm!std::sys::backtrace::__rust_end_short_backtrace::h4c38003a22ca226f
    9: 0x1a693e2 - config_tests.wasm!__rustc[5224e6b81cd82a8f]::rust_begin_unwind
   10: 0x1a72d4c - config_tests.wasm!core::panicking::panic_fmt::h4e32e8d1cab5f47e
   11: 0x1a6e417 - config_tests.wasm!core::panicking::panic::h42b72918664c199b
   12: 0x1a4defd - config_tests.wasm!config_tests::header_routing_tests::test_district_isolation_with_headers::h1c8e05fdf6e8a44c
   13: 0x1a565d8 - config_tests.wasm!spin-test-test-district-isolation-with-headers
Caused by: wasm trap: wasm `unreachable` instruction executed

---- test-sign-order ----
test 'spin-test-test-sign-order' failed 
Caused by: error while executing at wasm backtrace:
    0: 0x1a6ca23 - config_tests.wasm!abort
    1: 0x1a68802 - config_tests.wasm!std::sys::pal::wasi::helpers::abort_internal::hcc3b2e0cde3c9001
    2: 0x1a67431 - config_tests.wasm!std::process::abort::h0e38511b4c8b6f04
    3: 0x1a67427 - config_tests.wasm!__rustc[5224e6b81cd82a8f]::__rust_abort
    4: 0x1a69c05 - config_tests.wasm!__rustc[5224e6b81cd82a8f]::__rust_start_panic
    5: 0x1a69a76 - config_tests.wasm!__rustc[5224e6b81cd82a8f]::rust_panic
    6: 0x1a699fb - config_tests.wasm!std::panicking::rust_panic_with_hook::h085fb375cd657b2f
    7: 0x1a68af1 - config_tests.wasm!std::panicking::begin_panic_handler::{{closure}}::he68af7f9d5c53e56
    8: 0x1a68a5d - config_tests.wasm!std::sys::backtrace::__rust_end_short_backtrace::h4c38003a22ca226f
    9: 0x1a693e2 - config_tests.wasm!__rustc[5224e6b81cd82a8f]::rust_begin_unwind
   10: 0x1a72d4c - config_tests.wasm!core::panicking::panic_fmt::h4e32e8d1cab5f47e
   11: 0x1a747a2 - config_tests.wasm!core::panicking::assert_failed_inner::hf7ede4d3870aaaec
   12: 0x1a578e2 - config_tests.wasm!core::panicking::assert_failed::h168e3f8c09ecb509
   13: 0x1a0af4d - config_tests.wasm!config_tests::order_tests_v2::test_sign_order::h0bdc8990c8f7d786
   14: 0x1a56506 - config_tests.wasm!spin-test-test-sign-order
Caused by: wasm trap: wasm `unreachable` instruction executed

---- test-get-opinions-by-case ----
test 'spin-test-test-get-opinions-by-case' failed 
Caused by: error while executing at wasm backtrace:
    0: 0x1a6ca23 - config_tests.wasm!abort
    1: 0x1a68802 - config_tests.wasm!std::sys::pal::wasi::helpers::abort_internal::hcc3b2e0cde3c9001
    2: 0x1a67431 - config_tests.wasm!std::process::abort::h0e38511b4c8b6f04
    3: 0x1a67427 - config_tests.wasm!__rustc[5224e6b81cd82a8f]::__rust_abort
    4: 0x1a69c05 - config_tests.wasm!__rustc[5224e6b81cd82a8f]::__rust_start_panic
    5: 0x1a69a76 - config_tests.wasm!__rustc[5224e6b81cd82a8f]::rust_panic
    6: 0x1a699fb - config_tests.wasm!std::panicking::rust_panic_with_hook::h085fb375cd657b2f
    7: 0x1a68b23 - config_tests.wasm!std::panicking::begin_panic_handler::{{closure}}::he68af7f9d5c53e56
    8: 0x1a68a5d - config_tests.wasm!std::sys::backtrace::__rust_end_short_backtrace::h4c38003a22ca226f
    9: 0x1a693e2 - config_tests.wasm!__rustc[5224e6b81cd82a8f]::rust_begin_unwind
   10: 0x1a72d4c - config_tests.wasm!core::panicking::panic_fmt::h4e32e8d1cab5f47e
   11: 0x1a18405 - config_tests.wasm!config_tests::opinion_tests_v2::test_get_opinions_by_case::h7871c2a1f7231ec7
   12: 0x1a55104 - config_tests.wasm!spin-test-test-get-opinions-by-case
Caused by: wasm trap: wasm `unreachable` instruction executed

---- test-opinion-multi-tenant-isolation ----
test 'spin-test-test-opinion-multi-tenant-isolation' failed 
Caused by: error while executing at wasm backtrace:
    0: 0x1a6ca23 - config_tests.wasm!abort
    1: 0x1a68802 - config_tests.wasm!std::sys::pal::wasi::helpers::abort_internal::hcc3b2e0cde3c9001
    2: 0x1a67431 - config_tests.wasm!std::process::abort::h0e38511b4c8b6f04
    3: 0x1a67427 - config_tests.wasm!__rustc[5224e6b81cd82a8f]::__rust_abort
    4: 0x1a69c05 - config_tests.wasm!__rustc[5224e6b81cd82a8f]::__rust_start_panic
    5: 0x1a69a76 - config_tests.wasm!__rustc[5224e6b81cd82a8f]::rust_panic
    6: 0x1a699fb - config_tests.wasm!std::panicking::rust_panic_with_hook::h085fb375cd657b2f
    7: 0x1a68b23 - config_tests.wasm!std::panicking::begin_panic_handler::{{closure}}::he68af7f9d5c53e56
    8: 0x1a68a5d - config_tests.wasm!std::sys::backtrace::__rust_end_short_backtrace::h4c38003a22ca226f
    9: 0x1a693e2 - config_tests.wasm!__rustc[5224e6b81cd82a8f]::rust_begin_unwind
   10: 0x1a72d4c - config_tests.wasm!core::panicking::panic_fmt::h4e32e8d1cab5f47e
   11: 0x1a6e417 - config_tests.wasm!core::panicking::panic::h42b72918664c199b
   12: 0x1a1bf16 - config_tests.wasm!config_tests::opinion_tests_v2::test_opinion_multi_tenant_isolation::h32936ef93e6f6456
   13: 0x1a561a8 - config_tests.wasm!spin-test-test-opinion-multi-tenant-isolation
Caused by: wasm trap: wasm `unreachable` instruction executed

---- test-update-attorney ----
test 'spin-test-test-update-attorney' failed 
Caused by: error while executing at wasm backtrace:
    0: 0x1a6ca23 - config_tests.wasm!abort
    1: 0x1a68802 - config_tests.wasm!std::sys::pal::wasi::helpers::abort_internal::hcc3b2e0cde3c9001
    2: 0x1a67431 - config_tests.wasm!std::process::abort::h0e38511b4c8b6f04
    3: 0x1a67427 - config_tests.wasm!__rustc[5224e6b81cd82a8f]::__rust_abort
    4: 0x1a69c05 - config_tests.wasm!__rustc[5224e6b81cd82a8f]::__rust_start_panic
    5: 0x1a69a76 - config_tests.wasm!__rustc[5224e6b81cd82a8f]::rust_panic
    6: 0x1a699fb - config_tests.wasm!std::panicking::rust_panic_with_hook::h085fb375cd657b2f
    7: 0x1a68af1 - config_tests.wasm!std::panicking::begin_panic_handler::{{closure}}::he68af7f9d5c53e56
    8: 0x1a68a5d - config_tests.wasm!std::sys::backtrace::__rust_end_short_backtrace::h4c38003a22ca226f
    9: 0x1a693e2 - config_tests.wasm!__rustc[5224e6b81cd82a8f]::rust_begin_unwind
   10: 0x1a72d4c - config_tests.wasm!core::panicking::panic_fmt::h4e32e8d1cab5f47e
   11: 0x1a747a2 - config_tests.wasm!core::panicking::assert_failed_inner::hf7ede4d3870aaaec
   12: 0x1a578e2 - config_tests.wasm!core::panicking::assert_failed::h168e3f8c09ecb509
   13: 0x1a46a8c - config_tests.wasm!config_tests::attorney_tests_v2::test_update_attorney::hfa3e917eac0a0048
   14: 0x1a5658d - config_tests.wasm!spin-test-test-update-attorney
Caused by: wasm trap: wasm `unreachable` instruction executed

---- test-list-opinions ----
test 'spin-test-test-list-opinions' failed 
Caused by: error while executing at wasm backtrace:
    0: 0x1a6ca23 - config_tests.wasm!abort
    1: 0x1a68802 - config_tests.wasm!std::sys::pal::wasi::helpers::abort_internal::hcc3b2e0cde3c9001
    2: 0x1a67431 - config_tests.wasm!std::process::abort::h0e38511b4c8b6f04
    3: 0x1a67427 - config_tests.wasm!__rustc[5224e6b81cd82a8f]::__rust_abort
    4: 0x1a69c05 - config_tests.wasm!__rustc[5224e6b81cd82a8f]::__rust_start_panic
    5: 0x1a69a76 - config_tests.wasm!__rustc[5224e6b81cd82a8f]::rust_panic
    6: 0x1a699fb - config_tests.wasm!std::panicking::rust_panic_with_hook::h085fb375cd657b2f
    7: 0x1a68b23 - config_tests.wasm!std::panicking::begin_panic_handler::{{closure}}::he68af7f9d5c53e56
    8: 0x1a68a5d - config_tests.wasm!std::sys::backtrace::__rust_end_short_backtrace::h4c38003a22ca226f
    9: 0x1a693e2 - config_tests.wasm!__rustc[5224e6b81cd82a8f]::rust_begin_unwind
   10: 0x1a72d4c - config_tests.wasm!core::panicking::panic_fmt::h4e32e8d1cab5f47e
   11: 0x1a180c6 - config_tests.wasm!config_tests::opinion_tests_v2::test_list_opinions::h7930c533368d0288
   12: 0x1a561d5 - config_tests.wasm!spin-test-test-list-opinions
Caused by: wasm trap: wasm `unreachable` instruction executed

---- test-search-opinions ----
test 'spin-test-test-search-opinions' failed 
Caused by: error while executing at wasm backtrace:
    0: 0x1a6ca23 - config_tests.wasm!abort
    1: 0x1a68802 - config_tests.wasm!std::sys::pal::wasi::helpers::abort_internal::hcc3b2e0cde3c9001
    2: 0x1a67431 - config_tests.wasm!std::process::abort::h0e38511b4c8b6f04
    3: 0x1a67427 - config_tests.wasm!__rustc[5224e6b81cd82a8f]::__rust_abort
    4: 0x1a69c05 - config_tests.wasm!__rustc[5224e6b81cd82a8f]::__rust_start_panic
    5: 0x1a69a76 - config_tests.wasm!__rustc[5224e6b81cd82a8f]::rust_panic
    6: 0x1a699fb - config_tests.wasm!std::panicking::rust_panic_with_hook::h085fb375cd657b2f
    7: 0x1a68af1 - config_tests.wasm!std::panicking::begin_panic_handler::{{closure}}::he68af7f9d5c53e56
    8: 0x1a68a5d - config_tests.wasm!std::sys::backtrace::__rust_end_short_backtrace::h4c38003a22ca226f
    9: 0x1a693e2 - config_tests.wasm!__rustc[5224e6b81cd82a8f]::rust_begin_unwind
   10: 0x1a72d4c - config_tests.wasm!core::panicking::panic_fmt::h4e32e8d1cab5f47e
   11: 0x1a747a2 - config_tests.wasm!core::panicking::assert_failed_inner::hf7ede4d3870aaaec
   12: 0x1a578e2 - config_tests.wasm!core::panicking::assert_failed::h168e3f8c09ecb509
   13: 0x1a1d56f - config_tests.wasm!config_tests::opinion_tests_v2::test_search_opinions::h5c1fee1c6393967d
   14: 0x1a56199 - config_tests.wasm!spin-test-test-search-opinions
Caused by: wasm trap: wasm `unreachable` instruction executed

---- test-get-guidelines-by-id ----
test 'spin-test-test-get-guidelines-by-id' failed 
Caused by: error while executing at wasm backtrace:
    0: 0x1a6ca23 - config_tests.wasm!abort
    1: 0x1a68802 - config_tests.wasm!std::sys::pal::wasi::helpers::abort_internal::hcc3b2e0cde3c9001
    2: 0x1a67431 - config_tests.wasm!std::process::abort::h0e38511b4c8b6f04
    3: 0x1a67427 - config_tests.wasm!__rustc[5224e6b81cd82a8f]::__rust_abort
    4: 0x1a69c05 - config_tests.wasm!__rustc[5224e6b81cd82a8f]::__rust_start_panic
    5: 0x1a69a76 - config_tests.wasm!__rustc[5224e6b81cd82a8f]::rust_panic
    6: 0x1a699fb - config_tests.wasm!std::panicking::rust_panic_with_hook::h085fb375cd657b2f
    7: 0x1a68af1 - config_tests.wasm!std::panicking::begin_panic_handler::{{closure}}::he68af7f9d5c53e56
    8: 0x1a68a5d - config_tests.wasm!std::sys::backtrace::__rust_end_short_backtrace::h4c38003a22ca226f
    9: 0x1a693e2 - config_tests.wasm!__rustc[5224e6b81cd82a8f]::rust_begin_unwind
   10: 0x1a72d4c - config_tests.wasm!core::panicking::panic_fmt::h4e32e8d1cab5f47e
   11: 0x1a747a2 - config_tests.wasm!core::panicking::assert_failed_inner::hf7ede4d3870aaaec
   12: 0x1a578e2 - config_tests.wasm!core::panicking::assert_failed::h168e3f8c09ecb509
   13: 0x19ef630 - config_tests.wasm!config_tests::sentencing_tests_v2::test_get_guidelines_by_id::h0bf80f15aebd7925
   14: 0x1a57a2c - config_tests.wasm!spin-test-test-get-guidelines-by-id
Caused by: wasm trap: wasm `unreachable` instruction executed

---- test-check-deadline-approaching ----
test 'spin-test-test-check-deadline-approaching' failed 
Caused by: error while executing at wasm backtrace:
    0: 0x1a6ca23 - config_tests.wasm!abort
    1: 0x1a68802 - config_tests.wasm!std::sys::pal::wasi::helpers::abort_internal::hcc3b2e0cde3c9001
    2: 0x1a67431 - config_tests.wasm!std::process::abort::h0e38511b4c8b6f04
    3: 0x1a67427 - config_tests.wasm!__rustc[5224e6b81cd82a8f]::__rust_abort
    4: 0x1a69c05 - config_tests.wasm!__rustc[5224e6b81cd82a8f]::__rust_start_panic
    5: 0x1a69a76 - config_tests.wasm!__rustc[5224e6b81cd82a8f]::rust_panic
    6: 0x1a699fb - config_tests.wasm!std::panicking::rust_panic_with_hook::h085fb375cd657b2f
    7: 0x1a68af1 - config_tests.wasm!std::panicking::begin_panic_handler::{{closure}}::he68af7f9d5c53e56
    8: 0x1a68a5d - config_tests.wasm!std::sys::backtrace::__rust_end_short_backtrace::h4c38003a22ca226f
    9: 0x1a693e2 - config_tests.wasm!__rustc[5224e6b81cd82a8f]::rust_begin_unwind
   10: 0x1a72d4c - config_tests.wasm!core::panicking::panic_fmt::h4e32e8d1cab5f47e
   11: 0x1a747a2 - config_tests.wasm!core::panicking::assert_failed_inner::hf7ede4d3870aaaec
   12: 0x1a578e2 - config_tests.wasm!core::panicking::assert_failed::h168e3f8c09ecb509
   13: 0x1a00564 - config_tests.wasm!config_tests::docket_tests_v2::test_check_deadline_approaching::h09faa57f350beb91
   14: 0x1a59276 - config_tests.wasm!spin-test-test-check-deadline-approaching
Caused by: wasm trap: wasm `unreachable` instruction executed

---- test-update-order ----
test 'spin-test-test-update-order' failed 
Caused by: error while executing at wasm backtrace:
    0: 0x1a6ca23 - config_tests.wasm!abort
    1: 0x1a68802 - config_tests.wasm!std::sys::pal::wasi::helpers::abort_internal::hcc3b2e0cde3c9001
    2: 0x1a67431 - config_tests.wasm!std::process::abort::h0e38511b4c8b6f04
    3: 0x1a67427 - config_tests.wasm!__rustc[5224e6b81cd82a8f]::__rust_abort
    4: 0x1a69c05 - config_tests.wasm!__rustc[5224e6b81cd82a8f]::__rust_start_panic
    5: 0x1a69a76 - config_tests.wasm!__rustc[5224e6b81cd82a8f]::rust_panic
    6: 0x1a699fb - config_tests.wasm!std::panicking::rust_panic_with_hook::h085fb375cd657b2f
    7: 0x1a68af1 - config_tests.wasm!std::panicking::begin_panic_handler::{{closure}}::he68af7f9d5c53e56
    8: 0x1a68a5d - config_tests.wasm!std::sys::backtrace::__rust_end_short_backtrace::h4c38003a22ca226f
    9: 0x1a693e2 - config_tests.wasm!__rustc[5224e6b81cd82a8f]::rust_begin_unwind
   10: 0x1a72d4c - config_tests.wasm!core::panicking::panic_fmt::h4e32e8d1cab5f47e
   11: 0x1a747a2 - config_tests.wasm!core::panicking::assert_failed_inner::hf7ede4d3870aaaec
   12: 0x1a578e2 - config_tests.wasm!core::panicking::assert_failed::h168e3f8c09ecb509
   13: 0x1a0a909 - config_tests.wasm!config_tests::order_tests_v2::test_update_order::hbf06d0a829466035
   14: 0x1a592d0 - config_tests.wasm!spin-test-test-update-order
Caused by: wasm trap: wasm `unreachable` instruction executed

---- test-create-case-missing-description ----
test 'spin-test-test-create-case-missing-description' failed 
Caused by: error while executing at wasm backtrace:
    0: 0x1a6ca23 - config_tests.wasm!abort
    1: 0x1a68802 - config_tests.wasm!std::sys::pal::wasi::helpers::abort_internal::hcc3b2e0cde3c9001
    2: 0x1a67431 - config_tests.wasm!std::process::abort::h0e38511b4c8b6f04
    3: 0x1a67427 - config_tests.wasm!__rustc[5224e6b81cd82a8f]::__rust_abort
    4: 0x1a69c05 - config_tests.wasm!__rustc[5224e6b81cd82a8f]::__rust_start_panic
    5: 0x1a69a76 - config_tests.wasm!__rustc[5224e6b81cd82a8f]::rust_panic
    6: 0x1a699fb - config_tests.wasm!std::panicking::rust_panic_with_hook::h085fb375cd657b2f
    7: 0x1a68b23 - config_tests.wasm!std::panicking::begin_panic_handler::{{closure}}::he68af7f9d5c53e56
    8: 0x1a68a5d - config_tests.wasm!std::sys::backtrace::__rust_end_short_backtrace::h4c38003a22ca226f
    9: 0x1a693e2 - config_tests.wasm!__rustc[5224e6b81cd82a8f]::rust_begin_unwind
   10: 0x1a72d4c - config_tests.wasm!core::panicking::panic_fmt::h4e32e8d1cab5f47e
   11: 0x1a218dd - config_tests.wasm!config_tests::criminal_case_tests_v2::test_create_case_missing_description::ha5f88923d4b34188
   12: 0x1a57bdf - config_tests.wasm!spin-test-test-create-case-missing-description
Caused by: wasm trap: wasm `unreachable` instruction executed

---- test-empty-district-header ----
test 'spin-test-test-empty-district-header' failed 
Caused by: error while executing at wasm backtrace:
    0: 0xcc3337 - spin_utopia.wasm!abort
    1: 0xcb7c40 - spin_utopia.wasm!std::sys::pal::wasi::helpers::abort_internal::hcc3b2e0cde3c9001
    2: 0xcb31d1 - spin_utopia.wasm!std::process::abort::h0e38511b4c8b6f04
    3: 0xcb31c7 - spin_utopia.wasm!__rustc[5224e6b81cd82a8f]::__rust_abort
    4: 0xcb9697 - spin_utopia.wasm!__rustc[5224e6b81cd82a8f]::__rust_start_panic
    5: 0xcb9299 - spin_utopia.wasm!__rustc[5224e6b81cd82a8f]::rust_panic
    6: 0xcb9160 - spin_utopia.wasm!std::panicking::rust_panic_with_hook::h085fb375cd657b2f
    7: 0xcb80f5 - spin_utopia.wasm!std::panicking::begin_panic_handler::{{closure}}::he68af7f9d5c53e56
    8: 0xcb8061 - spin_utopia.wasm!std::sys::backtrace::__rust_end_short_backtrace::h4c38003a22ca226f
    9: 0xcb8b47 - spin_utopia.wasm!__rustc[5224e6b81cd82a8f]::rust_begin_unwind
   10: 0xcccb36 - spin_utopia.wasm!core::panicking::panic_fmt::h4e32e8d1cab5f47e
   11: 0xcce756 - spin_utopia.wasm!core::result::unwrap_failed::heb00d4d50e638a08
   12: 0x6b92ca - spin_utopia.wasm!spin_utopia::adapters::spin_kv_judge_repository::SpinKvJudgeRepository::with_store::hc21c782599f37ad7
   13: 0x7f3f2c - spin_utopia.wasm!spin_utopia::handlers::judge::get_all_judges::hb285393c3fe950f4
   14: 0x4821bb - spin_utopia.wasm!<F as spin_sdk::http::router::Handler>::handle::{{closure}}::h9d3a718e0ddcd112
   15: 0xc985d3 - spin_utopia.wasm!<alloc::boxed::Box<dyn spin_sdk::http::router::Handler> as spin_sdk::http::router::Handler>::handle::{{closure}}::h1b6255c66b0e82da
   16: 0x4eee85 - spin_utopia.wasm!spin_executor::run::h5e53f2e63611faf5
   17: 0x4ee766 - spin_utopia.wasm!spin_utopia::handle_spin_todo_api::{{closure}}::haaee0c45a36a0cd2
   18: 0x4eaef0 - spin_utopia.wasm!spin_executor::run::h5543f9eff02f4bcf
   19: 0xbabe6f - spin_utopia.wasm!wasi:http/incoming-handler@0.2.0#handle
   20: 0x5795 - <unknown>!<wasm function 104>
   21: 0x19310dc - router.wasm!<router::Component as router::bindings::exports::wasi::http::incoming_handler::Guest>::handle::ha50de62a29cb8b3e
   22: 0x19319e0 - router.wasm!wasi:http/incoming-handler@0.2.0#handle
   23: 0x20c0 - <unknown>!<wasm function 55>
   24: 0x1a65a05 - config_tests.wasm!spin_test_sdk::perform_request::h8724e91b3678e35f
   25: 0x1a4b1d4 - config_tests.wasm!config_tests::header_routing_tests::make_request_with_header::h67c3a5564434270e
   26: 0x1a4c58b - config_tests.wasm!config_tests::header_routing_tests::test_empty_district_header::hf10d9b805625a2d2
   27: 0x1a5624d - config_tests.wasm!spin-test-test-empty-district-header
Caused by: wasm trap: wasm `unreachable` instruction executed

---- test-create-docket-entry-missing-case-id ----
test 'spin-test-test-create-docket-entry-missing-case-id' failed 
Caused by: error while executing at wasm backtrace:
    0: 0x1a6ca23 - config_tests.wasm!abort
    1: 0x1a68802 - config_tests.wasm!std::sys::pal::wasi::helpers::abort_internal::hcc3b2e0cde3c9001
    2: 0x1a67431 - config_tests.wasm!std::process::abort::h0e38511b4c8b6f04
    3: 0x1a67427 - config_tests.wasm!__rustc[5224e6b81cd82a8f]::__rust_abort
    4: 0x1a69c05 - config_tests.wasm!__rustc[5224e6b81cd82a8f]::__rust_start_panic
    5: 0x1a69a76 - config_tests.wasm!__rustc[5224e6b81cd82a8f]::rust_panic
    6: 0x1a699fb - config_tests.wasm!std::panicking::rust_panic_with_hook::h085fb375cd657b2f
    7: 0x1a68b23 - config_tests.wasm!std::panicking::begin_panic_handler::{{closure}}::he68af7f9d5c53e56
    8: 0x1a68a5d - config_tests.wasm!std::sys::backtrace::__rust_end_short_backtrace::h4c38003a22ca226f
    9: 0x1a693e2 - config_tests.wasm!__rustc[5224e6b81cd82a8f]::rust_begin_unwind
   10: 0x1a72d4c - config_tests.wasm!core::panicking::panic_fmt::h4e32e8d1cab5f47e
   11: 0x19fab3d - config_tests.wasm!config_tests::docket_tests_v2::test_create_docket_entry_missing_case_id::h8ab78aff961dbd78
   12: 0x1a564d9 - config_tests.wasm!spin-test-test-create-docket-entry-missing-case-id
Caused by: wasm trap: wasm `unreachable` instruction executed

---- test-get-deadlines-by-type ----
test 'spin-test-test-get-deadlines-by-type' failed 
Caused by: error while executing at wasm backtrace:
    0: 0x1a6ca23 - config_tests.wasm!abort
    1: 0x1a68802 - config_tests.wasm!std::sys::pal::wasi::helpers::abort_internal::hcc3b2e0cde3c9001
    2: 0x1a67431 - config_tests.wasm!std::process::abort::h0e38511b4c8b6f04
    3: 0x1a67427 - config_tests.wasm!__rustc[5224e6b81cd82a8f]::__rust_abort
    4: 0x1a69c05 - config_tests.wasm!__rustc[5224e6b81cd82a8f]::__rust_start_panic
    5: 0x1a69a76 - config_tests.wasm!__rustc[5224e6b81cd82a8f]::rust_panic
    6: 0x1a699fb - config_tests.wasm!std::panicking::rust_panic_with_hook::h085fb375cd657b2f
    7: 0x1a68af1 - config_tests.wasm!std::panicking::begin_panic_handler::{{closure}}::he68af7f9d5c53e56
    8: 0x1a68a5d - config_tests.wasm!std::sys::backtrace::__rust_end_short_backtrace::h4c38003a22ca226f
    9: 0x1a693e2 - config_tests.wasm!__rustc[5224e6b81cd82a8f]::rust_begin_unwind
   10: 0x1a72d4c - config_tests.wasm!core::panicking::panic_fmt::h4e32e8d1cab5f47e
   11: 0x1a747a2 - config_tests.wasm!core::panicking::assert_failed_inner::hf7ede4d3870aaaec
   12: 0x1a578e2 - config_tests.wasm!core::panicking::assert_failed::h168e3f8c09ecb509
   13: 0x1a2f3c4 - config_tests.wasm!config_tests::deadline_tests_v2::test_get_deadlines_by_type::he5f05ea2ea13d0d2
   14: 0x1a59258 - config_tests.wasm!spin-test-test-get-deadlines-by-type
Caused by: wasm trap: wasm `unreachable` instruction executed

---- test-get-deadlines-by-case ----
test 'spin-test-test-get-deadlines-by-case' failed 
Caused by: error while executing at wasm backtrace:
    0: 0x1a6ca23 - config_tests.wasm!abort
    1: 0x1a68802 - config_tests.wasm!std::sys::pal::wasi::helpers::abort_internal::hcc3b2e0cde3c9001
    2: 0x1a67431 - config_tests.wasm!std::process::abort::h0e38511b4c8b6f04
    3: 0x1a67427 - config_tests.wasm!__rustc[5224e6b81cd82a8f]::__rust_abort
    4: 0x1a69c05 - config_tests.wasm!__rustc[5224e6b81cd82a8f]::__rust_start_panic
    5: 0x1a69a76 - config_tests.wasm!__rustc[5224e6b81cd82a8f]::rust_panic
    6: 0x1a699fb - config_tests.wasm!std::panicking::rust_panic_with_hook::h085fb375cd657b2f
    7: 0x1a68af1 - config_tests.wasm!std::panicking::begin_panic_handler::{{closure}}::he68af7f9d5c53e56
    8: 0x1a68a5d - config_tests.wasm!std::sys::backtrace::__rust_end_short_backtrace::h4c38003a22ca226f
    9: 0x1a693e2 - config_tests.wasm!__rustc[5224e6b81cd82a8f]::rust_begin_unwind
   10: 0x1a72d4c - config_tests.wasm!core::panicking::panic_fmt::h4e32e8d1cab5f47e
   11: 0x1a747a2 - config_tests.wasm!core::panicking::assert_failed_inner::hf7ede4d3870aaaec
   12: 0x1a578e2 - config_tests.wasm!core::panicking::assert_failed::h168e3f8c09ecb509
   13: 0x1a2f085 - config_tests.wasm!config_tests::deadline_tests_v2::test_get_deadlines_by_case::hd0cf328a52ff5d4e
   14: 0x1a564ac - config_tests.wasm!spin-test-test-get-deadlines-by-case
Caused by: wasm trap: wasm `unreachable` instruction executed

---- test-sentencing-multi-tenant-isolation ----
test 'spin-test-test-sentencing-multi-tenant-isolation' failed 
Caused by: error while executing at wasm backtrace:
    0: 0x1a6ca23 - config_tests.wasm!abort
    1: 0x1a68802 - config_tests.wasm!std::sys::pal::wasi::helpers::abort_internal::hcc3b2e0cde3c9001
    2: 0x1a67431 - config_tests.wasm!std::process::abort::h0e38511b4c8b6f04
    3: 0x1a67427 - config_tests.wasm!__rustc[5224e6b81cd82a8f]::__rust_abort
    4: 0x1a69c05 - config_tests.wasm!__rustc[5224e6b81cd82a8f]::__rust_start_panic
    5: 0x1a69a76 - config_tests.wasm!__rustc[5224e6b81cd82a8f]::rust_panic
    6: 0x1a699fb - config_tests.wasm!std::panicking::rust_panic_with_hook::h085fb375cd657b2f
    7: 0x1a68b23 - config_tests.wasm!std::panicking::begin_panic_handler::{{closure}}::he68af7f9d5c53e56
    8: 0x1a68a5d - config_tests.wasm!std::sys::backtrace::__rust_end_short_backtrace::h4c38003a22ca226f
    9: 0x1a693e2 - config_tests.wasm!__rustc[5224e6b81cd82a8f]::rust_begin_unwind
   10: 0x1a72d4c - config_tests.wasm!core::panicking::panic_fmt::h4e32e8d1cab5f47e
   11: 0x1a6e417 - config_tests.wasm!core::panicking::panic::h42b72918664c199b
   12: 0x19f35bd - config_tests.wasm!config_tests::sentencing_tests_v2::test_sentencing_multi_tenant_isolation::h9da8ad572177d6cb
   13: 0x1a54ff6 - config_tests.wasm!spin-test-test-sentencing-multi-tenant-isolation
Caused by: wasm trap: wasm `unreachable` instruction executed

---- test-create-attorney-invalid-email ----
test 'spin-test-test-create-attorney-invalid-email' failed 
Caused by: error while executing at wasm backtrace:
    0: 0x1a6ca23 - config_tests.wasm!abort
    1: 0x1a68802 - config_tests.wasm!std::sys::pal::wasi::helpers::abort_internal::hcc3b2e0cde3c9001
    2: 0x1a67431 - config_tests.wasm!std::process::abort::h0e38511b4c8b6f04
    3: 0x1a67427 - config_tests.wasm!__rustc[5224e6b81cd82a8f]::__rust_abort
    4: 0x1a69c05 - config_tests.wasm!__rustc[5224e6b81cd82a8f]::__rust_start_panic
    5: 0x1a69a76 - config_tests.wasm!__rustc[5224e6b81cd82a8f]::rust_panic
    6: 0x1a699fb - config_tests.wasm!std::panicking::rust_panic_with_hook::h085fb375cd657b2f
    7: 0x1a68b23 - config_tests.wasm!std::panicking::begin_panic_handler::{{closure}}::he68af7f9d5c53e56
    8: 0x1a68a5d - config_tests.wasm!std::sys::backtrace::__rust_end_short_backtrace::h4c38003a22ca226f
    9: 0x1a693e2 - config_tests.wasm!__rustc[5224e6b81cd82a8f]::rust_begin_unwind
   10: 0x1a72d4c - config_tests.wasm!core::panicking::panic_fmt::h4e32e8d1cab5f47e
   11: 0x1a49d7d - config_tests.wasm!config_tests::attorney_tests_v2::test_create_attorney_invalid_email::he4497b7325c9fab7
   12: 0x1a592fd - config_tests.wasm!spin-test-test-create-attorney-invalid-email
Caused by: wasm trap: wasm `unreachable` instruction executed

---- test-get-cases-by-judge ----
test 'spin-test-test-get-cases-by-judge' failed 
Caused by: error while executing at wasm backtrace:
    0: 0x1a6ca23 - config_tests.wasm!abort
    1: 0x1a68802 - config_tests.wasm!std::sys::pal::wasi::helpers::abort_internal::hcc3b2e0cde3c9001
    2: 0x1a67431 - config_tests.wasm!std::process::abort::h0e38511b4c8b6f04
    3: 0x1a67427 - config_tests.wasm!__rustc[5224e6b81cd82a8f]::__rust_abort
    4: 0x1a69c05 - config_tests.wasm!__rustc[5224e6b81cd82a8f]::__rust_start_panic
    5: 0x1a69a76 - config_tests.wasm!__rustc[5224e6b81cd82a8f]::rust_panic
    6: 0x1a699fb - config_tests.wasm!std::panicking::rust_panic_with_hook::h085fb375cd657b2f
    7: 0x1a68b23 - config_tests.wasm!std::panicking::begin_panic_handler::{{closure}}::he68af7f9d5c53e56
    8: 0x1a68a5d - config_tests.wasm!std::sys::backtrace::__rust_end_short_backtrace::h4c38003a22ca226f
    9: 0x1a693e2 - config_tests.wasm!__rustc[5224e6b81cd82a8f]::rust_begin_unwind
   10: 0x1a72d4c - config_tests.wasm!core::panicking::panic_fmt::h4e32e8d1cab5f47e
   11: 0x1a243bb - config_tests.wasm!config_tests::criminal_case_tests_v2::test_get_cases_by_judge::h9eefbc1bd00f849d
   12: 0x1a57bd0 - config_tests.wasm!spin-test-test-get-cases-by-judge
Caused by: wasm trap: wasm `unreachable` instruction executed

---- test-get-case-docket ----
test 'spin-test-test-get-case-docket' failed 
Caused by: error while executing at wasm backtrace:
    0: 0x1a6ca23 - config_tests.wasm!abort
    1: 0x1a68802 - config_tests.wasm!std::sys::pal::wasi::helpers::abort_internal::hcc3b2e0cde3c9001
    2: 0x1a67431 - config_tests.wasm!std::process::abort::h0e38511b4c8b6f04
    3: 0x1a67427 - config_tests.wasm!__rustc[5224e6b81cd82a8f]::__rust_abort
    4: 0x1a69c05 - config_tests.wasm!__rustc[5224e6b81cd82a8f]::__rust_start_panic
    5: 0x1a69a76 - config_tests.wasm!__rustc[5224e6b81cd82a8f]::rust_panic
    6: 0x1a699fb - config_tests.wasm!std::panicking::rust_panic_with_hook::h085fb375cd657b2f
    7: 0x1a68af1 - config_tests.wasm!std::panicking::begin_panic_handler::{{closure}}::he68af7f9d5c53e56
    8: 0x1a68a5d - config_tests.wasm!std::sys::backtrace::__rust_end_short_backtrace::h4c38003a22ca226f
    9: 0x1a693e2 - config_tests.wasm!__rustc[5224e6b81cd82a8f]::rust_begin_unwind
   10: 0x1a72d4c - config_tests.wasm!core::panicking::panic_fmt::h4e32e8d1cab5f47e
   11: 0x1a747a2 - config_tests.wasm!core::panicking::assert_failed_inner::hf7ede4d3870aaaec
   12: 0x1a578e2 - config_tests.wasm!core::panicking::assert_failed::h168e3f8c09ecb509
   13: 0x19fb2fe - config_tests.wasm!config_tests::docket_tests_v2::test_get_case_docket::h52e496572e5a807e
   14: 0x1a550c8 - config_tests.wasm!spin-test-test-get-case-docket
Caused by: wasm trap: wasm `unreachable` instruction executed

---- test-get-extension-by-id ----
test 'spin-test-test-get-extension-by-id' failed 
Caused by: error while executing at wasm backtrace:
    0: 0x1a6ca23 - config_tests.wasm!abort
    1: 0x1a68802 - config_tests.wasm!std::sys::pal::wasi::helpers::abort_internal::hcc3b2e0cde3c9001
    2: 0x1a67431 - config_tests.wasm!std::process::abort::h0e38511b4c8b6f04
    3: 0x1a67427 - config_tests.wasm!__rustc[5224e6b81cd82a8f]::__rust_abort
    4: 0x1a69c05 - config_tests.wasm!__rustc[5224e6b81cd82a8f]::__rust_start_panic
    5: 0x1a69a76 - config_tests.wasm!__rustc[5224e6b81cd82a8f]::rust_panic
    6: 0x1a699fb - config_tests.wasm!std::panicking::rust_panic_with_hook::h085fb375cd657b2f
    7: 0x1a68af1 - config_tests.wasm!std::panicking::begin_panic_handler::{{closure}}::he68af7f9d5c53e56
    8: 0x1a68a5d - config_tests.wasm!std::sys::backtrace::__rust_end_short_backtrace::h4c38003a22ca226f
    9: 0x1a693e2 - config_tests.wasm!__rustc[5224e6b81cd82a8f]::rust_begin_unwind
   10: 0x1a72d4c - config_tests.wasm!core::panicking::panic_fmt::h4e32e8d1cab5f47e
   11: 0x1a747a2 - config_tests.wasm!core::panicking::assert_failed_inner::hf7ede4d3870aaaec
   12: 0x1a578e2 - config_tests.wasm!core::panicking::assert_failed::h168e3f8c09ecb509
   13: 0x1a313cd - config_tests.wasm!config_tests::deadline_tests_v2::test_get_extension_by_id::h0d3d122497d540af
   14: 0x1a5649d - config_tests.wasm!spin-test-test-get-extension-by-id
Caused by: wasm trap: wasm `unreachable` instruction executed

---- test-search-docket-entries ----
test 'spin-test-test-search-docket-entries' failed 
Caused by: error while executing at wasm backtrace:
    0: 0x1a6ca23 - config_tests.wasm!abort
    1: 0x1a68802 - config_tests.wasm!std::sys::pal::wasi::helpers::abort_internal::hcc3b2e0cde3c9001
    2: 0x1a67431 - config_tests.wasm!std::process::abort::h0e38511b4c8b6f04
    3: 0x1a67427 - config_tests.wasm!__rustc[5224e6b81cd82a8f]::__rust_abort
    4: 0x1a69c05 - config_tests.wasm!__rustc[5224e6b81cd82a8f]::__rust_start_panic
    5: 0x1a69a76 - config_tests.wasm!__rustc[5224e6b81cd82a8f]::rust_panic
    6: 0x1a699fb - config_tests.wasm!std::panicking::rust_panic_with_hook::h085fb375cd657b2f
    7: 0x1a68af1 - config_tests.wasm!std::panicking::begin_panic_handler::{{closure}}::he68af7f9d5c53e56
    8: 0x1a68a5d - config_tests.wasm!std::sys::backtrace::__rust_end_short_backtrace::h4c38003a22ca226f
    9: 0x1a693e2 - config_tests.wasm!__rustc[5224e6b81cd82a8f]::rust_begin_unwind
   10: 0x1a72d4c - config_tests.wasm!core::panicking::panic_fmt::h4e32e8d1cab5f47e
   11: 0x1a747a2 - config_tests.wasm!core::panicking::assert_failed_inner::hf7ede4d3870aaaec
   12: 0x1a578e2 - config_tests.wasm!core::panicking::assert_failed::h168e3f8c09ecb509
   13: 0x19fbbbd - config_tests.wasm!config_tests::docket_tests_v2::test_search_docket_entries::h8390fd090f387c4f
   14: 0x1a592b2 - config_tests.wasm!spin-test-test-search-docket-entries
Caused by: wasm trap: wasm `unreachable` instruction executed

---- test-create-judge-missing-courtroom ----
test 'spin-test-test-create-judge-missing-courtroom' failed 
Caused by: error while executing at wasm backtrace:
    0: 0x1a6ca23 - config_tests.wasm!abort
    1: 0x1a68802 - config_tests.wasm!std::sys::pal::wasi::helpers::abort_internal::hcc3b2e0cde3c9001
    2: 0x1a67431 - config_tests.wasm!std::process::abort::h0e38511b4c8b6f04
    3: 0x1a67427 - config_tests.wasm!__rustc[5224e6b81cd82a8f]::__rust_abort
    4: 0x1a69c05 - config_tests.wasm!__rustc[5224e6b81cd82a8f]::__rust_start_panic
    5: 0x1a69a76 - config_tests.wasm!__rustc[5224e6b81cd82a8f]::rust_panic
    6: 0x1a699fb - config_tests.wasm!std::panicking::rust_panic_with_hook::h085fb375cd657b2f
    7: 0x1a68b23 - config_tests.wasm!std::panicking::begin_panic_handler::{{closure}}::he68af7f9d5c53e56
    8: 0x1a68a5d - config_tests.wasm!std::sys::backtrace::__rust_end_short_backtrace::h4c38003a22ca226f
    9: 0x1a693e2 - config_tests.wasm!__rustc[5224e6b81cd82a8f]::rust_begin_unwind
   10: 0x1a72d4c - config_tests.wasm!core::panicking::panic_fmt::h4e32e8d1cab5f47e
   11: 0x1a40ae4 - config_tests.wasm!config_tests::judge_tests_proper::test_create_judge_missing_courtroom::h9b912c73dc893476
   12: 0x1a55131 - config_tests.wasm!spin-test-test-create-judge-missing-courtroom
Caused by: wasm trap: wasm `unreachable` instruction executed

---- test-get-judge-by-id-cache-hit ----
test 'spin-test-test-get-judge-by-id-cache-hit' failed 
Caused by: error while executing at wasm backtrace:
    0: 0x1a6ca23 - config_tests.wasm!abort
    1: 0x1a68802 - config_tests.wasm!std::sys::pal::wasi::helpers::abort_internal::hcc3b2e0cde3c9001
    2: 0x1a67431 - config_tests.wasm!std::process::abort::h0e38511b4c8b6f04
    3: 0x1a67427 - config_tests.wasm!__rustc[5224e6b81cd82a8f]::__rust_abort
    4: 0x1a69c05 - config_tests.wasm!__rustc[5224e6b81cd82a8f]::__rust_start_panic
    5: 0x1a69a76 - config_tests.wasm!__rustc[5224e6b81cd82a8f]::rust_panic
    6: 0x1a699fb - config_tests.wasm!std::panicking::rust_panic_with_hook::h085fb375cd657b2f
    7: 0x1a68af1 - config_tests.wasm!std::panicking::begin_panic_handler::{{closure}}::he68af7f9d5c53e56
    8: 0x1a68a5d - config_tests.wasm!std::sys::backtrace::__rust_end_short_backtrace::h4c38003a22ca226f
    9: 0x1a693e2 - config_tests.wasm!__rustc[5224e6b81cd82a8f]::rust_begin_unwind
   10: 0x1a72d4c - config_tests.wasm!core::panicking::panic_fmt::h4e32e8d1cab5f47e
   11: 0x1a747a2 - config_tests.wasm!core::panicking::assert_failed_inner::hf7ede4d3870aaaec
   12: 0x1a578e2 - config_tests.wasm!core::panicking::assert_failed::h168e3f8c09ecb509
   13: 0x1a3a3fb - config_tests.wasm!config_tests::judge_tests_proper::test_get_judge_by_id_cache_hit::h13cd55250e77367b
   14: 0x1a565ba - config_tests.wasm!spin-test-test-get-judge-by-id-cache-hit
Caused by: wasm trap: wasm `unreachable` instruction executed

---- test-order-multi-tenant-isolation ----
test 'spin-test-test-order-multi-tenant-isolation' failed 
Caused by: error while executing at wasm backtrace:
    0: 0x1a6ca23 - config_tests.wasm!abort
    1: 0x1a68802 - config_tests.wasm!std::sys::pal::wasi::helpers::abort_internal::hcc3b2e0cde3c9001
    2: 0x1a67431 - config_tests.wasm!std::process::abort::h0e38511b4c8b6f04
    3: 0x1a67427 - config_tests.wasm!__rustc[5224e6b81cd82a8f]::__rust_abort
    4: 0x1a69c05 - config_tests.wasm!__rustc[5224e6b81cd82a8f]::__rust_start_panic
    5: 0x1a69a76 - config_tests.wasm!__rustc[5224e6b81cd82a8f]::rust_panic
    6: 0x1a699fb - config_tests.wasm!std::panicking::rust_panic_with_hook::h085fb375cd657b2f
    7: 0x1a68b23 - config_tests.wasm!std::panicking::begin_panic_handler::{{closure}}::he68af7f9d5c53e56
    8: 0x1a68a5d - config_tests.wasm!std::sys::backtrace::__rust_end_short_backtrace::h4c38003a22ca226f
    9: 0x1a693e2 - config_tests.wasm!__rustc[5224e6b81cd82a8f]::rust_begin_unwind
   10: 0x1a72d4c - config_tests.wasm!core::panicking::panic_fmt::h4e32e8d1cab5f47e
   11: 0x1a6e417 - config_tests.wasm!core::panicking::panic::h42b72918664c199b
   12: 0x1a101f6 - config_tests.wasm!config_tests::order_tests_v2::test_order_multi_tenant_isolation::h582b15bdcb9c25cd
   13: 0x1a5615d - config_tests.wasm!spin-test-test-order-multi-tenant-isolation
Caused by: wasm trap: wasm `unreachable` instruction executed

---- test-get-departures ----
test 'spin-test-test-get-departures' failed 
Caused by: error while executing at wasm backtrace:
    0: 0x1a6ca23 - config_tests.wasm!abort
    1: 0x1a68802 - config_tests.wasm!std::sys::pal::wasi::helpers::abort_internal::hcc3b2e0cde3c9001
    2: 0x1a67431 - config_tests.wasm!std::process::abort::h0e38511b4c8b6f04
    3: 0x1a67427 - config_tests.wasm!__rustc[5224e6b81cd82a8f]::__rust_abort
    4: 0x1a69c05 - config_tests.wasm!__rustc[5224e6b81cd82a8f]::__rust_start_panic
    5: 0x1a69a76 - config_tests.wasm!__rustc[5224e6b81cd82a8f]::rust_panic
    6: 0x1a699fb - config_tests.wasm!std::panicking::rust_panic_with_hook::h085fb375cd657b2f
    7: 0x1a68af1 - config_tests.wasm!std::panicking::begin_panic_handler::{{closure}}::he68af7f9d5c53e56
    8: 0x1a68a5d - config_tests.wasm!std::sys::backtrace::__rust_end_short_backtrace::h4c38003a22ca226f
    9: 0x1a693e2 - config_tests.wasm!__rustc[5224e6b81cd82a8f]::rust_begin_unwind
   10: 0x1a72d4c - config_tests.wasm!core::panicking::panic_fmt::h4e32e8d1cab5f47e
   11: 0x1a747a2 - config_tests.wasm!core::panicking::assert_failed_inner::hf7ede4d3870aaaec
   12: 0x1a578e2 - config_tests.wasm!core::panicking::assert_failed::h168e3f8c09ecb509
   13: 0x19f00cb - config_tests.wasm!config_tests::sentencing_tests_v2::test_get_departures::h0e288bc7bda46e31
   14: 0x1a57a1d - config_tests.wasm!spin-test-test-get-departures
Caused by: wasm trap: wasm `unreachable` instruction executed

---- test-create-sentencing-invalid-offense-level ----
test 'spin-test-test-create-sentencing-invalid-offense-level' failed 
Caused by: error while executing at wasm backtrace:
    0: 0x1a6ca23 - config_tests.wasm!abort
    1: 0x1a68802 - config_tests.wasm!std::sys::pal::wasi::helpers::abort_internal::hcc3b2e0cde3c9001
    2: 0x1a67431 - config_tests.wasm!std::process::abort::h0e38511b4c8b6f04
    3: 0x1a67427 - config_tests.wasm!__rustc[5224e6b81cd82a8f]::__rust_abort
    4: 0x1a69c05 - config_tests.wasm!__rustc[5224e6b81cd82a8f]::__rust_start_panic
    5: 0x1a69a76 - config_tests.wasm!__rustc[5224e6b81cd82a8f]::rust_panic
    6: 0x1a699fb - config_tests.wasm!std::panicking::rust_panic_with_hook::h085fb375cd657b2f
    7: 0x1a68b23 - config_tests.wasm!std::panicking::begin_panic_handler::{{closure}}::he68af7f9d5c53e56
    8: 0x1a68a5d - config_tests.wasm!std::sys::backtrace::__rust_end_short_backtrace::h4c38003a22ca226f
    9: 0x1a693e2 - config_tests.wasm!__rustc[5224e6b81cd82a8f]::rust_begin_unwind
   10: 0x1a72d4c - config_tests.wasm!core::panicking::panic_fmt::h4e32e8d1cab5f47e
   11: 0x19f507d - config_tests.wasm!config_tests::sentencing_tests_v2::test_create_sentencing_invalid_offense_level::hbedab07524638372
   12: 0x1a5920d - config_tests.wasm!spin-test-test-create-sentencing-invalid-offense-level
Caused by: wasm trap: wasm `unreachable` instruction executed

---- test-get-cja-panel ----
test 'spin-test-test-get-cja-panel' failed 
Caused by: error while executing at wasm backtrace:
    0: 0x1a6ca23 - config_tests.wasm!abort
    1: 0x1a68802 - config_tests.wasm!std::sys::pal::wasi::helpers::abort_internal::hcc3b2e0cde3c9001
    2: 0x1a67431 - config_tests.wasm!std::process::abort::h0e38511b4c8b6f04
    3: 0x1a67427 - config_tests.wasm!__rustc[5224e6b81cd82a8f]::__rust_abort
    4: 0x1a69c05 - config_tests.wasm!__rustc[5224e6b81cd82a8f]::__rust_start_panic
    5: 0x1a69a76 - config_tests.wasm!__rustc[5224e6b81cd82a8f]::rust_panic
    6: 0x1a699fb - config_tests.wasm!std::panicking::rust_panic_with_hook::h085fb375cd657b2f
    7: 0x1a68af1 - config_tests.wasm!std::panicking::begin_panic_handler::{{closure}}::he68af7f9d5c53e56
    8: 0x1a68a5d - config_tests.wasm!std::sys::backtrace::__rust_end_short_backtrace::h4c38003a22ca226f
    9: 0x1a693e2 - config_tests.wasm!__rustc[5224e6b81cd82a8f]::rust_begin_unwind
   10: 0x1a72d4c - config_tests.wasm!core::panicking::panic_fmt::h4e32e8d1cab5f47e
   11: 0x1a747a2 - config_tests.wasm!core::panicking::assert_failed_inner::hf7ede4d3870aaaec
   12: 0x1a578e2 - config_tests.wasm!core::panicking::assert_failed::h168e3f8c09ecb509
   13: 0x1a470db - config_tests.wasm!config_tests::attorney_tests_v2::test_get_cja_panel::he5da1f1867932ab7
   14: 0x1a57afe - config_tests.wasm!spin-test-test-get-cja-panel
Caused by: wasm trap: wasm `unreachable` instruction executed

---- test-create-case-duplicate ----
test 'spin-test-test-create-case-duplicate' failed 
Caused by: error while executing at wasm backtrace:
    0: 0x1a6ca23 - config_tests.wasm!abort
    1: 0x1a68802 - config_tests.wasm!std::sys::pal::wasi::helpers::abort_internal::hcc3b2e0cde3c9001
    2: 0x1a67431 - config_tests.wasm!std::process::abort::h0e38511b4c8b6f04
    3: 0x1a67427 - config_tests.wasm!__rustc[5224e6b81cd82a8f]::__rust_abort
    4: 0x1a69c05 - config_tests.wasm!__rustc[5224e6b81cd82a8f]::__rust_start_panic
    5: 0x1a69a76 - config_tests.wasm!__rustc[5224e6b81cd82a8f]::rust_panic
    6: 0x1a699fb - config_tests.wasm!std::panicking::rust_panic_with_hook::h085fb375cd657b2f
    7: 0x1a68af1 - config_tests.wasm!std::panicking::begin_panic_handler::{{closure}}::he68af7f9d5c53e56
    8: 0x1a68a5d - config_tests.wasm!std::sys::backtrace::__rust_end_short_backtrace::h4c38003a22ca226f
    9: 0x1a693e2 - config_tests.wasm!__rustc[5224e6b81cd82a8f]::rust_begin_unwind
   10: 0x1a72d4c - config_tests.wasm!core::panicking::panic_fmt::h4e32e8d1cab5f47e
   11: 0x1a747a2 - config_tests.wasm!core::panicking::assert_failed_inner::hf7ede4d3870aaaec
   12: 0x1a578e2 - config_tests.wasm!core::panicking::assert_failed::h168e3f8c09ecb509
   13: 0x1a20ffd - config_tests.wasm!config_tests::criminal_case_tests_v2::test_create_case_duplicate::hba5726453712259e
   14: 0x1a5518b - config_tests.wasm!spin-test-test-create-case-duplicate
Caused by: wasm trap: wasm `unreachable` instruction executed

---- test-multi-tenant-isolation ----
test 'spin-test-test-multi-tenant-isolation' failed 
Caused by: error while executing at wasm backtrace:
    0: 0x1a6ca23 - config_tests.wasm!abort
    1: 0x1a68802 - config_tests.wasm!std::sys::pal::wasi::helpers::abort_internal::hcc3b2e0cde3c9001
    2: 0x1a67431 - config_tests.wasm!std::process::abort::h0e38511b4c8b6f04
    3: 0x1a67427 - config_tests.wasm!__rustc[5224e6b81cd82a8f]::__rust_abort
    4: 0x1a69c05 - config_tests.wasm!__rustc[5224e6b81cd82a8f]::__rust_start_panic
    5: 0x1a69a76 - config_tests.wasm!__rustc[5224e6b81cd82a8f]::rust_panic
    6: 0x1a699fb - config_tests.wasm!std::panicking::rust_panic_with_hook::h085fb375cd657b2f
    7: 0x1a68b23 - config_tests.wasm!std::panicking::begin_panic_handler::{{closure}}::he68af7f9d5c53e56
    8: 0x1a68a5d - config_tests.wasm!std::sys::backtrace::__rust_end_short_backtrace::h4c38003a22ca226f
    9: 0x1a693e2 - config_tests.wasm!__rustc[5224e6b81cd82a8f]::rust_begin_unwind
   10: 0x1a72d4c - config_tests.wasm!core::panicking::panic_fmt::h4e32e8d1cab5f47e
   11: 0x1a6e417 - config_tests.wasm!core::panicking::panic::h42b72918664c199b
   12: 0x1a25fc8 - config_tests.wasm!config_tests::criminal_case_tests_v2::test_multi_tenant_isolation::hc61a55f863bb99e0
   13: 0x1a5517c - config_tests.wasm!spin-test-test-multi-tenant-isolation
Caused by: wasm trap: wasm `unreachable` instruction executed

---- test-create-opinion-invalid-type ----
test 'spin-test-test-create-opinion-invalid-type' failed 
Caused by: error while executing at wasm backtrace:
    0: 0x1a6ca23 - config_tests.wasm!abort
    1: 0x1a68802 - config_tests.wasm!std::sys::pal::wasi::helpers::abort_internal::hcc3b2e0cde3c9001
    2: 0x1a67431 - config_tests.wasm!std::process::abort::h0e38511b4c8b6f04
    3: 0x1a67427 - config_tests.wasm!__rustc[5224e6b81cd82a8f]::__rust_abort
    4: 0x1a69c05 - config_tests.wasm!__rustc[5224e6b81cd82a8f]::__rust_start_panic
    5: 0x1a69a76 - config_tests.wasm!__rustc[5224e6b81cd82a8f]::rust_panic
    6: 0x1a699fb - config_tests.wasm!std::panicking::rust_panic_with_hook::h085fb375cd657b2f
    7: 0x1a68b23 - config_tests.wasm!std::panicking::begin_panic_handler::{{closure}}::he68af7f9d5c53e56
    8: 0x1a68a5d - config_tests.wasm!std::sys::backtrace::__rust_end_short_backtrace::h4c38003a22ca226f
    9: 0x1a693e2 - config_tests.wasm!__rustc[5224e6b81cd82a8f]::rust_begin_unwind
   10: 0x1a72d4c - config_tests.wasm!core::panicking::panic_fmt::h4e32e8d1cab5f47e
   11: 0x1a1e603 - config_tests.wasm!config_tests::opinion_tests_v2::test_create_opinion_invalid_type::h9cb538372f6737b5
   12: 0x1a56533 - config_tests.wasm!spin-test-test-create-opinion-invalid-type
Caused by: wasm trap: wasm `unreachable` instruction executed

---- test-schedule-event-missing-judge ----
test 'spin-test-test-schedule-event-missing-judge' failed 
Caused by: error while executing at wasm backtrace:
    0: 0x1a6ca23 - config_tests.wasm!abort
    1: 0x1a68802 - config_tests.wasm!std::sys::pal::wasi::helpers::abort_internal::hcc3b2e0cde3c9001
    2: 0x1a67431 - config_tests.wasm!std::process::abort::h0e38511b4c8b6f04
    3: 0x1a67427 - config_tests.wasm!__rustc[5224e6b81cd82a8f]::__rust_abort
    4: 0x1a69c05 - config_tests.wasm!__rustc[5224e6b81cd82a8f]::__rust_start_panic
    5: 0x1a69a76 - config_tests.wasm!__rustc[5224e6b81cd82a8f]::rust_panic
    6: 0x1a699fb - config_tests.wasm!std::panicking::rust_panic_with_hook::h085fb375cd657b2f
    7: 0x1a68b23 - config_tests.wasm!std::panicking::begin_panic_handler::{{closure}}::he68af7f9d5c53e56
    8: 0x1a68a5d - config_tests.wasm!std::sys::backtrace::__rust_end_short_backtrace::h4c38003a22ca226f
    9: 0x1a693e2 - config_tests.wasm!__rustc[5224e6b81cd82a8f]::rust_begin_unwind
   10: 0x1a72d4c - config_tests.wasm!core::panicking::panic_fmt::h4e32e8d1cab5f47e
   11: 0x19fccc8 - config_tests.wasm!config_tests::docket_tests_v2::test_schedule_event_missing_judge::hbed992eb369a8ae7
   12: 0x1a5613f - config_tests.wasm!spin-test-test-schedule-event-missing-judge
Caused by: wasm trap: wasm `unreachable` instruction executed

---- test-get-opinion-by-id ----
test 'spin-test-test-get-opinion-by-id' failed 
Caused by: error while executing at wasm backtrace:
    0: 0x1a6ca23 - config_tests.wasm!abort
    1: 0x1a68802 - config_tests.wasm!std::sys::pal::wasi::helpers::abort_internal::hcc3b2e0cde3c9001
    2: 0x1a67431 - config_tests.wasm!std::process::abort::h0e38511b4c8b6f04
    3: 0x1a67427 - config_tests.wasm!__rustc[5224e6b81cd82a8f]::__rust_abort
    4: 0x1a69c05 - config_tests.wasm!__rustc[5224e6b81cd82a8f]::__rust_start_panic
    5: 0x1a69a76 - config_tests.wasm!__rustc[5224e6b81cd82a8f]::rust_panic
    6: 0x1a699fb - config_tests.wasm!std::panicking::rust_panic_with_hook::h085fb375cd657b2f
    7: 0x1a68af1 - config_tests.wasm!std::panicking::begin_panic_handler::{{closure}}::he68af7f9d5c53e56
    8: 0x1a68a5d - config_tests.wasm!std::sys::backtrace::__rust_end_short_backtrace::h4c38003a22ca226f
    9: 0x1a693e2 - config_tests.wasm!__rustc[5224e6b81cd82a8f]::rust_begin_unwind
   10: 0x1a72d4c - config_tests.wasm!core::panicking::panic_fmt::h4e32e8d1cab5f47e
   11: 0x1a747a2 - config_tests.wasm!core::panicking::assert_failed_inner::hf7ede4d3870aaaec
   12: 0x1a578e2 - config_tests.wasm!core::panicking::assert_failed::h168e3f8c09ecb509
   13: 0x1a17b11 - config_tests.wasm!config_tests::opinion_tests_v2::test_get_opinion_by_id::h1ba1cd7e24b271d6
   14: 0x1a57ae0 - config_tests.wasm!spin-test-test-get-opinion-by-id
Caused by: wasm trap: wasm `unreachable` instruction executed

---- test-get-speedy-trial-status ----
test 'spin-test-test-get-speedy-trial-status' failed 
Caused by: error while executing at wasm backtrace:
    0: 0x1a6ca23 - config_tests.wasm!abort
    1: 0x1a68802 - config_tests.wasm!std::sys::pal::wasi::helpers::abort_internal::hcc3b2e0cde3c9001
    2: 0x1a67431 - config_tests.wasm!std::process::abort::h0e38511b4c8b6f04
    3: 0x1a67427 - config_tests.wasm!__rustc[5224e6b81cd82a8f]::__rust_abort
    4: 0x1a69c05 - config_tests.wasm!__rustc[5224e6b81cd82a8f]::__rust_start_panic
    5: 0x1a69a76 - config_tests.wasm!__rustc[5224e6b81cd82a8f]::rust_panic
    6: 0x1a699fb - config_tests.wasm!std::panicking::rust_panic_with_hook::h085fb375cd657b2f
    7: 0x1a68af1 - config_tests.wasm!std::panicking::begin_panic_handler::{{closure}}::he68af7f9d5c53e56
    8: 0x1a68a5d - config_tests.wasm!std::sys::backtrace::__rust_end_short_backtrace::h4c38003a22ca226f
    9: 0x1a693e2 - config_tests.wasm!__rustc[5224e6b81cd82a8f]::rust_begin_unwind
   10: 0x1a72d4c - config_tests.wasm!core::panicking::panic_fmt::h4e32e8d1cab5f47e
   11: 0x1a747a2 - config_tests.wasm!core::panicking::assert_failed_inner::hf7ede4d3870aaaec
   12: 0x1a578e2 - config_tests.wasm!core::panicking::assert_failed::h168e3f8c09ecb509
   13: 0x19ff1c7 - config_tests.wasm!config_tests::docket_tests_v2::test_get_speedy_trial_status::h02ad304d15c897cf
   14: 0x1a5509b - config_tests.wasm!spin-test-test-get-speedy-trial-status
Caused by: wasm trap: wasm `unreachable` instruction executed

---- test-get-case-by-id-found ----
test 'spin-test-test-get-case-by-id-found' failed 
Caused by: error while executing at wasm backtrace:
    0: 0x1a6ca23 - config_tests.wasm!abort
    1: 0x1a68802 - config_tests.wasm!std::sys::pal::wasi::helpers::abort_internal::hcc3b2e0cde3c9001
    2: 0x1a67431 - config_tests.wasm!std::process::abort::h0e38511b4c8b6f04
    3: 0x1a67427 - config_tests.wasm!__rustc[5224e6b81cd82a8f]::__rust_abort
    4: 0x1a69c05 - config_tests.wasm!__rustc[5224e6b81cd82a8f]::__rust_start_panic
    5: 0x1a69a76 - config_tests.wasm!__rustc[5224e6b81cd82a8f]::rust_panic
    6: 0x1a699fb - config_tests.wasm!std::panicking::rust_panic_with_hook::h085fb375cd657b2f
    7: 0x1a68af1 - config_tests.wasm!std::panicking::begin_panic_handler::{{closure}}::he68af7f9d5c53e56
    8: 0x1a68a5d - config_tests.wasm!std::sys::backtrace::__rust_end_short_backtrace::h4c38003a22ca226f
    9: 0x1a693e2 - config_tests.wasm!__rustc[5224e6b81cd82a8f]::rust_begin_unwind
   10: 0x1a72d4c - config_tests.wasm!core::panicking::panic_fmt::h4e32e8d1cab5f47e
   11: 0x1a747a2 - config_tests.wasm!core::panicking::assert_failed_inner::hf7ede4d3870aaaec
   12: 0x1a578e2 - config_tests.wasm!core::panicking::assert_failed::h168e3f8c09ecb509
   13: 0x1a22624 - config_tests.wasm!config_tests::criminal_case_tests_v2::test_get_case_by_id_found::h924f65948a83dc05
   14: 0x1a5941e - config_tests.wasm!spin-test-test-get-case-by-id-found
Caused by: wasm trap: wasm `unreachable` instruction executed

---- test-create-draft-version ----
test 'spin-test-test-create-draft-version' failed 
Caused by: error while executing at wasm backtrace:
    0: 0x1a6ca23 - config_tests.wasm!abort
    1: 0x1a68802 - config_tests.wasm!std::sys::pal::wasi::helpers::abort_internal::hcc3b2e0cde3c9001
    2: 0x1a67431 - config_tests.wasm!std::process::abort::h0e38511b4c8b6f04
    3: 0x1a67427 - config_tests.wasm!__rustc[5224e6b81cd82a8f]::__rust_abort
    4: 0x1a69c05 - config_tests.wasm!__rustc[5224e6b81cd82a8f]::__rust_start_panic
    5: 0x1a69a76 - config_tests.wasm!__rustc[5224e6b81cd82a8f]::rust_panic
    6: 0x1a699fb - config_tests.wasm!std::panicking::rust_panic_with_hook::h085fb375cd657b2f
    7: 0x1a68af1 - config_tests.wasm!std::panicking::begin_panic_handler::{{closure}}::he68af7f9d5c53e56
    8: 0x1a68a5d - config_tests.wasm!std::sys::backtrace::__rust_end_short_backtrace::h4c38003a22ca226f
    9: 0x1a693e2 - config_tests.wasm!__rustc[5224e6b81cd82a8f]::rust_begin_unwind
   10: 0x1a72d4c - config_tests.wasm!core::panicking::panic_fmt::h4e32e8d1cab5f47e
   11: 0x1a747a2 - config_tests.wasm!core::panicking::assert_failed_inner::hf7ede4d3870aaaec
   12: 0x1a578e2 - config_tests.wasm!core::panicking::assert_failed::h168e3f8c09ecb509
   13: 0x1a1a166 - config_tests.wasm!config_tests::opinion_tests_v2::test_create_draft_version::h0af2a423b4744692
   14: 0x1a561b7 - config_tests.wasm!spin-test-test-create-draft-version
Caused by: wasm trap: wasm `unreachable` instruction executed

---- test-update-sentencing ----
test 'spin-test-test-update-sentencing' failed 
Caused by: error while executing at wasm backtrace:
    0: 0x1a6ca23 - config_tests.wasm!abort
    1: 0x1a68802 - config_tests.wasm!std::sys::pal::wasi::helpers::abort_internal::hcc3b2e0cde3c9001
    2: 0x1a67431 - config_tests.wasm!std::process::abort::h0e38511b4c8b6f04
    3: 0x1a67427 - config_tests.wasm!__rustc[5224e6b81cd82a8f]::__rust_abort
    4: 0x1a69c05 - config_tests.wasm!__rustc[5224e6b81cd82a8f]::__rust_start_panic
    5: 0x1a69a76 - config_tests.wasm!__rustc[5224e6b81cd82a8f]::rust_panic
    6: 0x1a699fb - config_tests.wasm!std::panicking::rust_panic_with_hook::h085fb375cd657b2f
    7: 0x1a68af1 - config_tests.wasm!std::panicking::begin_panic_handler::{{closure}}::he68af7f9d5c53e56
    8: 0x1a68a5d - config_tests.wasm!std::sys::backtrace::__rust_end_short_backtrace::h4c38003a22ca226f
    9: 0x1a693e2 - config_tests.wasm!__rustc[5224e6b81cd82a8f]::rust_begin_unwind
   10: 0x1a72d4c - config_tests.wasm!core::panicking::panic_fmt::h4e32e8d1cab5f47e
   11: 0x1a747a2 - config_tests.wasm!core::panicking::assert_failed_inner::hf7ede4d3870aaaec
   12: 0x1a578e2 - config_tests.wasm!core::panicking::assert_failed::h168e3f8c09ecb509
   13: 0x19f0c16 - config_tests.wasm!config_tests::sentencing_tests_v2::test_update_sentencing::hdb13356c52164cb4
   14: 0x1a560c7 - config_tests.wasm!spin-test-test-update-sentencing
Caused by: wasm trap: wasm `unreachable` instruction executed

---- test-get-opinions-by-judge ----
test 'spin-test-test-get-opinions-by-judge' failed 
Caused by: error while executing at wasm backtrace:
    0: 0x1a6ca23 - config_tests.wasm!abort
    1: 0x1a68802 - config_tests.wasm!std::sys::pal::wasi::helpers::abort_internal::hcc3b2e0cde3c9001
    2: 0x1a67431 - config_tests.wasm!std::process::abort::h0e38511b4c8b6f04
    3: 0x1a67427 - config_tests.wasm!__rustc[5224e6b81cd82a8f]::__rust_abort
    4: 0x1a69c05 - config_tests.wasm!__rustc[5224e6b81cd82a8f]::__rust_start_panic
    5: 0x1a69a76 - config_tests.wasm!__rustc[5224e6b81cd82a8f]::rust_panic
    6: 0x1a699fb - config_tests.wasm!std::panicking::rust_panic_with_hook::h085fb375cd657b2f
    7: 0x1a68b23 - config_tests.wasm!std::panicking::begin_panic_handler::{{closure}}::he68af7f9d5c53e56
    8: 0x1a68a5d - config_tests.wasm!std::sys::backtrace::__rust_end_short_backtrace::h4c38003a22ca226f
    9: 0x1a693e2 - config_tests.wasm!__rustc[5224e6b81cd82a8f]::rust_begin_unwind
   10: 0x1a72d4c - config_tests.wasm!core::panicking::panic_fmt::h4e32e8d1cab5f47e
   11: 0x1a188a9 - config_tests.wasm!config_tests::opinion_tests_v2::test_get_opinions_by_judge::h5da91f315a29d26f
   12: 0x1a561c6 - config_tests.wasm!spin-test-test-get-opinions-by-judge
Caused by: wasm trap: wasm `unreachable` instruction executed

---- test-get-attorney-by-bar-number ----
test 'spin-test-test-get-attorney-by-bar-number' failed 
Caused by: error while executing at wasm backtrace:
    0: 0x1a6ca23 - config_tests.wasm!abort
    1: 0x1a68802 - config_tests.wasm!std::sys::pal::wasi::helpers::abort_internal::hcc3b2e0cde3c9001
    2: 0x1a67431 - config_tests.wasm!std::process::abort::h0e38511b4c8b6f04
    3: 0x1a67427 - config_tests.wasm!__rustc[5224e6b81cd82a8f]::__rust_abort
    4: 0x1a69c05 - config_tests.wasm!__rustc[5224e6b81cd82a8f]::__rust_start_panic
    5: 0x1a69a76 - config_tests.wasm!__rustc[5224e6b81cd82a8f]::rust_panic
    6: 0x1a699fb - config_tests.wasm!std::panicking::rust_panic_with_hook::h085fb375cd657b2f
    7: 0x1a68af1 - config_tests.wasm!std::panicking::begin_panic_handler::{{closure}}::he68af7f9d5c53e56
    8: 0x1a68a5d - config_tests.wasm!std::sys::backtrace::__rust_end_short_backtrace::h4c38003a22ca226f
    9: 0x1a693e2 - config_tests.wasm!__rustc[5224e6b81cd82a8f]::rust_begin_unwind
   10: 0x1a72d4c - config_tests.wasm!core::panicking::panic_fmt::h4e32e8d1cab5f47e
   11: 0x1a747a2 - config_tests.wasm!core::panicking::assert_failed_inner::hf7ede4d3870aaaec
   12: 0x1a578e2 - config_tests.wasm!core::panicking::assert_failed::h168e3f8c09ecb509
   13: 0x1a45b77 - config_tests.wasm!config_tests::attorney_tests_v2::test_get_attorney_by_bar_number::h987410183c6aef8a
   14: 0x1a5659c - config_tests.wasm!spin-test-test-get-attorney-by-bar-number
Caused by: wasm trap: wasm `unreachable` instruction executed

---- test-get-judge-sentencing-stats ----
test 'spin-test-test-get-judge-sentencing-stats' failed 
Caused by: error while executing at wasm backtrace:
    0: 0x1a6ca23 - config_tests.wasm!abort
    1: 0x1a68802 - config_tests.wasm!std::sys::pal::wasi::helpers::abort_internal::hcc3b2e0cde3c9001
    2: 0x1a67431 - config_tests.wasm!std::process::abort::h0e38511b4c8b6f04
    3: 0x1a67427 - config_tests.wasm!__rustc[5224e6b81cd82a8f]::__rust_abort
    4: 0x1a69c05 - config_tests.wasm!__rustc[5224e6b81cd82a8f]::__rust_start_panic
    5: 0x1a69a76 - config_tests.wasm!__rustc[5224e6b81cd82a8f]::rust_panic
    6: 0x1a699fb - config_tests.wasm!std::panicking::rust_panic_with_hook::h085fb375cd657b2f
    7: 0x1a68af1 - config_tests.wasm!std::panicking::begin_panic_handler::{{closure}}::he68af7f9d5c53e56
    8: 0x1a68a5d - config_tests.wasm!std::sys::backtrace::__rust_end_short_backtrace::h4c38003a22ca226f
    9: 0x1a693e2 - config_tests.wasm!__rustc[5224e6b81cd82a8f]::rust_begin_unwind
   10: 0x1a72d4c - config_tests.wasm!core::panicking::panic_fmt::h4e32e8d1cab5f47e
   11: 0x1a747a2 - config_tests.wasm!core::panicking::assert_failed_inner::hf7ede4d3870aaaec
   12: 0x1a578e2 - config_tests.wasm!core::panicking::assert_failed::h168e3f8c09ecb509
   13: 0x19f1933 - config_tests.wasm!config_tests::sentencing_tests_v2::test_get_judge_sentencing_stats::hb937ad94d3297dda
   14: 0x1a5921c - config_tests.wasm!spin-test-test-get-judge-sentencing-stats
Caused by: wasm trap: wasm `unreachable` instruction executed

---- test-get-pending-sentencings ----
test 'spin-test-test-get-pending-sentencings' failed 
Caused by: error while executing at wasm backtrace:
    0: 0x1a6ca23 - config_tests.wasm!abort
    1: 0x1a68802 - config_tests.wasm!std::sys::pal::wasi::helpers::abort_internal::hcc3b2e0cde3c9001
    2: 0x1a67431 - config_tests.wasm!std::process::abort::h0e38511b4c8b6f04
    3: 0x1a67427 - config_tests.wasm!__rustc[5224e6b81cd82a8f]::__rust_abort
    4: 0x1a69c05 - config_tests.wasm!__rustc[5224e6b81cd82a8f]::__rust_start_panic
    5: 0x1a69a76 - config_tests.wasm!__rustc[5224e6b81cd82a8f]::rust_panic
    6: 0x1a699fb - config_tests.wasm!std::panicking::rust_panic_with_hook::h085fb375cd657b2f
    7: 0x1a68af1 - config_tests.wasm!std::panicking::begin_panic_handler::{{closure}}::he68af7f9d5c53e56
    8: 0x1a68a5d - config_tests.wasm!std::sys::backtrace::__rust_end_short_backtrace::h4c38003a22ca226f
    9: 0x1a693e2 - config_tests.wasm!__rustc[5224e6b81cd82a8f]::rust_begin_unwind
   10: 0x1a72d4c - config_tests.wasm!core::panicking::panic_fmt::h4e32e8d1cab5f47e
   11: 0x1a747a2 - config_tests.wasm!core::panicking::assert_failed_inner::hf7ede4d3870aaaec
   12: 0x1a578e2 - config_tests.wasm!core::panicking::assert_failed::h168e3f8c09ecb509
   13: 0x19ec84e - config_tests.wasm!config_tests::sentencing_tests_v2::test_get_pending_sentencings::hb4a04170fd205608
   14: 0x1a5922b - config_tests.wasm!spin-test-test-get-pending-sentencings
Caused by: wasm trap: wasm `unreachable` instruction executed

---- test-record-appeal ----
test 'spin-test-test-record-appeal' failed 
Caused by: error while executing at wasm backtrace:
    0: 0x1a6ca23 - config_tests.wasm!abort
    1: 0x1a68802 - config_tests.wasm!std::sys::pal::wasi::helpers::abort_internal::hcc3b2e0cde3c9001
    2: 0x1a67431 - config_tests.wasm!std::process::abort::h0e38511b4c8b6f04
    3: 0x1a67427 - config_tests.wasm!__rustc[5224e6b81cd82a8f]::__rust_abort
    4: 0x1a69c05 - config_tests.wasm!__rustc[5224e6b81cd82a8f]::__rust_start_panic
    5: 0x1a69a76 - config_tests.wasm!__rustc[5224e6b81cd82a8f]::rust_panic
    6: 0x1a699fb - config_tests.wasm!std::panicking::rust_panic_with_hook::h085fb375cd657b2f
    7: 0x1a68af1 - config_tests.wasm!std::panicking::begin_panic_handler::{{closure}}::he68af7f9d5c53e56
    8: 0x1a68a5d - config_tests.wasm!std::sys::backtrace::__rust_end_short_backtrace::h4c38003a22ca226f
    9: 0x1a693e2 - config_tests.wasm!__rustc[5224e6b81cd82a8f]::rust_begin_unwind
   10: 0x1a72d4c - config_tests.wasm!core::panicking::panic_fmt::h4e32e8d1cab5f47e
   11: 0x1a747a2 - config_tests.wasm!core::panicking::assert_failed_inner::hf7ede4d3870aaaec
   12: 0x1a578e2 - config_tests.wasm!core::panicking::assert_failed::h168e3f8c09ecb509
   13: 0x19f266f - config_tests.wasm!config_tests::sentencing_tests_v2::test_record_appeal::h1c01a40638543246
   14: 0x1a57a0e - config_tests.wasm!spin-test-test-record-appeal
Caused by: wasm trap: wasm `unreachable` instruction executed

---- test-create-order-missing-case-id ----
test 'spin-test-test-create-order-missing-case-id' failed 
Caused by: error while executing at wasm backtrace:
    0: 0x1a6ca23 - config_tests.wasm!abort
    1: 0x1a68802 - config_tests.wasm!std::sys::pal::wasi::helpers::abort_internal::hcc3b2e0cde3c9001
    2: 0x1a67431 - config_tests.wasm!std::process::abort::h0e38511b4c8b6f04
    3: 0x1a67427 - config_tests.wasm!__rustc[5224e6b81cd82a8f]::__rust_abort
    4: 0x1a69c05 - config_tests.wasm!__rustc[5224e6b81cd82a8f]::__rust_start_panic
    5: 0x1a69a76 - config_tests.wasm!__rustc[5224e6b81cd82a8f]::rust_panic
    6: 0x1a699fb - config_tests.wasm!std::panicking::rust_panic_with_hook::h085fb375cd657b2f
    7: 0x1a68b23 - config_tests.wasm!std::panicking::begin_panic_handler::{{closure}}::he68af7f9d5c53e56
    8: 0x1a68a5d - config_tests.wasm!std::sys::backtrace::__rust_end_short_backtrace::h4c38003a22ca226f
    9: 0x1a693e2 - config_tests.wasm!__rustc[5224e6b81cd82a8f]::rust_begin_unwind
   10: 0x1a72d4c - config_tests.wasm!core::panicking::panic_fmt::h4e32e8d1cab5f47e
   11: 0x1a0822c - config_tests.wasm!config_tests::order_tests_v2::test_create_order_missing_case_id::h7139b40841045278
   12: 0x1a56524 - config_tests.wasm!spin-test-test-create-order-missing-case-id
Caused by: wasm trap: wasm `unreachable` instruction executed

---- test-initialize-speedy-trial ----
test 'spin-test-test-initialize-speedy-trial' failed 
Caused by: error while executing at wasm backtrace:
    0: 0x1a6ca23 - config_tests.wasm!abort
    1: 0x1a68802 - config_tests.wasm!std::sys::pal::wasi::helpers::abort_internal::hcc3b2e0cde3c9001
    2: 0x1a67431 - config_tests.wasm!std::process::abort::h0e38511b4c8b6f04
    3: 0x1a67427 - config_tests.wasm!__rustc[5224e6b81cd82a8f]::__rust_abort
    4: 0x1a69c05 - config_tests.wasm!__rustc[5224e6b81cd82a8f]::__rust_start_panic
    5: 0x1a69a76 - config_tests.wasm!__rustc[5224e6b81cd82a8f]::rust_panic
    6: 0x1a699fb - config_tests.wasm!std::panicking::rust_panic_with_hook::h085fb375cd657b2f
    7: 0x1a68af1 - config_tests.wasm!std::panicking::begin_panic_handler::{{closure}}::he68af7f9d5c53e56
    8: 0x1a68a5d - config_tests.wasm!std::sys::backtrace::__rust_end_short_backtrace::h4c38003a22ca226f
    9: 0x1a693e2 - config_tests.wasm!__rustc[5224e6b81cd82a8f]::rust_begin_unwind
   10: 0x1a72d4c - config_tests.wasm!core::panicking::panic_fmt::h4e32e8d1cab5f47e
   11: 0x19fed2c - config_tests.wasm!config_tests::docket_tests_v2::test_initialize_speedy_trial::h7afb258a5ef310d7
   12: 0x1a550aa - config_tests.wasm!spin-test-test-initialize-speedy-trial
Caused by: wasm trap: wasm `unreachable` instruction executed

---- test-create-opinion-success ----
test 'spin-test-test-create-opinion-success' failed 
Caused by: error while executing at wasm backtrace:
    0: 0x1a6ca23 - config_tests.wasm!abort
    1: 0x1a68802 - config_tests.wasm!std::sys::pal::wasi::helpers::abort_internal::hcc3b2e0cde3c9001
    2: 0x1a67431 - config_tests.wasm!std::process::abort::h0e38511b4c8b6f04
    3: 0x1a67427 - config_tests.wasm!__rustc[5224e6b81cd82a8f]::__rust_abort
    4: 0x1a69c05 - config_tests.wasm!__rustc[5224e6b81cd82a8f]::__rust_start_panic
    5: 0x1a69a76 - config_tests.wasm!__rustc[5224e6b81cd82a8f]::rust_panic
    6: 0x1a699fb - config_tests.wasm!std::panicking::rust_panic_with_hook::h085fb375cd657b2f
    7: 0x1a68af1 - config_tests.wasm!std::panicking::begin_panic_handler::{{closure}}::he68af7f9d5c53e56
    8: 0x1a68a5d - config_tests.wasm!std::sys::backtrace::__rust_end_short_backtrace::h4c38003a22ca226f
    9: 0x1a693e2 - config_tests.wasm!__rustc[5224e6b81cd82a8f]::rust_begin_unwind
   10: 0x1a72d4c - config_tests.wasm!core::panicking::panic_fmt::h4e32e8d1cab5f47e
   11: 0x1a15d82 - config_tests.wasm!config_tests::opinion_tests_v2::test_create_opinion_success::h55e1d697ab7c1eeb
   12: 0x1a5656f - config_tests.wasm!spin-test-test-create-opinion-success
Caused by: wasm trap: wasm `unreachable` instruction executed

---- test-get-order-templates ----
test 'spin-test-test-get-order-templates' failed 
Caused by: error while executing at wasm backtrace:
    0: 0x1a6ca23 - config_tests.wasm!abort
    1: 0x1a68802 - config_tests.wasm!std::sys::pal::wasi::helpers::abort_internal::hcc3b2e0cde3c9001
    2: 0x1a67431 - config_tests.wasm!std::process::abort::h0e38511b4c8b6f04
    3: 0x1a67427 - config_tests.wasm!__rustc[5224e6b81cd82a8f]::__rust_abort
    4: 0x1a69c05 - config_tests.wasm!__rustc[5224e6b81cd82a8f]::__rust_start_panic
    5: 0x1a69a76 - config_tests.wasm!__rustc[5224e6b81cd82a8f]::rust_panic
    6: 0x1a699fb - config_tests.wasm!std::panicking::rust_panic_with_hook::h085fb375cd657b2f
    7: 0x1a68b23 - config_tests.wasm!std::panicking::begin_panic_handler::{{closure}}::he68af7f9d5c53e56
    8: 0x1a68a5d - config_tests.wasm!std::sys::backtrace::__rust_end_short_backtrace::h4c38003a22ca226f
    9: 0x1a693e2 - config_tests.wasm!__rustc[5224e6b81cd82a8f]::rust_begin_unwind
   10: 0x1a72d4c - config_tests.wasm!core::panicking::panic_fmt::h4e32e8d1cab5f47e
   11: 0x1a0de53 - config_tests.wasm!config_tests::order_tests_v2::test_get_order_templates::hbd2d23af7a751661
   12: 0x1a57a95 - config_tests.wasm!spin-test-test-get-order-templates
Caused by: wasm trap: wasm `unreachable` instruction executed

---- test-get-published-opinions ----
test 'spin-test-test-get-published-opinions' failed 
Caused by: error while executing at wasm backtrace:
    0: 0x1a6ca23 - config_tests.wasm!abort
    1: 0x1a68802 - config_tests.wasm!std::sys::pal::wasi::helpers::abort_internal::hcc3b2e0cde3c9001
    2: 0x1a67431 - config_tests.wasm!std::process::abort::h0e38511b4c8b6f04
    3: 0x1a67427 - config_tests.wasm!__rustc[5224e6b81cd82a8f]::__rust_abort
    4: 0x1a69c05 - config_tests.wasm!__rustc[5224e6b81cd82a8f]::__rust_start_panic
    5: 0x1a69a76 - config_tests.wasm!__rustc[5224e6b81cd82a8f]::rust_panic
    6: 0x1a699fb - config_tests.wasm!std::panicking::rust_panic_with_hook::h085fb375cd657b2f
    7: 0x1a68af1 - config_tests.wasm!std::panicking::begin_panic_handler::{{closure}}::he68af7f9d5c53e56
    8: 0x1a68a5d - config_tests.wasm!std::sys::backtrace::__rust_end_short_backtrace::h4c38003a22ca226f
    9: 0x1a693e2 - config_tests.wasm!__rustc[5224e6b81cd82a8f]::rust_begin_unwind
   10: 0x1a72d4c - config_tests.wasm!core::panicking::panic_fmt::h4e32e8d1cab5f47e
   11: 0x1a747a2 - config_tests.wasm!core::panicking::assert_failed_inner::hf7ede4d3870aaaec
   12: 0x1a578e2 - config_tests.wasm!core::panicking::assert_failed::h168e3f8c09ecb509
   13: 0x1a1d8ae - config_tests.wasm!config_tests::opinion_tests_v2::test_get_published_opinions::h3d6110f8f5d3d06d
   14: 0x1a592ee - config_tests.wasm!spin-test-test-get-published-opinions
Caused by: wasm trap: wasm `unreachable` instruction executed

---- test-get-order-by-id ----
test 'spin-test-test-get-order-by-id' failed 
Caused by: error while executing at wasm backtrace:
    0: 0x1a6ca23 - config_tests.wasm!abort
    1: 0x1a68802 - config_tests.wasm!std::sys::pal::wasi::helpers::abort_internal::hcc3b2e0cde3c9001
    2: 0x1a67431 - config_tests.wasm!std::process::abort::h0e38511b4c8b6f04
    3: 0x1a67427 - config_tests.wasm!__rustc[5224e6b81cd82a8f]::__rust_abort
    4: 0x1a69c05 - config_tests.wasm!__rustc[5224e6b81cd82a8f]::__rust_start_panic
    5: 0x1a69a76 - config_tests.wasm!__rustc[5224e6b81cd82a8f]::rust_panic
    6: 0x1a699fb - config_tests.wasm!std::panicking::rust_panic_with_hook::h085fb375cd657b2f
    7: 0x1a68af1 - config_tests.wasm!std::panicking::begin_panic_handler::{{closure}}::he68af7f9d5c53e56
    8: 0x1a68a5d - config_tests.wasm!std::sys::backtrace::__rust_end_short_backtrace::h4c38003a22ca226f
    9: 0x1a693e2 - config_tests.wasm!__rustc[5224e6b81cd82a8f]::rust_begin_unwind
   10: 0x1a72d4c - config_tests.wasm!core::panicking::panic_fmt::h4e32e8d1cab5f47e
   11: 0x1a747a2 - config_tests.wasm!core::panicking::assert_failed_inner::hf7ede4d3870aaaec
   12: 0x1a578e2 - config_tests.wasm!core::panicking::assert_failed::h168e3f8c09ecb509
   13: 0x1a0923d - config_tests.wasm!config_tests::order_tests_v2::test_get_order_by_id::hf6ff0ed8ee2ae0a5
   14: 0x1a5618a - config_tests.wasm!spin-test-test-get-order-by-id
Caused by: wasm trap: wasm `unreachable` instruction executed

---- test-update-nonexistent-opinion ----
test 'spin-test-test-update-nonexistent-opinion' failed 
Caused by: error while executing at wasm backtrace:
    0: 0x1a6ca23 - config_tests.wasm!abort
    1: 0x1a68802 - config_tests.wasm!std::sys::pal::wasi::helpers::abort_internal::hcc3b2e0cde3c9001
    2: 0x1a67431 - config_tests.wasm!std::process::abort::h0e38511b4c8b6f04
    3: 0x1a67427 - config_tests.wasm!__rustc[5224e6b81cd82a8f]::__rust_abort
    4: 0x1a69c05 - config_tests.wasm!__rustc[5224e6b81cd82a8f]::__rust_start_panic
    5: 0x1a69a76 - config_tests.wasm!__rustc[5224e6b81cd82a8f]::rust_panic
    6: 0x1a699fb - config_tests.wasm!std::panicking::rust_panic_with_hook::h085fb375cd657b2f
    7: 0x1a68af1 - config_tests.wasm!std::panicking::begin_panic_handler::{{closure}}::he68af7f9d5c53e56
    8: 0x1a68a5d - config_tests.wasm!std::sys::backtrace::__rust_end_short_backtrace::h4c38003a22ca226f
    9: 0x1a693e2 - config_tests.wasm!__rustc[5224e6b81cd82a8f]::rust_begin_unwind
   10: 0x1a72d4c - config_tests.wasm!core::panicking::panic_fmt::h4e32e8d1cab5f47e
   11: 0x1a747a2 - config_tests.wasm!core::panicking::assert_failed_inner::hf7ede4d3870aaaec
   12: 0x1a578e2 - config_tests.wasm!core::panicking::assert_failed::h168e3f8c09ecb509
   13: 0x1a1eb3a - config_tests.wasm!config_tests::opinion_tests_v2::test_update_nonexistent_opinion::he17367eaecb0dcf5
   14: 0x1a57ac2 - config_tests.wasm!spin-test-test-update-nonexistent-opinion
Caused by: wasm trap: wasm `unreachable` instruction executed

---- test-create-judge-with-store ----
test 'spin-test-test-create-judge-with-store' failed 
Caused by: error while executing at wasm backtrace:
    0: 0x1a6ca23 - config_tests.wasm!abort
    1: 0x1a68802 - config_tests.wasm!std::sys::pal::wasi::helpers::abort_internal::hcc3b2e0cde3c9001
    2: 0x1a67431 - config_tests.wasm!std::process::abort::h0e38511b4c8b6f04
    3: 0x1a67427 - config_tests.wasm!__rustc[5224e6b81cd82a8f]::__rust_abort
    4: 0x1a69c05 - config_tests.wasm!__rustc[5224e6b81cd82a8f]::__rust_start_panic
    5: 0x1a69a76 - config_tests.wasm!__rustc[5224e6b81cd82a8f]::rust_panic
    6: 0x1a699fb - config_tests.wasm!std::panicking::rust_panic_with_hook::h085fb375cd657b2f
    7: 0x1a68af1 - config_tests.wasm!std::panicking::begin_panic_handler::{{closure}}::he68af7f9d5c53e56
    8: 0x1a68a5d - config_tests.wasm!std::sys::backtrace::__rust_end_short_backtrace::h4c38003a22ca226f
    9: 0x1a693e2 - config_tests.wasm!__rustc[5224e6b81cd82a8f]::rust_begin_unwind
   10: 0x1a72d4c - config_tests.wasm!core::panicking::panic_fmt::h4e32e8d1cab5f47e
   11: 0x1a37d9d - config_tests.wasm!config_tests::judge_tests_proper::test_create_judge_with_store::hb4b3f4e271caf018
   12: 0x1a59339 - config_tests.wasm!spin-test-test-create-judge-with-store
Caused by: wasm trap: wasm `unreachable` instruction executed

---- test-create-attorney-duplicate ----
test 'spin-test-test-create-attorney-duplicate' failed 
Caused by: error while executing at wasm backtrace:
    0: 0x1a6ca23 - config_tests.wasm!abort
    1: 0x1a68802 - config_tests.wasm!std::sys::pal::wasi::helpers::abort_internal::hcc3b2e0cde3c9001
    2: 0x1a67431 - config_tests.wasm!std::process::abort::h0e38511b4c8b6f04
    3: 0x1a67427 - config_tests.wasm!__rustc[5224e6b81cd82a8f]::__rust_abort
    4: 0x1a69c05 - config_tests.wasm!__rustc[5224e6b81cd82a8f]::__rust_start_panic
    5: 0x1a69a76 - config_tests.wasm!__rustc[5224e6b81cd82a8f]::rust_panic
    6: 0x1a699fb - config_tests.wasm!std::panicking::rust_panic_with_hook::h085fb375cd657b2f
    7: 0x1a68af1 - config_tests.wasm!std::panicking::begin_panic_handler::{{closure}}::he68af7f9d5c53e56
    8: 0x1a68a5d - config_tests.wasm!std::sys::backtrace::__rust_end_short_backtrace::h4c38003a22ca226f
    9: 0x1a693e2 - config_tests.wasm!__rustc[5224e6b81cd82a8f]::rust_begin_unwind
   10: 0x1a72d4c - config_tests.wasm!core::panicking::panic_fmt::h4e32e8d1cab5f47e
   11: 0x1a747a2 - config_tests.wasm!core::panicking::assert_failed_inner::hf7ede4d3870aaaec
   12: 0x1a578e2 - config_tests.wasm!core::panicking::assert_failed::h168e3f8c09ecb509
   13: 0x1a45766 - config_tests.wasm!config_tests::attorney_tests_v2::test_create_attorney_duplicate::h847cadf284b693fc
   14: 0x1a5931b - config_tests.wasm!spin-test-test-create-attorney-duplicate
Caused by: wasm trap: wasm `unreachable` instruction executed

---- test-header-vs-url-routing-consistency ----
test 'spin-test-test-header-vs-url-routing-consistency' failed 
Caused by: error while executing at wasm backtrace:
    0: 0x2850d4 - spin_test_virt.wasm!__rust_start_panic
    1: 0x284eb0 - spin_test_virt.wasm!rust_panic
    2: 0x284c66 - spin_test_virt.wasm!std::panicking::rust_panic_with_hook::h50e657195af0239c
    3: 0x284137 - spin_test_virt.wasm!std::panicking::begin_panic_handler::{{closure}}::h0187e6969a85aab0
    4: 0x284067 - spin_test_virt.wasm!std::sys_common::backtrace::__rust_end_short_backtrace::h575fb82445d56667
    5: 0x2847fe - spin_test_virt.wasm!rust_begin_unwind
    6: 0x29768f - spin_test_virt.wasm!core::panicking::panic_fmt::ha6764f2272b7fb95
    7: 0x298da7 - spin_test_virt.wasm!core::panicking::panic::h864593189f35325f
    8: 0x41b0f - spin_test_virt.wasm!<spin_test_virt::wasi::http::Fields as spin_test_virt::bindings::exports::wasi::http::types::GuestFields>::set::habf51fbb9be39bbf
    9: 0x9e139 - spin_test_virt.wasm!spin_test_virt::bindings::exports::wasi::http::types::_export_method_fields_set_cabi::h5abb92c0326716a9
   10: 0x86ca3 - spin_test_virt.wasm!wasi:http/types@0.2.0#[method]fields.set
   11:  0xf56 - <unknown>!<wasm function 66>
   12: 0x18db703 - wit-component:shim!indirect-wasi:http/types@0.2.0-[method]fields.set
   13: 0xc8fd85 - spin_utopia.wasm!spin_sdk::wit::wasi::http0_2_0::types::Fields::set::he886307fa344c000
   14: 0x4fb49c - spin_utopia.wasm!spin_utopia::handlers::docket_url::add_district_header::h561f10789ff5b1e4
   15: 0x4fad50 - spin_utopia.wasm!spin_utopia::handlers::criminal_case_url::create_case::h0037ee3a6293b88b
   16: 0x46dee5 - spin_utopia.wasm!<F as spin_sdk::http::router::Handler>::handle::{{closure}}::h64d718538d36f0f7
   17: 0xc985d3 - spin_utopia.wasm!<alloc::boxed::Box<dyn spin_sdk::http::router::Handler> as spin_sdk::http::router::Handler>::handle::{{closure}}::h1b6255c66b0e82da
   18: 0x4eee85 - spin_utopia.wasm!spin_executor::run::h5e53f2e63611faf5
   19: 0x4ee766 - spin_utopia.wasm!spin_utopia::handle_spin_todo_api::{{closure}}::haaee0c45a36a0cd2
   20: 0x4eaef0 - spin_utopia.wasm!spin_executor::run::h5543f9eff02f4bcf
   21: 0xbabe6f - spin_utopia.wasm!wasi:http/incoming-handler@0.2.0#handle
   22: 0x5795 - <unknown>!<wasm function 104>
   23: 0x19310dc - router.wasm!<router::Component as router::bindings::exports::wasi::http::incoming_handler::Guest>::handle::ha50de62a29cb8b3e
   24: 0x19319e0 - router.wasm!wasi:http/incoming-handler@0.2.0#handle
   25: 0x20c0 - <unknown>!<wasm function 55>
   26: 0x1a65a05 - config_tests.wasm!spin_test_sdk::perform_request::h8724e91b3678e35f
   27: 0x1a2722b - config_tests.wasm!config_tests::criminal_case_tests_v2::test_header_vs_url_routing_consistency::hdf167e4971ba05f3
   28: 0x1a57bc1 - config_tests.wasm!spin-test-test-header-vs-url-routing-consistency
Caused by: wasm trap: wasm `unreachable` instruction executed

---- test-judges-requires-district-header ----
test 'spin-test-test-judges-requires-district-header' failed 
Caused by: error while executing at wasm backtrace:
    0: 0xcc3337 - spin_utopia.wasm!abort
    1: 0xcb7c40 - spin_utopia.wasm!std::sys::pal::wasi::helpers::abort_internal::hcc3b2e0cde3c9001
    2: 0xcb31d1 - spin_utopia.wasm!std::process::abort::h0e38511b4c8b6f04
    3: 0xcb31c7 - spin_utopia.wasm!__rustc[5224e6b81cd82a8f]::__rust_abort
    4: 0xcb9697 - spin_utopia.wasm!__rustc[5224e6b81cd82a8f]::__rust_start_panic
    5: 0xcb9299 - spin_utopia.wasm!__rustc[5224e6b81cd82a8f]::rust_panic
    6: 0xcb9160 - spin_utopia.wasm!std::panicking::rust_panic_with_hook::h085fb375cd657b2f
    7: 0xcb80f5 - spin_utopia.wasm!std::panicking::begin_panic_handler::{{closure}}::he68af7f9d5c53e56
    8: 0xcb8061 - spin_utopia.wasm!std::sys::backtrace::__rust_end_short_backtrace::h4c38003a22ca226f
    9: 0xcb8b47 - spin_utopia.wasm!__rustc[5224e6b81cd82a8f]::rust_begin_unwind
   10: 0xcccb36 - spin_utopia.wasm!core::panicking::panic_fmt::h4e32e8d1cab5f47e
   11: 0xcce756 - spin_utopia.wasm!core::result::unwrap_failed::heb00d4d50e638a08
   12: 0x6b92ca - spin_utopia.wasm!spin_utopia::adapters::spin_kv_judge_repository::SpinKvJudgeRepository::with_store::hc21c782599f37ad7
   13: 0x7f3f2c - spin_utopia.wasm!spin_utopia::handlers::judge::get_all_judges::hb285393c3fe950f4
   14: 0x4821bb - spin_utopia.wasm!<F as spin_sdk::http::router::Handler>::handle::{{closure}}::h9d3a718e0ddcd112
   15: 0xc985d3 - spin_utopia.wasm!<alloc::boxed::Box<dyn spin_sdk::http::router::Handler> as spin_sdk::http::router::Handler>::handle::{{closure}}::h1b6255c66b0e82da
   16: 0x4eee85 - spin_utopia.wasm!spin_executor::run::h5e53f2e63611faf5
   17: 0x4ee766 - spin_utopia.wasm!spin_utopia::handle_spin_todo_api::{{closure}}::haaee0c45a36a0cd2
   18: 0x4eaef0 - spin_utopia.wasm!spin_executor::run::h5543f9eff02f4bcf
   19: 0xbabe6f - spin_utopia.wasm!wasi:http/incoming-handler@0.2.0#handle
   20: 0x5795 - <unknown>!<wasm function 104>
   21: 0x19310dc - router.wasm!<router::Component as router::bindings::exports::wasi::http::incoming_handler::Guest>::handle::ha50de62a29cb8b3e
   22: 0x19319e0 - router.wasm!wasi:http/incoming-handler@0.2.0#handle
   23: 0x20c0 - <unknown>!<wasm function 55>
   24: 0x1a65a05 - config_tests.wasm!spin_test_sdk::perform_request::h8724e91b3678e35f
   25: 0x1a4ad77 - config_tests.wasm!config_tests::header_routing_tests::make_request_no_header::h653ba474ca0fbec2
   26: 0x1a59384 - config_tests.wasm!spin-test-test-judges-requires-district-header
Caused by: wasm trap: wasm `unreachable` instruction executed

---- test-attorney-multi-tenant-isolation ----
test 'spin-test-test-attorney-multi-tenant-isolation' failed 
Caused by: error while executing at wasm backtrace:
    0: 0x1a6ca23 - config_tests.wasm!abort
    1: 0x1a68802 - config_tests.wasm!std::sys::pal::wasi::helpers::abort_internal::hcc3b2e0cde3c9001
    2: 0x1a67431 - config_tests.wasm!std::process::abort::h0e38511b4c8b6f04
    3: 0x1a67427 - config_tests.wasm!__rustc[5224e6b81cd82a8f]::__rust_abort
    4: 0x1a69c05 - config_tests.wasm!__rustc[5224e6b81cd82a8f]::__rust_start_panic
    5: 0x1a69a76 - config_tests.wasm!__rustc[5224e6b81cd82a8f]::rust_panic
    6: 0x1a699fb - config_tests.wasm!std::panicking::rust_panic_with_hook::h085fb375cd657b2f
    7: 0x1a68b23 - config_tests.wasm!std::panicking::begin_panic_handler::{{closure}}::he68af7f9d5c53e56
    8: 0x1a68a5d - config_tests.wasm!std::sys::backtrace::__rust_end_short_backtrace::h4c38003a22ca226f
    9: 0x1a693e2 - config_tests.wasm!__rustc[5224e6b81cd82a8f]::rust_begin_unwind
   10: 0x1a72d4c - config_tests.wasm!core::panicking::panic_fmt::h4e32e8d1cab5f47e
   11: 0x1a6e417 - config_tests.wasm!core::panicking::panic::h42b72918664c199b
   12: 0x1a48837 - config_tests.wasm!config_tests::attorney_tests_v2::test_attorney_multi_tenant_isolation::he5c4bcf9ef5e72f4
   13: 0x1a5930c - config_tests.wasm!spin-test-test-attorney-multi-tenant-isolation
Caused by: wasm trap: wasm `unreachable` instruction executed

---- test-get-pending-extensions ----
test 'spin-test-test-get-pending-extensions' failed 
Caused by: error while executing at wasm backtrace:
    0: 0x1a6ca23 - config_tests.wasm!abort
    1: 0x1a68802 - config_tests.wasm!std::sys::pal::wasi::helpers::abort_internal::hcc3b2e0cde3c9001
    2: 0x1a67431 - config_tests.wasm!std::process::abort::h0e38511b4c8b6f04
    3: 0x1a67427 - config_tests.wasm!__rustc[5224e6b81cd82a8f]::__rust_abort
    4: 0x1a69c05 - config_tests.wasm!__rustc[5224e6b81cd82a8f]::__rust_start_panic
    5: 0x1a69a76 - config_tests.wasm!__rustc[5224e6b81cd82a8f]::rust_panic
    6: 0x1a699fb - config_tests.wasm!std::panicking::rust_panic_with_hook::h085fb375cd657b2f
    7: 0x1a68b23 - config_tests.wasm!std::panicking::begin_panic_handler::{{closure}}::he68af7f9d5c53e56
    8: 0x1a68a5d - config_tests.wasm!std::sys::backtrace::__rust_end_short_backtrace::h4c38003a22ca226f
    9: 0x1a693e2 - config_tests.wasm!__rustc[5224e6b81cd82a8f]::rust_begin_unwind
   10: 0x1a72d4c - config_tests.wasm!core::panicking::panic_fmt::h4e32e8d1cab5f47e
   11: 0x1a3175c - config_tests.wasm!config_tests::deadline_tests_v2::test_get_pending_extensions::hc70ce1b9b33c1a78
   12: 0x1a5648e - config_tests.wasm!spin-test-test-get-pending-extensions
Caused by: wasm trap: wasm `unreachable` instruction executed

---- test-list-orders ----
test 'spin-test-test-list-orders' failed 
Caused by: error while executing at wasm backtrace:
    0: 0x1a6ca23 - config_tests.wasm!abort
    1: 0x1a68802 - config_tests.wasm!std::sys::pal::wasi::helpers::abort_internal::hcc3b2e0cde3c9001
    2: 0x1a67431 - config_tests.wasm!std::process::abort::h0e38511b4c8b6f04
    3: 0x1a67427 - config_tests.wasm!__rustc[5224e6b81cd82a8f]::__rust_abort
    4: 0x1a69c05 - config_tests.wasm!__rustc[5224e6b81cd82a8f]::__rust_start_panic
    5: 0x1a69a76 - config_tests.wasm!__rustc[5224e6b81cd82a8f]::rust_panic
    6: 0x1a699fb - config_tests.wasm!std::panicking::rust_panic_with_hook::h085fb375cd657b2f
    7: 0x1a68b23 - config_tests.wasm!std::panicking::begin_panic_handler::{{closure}}::he68af7f9d5c53e56
    8: 0x1a68a5d - config_tests.wasm!std::sys::backtrace::__rust_end_short_backtrace::h4c38003a22ca226f
    9: 0x1a693e2 - config_tests.wasm!__rustc[5224e6b81cd82a8f]::rust_begin_unwind
   10: 0x1a72d4c - config_tests.wasm!core::panicking::panic_fmt::h4e32e8d1cab5f47e
   11: 0x1a09716 - config_tests.wasm!config_tests::order_tests_v2::test_list_orders::hb7d9ac33222229ef
   12: 0x1a56515 - config_tests.wasm!spin-test-test-list-orders
Caused by: wasm trap: wasm `unreachable` instruction executed

---- test-add-defendant ----
test 'spin-test-test-add-defendant' failed 
Caused by: error while executing at wasm backtrace:
    0: 0x1a6ca23 - config_tests.wasm!abort
    1: 0x1a68802 - config_tests.wasm!std::sys::pal::wasi::helpers::abort_internal::hcc3b2e0cde3c9001
    2: 0x1a67431 - config_tests.wasm!std::process::abort::h0e38511b4c8b6f04
    3: 0x1a67427 - config_tests.wasm!__rustc[5224e6b81cd82a8f]::__rust_abort
    4: 0x1a69c05 - config_tests.wasm!__rustc[5224e6b81cd82a8f]::__rust_start_panic
    5: 0x1a69a76 - config_tests.wasm!__rustc[5224e6b81cd82a8f]::rust_panic
    6: 0x1a699fb - config_tests.wasm!std::panicking::rust_panic_with_hook::h085fb375cd657b2f
    7: 0x1a68af1 - config_tests.wasm!std::panicking::begin_panic_handler::{{closure}}::he68af7f9d5c53e56
    8: 0x1a68a5d - config_tests.wasm!std::sys::backtrace::__rust_end_short_backtrace::h4c38003a22ca226f
    9: 0x1a693e2 - config_tests.wasm!__rustc[5224e6b81cd82a8f]::rust_begin_unwind
   10: 0x1a72d4c - config_tests.wasm!core::panicking::panic_fmt::h4e32e8d1cab5f47e
   11: 0x1a747a2 - config_tests.wasm!core::panicking::assert_failed_inner::hf7ede4d3870aaaec
   12: 0x1a578e2 - config_tests.wasm!core::panicking::assert_failed::h168e3f8c09ecb509
   13: 0x1a25281 - config_tests.wasm!config_tests::criminal_case_tests_v2::test_add_defendant::h03236718a6357e88
   14: 0x1a5940f - config_tests.wasm!spin-test-test-add-defendant
Caused by: wasm trap: wasm `unreachable` instruction executed

---- test-issue-order ----
test 'spin-test-test-issue-order' failed 
Caused by: error while executing at wasm backtrace:
    0: 0x1a6ca23 - config_tests.wasm!abort
    1: 0x1a68802 - config_tests.wasm!std::sys::pal::wasi::helpers::abort_internal::hcc3b2e0cde3c9001
    2: 0x1a67431 - config_tests.wasm!std::process::abort::h0e38511b4c8b6f04
    3: 0x1a67427 - config_tests.wasm!__rustc[5224e6b81cd82a8f]::__rust_abort
    4: 0x1a69c05 - config_tests.wasm!__rustc[5224e6b81cd82a8f]::__rust_start_panic
    5: 0x1a69a76 - config_tests.wasm!__rustc[5224e6b81cd82a8f]::rust_panic
    6: 0x1a699fb - config_tests.wasm!std::panicking::rust_panic_with_hook::h085fb375cd657b2f
    7: 0x1a68af1 - config_tests.wasm!std::panicking::begin_panic_handler::{{closure}}::he68af7f9d5c53e56
    8: 0x1a68a5d - config_tests.wasm!std::sys::backtrace::__rust_end_short_backtrace::h4c38003a22ca226f
    9: 0x1a693e2 - config_tests.wasm!__rustc[5224e6b81cd82a8f]::rust_begin_unwind
   10: 0x1a72d4c - config_tests.wasm!core::panicking::panic_fmt::h4e32e8d1cab5f47e
   11: 0x1a747a2 - config_tests.wasm!core::panicking::assert_failed_inner::hf7ede4d3870aaaec
   12: 0x1a578e2 - config_tests.wasm!core::panicking::assert_failed::h168e3f8c09ecb509
   13: 0x1a0b730 - config_tests.wasm!config_tests::order_tests_v2::test_issue_order::hee554bb812c997df
   14: 0x1a550e6 - config_tests.wasm!spin-test-test-issue-order
Caused by: wasm trap: wasm `unreachable` instruction executed

---- test-calculate-guidelines ----
test 'spin-test-test-calculate-guidelines' failed 
Caused by: error while executing at wasm backtrace:
    0: 0x1a6ca23 - config_tests.wasm!abort
    1: 0x1a68802 - config_tests.wasm!std::sys::pal::wasi::helpers::abort_internal::hcc3b2e0cde3c9001
    2: 0x1a67431 - config_tests.wasm!std::process::abort::h0e38511b4c8b6f04
    3: 0x1a67427 - config_tests.wasm!__rustc[5224e6b81cd82a8f]::__rust_abort
    4: 0x1a69c05 - config_tests.wasm!__rustc[5224e6b81cd82a8f]::__rust_start_panic
    5: 0x1a69a76 - config_tests.wasm!__rustc[5224e6b81cd82a8f]::rust_panic
    6: 0x1a699fb - config_tests.wasm!std::panicking::rust_panic_with_hook::h085fb375cd657b2f
    7: 0x1a68af1 - config_tests.wasm!std::panicking::begin_panic_handler::{{closure}}::he68af7f9d5c53e56
    8: 0x1a68a5d - config_tests.wasm!std::sys::backtrace::__rust_end_short_backtrace::h4c38003a22ca226f
    9: 0x1a693e2 - config_tests.wasm!__rustc[5224e6b81cd82a8f]::rust_begin_unwind
   10: 0x1a72d4c - config_tests.wasm!core::panicking::panic_fmt::h4e32e8d1cab5f47e
   11: 0x1a747a2 - config_tests.wasm!core::panicking::assert_failed_inner::hf7ede4d3870aaaec
   12: 0x1a578e2 - config_tests.wasm!core::panicking::assert_failed::h168e3f8c09ecb509
   13: 0x19ed3fb - config_tests.wasm!config_tests::sentencing_tests_v2::test_calculate_guidelines::h155b158404b96931
   14: 0x1a56461 - config_tests.wasm!spin-test-test-calculate-guidelines
Caused by: wasm trap: wasm `unreachable` instruction executed

---- test-get-sentencing-statistics ----
test 'spin-test-test-get-sentencing-statistics' failed 
Caused by: error while executing at wasm backtrace:
    0: 0x1a6ca23 - config_tests.wasm!abort
    1: 0x1a68802 - config_tests.wasm!std::sys::pal::wasi::helpers::abort_internal::hcc3b2e0cde3c9001
    2: 0x1a67431 - config_tests.wasm!std::process::abort::h0e38511b4c8b6f04
    3: 0x1a67427 - config_tests.wasm!__rustc[5224e6b81cd82a8f]::__rust_abort
    4: 0x1a69c05 - config_tests.wasm!__rustc[5224e6b81cd82a8f]::__rust_start_panic
    5: 0x1a69a76 - config_tests.wasm!__rustc[5224e6b81cd82a8f]::rust_panic
    6: 0x1a699fb - config_tests.wasm!std::panicking::rust_panic_with_hook::h085fb375cd657b2f
    7: 0x1a68af1 - config_tests.wasm!std::panicking::begin_panic_handler::{{closure}}::he68af7f9d5c53e56
    8: 0x1a68a5d - config_tests.wasm!std::sys::backtrace::__rust_end_short_backtrace::h4c38003a22ca226f
    9: 0x1a693e2 - config_tests.wasm!__rustc[5224e6b81cd82a8f]::rust_begin_unwind
   10: 0x1a72d4c - config_tests.wasm!core::panicking::panic_fmt::h4e32e8d1cab5f47e
   11: 0x1a747a2 - config_tests.wasm!core::panicking::assert_failed_inner::hf7ede4d3870aaaec
   12: 0x1a578e2 - config_tests.wasm!core::panicking::assert_failed::h168e3f8c09ecb509
   13: 0x19f13b6 - config_tests.wasm!config_tests::sentencing_tests_v2::test_get_sentencing_statistics::hc32fe31d7b538b46
   14: 0x1a55014 - config_tests.wasm!spin-test-test-get-sentencing-statistics
Caused by: wasm trap: wasm `unreachable` instruction executed

---- test-find-available-slot ----
test 'spin-test-test-find-available-slot' failed 
Caused by: error while executing at wasm backtrace:
    0: 0x1a6ca23 - config_tests.wasm!abort
    1: 0x1a68802 - config_tests.wasm!std::sys::pal::wasi::helpers::abort_internal::hcc3b2e0cde3c9001
    2: 0x1a67431 - config_tests.wasm!std::process::abort::h0e38511b4c8b6f04
    3: 0x1a67427 - config_tests.wasm!__rustc[5224e6b81cd82a8f]::__rust_abort
    4: 0x1a69c05 - config_tests.wasm!__rustc[5224e6b81cd82a8f]::__rust_start_panic
    5: 0x1a69a76 - config_tests.wasm!__rustc[5224e6b81cd82a8f]::rust_panic
    6: 0x1a699fb - config_tests.wasm!std::panicking::rust_panic_with_hook::h085fb375cd657b2f
    7: 0x1a68af1 - config_tests.wasm!std::panicking::begin_panic_handler::{{closure}}::he68af7f9d5c53e56
    8: 0x1a68a5d - config_tests.wasm!std::sys::backtrace::__rust_end_short_backtrace::h4c38003a22ca226f
    9: 0x1a693e2 - config_tests.wasm!__rustc[5224e6b81cd82a8f]::rust_begin_unwind
   10: 0x1a72d4c - config_tests.wasm!core::panicking::panic_fmt::h4e32e8d1cab5f47e
   11: 0x1a747a2 - config_tests.wasm!core::panicking::assert_failed_inner::hf7ede4d3870aaaec
   12: 0x1a578e2 - config_tests.wasm!core::panicking::assert_failed::h168e3f8c09ecb509
   13: 0x19fe4f5 - config_tests.wasm!config_tests::docket_tests_v2::test_find_available_slot::h872912a37fb10a39
   14: 0x1a59294 - config_tests.wasm!spin-test-test-find-available-slot
Caused by: wasm trap: wasm `unreachable` instruction executed

---- test-get-judge-calendar ----
test 'spin-test-test-get-judge-calendar' failed 
Caused by: error while executing at wasm backtrace:
    0: 0x1a6ca23 - config_tests.wasm!abort
    1: 0x1a68802 - config_tests.wasm!std::sys::pal::wasi::helpers::abort_internal::hcc3b2e0cde3c9001
    2: 0x1a67431 - config_tests.wasm!std::process::abort::h0e38511b4c8b6f04
    3: 0x1a67427 - config_tests.wasm!__rustc[5224e6b81cd82a8f]::__rust_abort
    4: 0x1a69c05 - config_tests.wasm!__rustc[5224e6b81cd82a8f]::__rust_start_panic
    5: 0x1a69a76 - config_tests.wasm!__rustc[5224e6b81cd82a8f]::rust_panic
    6: 0x1a699fb - config_tests.wasm!std::panicking::rust_panic_with_hook::h085fb375cd657b2f
    7: 0x1a68af1 - config_tests.wasm!std::panicking::begin_panic_handler::{{closure}}::he68af7f9d5c53e56
    8: 0x1a68a5d - config_tests.wasm!std::sys::backtrace::__rust_end_short_backtrace::h4c38003a22ca226f
    9: 0x1a693e2 - config_tests.wasm!__rustc[5224e6b81cd82a8f]::rust_begin_unwind
   10: 0x1a72d4c - config_tests.wasm!core::panicking::panic_fmt::h4e32e8d1cab5f47e
   11: 0x1a747a2 - config_tests.wasm!core::panicking::assert_failed_inner::hf7ede4d3870aaaec
   12: 0x1a578e2 - config_tests.wasm!core::panicking::assert_failed::h168e3f8c09ecb509
   13: 0x19fd53f - config_tests.wasm!config_tests::docket_tests_v2::test_get_judge_calendar::h0efb5a61b85ae00e
   14: 0x1a550b9 - config_tests.wasm!spin-test-test-get-judge-calendar
Caused by: wasm trap: wasm `unreachable` instruction executed

---- test-calculate-guidelines-invalid-history ----
test 'spin-test-test-calculate-guidelines-invalid-history' failed 
Caused by: error while executing at wasm backtrace:
    0: 0x1a6ca23 - config_tests.wasm!abort
    1: 0x1a68802 - config_tests.wasm!std::sys::pal::wasi::helpers::abort_internal::hcc3b2e0cde3c9001
    2: 0x1a67431 - config_tests.wasm!std::process::abort::h0e38511b4c8b6f04
    3: 0x1a67427 - config_tests.wasm!__rustc[5224e6b81cd82a8f]::__rust_abort
    4: 0x1a69c05 - config_tests.wasm!__rustc[5224e6b81cd82a8f]::__rust_start_panic
    5: 0x1a69a76 - config_tests.wasm!__rustc[5224e6b81cd82a8f]::rust_panic
    6: 0x1a699fb - config_tests.wasm!std::panicking::rust_panic_with_hook::h085fb375cd657b2f
    7: 0x1a68af1 - config_tests.wasm!std::panicking::begin_panic_handler::{{closure}}::he68af7f9d5c53e56
    8: 0x1a68a5d - config_tests.wasm!std::sys::backtrace::__rust_end_short_backtrace::h4c38003a22ca226f
    9: 0x1a693e2 - config_tests.wasm!__rustc[5224e6b81cd82a8f]::rust_begin_unwind
   10: 0x1a72d4c - config_tests.wasm!core::panicking::panic_fmt::h4e32e8d1cab5f47e
   11: 0x1a747a2 - config_tests.wasm!core::panicking::assert_failed_inner::hf7ede4d3870aaaec
   12: 0x1a578e2 - config_tests.wasm!core::panicking::assert_failed::h168e3f8c09ecb509
   13: 0x19f5937 - config_tests.wasm!config_tests::sentencing_tests_v2::test_calculate_guidelines_invalid_history::h823b91a66b925f0f
   14: 0x1a560b8 - config_tests.wasm!spin-test-test-calculate-guidelines-invalid-history
Caused by: wasm trap: wasm `unreachable` instruction executed

---- test-delete-case ----
test 'spin-test-test-delete-case' failed 
Caused by: error while executing at wasm backtrace:
    0: 0x1a6ca23 - config_tests.wasm!abort
    1: 0x1a68802 - config_tests.wasm!std::sys::pal::wasi::helpers::abort_internal::hcc3b2e0cde3c9001
    2: 0x1a67431 - config_tests.wasm!std::process::abort::h0e38511b4c8b6f04
    3: 0x1a67427 - config_tests.wasm!__rustc[5224e6b81cd82a8f]::__rust_abort
    4: 0x1a69c05 - config_tests.wasm!__rustc[5224e6b81cd82a8f]::__rust_start_panic
    5: 0x1a69a76 - config_tests.wasm!__rustc[5224e6b81cd82a8f]::rust_panic
    6: 0x1a699fb - config_tests.wasm!std::panicking::rust_panic_with_hook::h085fb375cd657b2f
    7: 0x1a68af1 - config_tests.wasm!std::panicking::begin_panic_handler::{{closure}}::he68af7f9d5c53e56
    8: 0x1a68a5d - config_tests.wasm!std::sys::backtrace::__rust_end_short_backtrace::h4c38003a22ca226f
    9: 0x1a693e2 - config_tests.wasm!__rustc[5224e6b81cd82a8f]::rust_begin_unwind
   10: 0x1a72d4c - config_tests.wasm!core::panicking::panic_fmt::h4e32e8d1cab5f47e
   11: 0x1a747a2 - config_tests.wasm!core::panicking::assert_failed_inner::hf7ede4d3870aaaec
   12: 0x1a578e2 - config_tests.wasm!core::panicking::assert_failed::h168e3f8c09ecb509
   13: 0x1a25936 - config_tests.wasm!config_tests::criminal_case_tests_v2::test_delete_case::h8625d8c2e95ba4f0
   14: 0x1a5626b - config_tests.wasm!spin-test-test-delete-case
Caused by: wasm trap: wasm `unreachable` instruction executed

---- test-create-order-invalid-type ----
test 'spin-test-test-create-order-invalid-type' failed 
Caused by: error while executing at wasm backtrace:
    0: 0x1a6ca23 - config_tests.wasm!abort
    1: 0x1a68802 - config_tests.wasm!std::sys::pal::wasi::helpers::abort_internal::hcc3b2e0cde3c9001
    2: 0x1a67431 - config_tests.wasm!std::process::abort::h0e38511b4c8b6f04
    3: 0x1a67427 - config_tests.wasm!__rustc[5224e6b81cd82a8f]::__rust_abort
    4: 0x1a69c05 - config_tests.wasm!__rustc[5224e6b81cd82a8f]::__rust_start_panic
    5: 0x1a69a76 - config_tests.wasm!__rustc[5224e6b81cd82a8f]::rust_panic
    6: 0x1a699fb - config_tests.wasm!std::panicking::rust_panic_with_hook::h085fb375cd657b2f
    7: 0x1a68b23 - config_tests.wasm!std::panicking::begin_panic_handler::{{closure}}::he68af7f9d5c53e56
    8: 0x1a68a5d - config_tests.wasm!std::sys::backtrace::__rust_end_short_backtrace::h4c38003a22ca226f
    9: 0x1a693e2 - config_tests.wasm!__rustc[5224e6b81cd82a8f]::rust_begin_unwind
   10: 0x1a72d4c - config_tests.wasm!core::panicking::panic_fmt::h4e32e8d1cab5f47e
   11: 0x1a11d86 - config_tests.wasm!config_tests::order_tests_v2::test_create_order_invalid_type::h17a39be2bcee7150
   12: 0x1a564e8 - config_tests.wasm!spin-test-test-create-order-invalid-type
Caused by: wasm trap: wasm `unreachable` instruction executed

---- test-judge-conflict-management ----
test 'spin-test-test-judge-conflict-management' failed 
Caused by: error while executing at wasm backtrace:
    0: 0x1a6ca23 - config_tests.wasm!abort
    1: 0x1a68802 - config_tests.wasm!std::sys::pal::wasi::helpers::abort_internal::hcc3b2e0cde3c9001
    2: 0x1a67431 - config_tests.wasm!std::process::abort::h0e38511b4c8b6f04
    3: 0x1a67427 - config_tests.wasm!__rustc[5224e6b81cd82a8f]::__rust_abort
    4: 0x1a69c05 - config_tests.wasm!__rustc[5224e6b81cd82a8f]::__rust_start_panic
    5: 0x1a69a76 - config_tests.wasm!__rustc[5224e6b81cd82a8f]::rust_panic
    6: 0x1a699fb - config_tests.wasm!std::panicking::rust_panic_with_hook::h085fb375cd657b2f
    7: 0x1a68af1 - config_tests.wasm!std::panicking::begin_panic_handler::{{closure}}::he68af7f9d5c53e56
    8: 0x1a68a5d - config_tests.wasm!std::sys::backtrace::__rust_end_short_backtrace::h4c38003a22ca226f
    9: 0x1a693e2 - config_tests.wasm!__rustc[5224e6b81cd82a8f]::rust_begin_unwind
   10: 0x1a72d4c - config_tests.wasm!core::panicking::panic_fmt::h4e32e8d1cab5f47e
   11: 0x1a747a2 - config_tests.wasm!core::panicking::assert_failed_inner::hf7ede4d3870aaaec
   12: 0x1a578e2 - config_tests.wasm!core::panicking::assert_failed::h168e3f8c09ecb509
   13: 0x1a3e559 - config_tests.wasm!config_tests::judge_tests_proper::test_judge_conflict_management::hbba652344552b0c8
   14: 0x1a57b58 - config_tests.wasm!spin-test-test-judge-conflict-management
Caused by: wasm trap: wasm `unreachable` instruction executed

---- test-get-expiring-orders ----
test 'spin-test-test-get-expiring-orders' failed 
Caused by: error while executing at wasm backtrace:
    0: 0x1a6ca23 - config_tests.wasm!abort
    1: 0x1a68802 - config_tests.wasm!std::sys::pal::wasi::helpers::abort_internal::hcc3b2e0cde3c9001
    2: 0x1a67431 - config_tests.wasm!std::process::abort::h0e38511b4c8b6f04
    3: 0x1a67427 - config_tests.wasm!__rustc[5224e6b81cd82a8f]::__rust_abort
    4: 0x1a69c05 - config_tests.wasm!__rustc[5224e6b81cd82a8f]::__rust_start_panic
    5: 0x1a69a76 - config_tests.wasm!__rustc[5224e6b81cd82a8f]::rust_panic
    6: 0x1a699fb - config_tests.wasm!std::panicking::rust_panic_with_hook::h085fb375cd657b2f
    7: 0x1a68b23 - config_tests.wasm!std::panicking::begin_panic_handler::{{closure}}::he68af7f9d5c53e56
    8: 0x1a68a5d - config_tests.wasm!std::sys::backtrace::__rust_end_short_backtrace::h4c38003a22ca226f
    9: 0x1a693e2 - config_tests.wasm!__rustc[5224e6b81cd82a8f]::rust_begin_unwind
   10: 0x1a72d4c - config_tests.wasm!core::panicking::panic_fmt::h4e32e8d1cab5f47e
   11: 0x1a0f2ab - config_tests.wasm!config_tests::order_tests_v2::test_get_expiring_orders::h3f71bc2b2f84711d
   12: 0x1a564f7 - config_tests.wasm!spin-test-test-get-expiring-orders
Caused by: wasm trap: wasm `unreachable` instruction executed


failures:
    test-delete-deadline
    test-get-pending-signatures
    test-create-from-template
    test-get-judge-by-id-cache-miss
    test-create-case-success
    test-create-deadline-success
    test-schedule-calendar-event
    test-complete-deadline
    test-get-attorney-metrics
    test-update-deadline-status
    test-update-judge-status
    test-add-to-cja-panel
    test-get-all-judges-with-prepopulated-data
    test-delete-calendar-event
    test-request-extension
    test-get-events-by-courtroom
    test-check-order-expired
    test-request-extension-invalid-days
    test-get-urgent-deadlines
    test-create-attorney-success
    test-create-deadline-missing-case-id
    test-create-order-success
    test-deadline-multi-tenant-isolation
    test-get-deadline-by-id
    test-create-docket-entry-success
    test-get-sentencing-by-id
    test-list-all-attorneys
    test-get-speedy-trial-violations
    test-get-case-by-id-not-found
    test-create-sentencing-success
    test-delete-docket-entry
    test-url-based-routing
    test-get-sentencing-by-case
    test-header-routing-matches-url-routing
    test-update-case-status
    test-config-requires-district-header
    test-docket-multi-tenant-isolation
    test-multi-tenancy-isolation
    test-get-filing-statistics
    test-create-deadline-missing-due-date
    test-publish-opinion
    test-record-departure
    test-add-service-record
    test-get-draft-versions
    test-update-attorney-nonexistent
    test-count-by-status
    test-update-speedy-trial-clock
    test-missing-header-returns-error
    test-get-sealed-entries
    test-update-opinion
    test-create-order-missing-judge
    test-get-orders-by-case
    test-district-isolation-with-headers
    test-sign-order
    test-get-opinions-by-case
    test-opinion-multi-tenant-isolation
    test-update-attorney
    test-list-opinions
    test-search-opinions
    test-get-guidelines-by-id
    test-check-deadline-approaching
    test-update-order
    test-create-case-missing-description
    test-empty-district-header
    test-create-docket-entry-missing-case-id
    test-get-deadlines-by-type
    test-get-deadlines-by-case
    test-sentencing-multi-tenant-isolation
    test-create-attorney-invalid-email
    test-get-cases-by-judge
    test-get-case-docket
    test-get-extension-by-id
    test-search-docket-entries
    test-create-judge-missing-courtroom
    test-get-judge-by-id-cache-hit
    test-order-multi-tenant-isolation
    test-get-departures
    test-create-sentencing-invalid-offense-level
    test-get-cja-panel
    test-create-case-duplicate
    test-multi-tenant-isolation
    test-create-opinion-invalid-type
    test-schedule-event-missing-judge
    test-get-opinion-by-id
    test-get-speedy-trial-status
    test-get-case-by-id-found
    test-create-draft-version
    test-update-sentencing
    test-get-opinions-by-judge
    test-get-attorney-by-bar-number
    test-get-judge-sentencing-stats
    test-get-pending-sentencings
    test-record-appeal
    test-create-order-missing-case-id
    test-initialize-speedy-trial
    test-create-opinion-success
    test-get-order-templates
    test-get-published-opinions
    test-get-order-by-id
    test-update-nonexistent-opinion
    test-create-judge-with-store
    test-create-attorney-duplicate
    test-header-vs-url-routing-consistency
    test-judges-requires-district-header
    test-attorney-multi-tenant-isolation
    test-get-pending-extensions
    test-list-orders
    test-add-defendant
    test-issue-order
    test-calculate-guidelines
    test-get-sentencing-statistics
    test-find-available-slot
    test-get-judge-calendar
    test-calculate-guidelines-invalid-history
    test-delete-case
    test-create-order-invalid-type
    test-judge-conflict-management
    test-get-expiring-orders

test result: [0m[31mFAILED[0m. 34 passed; 118 failed; 0 ignored; 0 measured; 0 filtered out; finished in 228.56s

