   Compiling config-tests v0.1.0 (/Users/THarpool/Code/personel/spin-todo-api/tests)
    Finished `release` profile [optimized] target(s) in 1.90s

running 152 tests

thread '<unnamed>' panicked at src/order_tests_v2.rs:607:5:
assertion failed: status == 201 || status == 409
note: run with `RUST_BACKTRACE=1` environment variable to display a backtrace

thread '<unnamed>' panicked at src/attorney_tests_v2.rs:474:5:
assertion `left == right` failed: Update with invalid ID attorney should return 404
  left: 405
 right: 400
note: run with `RUST_BACKTRACE=1` environment variable to display a backtrace

thread '<unnamed>' panicked at src/deadline_tests_v2.rs:287:5:
assertion `left == right` failed: Should return 200
  left: 400
 right: 200
note: run with `RUST_BACKTRACE=1` environment variable to display a backtrace

thread '<unnamed>' panicked at src/opinion_tests_v2.rs:618:5:
assertion `left == right` failed: Update with invalid ID opinion should return 404
  left: 404
 right: 400
note: run with `RUST_BACKTRACE=1` environment variable to display a backtrace

thread '<unnamed>' panicked at src/docket_tests_v2.rs:537:5:
Store should be accessed for delete
note: run with `RUST_BACKTRACE=1` environment variable to display a backtrace

thread '<unnamed>' panicked at src/opinion_tests_v2.rs:391:5:
assertion `left == right` failed: Create draft should return 201
  left: 400
 right: 201
note: run with `RUST_BACKTRACE=1` environment variable to display a backtrace

thread '<unnamed>' panicked at src/docket_tests_v2.rs:507:5:
assertion `left == right` failed: Should return 200 for deadline check
  left: 400
 right: 200
note: run with `RUST_BACKTRACE=1` environment variable to display a backtrace

thread '<unnamed>' panicked at src/deadline_tests_v2.rs:318:5:
assertion `left == right` failed: Update should return 200
  left: 400
 right: 200
note: run with `RUST_BACKTRACE=1` environment variable to display a backtrace

thread '<unnamed>' panicked at src/docket_tests_v2.rs:352:5:
Should return courtroom events
note: run with `RUST_BACKTRACE=1` environment variable to display a backtrace

thread '<unnamed>' panicked at src/sentencing_tests_v2.rs:296:5:
assertion `left == right` failed: Calculate guidelines should return 200
  left: 405
 right: 200
note: run with `RUST_BACKTRACE=1` environment variable to display a backtrace

thread '<unnamed>' panicked at src/opinion_tests_v2.rs:536:5:
assertion `left == right` failed: Search should return 200
  left: 404
 right: 200
note: run with `RUST_BACKTRACE=1` environment variable to display a backtrace
test test-order-multi-tenant-isolation            ... [0m[31mFAILED[0m
test test-search-opinions                         ... [0m[31mFAILED[0m
test test-calculate-guidelines                    ... [0m[31mFAILED[0m
test test-missing-district-header-returns-error   ... [0m[32mok[0m
test test-create-draft-version                    ... [0m[31mFAILED[0m
test test-get-events-by-courtroom                 ... [0m[31mFAILED[0m
test test-update-attorney-nonexistent             ... [0m[31mFAILED[0m
test test-delete-docket-entry                     ... [0m[31mFAILED[0m
test test-check-deadline-approaching              ... [0m[31mFAILED[0m
test test-health-check-no-header-required         ... [0m[32mok[0m
test test-update-deadline-status                  ... [0m[31mFAILED[0m
test test-valid-federal-court-headers             ... [0m[32mok[0m
test test-update-nonexistent-opinion              ... [0m[31mFAILED[0m
test test-get-deadlines-by-type                   ... [0m[31mFAILED[0m

thread '<unnamed>' panicked at src/attorney_tests_v2.rs:352:5:
assertion `left == right` failed: Should return 200 for metrics
  left: 404
 right: 200
note: run with `RUST_BACKTRACE=1` environment variable to display a backtrace

thread '<unnamed>' panicked at src/order_tests_v2.rs:239:5:
Should return at least 2 orders
note: run with `RUST_BACKTRACE=1` environment variable to display a backtrace

thread '<unnamed>' panicked at src/header_routing_tests.rs:148:5:
Should indicate missing district
note: run with `RUST_BACKTRACE=1` environment variable to display a backtrace
test test-get-attorney-metrics                    ... [0m[31mFAILED[0m
test test-case-insensitive-district-headers       ... [0m[32mok[0m
test test-list-orders                             ... [0m[31mFAILED[0m

thread '<unnamed>' panicked at src/attorney_tests_v2.rs:192:5:
assertion `left == right` failed: Should return 200 for existing attorney
  left: 404
 right: 200
note: run with `RUST_BACKTRACE=1` environment variable to display a backtrace

thread '<unnamed>' panicked at src/criminal_case_tests_v2.rs:427:5:
assertion failed: status == 201 || status == 409
note: run with `RUST_BACKTRACE=1` environment variable to display a backtrace

thread '<unnamed>' panicked at src/attorney_tests_v2.rs:286:5:
Add to CJA panel should return 200 or 201
note: run with `RUST_BACKTRACE=1` environment variable to display a backtrace
test test-config-requires-district-header         ... [0m[31mFAILED[0m

thread '<unnamed>' panicked at src/docket_tests_v2.rs:691:5:
Error should mention invalid time
note: run with `RUST_BACKTRACE=1` environment variable to display a backtrace

thread '<unnamed>' panicked at src/criminal_case_tests_v2.rs:313:5:
Should return judge's cases
note: run with `RUST_BACKTRACE=1` environment variable to display a backtrace
test test-get-attorney-by-bar-number              ... [0m[31mFAILED[0m
test test-valid-district-header-district9         ... [0m[32mok[0m
test test-multi-tenant-isolation                  ... [0m[31mFAILED[0m
test test-add-to-cja-panel                        ... [0m[31mFAILED[0m
test test-delete-sentencing                       ... [0m[32mok[0m
test test-schedule-event-time-conflict            ... [0m[31mFAILED[0m
test test-create-case-missing-crime-type          ... [0m[32mok[0m
test test-create-judge-missing-title              ... [0m[32mok[0m
test test-create-docket-entry-missing-case-id     ... [0m[32mok[0m
test test-get-cases-by-judge                      ... [0m[31mFAILED[0m

thread '<unnamed>' panicked at src/judge_tests_proper.rs:152:5:
assertion `left == right` failed: Should return 200 for existing judge
  left: 400
 right: 200
note: run with `RUST_BACKTRACE=1` environment variable to display a backtrace

thread '<unnamed>' panicked at src/deadline_tests_v2.rs:240:5:
Should return urgent deadlines
note: run with `RUST_BACKTRACE=1` environment variable to display a backtrace
test test-create-attorney-missing-bar-number      ... [0m[32mok[0m
test test-get-urgent-deadlines                    ... [0m[31mFAILED[0m
test test-delete-order                            ... [0m[32mok[0m
test test-get-judge-by-id-cache-hit               ... [0m[31mFAILED[0m

thread '<unnamed>' panicked at src/docket_tests_v2.rs:407:5:
Initialize should return 200 or 201, got 405: Method Not Allowed
note: run with `RUST_BACKTRACE=1` environment variable to display a backtrace

thread '<unnamed>' panicked at src/sentencing_tests_v2.rs:244:5:
assertion `left == right` failed: Should return 200
  left: 500
 right: 200
note: run with `RUST_BACKTRACE=1` environment variable to display a backtrace

thread '<unnamed>' panicked at src/criminal_case_tests_v2.rs:154:5:
May return 400 (invalid) or 409 (duplicate) case should return 409 Conflict
note: run with `RUST_BACKTRACE=1` environment variable to display a backtrace

thread '<unnamed>' panicked at src/opinion_tests_v2.rs:270:5:
assertion `left == right` failed: Should return 200
  left: 404
 right: 200
note: run with `RUST_BACKTRACE=1` environment variable to display a backtrace

thread '<unnamed>' panicked at src/deadline_tests_v2.rs:153:5:
Error should mention missing case_id field
note: run with `RUST_BACKTRACE=1` environment variable to display a backtrace

thread '<unnamed>' panicked at src/opinion_tests_v2.rs:226:5:
assertion `left == right` failed: Should return 400 for invalid opinion
  left: 404
 right: 400
note: run with `RUST_BACKTRACE=1` environment variable to display a backtrace

thread '<unnamed>' panicked at src/order_tests_v2.rs:573:5:
Should return expiration status
note: run with `RUST_BACKTRACE=1` environment variable to display a backtrace
test test-create-sentencing-success               ... [0m[32mok[0m
test test-initialize-speedy-trial                 ... [0m[31mFAILED[0m
test test-get-sentencing-by-case                  ... [0m[31mFAILED[0m
test test-create-case-duplicate                   ... [0m[31mFAILED[0m
test test-get-opinions-by-case                    ... [0m[31mFAILED[0m
test test-tenant-id-header-takes-priority         ... [0m[32mok[0m
test test-url-based-config-endpoint               ... [0m[32mok[0m
test test-get-opinion-not-found                   ... [0m[31mFAILED[0m
test test-check-order-expired                     ... [0m[31mFAILED[0m

thread '<unnamed>' panicked at src/order_tests_v2.rs:317:5:
assertion `left == right` failed: Update should return 200
  left: 404
 right: 200
note: run with `RUST_BACKTRACE=1` environment variable to display a backtrace
test test-create-deadline-missing-case-id         ... [0m[31mFAILED[0m

thread '<unnamed>' panicked at src/order_tests_v2.rs:187:5:
Error should mention missing judge_id field
note: run with `RUST_BACKTRACE=1` environment variable to display a backtrace

thread '<unnamed>' panicked at src/docket_tests_v2.rs:625:5:
assertion failed: status == 201 || status == 409
note: run with `RUST_BACKTRACE=1` environment variable to display a backtrace

thread '<unnamed>' panicked at src/docket_tests_v2.rs:377:5:
assertion `left == right` failed: Should return 200 for available slot
  left: 405
 right: 200
note: run with `RUST_BACKTRACE=1` environment variable to display a backtrace
test test-create-order-missing-judge              ... [0m[31mFAILED[0m
test test-update-order                            ... [0m[31mFAILED[0m
test test-find-available-slot                     ... [0m[31mFAILED[0m
test test-docket-multi-tenant-isolation           ... [0m[31mFAILED[0m

thread '<unnamed>' panicked at src/deadline_tests_v2.rs:118:5:
Create should return 201 (created) or 409 (exists), got 400: {"error":"Invalid data format","status":400,"details":"premature end of input at line 1 column 373"}
note: run with `RUST_BACKTRACE=1` environment variable to display a backtrace

thread '<unnamed>' panicked at src/deadline_tests_v2.rs:264:5:
assertion `left == right` failed: Should return 200
  left: 400
 right: 200
note: run with `RUST_BACKTRACE=1` environment variable to display a backtrace

thread '<unnamed>' panicked at src/adapters/spin_kv_judge_repository.rs:34:14:
Failed to open store: tenant_not_specified: Error::AccessDenied
note: run with `RUST_BACKTRACE=1` environment variable to display a backtrace

thread '<unnamed>' panicked at src/order_tests_v2.rs:550:5:
Should return expiring orders
note: run with `RUST_BACKTRACE=1` environment variable to display a backtrace

thread '<unnamed>' panicked at src/criminal_case_tests_v2.rs:135:5:
assertion failed: calls.iter().any(|c| matches!(c, key_value::Call::Get(_)))
note: run with `RUST_BACKTRACE=1` environment variable to display a backtrace

thread '<unnamed>' panicked at src/docket_tests_v2.rs:217:5:
assertion `left == right` failed: Should return 200 for sealed entries
  left: 400
 right: 200
note: run with `RUST_BACKTRACE=1` environment variable to display a backtrace
test test-create-sentencing-missing-judge         ... [0m[32mok[0m
test test-create-deadline-success                 ... [0m[31mFAILED[0m
test test-multi-tenancy-isolation                 ... [0m[32mok[0m
test test-header-sanitization                     ... [0m[32mok[0m
test test-get-sealed-entries                      ... [0m[31mFAILED[0m
test test-get-deadlines-by-case                   ... [0m[31mFAILED[0m
test test-empty-district-header                   ... [0m[31mFAILED[0m
test test-get-case-statistics                     ... [0m[32mok[0m
test test-create-case-success                     ... [0m[31mFAILED[0m
test test-get-expiring-orders                     ... [0m[31mFAILED[0m

thread '<unnamed>' panicked at src/opinion_tests_v2.rs:420:5:
Should return draft versions
note: run with `RUST_BACKTRACE=1` environment variable to display a backtrace

thread '<unnamed>' panicked at src/order_tests_v2.rs:262:5:
Should return orders for the case
note: run with `RUST_BACKTRACE=1` environment variable to display a backtrace
test test-get-orders-by-case                      ... [0m[31mFAILED[0m
test test-config-accepts-district-header          ... [0m[32mok[0m
test test-get-draft-versions                      ... [0m[31mFAILED[0m
test test-get-compliance-report                   ... [0m[32mok[0m

thread '<unnamed>' panicked at src/criminal_case_tests_v2.rs:369:5:
Add defendant should return 200 or 201
note: run with `RUST_BACKTRACE=1` environment variable to display a backtrace

thread '<unnamed>' panicked at src/docket_tests_v2.rs:325:5:
assertion `left == right` failed: Should return 200 for judge calendar
  left: 400
 right: 200
note: run with `RUST_BACKTRACE=1` environment variable to display a backtrace

thread '<unnamed>' panicked at src/sentencing_tests_v2.rs:376:5:
assertion `left == right` failed: Should return 200
  left: 404
 right: 200
note: run with `RUST_BACKTRACE=1` environment variable to display a backtrace

thread '<unnamed>' panicked at src/sentencing_tests_v2.rs:350:5:
assertion `left == right` failed: Record departure should return 200
  left: 400
 right: 200
note: run with `RUST_BACKTRACE=1` environment variable to display a backtrace

thread '<unnamed>' panicked at src/docket_tests_v2.rs:240:5:
assertion `left == right` failed: Search should return 200
  left: 400
 right: 200
note: run with `RUST_BACKTRACE=1` environment variable to display a backtrace

thread '<unnamed>' panicked at src/sentencing_tests_v2.rs:441:5:
assertion `left == right` failed: Should return 200 for statistics
  left: 404
 right: 200
note: run with `RUST_BACKTRACE=1` environment variable to display a backtrace

thread '<unnamed>' panicked at src/deadline_tests_v2.rs:209:5:
assertion `left == right` failed: Should return 200 for existing deadline
  left: 400
 right: 200
note: run with `RUST_BACKTRACE=1` environment variable to display a backtrace
test test-add-defendant                           ... [0m[31mFAILED[0m
test test-create-judge-with-store                 ... [0m[32mok[0m
test test-create-sentencing-missing-case-id       ... [0m[32mok[0m
test test-get-judge-calendar                      ... [0m[31mFAILED[0m
test test-get-departures                          ... [0m[31mFAILED[0m
test test-record-departure                        ... [0m[31mFAILED[0m
test test-get-federal-rules                       ... [0m[32mok[0m
test test-get-sentencing-statistics               ... [0m[31mFAILED[0m
test test-get-deadline-by-id                      ... [0m[31mFAILED[0m
test test-search-docket-entries                   ... [0m[31mFAILED[0m

thread '<unnamed>' panicked at src/docket_tests_v2.rs:487:5:
Should return speedy trial violations
note: run with `RUST_BACKTRACE=1` environment variable to display a backtrace

thread '<unnamed>' panicked at src/order_tests_v2.rs:426:5:
assertion `left == right` failed: Create from template should return 201
  left: 404
 right: 201
note: run with `RUST_BACKTRACE=1` environment variable to display a backtrace

thread '<unnamed>' panicked at src/attorney_tests_v2.rs:310:5:
assertion `left == right` failed: Should return 200
  left: 404
 right: 200
note: run with `RUST_BACKTRACE=1` environment variable to display a backtrace

thread '<unnamed>' panicked at src/deadline_tests_v2.rs:186:5:
Error should mention missing due_date field
note: run with `RUST_BACKTRACE=1` environment variable to display a backtrace
test test-get-cja-panel                           ... [0m[31mFAILED[0m
test test-create-from-template                    ... [0m[31mFAILED[0m
test test-get-speedy-trial-violations             ... [0m[31mFAILED[0m
test test-create-deadline-missing-due-date        ... [0m[31mFAILED[0m

thread '<unnamed>' panicked at src/sentencing_tests_v2.rs:267:5:
assertion `left == right` failed: Should return 200
  left: 500
 right: 200
note: run with `RUST_BACKTRACE=1` environment variable to display a backtrace

thread '<unnamed>' panicked at src/deadline_tests_v2.rs:371:5:
Extension request should return 201 or 200, got 400: {"error":"Bad Request","status":400,"details":"Invalid deadline ID"}
note: run with `RUST_BACKTRACE=1` environment variable to display a backtrace

thread '<unnamed>' panicked at src/sentencing_tests_v2.rs:648:5:
assertion `left == right` failed: Invalid criminal history should return 400
  left: 405
 right: 400
note: run with `RUST_BACKTRACE=1` environment variable to display a backtrace
thread '<unnamed>' panicked at crates/spin-test-virt/src/wasi/http.rs:370:9:
not yet implemented
note: run with `RUST_BACKTRACE=1` environment variable to display a backtrace

thread '<unnamed>' panicked at src/attorney_tests_v2.rs:116:5:
Create should return 201 (created) or 409 (exists), got 200: {"id":"0def58a4-b98e-4a4b-92a6-8cfe150cb13f","bar_number":"NY12345","first_name":"Jane","last_name":"Smith","middle_name":null,"firm_name":null,"email":"jane.smith@law.com","phone":"212-555-0100","fax":null,"address":{"street1":"123 Test St","street2":null,"city":"New York","state":"NY","zip_code":"10001","country":"USA"},"bar_admissions":[],"federal_admissions":[],"pro_hac_vice_admissions":[],"ecf_registration":null,"cja_panel_member":false,"cja_panel_districts":[],"cja_appointments":[],"practice_areas":[],"languages_spoken":["English"],"status":"Active","discipline_history":[],"cases_handled":0,"win_rate_percentage":null,"avg_case_duration_days":null,"created_at":"2025-09-26T15:34:25.418478Z","updated_at":"2025-09-26T15:34:25.418499Z"}
note: run with `RUST_BACKTRACE=1` environment variable to display a backtrace

thread '<unnamed>' panicked at src/opinion_tests_v2.rs:251:5:
Should return at least 2 opinions
note: run with `RUST_BACKTRACE=1` environment variable to display a backtrace

thread '<unnamed>' panicked at src/order_tests_v2.rs:155:5:
Error should mention missing case_id field
note: run with `RUST_BACKTRACE=1` environment variable to display a backtrace

thread '<unnamed>' panicked at src/deadline_tests_v2.rs:631:5:
Error should mention invalid extension
note: run with `RUST_BACKTRACE=1` environment variable to display a backtrace

thread '<unnamed>' panicked at src/opinion_tests_v2.rs:300:5:
Should return judge's opinions
note: run with `RUST_BACKTRACE=1` environment variable to display a backtrace
test test-get-pending-sentencings                 ... [0m[31mFAILED[0m
test test-request-extension                       ... [0m[31mFAILED[0m
test test-calculate-guidelines-invalid-history    ... [0m[31mFAILED[0m
test test-url-based-routing                       ... [0m[31mFAILED[0m
test test-list-opinions                           ... [0m[31mFAILED[0m
test test-create-attorney-success                 ... [0m[31mFAILED[0m
test test-create-opinion-missing-author           ... [0m[32mok[0m
test test-create-order-missing-case-id            ... [0m[31mFAILED[0m
test test-request-extension-invalid-days          ... [0m[31mFAILED[0m

thread '<unnamed>' panicked at src/opinion_tests_v2.rs:118:5:
Create should return 201 (created) or 409 (exists), got 400: {"error":"Invalid data format","status":400,"details":"missing field `opinion_type` at line 1 column 713"}
note: run with `RUST_BACKTRACE=1` environment variable to display a backtrace
test test-get-opinions-by-judge                   ... [0m[31mFAILED[0m

thread '<unnamed>' panicked at src/header_routing_tests.rs:379:5:
assertion failed: status == 201 || status == 409
note: run with `RUST_BACKTRACE=1` environment variable to display a backtrace

thread '<unnamed>' panicked at src/opinion_tests_v2.rs:327:5:
assertion `left == right` failed: Update should return 200
  left: 404
 right: 200
note: run with `RUST_BACKTRACE=1` environment variable to display a backtrace
test test-judge-workload-stats                    ... [0m[32mok[0m
test test-update-opinion                          ... [0m[31mFAILED[0m
test test-create-opinion-success                  ... [0m[31mFAILED[0m
test test-district-isolation-with-headers         ... [0m[31mFAILED[0m

thread '<unnamed>' panicked at src/judge_tests_proper.rs:321:5:
assertion `left == right` failed: Adding conflict should return 200
  left: 400
 right: 200
note: run with `RUST_BACKTRACE=1` environment variable to display a backtrace

thread '<unnamed>' panicked at src/order_tests_v2.rs:348:5:
assertion `left == right` failed: Sign should return 200
  left: 400
 right: 200
note: run with `RUST_BACKTRACE=1` environment variable to display a backtrace

thread '<unnamed>' panicked at src/adapters/spin_kv_judge_repository.rs:34:14:
Failed to open store: tenant_not_specified: Error::AccessDenied
note: run with `RUST_BACKTRACE=1` environment variable to display a backtrace

thread '<unnamed>' panicked at src/order_tests_v2.rs:670:5:
Error should mention invalid order type
note: run with `RUST_BACKTRACE=1` environment variable to display a backtrace

thread '<unnamed>' panicked at src/docket_tests_v2.rs:585:5:
assertion `left == right` failed: Should return 200 for statistics
  left: 400
 right: 200
note: run with `RUST_BACKTRACE=1` environment variable to display a backtrace

thread '<unnamed>' panicked at src/criminal_case_tests_v2.rs:343:5:
assertion `left == right` failed: Update should return 200
  left: 400
 right: 200
note: run with `RUST_BACKTRACE=1` environment variable to display a backtrace

thread '<unnamed>' panicked at src/order_tests_v2.rs:375:5:
assertion `left == right` failed: Issue should return 200
  left: 404
 right: 200
note: run with `RUST_BACKTRACE=1` environment variable to display a backtrace

thread '<unnamed>' panicked at src/order_tests_v2.rs:464:5:
Should return templates
note: run with `RUST_BACKTRACE=1` environment variable to display a backtrace
test test-judge-conflict-management               ... [0m[31mFAILED[0m
test test-create-case-requires-district-header    ... [0m[32mok[0m
test test-sign-order                              ... [0m[31mFAILED[0m
test test-update-case-status                      ... [0m[31mFAILED[0m
test test-create-order-invalid-type               ... [0m[31mFAILED[0m
test test-get-filing-statistics                   ... [0m[31mFAILED[0m
test test-get-order-templates                     ... [0m[31mFAILED[0m
test test-issue-order                             ... [0m[31mFAILED[0m
test test-schedule-event-missing-judge            ... [0m[32mok[0m
test test-judges-requires-district-header         ... [0m[31mFAILED[0m

thread '<unnamed>' panicked at src/attorney_tests_v2.rs:262:5:
assertion `left == right` failed: Update should return 200
  left: 405
 right: 200
note: run with `RUST_BACKTRACE=1` environment variable to display a backtrace

thread '<unnamed>' panicked at src/docket_tests_v2.rs:190:5:
assertion `left == right` failed: Should return 200 for case docket
  left: 400
 right: 200
note: run with `RUST_BACKTRACE=1` environment variable to display a backtrace
test test-create-opinion-missing-case-id          ... [0m[32mok[0m
test test-valid-district-header-district12        ... [0m[32mok[0m
test test-get-case-docket                         ... [0m[31mFAILED[0m
test test-update-attorney                         ... [0m[31mFAILED[0m

thread '<unnamed>' panicked at src/docket_tests_v2.rs:457:5:
assertion `left == right` failed: Update clock should return 200
  left: 404
 right: 200
note: run with `RUST_BACKTRACE=1` environment variable to display a backtrace

thread '<unnamed>' panicked at src/order_tests_v2.rs:520:5:
assertion `left == right` failed: Add service record should return 200
  left: 400
 right: 200
note: run with `RUST_BACKTRACE=1` environment variable to display a backtrace

thread '<unnamed>' panicked at src/opinion_tests_v2.rs:208:5:
assertion `left == right` failed: Should return 200 for existing opinion
  left: 404
 right: 200
note: run with `RUST_BACKTRACE=1` environment variable to display a backtrace

thread '<unnamed>' panicked at src/sentencing_tests_v2.rs:467:5:
assertion `left == right` failed: Should return 200
  left: 404
 right: 200
note: run with `RUST_BACKTRACE=1` environment variable to display a backtrace

thread '<unnamed>' panicked at src/sentencing_tests_v2.rs:221:5:
assertion `left == right` failed: Should return 200 for existing sentencing
  left: 500
 right: 200
note: run with `RUST_BACKTRACE=1` environment variable to display a backtrace
test test-get-opinion-by-id                       ... [0m[31mFAILED[0m
test test-health-check                            ... [0m[32mok[0m
test test-create-deadline-invalid-date            ... [0m[32mok[0m
test test-create-docket-entry-success             ... [0m[32mok[0m
test test-get-judge-sentencing-stats              ... [0m[31mFAILED[0m
test test-create-opinion-invalid-type             ... [0m[32mok[0m
test test-update-speedy-trial-clock               ... [0m[31mFAILED[0m
test test-get-attorney-not-found                  ... [0m[32mok[0m
test test-add-service-record                      ... [0m[31mFAILED[0m
test test-get-sentencing-by-id                    ... [0m[31mFAILED[0m

thread '<unnamed>' panicked at src/docket_tests_v2.rs:430:5:
assertion `left == right` failed: Should return 200 for speedy trial status
  left: 400
 right: 200
note: run with `RUST_BACKTRACE=1` environment variable to display a backtrace

thread '<unnamed>' panicked at src/opinion_tests_v2.rs:481:5:
assertion failed: status == 201 || status == 409
note: run with `RUST_BACKTRACE=1` environment variable to display a backtrace

thread '<unnamed>' panicked at src/docket_tests_v2.rs:263:5:
Schedule should return 201 (created) or 409 (conflict), got 400: {"error":"Invalid data format","status":400,"details":"missing field `duration_minutes` at line 1 column 550"}
note: run with `RUST_BACKTRACE=1` environment variable to display a backtrace
test test-get-speedy-trial-status                 ... [0m[31mFAILED[0m
test test-invalid-district-header                 ... [0m[32mok[0m
test test-opinion-multi-tenant-isolation          ... [0m[31mFAILED[0m
test test-schedule-calendar-event                 ... [0m[31mFAILED[0m

thread '<unnamed>' panicked at src/attorney_tests_v2.rs:455:5:
Error should mention invalid email
note: run with `RUST_BACKTRACE=1` environment variable to display a backtrace

thread '<unnamed>' panicked at src/deadline_tests_v2.rs:421:5:
Should return pending extensions
note: run with `RUST_BACKTRACE=1` environment variable to display a backtrace

thread '<unnamed>' panicked at src/criminal_case_tests_v2.rs:555:5:
assertion `left == right` failed: Count should return 200
  left: 400
 right: 200
note: run with `RUST_BACKTRACE=1` environment variable to display a backtrace

thread '<unnamed>' panicked at src/judge_tests_proper.rs:182:5:
assertion `left == right` failed
  left: []
 right: [Call::Get("judges:nonexistent-judge")]
note: run with `RUST_BACKTRACE=1` environment variable to display a backtrace

thread '<unnamed>' panicked at src/order_tests_v2.rs:210:5:
assertion `left == right` failed: Should return 200 for existing order
  left: 404
 right: 200
note: run with `RUST_BACKTRACE=1` environment variable to display a backtrace

thread '<unnamed>' panicked at src/deadline_tests_v2.rs:343:5:
assertion `left == right` failed: Complete should return 200
  left: 400
 right: 200
note: run with `RUST_BACKTRACE=1` environment variable to display a backtrace

thread '<unnamed>' panicked at src/opinion_tests_v2.rs:359:5:
assertion `left == right` failed: Publish should return 200
  left: 400
 right: 200
note: run with `RUST_BACKTRACE=1` environment variable to display a backtrace
thread '<unnamed>' panicked at crates/spin-test-virt/src/wasi/http.rs:370:9:
not yet implemented
note: run with `RUST_BACKTRACE=1` environment variable to display a backtrace
test test-create-attorney-invalid-email           ... [0m[31mFAILED[0m
test test-get-judge-by-id-cache-miss              ... [0m[31mFAILED[0m
test test-get-pending-extensions                  ... [0m[31mFAILED[0m
test test-get-order-by-id                         ... [0m[31mFAILED[0m
test test-header-routing-matches-url-routing      ... [0m[31mFAILED[0m
test test-complete-deadline                       ... [0m[31mFAILED[0m
test test-publish-opinion                         ... [0m[31mFAILED[0m
test test-config-endpoint-returns-valid-response  ... [0m[32mok[0m
test test-very-long-district-header               ... [0m[32mok[0m
test test-count-by-status                         ... [0m[31mFAILED[0m

thread '<unnamed>' panicked at src/sentencing_tests_v2.rs:501:5:
assertion `left == right` failed: Record appeal should return 200
  left: 404
 right: 200
note: run with `RUST_BACKTRACE=1` environment variable to display a backtrace

thread '<unnamed>' panicked at src/criminal_case_tests_v2.rs:400:5:
Store should be accessed for delete
note: run with `RUST_BACKTRACE=1` environment variable to display a backtrace

thread '<unnamed>' panicked at src/order_tests_v2.rs:285:5:
Should return pending signatures
note: run with `RUST_BACKTRACE=1` environment variable to display a backtrace

thread '<unnamed>' panicked at src/deadline_tests_v2.rs:570:5:
District9 store should be accessed
note: run with `RUST_BACKTRACE=1` environment variable to display a backtrace
test test-delete-case                             ... [0m[31mFAILED[0m
test test-get-pending-signatures                  ... [0m[31mFAILED[0m
test test-record-appeal                           ... [0m[31mFAILED[0m
test test-deadline-multi-tenant-isolation         ... [0m[31mFAILED[0m

thread '<unnamed>' panicked at src/attorney_tests_v2.rs:388:5:
assertion failed: status == 201 || status == 409
note: run with `RUST_BACKTRACE=1` environment variable to display a backtrace

thread '<unnamed>' panicked at src/deadline_tests_v2.rs:398:5:
assertion `left == right` failed
  left: Null
 right: "54bfdb4c-5714-5ae2-bbf7-a61388612e3c"
note: run with `RUST_BACKTRACE=1` environment variable to display a backtrace

thread '<unnamed>' panicked at src/deadline_tests_v2.rs:507:5:
Store should be accessed for delete
note: run with `RUST_BACKTRACE=1` environment variable to display a backtrace

thread '<unnamed>' panicked at src/sentencing_tests_v2.rs:626:5:
assertion `left == right` failed: Invalid offense level should return 400
  left: 201
 right: 400
note: run with `RUST_BACKTRACE=1` environment variable to display a backtrace

thread '<unnamed>' panicked at src/criminal_case_tests_v2.rs:236:5:
assertion `left == right` failed
  left: Null
 right: "CR-2024-001"
note: run with `RUST_BACKTRACE=1` environment variable to display a backtrace
test test-delete-opinion                          ... [0m[32mok[0m
test test-attorney-multi-tenant-isolation         ... [0m[31mFAILED[0m
test test-delete-deadline                         ... [0m[31mFAILED[0m
test test-get-extension-by-id                     ... [0m[31mFAILED[0m
test test-create-judge-invalid-title-enum         ... [0m[32mok[0m
test test-create-judge-missing-courtroom          ... [0m[32mok[0m
test test-create-sentencing-invalid-offense-level ... [0m[31mFAILED[0m
test test-create-case-missing-description         ... [0m[32mok[0m
test test-sentencing-multi-tenant-isolation       ... [0m[32mok[0m
test test-get-case-by-id-found                    ... [0m[31mFAILED[0m

thread '<unnamed>' panicked at src/criminal_case_tests_v2.rs:259:5:
assertion `left == right` failed
  left: []
 right: [Call::Get("cases:nonexistent")]
note: run with `RUST_BACKTRACE=1` environment variable to display a backtrace

thread '<unnamed>' panicked at src/attorney_tests_v2.rs:235:5:
Should return at least 2 attorneys
note: run with `RUST_BACKTRACE=1` environment variable to display a backtrace

thread '<unnamed>' panicked at src/sentencing_tests_v2.rs:408:5:
assertion `left == right` failed: Update should return 200
  left: 405
 right: 200
note: run with `RUST_BACKTRACE=1` environment variable to display a backtrace

thread '<unnamed>' panicked at src/adapters/spin_kv_case_repository.rs:24:14:
Failed to open store: tenant_not_specified: Error::AccessDenied
note: run with `RUST_BACKTRACE=1` environment variable to display a backtrace
test test-list-all-attorneys                      ... [0m[31mFAILED[0m
test test-get-case-by-id-not-found                ... [0m[31mFAILED[0m
test test-update-sentencing                       ... [0m[31mFAILED[0m
test test-missing-header-returns-error            ... [0m[31mFAILED[0m

thread '<unnamed>' panicked at src/order_tests_v2.rs:120:5:
Create should return 201 (created) or 409 (exists), got 400: {"error":"Invalid data format","status":400,"details":"premature end of input at line 1 column 419"}
note: run with `RUST_BACKTRACE=1` environment variable to display a backtrace
thread '<unnamed>' panicked at crates/spin-test-virt/src/wasi/http.rs:370:9:
not yet implemented
note: run with `RUST_BACKTRACE=1` environment variable to display a backtrace

thread '<unnamed>' panicked at src/sentencing_tests_v2.rs:322:5:
assertion `left == right` failed: Should return 200 for existing guidelines
  left: 404
 right: 200
note: run with `RUST_BACKTRACE=1` environment variable to display a backtrace

thread '<unnamed>' panicked at src/judge_tests_proper.rs:214:5:
assertion `left == right` failed: Update should return 200
  left: 400
 right: 200
note: run with `RUST_BACKTRACE=1` environment variable to display a backtrace

thread '<unnamed>' panicked at src/docket_tests_v2.rs:559:5:
Store should be accessed for delete
note: run with `RUST_BACKTRACE=1` environment variable to display a backtrace

thread '<unnamed>' panicked at src/judge_tests_proper.rs:119:5:
Should return at least 2 judges
note: run with `RUST_BACKTRACE=1` environment variable to display a backtrace

thread '<unnamed>' panicked at src/attorney_tests_v2.rs:170:5:
May return 400 (invalid) or 409 (duplicate) attorney should return 409 Conflict
note: run with `RUST_BACKTRACE=1` environment variable to display a backtrace

thread '<unnamed>' panicked at src/opinion_tests_v2.rs:560:5:
assertion `left == right` failed: Should return 200
  left: 404
 right: 200
note: run with `RUST_BACKTRACE=1` environment variable to display a backtrace
test test-create-order-success                    ... [0m[31mFAILED[0m
test test-header-vs-url-routing-consistency       ... [0m[31mFAILED[0m
test test-create-attorney-duplicate               ... [0m[31mFAILED[0m
test test-get-all-judges-with-prepopulated-data   ... [0m[31mFAILED[0m
test test-get-guidelines-by-id                    ... [0m[31mFAILED[0m
test test-get-published-opinions                  ... [0m[31mFAILED[0m
test test-update-judge-status                     ... [0m[31mFAILED[0m
test test-delete-calendar-event                   ... [0m[31mFAILED[0m

failures:

---- test-order-multi-tenant-isolation ----
test 'spin-test-test-order-multi-tenant-isolation' failed 
Caused by: error while executing at wasm backtrace:
    0: 0x1a8ce57 - config_tests.wasm!abort
    1: 0x1a88c36 - config_tests.wasm!std::sys::pal::wasi::helpers::abort_internal::hcc3b2e0cde3c9001
    2: 0x1a87865 - config_tests.wasm!std::process::abort::h0e38511b4c8b6f04
    3: 0x1a8785b - config_tests.wasm!__rustc[5224e6b81cd82a8f]::__rust_abort
    4: 0x1a8a039 - config_tests.wasm!__rustc[5224e6b81cd82a8f]::__rust_start_panic
    5: 0x1a89eaa - config_tests.wasm!__rustc[5224e6b81cd82a8f]::rust_panic
    6: 0x1a89e2f - config_tests.wasm!std::panicking::rust_panic_with_hook::h085fb375cd657b2f
    7: 0x1a88f57 - config_tests.wasm!std::panicking::begin_panic_handler::{{closure}}::he68af7f9d5c53e56
    8: 0x1a88e91 - config_tests.wasm!std::sys::backtrace::__rust_end_short_backtrace::h4c38003a22ca226f
    9: 0x1a89816 - config_tests.wasm!__rustc[5224e6b81cd82a8f]::rust_begin_unwind
   10: 0x1a93180 - config_tests.wasm!core::panicking::panic_fmt::h4e32e8d1cab5f47e
   11: 0x1a8e84b - config_tests.wasm!core::panicking::panic::h42b72918664c199b
   12: 0x19f804e - config_tests.wasm!config_tests::order_tests_v2::test_order_multi_tenant_isolation::h582b15bdcb9c25cd
   13: 0x1a76591 - config_tests.wasm!spin-test-test-order-multi-tenant-isolation
Caused by: wasm trap: wasm `unreachable` instruction executed

---- test-search-opinions ----
test 'spin-test-test-search-opinions' failed 
Caused by: error while executing at wasm backtrace:
    0: 0x1a8ce57 - config_tests.wasm!abort
    1: 0x1a88c36 - config_tests.wasm!std::sys::pal::wasi::helpers::abort_internal::hcc3b2e0cde3c9001
    2: 0x1a87865 - config_tests.wasm!std::process::abort::h0e38511b4c8b6f04
    3: 0x1a8785b - config_tests.wasm!__rustc[5224e6b81cd82a8f]::__rust_abort
    4: 0x1a8a039 - config_tests.wasm!__rustc[5224e6b81cd82a8f]::__rust_start_panic
    5: 0x1a89eaa - config_tests.wasm!__rustc[5224e6b81cd82a8f]::rust_panic
    6: 0x1a89e2f - config_tests.wasm!std::panicking::rust_panic_with_hook::h085fb375cd657b2f
    7: 0x1a88f25 - config_tests.wasm!std::panicking::begin_panic_handler::{{closure}}::he68af7f9d5c53e56
    8: 0x1a88e91 - config_tests.wasm!std::sys::backtrace::__rust_end_short_backtrace::h4c38003a22ca226f
    9: 0x1a89816 - config_tests.wasm!__rustc[5224e6b81cd82a8f]::rust_begin_unwind
   10: 0x1a93180 - config_tests.wasm!core::panicking::panic_fmt::h4e32e8d1cab5f47e
   11: 0x1a94bd6 - config_tests.wasm!core::panicking::assert_failed_inner::hf7ede4d3870aaaec
   12: 0x1a77d16 - config_tests.wasm!core::panicking::assert_failed::h168e3f8c09ecb509
   13: 0x1a31161 - config_tests.wasm!config_tests::opinion_tests_v2::test_search_opinions::h5c1fee1c6393967d
   14: 0x1a765cd - config_tests.wasm!spin-test-test-search-opinions
Caused by: wasm trap: wasm `unreachable` instruction executed

---- test-calculate-guidelines ----
test 'spin-test-test-calculate-guidelines' failed 
Caused by: error while executing at wasm backtrace:
    0: 0x1a8ce57 - config_tests.wasm!abort
    1: 0x1a88c36 - config_tests.wasm!std::sys::pal::wasi::helpers::abort_internal::hcc3b2e0cde3c9001
    2: 0x1a87865 - config_tests.wasm!std::process::abort::h0e38511b4c8b6f04
    3: 0x1a8785b - config_tests.wasm!__rustc[5224e6b81cd82a8f]::__rust_abort
    4: 0x1a8a039 - config_tests.wasm!__rustc[5224e6b81cd82a8f]::__rust_start_panic
    5: 0x1a89eaa - config_tests.wasm!__rustc[5224e6b81cd82a8f]::rust_panic
    6: 0x1a89e2f - config_tests.wasm!std::panicking::rust_panic_with_hook::h085fb375cd657b2f
    7: 0x1a88f25 - config_tests.wasm!std::panicking::begin_panic_handler::{{closure}}::he68af7f9d5c53e56
    8: 0x1a88e91 - config_tests.wasm!std::sys::backtrace::__rust_end_short_backtrace::h4c38003a22ca226f
    9: 0x1a89816 - config_tests.wasm!__rustc[5224e6b81cd82a8f]::rust_begin_unwind
   10: 0x1a93180 - config_tests.wasm!core::panicking::panic_fmt::h4e32e8d1cab5f47e
   11: 0x1a94bd6 - config_tests.wasm!core::panicking::assert_failed_inner::hf7ede4d3870aaaec
   12: 0x1a77d16 - config_tests.wasm!core::panicking::assert_failed::h168e3f8c09ecb509
   13: 0x1a1782a - config_tests.wasm!config_tests::sentencing_tests_v2::test_calculate_guidelines::h155b158404b96931
   14: 0x1a76895 - config_tests.wasm!spin-test-test-calculate-guidelines
Caused by: wasm trap: wasm `unreachable` instruction executed

---- test-create-draft-version ----
test 'spin-test-test-create-draft-version' failed 
Caused by: error while executing at wasm backtrace:
    0: 0x1a8ce57 - config_tests.wasm!abort
    1: 0x1a88c36 - config_tests.wasm!std::sys::pal::wasi::helpers::abort_internal::hcc3b2e0cde3c9001
    2: 0x1a87865 - config_tests.wasm!std::process::abort::h0e38511b4c8b6f04
    3: 0x1a8785b - config_tests.wasm!__rustc[5224e6b81cd82a8f]::__rust_abort
    4: 0x1a8a039 - config_tests.wasm!__rustc[5224e6b81cd82a8f]::__rust_start_panic
    5: 0x1a89eaa - config_tests.wasm!__rustc[5224e6b81cd82a8f]::rust_panic
    6: 0x1a89e2f - config_tests.wasm!std::panicking::rust_panic_with_hook::h085fb375cd657b2f
    7: 0x1a88f25 - config_tests.wasm!std::panicking::begin_panic_handler::{{closure}}::he68af7f9d5c53e56
    8: 0x1a88e91 - config_tests.wasm!std::sys::backtrace::__rust_end_short_backtrace::h4c38003a22ca226f
    9: 0x1a89816 - config_tests.wasm!__rustc[5224e6b81cd82a8f]::rust_begin_unwind
   10: 0x1a93180 - config_tests.wasm!core::panicking::panic_fmt::h4e32e8d1cab5f47e
   11: 0x1a94bd6 - config_tests.wasm!core::panicking::assert_failed_inner::hf7ede4d3870aaaec
   12: 0x1a77d16 - config_tests.wasm!core::panicking::assert_failed::h168e3f8c09ecb509
   13: 0x1a2c7c8 - config_tests.wasm!config_tests::opinion_tests_v2::test_create_draft_version::h0af2a423b4744692
   14: 0x1a765eb - config_tests.wasm!spin-test-test-create-draft-version
Caused by: wasm trap: wasm `unreachable` instruction executed

---- test-get-events-by-courtroom ----
test 'spin-test-test-get-events-by-courtroom' failed 
Caused by: error while executing at wasm backtrace:
    0: 0x1a8ce57 - config_tests.wasm!abort
    1: 0x1a88c36 - config_tests.wasm!std::sys::pal::wasi::helpers::abort_internal::hcc3b2e0cde3c9001
    2: 0x1a87865 - config_tests.wasm!std::process::abort::h0e38511b4c8b6f04
    3: 0x1a8785b - config_tests.wasm!__rustc[5224e6b81cd82a8f]::__rust_abort
    4: 0x1a8a039 - config_tests.wasm!__rustc[5224e6b81cd82a8f]::__rust_start_panic
    5: 0x1a89eaa - config_tests.wasm!__rustc[5224e6b81cd82a8f]::rust_panic
    6: 0x1a89e2f - config_tests.wasm!std::panicking::rust_panic_with_hook::h085fb375cd657b2f
    7: 0x1a88f57 - config_tests.wasm!std::panicking::begin_panic_handler::{{closure}}::he68af7f9d5c53e56
    8: 0x1a88e91 - config_tests.wasm!std::sys::backtrace::__rust_end_short_backtrace::h4c38003a22ca226f
    9: 0x1a89816 - config_tests.wasm!__rustc[5224e6b81cd82a8f]::rust_begin_unwind
   10: 0x1a93180 - config_tests.wasm!core::panicking::panic_fmt::h4e32e8d1cab5f47e
   11: 0x1a05ffd - config_tests.wasm!config_tests::docket_tests_v2::test_get_events_by_courtroom::heeb592fe5a31ac0b
   12: 0x1a796d7 - config_tests.wasm!spin-test-test-get-events-by-courtroom
Caused by: wasm trap: wasm `unreachable` instruction executed

---- test-update-attorney-nonexistent ----
test 'spin-test-test-update-attorney-nonexistent' failed 
Caused by: error while executing at wasm backtrace:
    0: 0x1a8ce57 - config_tests.wasm!abort
    1: 0x1a88c36 - config_tests.wasm!std::sys::pal::wasi::helpers::abort_internal::hcc3b2e0cde3c9001
    2: 0x1a87865 - config_tests.wasm!std::process::abort::h0e38511b4c8b6f04
    3: 0x1a8785b - config_tests.wasm!__rustc[5224e6b81cd82a8f]::__rust_abort
    4: 0x1a8a039 - config_tests.wasm!__rustc[5224e6b81cd82a8f]::__rust_start_panic
    5: 0x1a89eaa - config_tests.wasm!__rustc[5224e6b81cd82a8f]::rust_panic
    6: 0x1a89e2f - config_tests.wasm!std::panicking::rust_panic_with_hook::h085fb375cd657b2f
    7: 0x1a88f25 - config_tests.wasm!std::panicking::begin_panic_handler::{{closure}}::he68af7f9d5c53e56
    8: 0x1a88e91 - config_tests.wasm!std::sys::backtrace::__rust_end_short_backtrace::h4c38003a22ca226f
    9: 0x1a89816 - config_tests.wasm!__rustc[5224e6b81cd82a8f]::rust_begin_unwind
   10: 0x1a93180 - config_tests.wasm!core::panicking::panic_fmt::h4e32e8d1cab5f47e
   11: 0x1a94bd6 - config_tests.wasm!core::panicking::assert_failed_inner::hf7ede4d3870aaaec
   12: 0x1a77d16 - config_tests.wasm!core::panicking::assert_failed::h168e3f8c09ecb509
   13: 0x1a69bd9 - config_tests.wasm!config_tests::attorney_tests_v2::test_update_attorney_nonexistent::hfb63f75b3eb2197f
   14: 0x1a75547 - config_tests.wasm!spin-test-test-update-attorney-nonexistent
Caused by: wasm trap: wasm `unreachable` instruction executed

---- test-delete-docket-entry ----
test 'spin-test-test-delete-docket-entry' failed 
Caused by: error while executing at wasm backtrace:
    0: 0x1a8ce57 - config_tests.wasm!abort
    1: 0x1a88c36 - config_tests.wasm!std::sys::pal::wasi::helpers::abort_internal::hcc3b2e0cde3c9001
    2: 0x1a87865 - config_tests.wasm!std::process::abort::h0e38511b4c8b6f04
    3: 0x1a8785b - config_tests.wasm!__rustc[5224e6b81cd82a8f]::__rust_abort
    4: 0x1a8a039 - config_tests.wasm!__rustc[5224e6b81cd82a8f]::__rust_start_panic
    5: 0x1a89eaa - config_tests.wasm!__rustc[5224e6b81cd82a8f]::rust_panic
    6: 0x1a89e2f - config_tests.wasm!std::panicking::rust_panic_with_hook::h085fb375cd657b2f
    7: 0x1a88f57 - config_tests.wasm!std::panicking::begin_panic_handler::{{closure}}::he68af7f9d5c53e56
    8: 0x1a88e91 - config_tests.wasm!std::sys::backtrace::__rust_end_short_backtrace::h4c38003a22ca226f
    9: 0x1a89816 - config_tests.wasm!__rustc[5224e6b81cd82a8f]::rust_begin_unwind
   10: 0x1a93180 - config_tests.wasm!core::panicking::panic_fmt::h4e32e8d1cab5f47e
   11: 0x1a09386 - config_tests.wasm!config_tests::docket_tests_v2::test_delete_docket_entry::h15598a7ef0522f41
   12: 0x1a76564 - config_tests.wasm!spin-test-test-delete-docket-entry
Caused by: wasm trap: wasm `unreachable` instruction executed

---- test-check-deadline-approaching ----
test 'spin-test-test-check-deadline-approaching' failed 
Caused by: error while executing at wasm backtrace:
    0: 0x1a8ce57 - config_tests.wasm!abort
    1: 0x1a88c36 - config_tests.wasm!std::sys::pal::wasi::helpers::abort_internal::hcc3b2e0cde3c9001
    2: 0x1a87865 - config_tests.wasm!std::process::abort::h0e38511b4c8b6f04
    3: 0x1a8785b - config_tests.wasm!__rustc[5224e6b81cd82a8f]::__rust_abort
    4: 0x1a8a039 - config_tests.wasm!__rustc[5224e6b81cd82a8f]::__rust_start_panic
    5: 0x1a89eaa - config_tests.wasm!__rustc[5224e6b81cd82a8f]::rust_panic
    6: 0x1a89e2f - config_tests.wasm!std::panicking::rust_panic_with_hook::h085fb375cd657b2f
    7: 0x1a88f25 - config_tests.wasm!std::panicking::begin_panic_handler::{{closure}}::he68af7f9d5c53e56
    8: 0x1a88e91 - config_tests.wasm!std::sys::backtrace::__rust_end_short_backtrace::h4c38003a22ca226f
    9: 0x1a89816 - config_tests.wasm!__rustc[5224e6b81cd82a8f]::rust_begin_unwind
   10: 0x1a93180 - config_tests.wasm!core::panicking::panic_fmt::h4e32e8d1cab5f47e
   11: 0x1a94bd6 - config_tests.wasm!core::panicking::assert_failed_inner::hf7ede4d3870aaaec
   12: 0x1a77d16 - config_tests.wasm!core::panicking::assert_failed::h168e3f8c09ecb509
   13: 0x1a090a9 - config_tests.wasm!config_tests::docket_tests_v2::test_check_deadline_approaching::h09faa57f350beb91
   14: 0x1a796aa - config_tests.wasm!spin-test-test-check-deadline-approaching
Caused by: wasm trap: wasm `unreachable` instruction executed

---- test-update-deadline-status ----
test 'spin-test-test-update-deadline-status' failed 
Caused by: error while executing at wasm backtrace:
    0: 0x1a8ce57 - config_tests.wasm!abort
    1: 0x1a88c36 - config_tests.wasm!std::sys::pal::wasi::helpers::abort_internal::hcc3b2e0cde3c9001
    2: 0x1a87865 - config_tests.wasm!std::process::abort::h0e38511b4c8b6f04
    3: 0x1a8785b - config_tests.wasm!__rustc[5224e6b81cd82a8f]::__rust_abort
    4: 0x1a8a039 - config_tests.wasm!__rustc[5224e6b81cd82a8f]::__rust_start_panic
    5: 0x1a89eaa - config_tests.wasm!__rustc[5224e6b81cd82a8f]::rust_panic
    6: 0x1a89e2f - config_tests.wasm!std::panicking::rust_panic_with_hook::h085fb375cd657b2f
    7: 0x1a88f25 - config_tests.wasm!std::panicking::begin_panic_handler::{{closure}}::he68af7f9d5c53e56
    8: 0x1a88e91 - config_tests.wasm!std::sys::backtrace::__rust_end_short_backtrace::h4c38003a22ca226f
    9: 0x1a89816 - config_tests.wasm!__rustc[5224e6b81cd82a8f]::rust_begin_unwind
   10: 0x1a93180 - config_tests.wasm!core::panicking::panic_fmt::h4e32e8d1cab5f47e
   11: 0x1a94bd6 - config_tests.wasm!core::panicking::assert_failed_inner::hf7ede4d3870aaaec
   12: 0x1a77d16 - config_tests.wasm!core::panicking::assert_failed::h168e3f8c09ecb509
   13: 0x1a3b93d - config_tests.wasm!config_tests::deadline_tests_v2::test_update_deadline_status::h7ee4899eae5e03b1
   14: 0x1a7967d - config_tests.wasm!spin-test-test-update-deadline-status
Caused by: wasm trap: wasm `unreachable` instruction executed

---- test-update-nonexistent-opinion ----
test 'spin-test-test-update-nonexistent-opinion' failed 
Caused by: error while executing at wasm backtrace:
    0: 0x1a8ce57 - config_tests.wasm!abort
    1: 0x1a88c36 - config_tests.wasm!std::sys::pal::wasi::helpers::abort_internal::hcc3b2e0cde3c9001
    2: 0x1a87865 - config_tests.wasm!std::process::abort::h0e38511b4c8b6f04
    3: 0x1a8785b - config_tests.wasm!__rustc[5224e6b81cd82a8f]::__rust_abort
    4: 0x1a8a039 - config_tests.wasm!__rustc[5224e6b81cd82a8f]::__rust_start_panic
    5: 0x1a89eaa - config_tests.wasm!__rustc[5224e6b81cd82a8f]::rust_panic
    6: 0x1a89e2f - config_tests.wasm!std::panicking::rust_panic_with_hook::h085fb375cd657b2f
    7: 0x1a88f25 - config_tests.wasm!std::panicking::begin_panic_handler::{{closure}}::he68af7f9d5c53e56
    8: 0x1a88e91 - config_tests.wasm!std::sys::backtrace::__rust_end_short_backtrace::h4c38003a22ca226f
    9: 0x1a89816 - config_tests.wasm!__rustc[5224e6b81cd82a8f]::rust_begin_unwind
   10: 0x1a93180 - config_tests.wasm!core::panicking::panic_fmt::h4e32e8d1cab5f47e
   11: 0x1a94bd6 - config_tests.wasm!core::panicking::assert_failed_inner::hf7ede4d3870aaaec
   12: 0x1a77d16 - config_tests.wasm!core::panicking::assert_failed::h168e3f8c09ecb509
   13: 0x1a3322f - config_tests.wasm!config_tests::opinion_tests_v2::test_update_nonexistent_opinion::he17367eaecb0dcf5
   14: 0x1a77ef6 - config_tests.wasm!spin-test-test-update-nonexistent-opinion
Caused by: wasm trap: wasm `unreachable` instruction executed

---- test-get-deadlines-by-type ----
test 'spin-test-test-get-deadlines-by-type' failed 
Caused by: error while executing at wasm backtrace:
    0: 0x1a8ce57 - config_tests.wasm!abort
    1: 0x1a88c36 - config_tests.wasm!std::sys::pal::wasi::helpers::abort_internal::hcc3b2e0cde3c9001
    2: 0x1a87865 - config_tests.wasm!std::process::abort::h0e38511b4c8b6f04
    3: 0x1a8785b - config_tests.wasm!__rustc[5224e6b81cd82a8f]::__rust_abort
    4: 0x1a8a039 - config_tests.wasm!__rustc[5224e6b81cd82a8f]::__rust_start_panic
    5: 0x1a89eaa - config_tests.wasm!__rustc[5224e6b81cd82a8f]::rust_panic
    6: 0x1a89e2f - config_tests.wasm!std::panicking::rust_panic_with_hook::h085fb375cd657b2f
    7: 0x1a88f25 - config_tests.wasm!std::panicking::begin_panic_handler::{{closure}}::he68af7f9d5c53e56
    8: 0x1a88e91 - config_tests.wasm!std::sys::backtrace::__rust_end_short_backtrace::h4c38003a22ca226f
    9: 0x1a89816 - config_tests.wasm!__rustc[5224e6b81cd82a8f]::rust_begin_unwind
   10: 0x1a93180 - config_tests.wasm!core::panicking::panic_fmt::h4e32e8d1cab5f47e
   11: 0x1a94bd6 - config_tests.wasm!core::panicking::assert_failed_inner::hf7ede4d3870aaaec
   12: 0x1a77d16 - config_tests.wasm!core::panicking::assert_failed::h168e3f8c09ecb509
   13: 0x1a3afa9 - config_tests.wasm!config_tests::deadline_tests_v2::test_get_deadlines_by_type::he5f05ea2ea13d0d2
   14: 0x1a7968c - config_tests.wasm!spin-test-test-get-deadlines-by-type
Caused by: wasm trap: wasm `unreachable` instruction executed

---- test-get-attorney-metrics ----
test 'spin-test-test-get-attorney-metrics' failed 
Caused by: error while executing at wasm backtrace:
    0: 0x1a8ce57 - config_tests.wasm!abort
    1: 0x1a88c36 - config_tests.wasm!std::sys::pal::wasi::helpers::abort_internal::hcc3b2e0cde3c9001
    2: 0x1a87865 - config_tests.wasm!std::process::abort::h0e38511b4c8b6f04
    3: 0x1a8785b - config_tests.wasm!__rustc[5224e6b81cd82a8f]::__rust_abort
    4: 0x1a8a039 - config_tests.wasm!__rustc[5224e6b81cd82a8f]::__rust_start_panic
    5: 0x1a89eaa - config_tests.wasm!__rustc[5224e6b81cd82a8f]::rust_panic
    6: 0x1a89e2f - config_tests.wasm!std::panicking::rust_panic_with_hook::h085fb375cd657b2f
    7: 0x1a88f25 - config_tests.wasm!std::panicking::begin_panic_handler::{{closure}}::he68af7f9d5c53e56
    8: 0x1a88e91 - config_tests.wasm!std::sys::backtrace::__rust_end_short_backtrace::h4c38003a22ca226f
    9: 0x1a89816 - config_tests.wasm!__rustc[5224e6b81cd82a8f]::rust_begin_unwind
   10: 0x1a93180 - config_tests.wasm!core::panicking::panic_fmt::h4e32e8d1cab5f47e
   11: 0x1a94bd6 - config_tests.wasm!core::panicking::assert_failed_inner::hf7ede4d3870aaaec
   12: 0x1a77d16 - config_tests.wasm!core::panicking::assert_failed::h168e3f8c09ecb509
   13: 0x1a658a7 - config_tests.wasm!config_tests::attorney_tests_v2::test_get_attorney_metrics::hbae08789f7a99932
   14: 0x1a769b2 - config_tests.wasm!spin-test-test-get-attorney-metrics
Caused by: wasm trap: wasm `unreachable` instruction executed

---- test-list-orders ----
test 'spin-test-test-list-orders' failed 
Caused by: error while executing at wasm backtrace:
    0: 0x1a8ce57 - config_tests.wasm!abort
    1: 0x1a88c36 - config_tests.wasm!std::sys::pal::wasi::helpers::abort_internal::hcc3b2e0cde3c9001
    2: 0x1a87865 - config_tests.wasm!std::process::abort::h0e38511b4c8b6f04
    3: 0x1a8785b - config_tests.wasm!__rustc[5224e6b81cd82a8f]::__rust_abort
    4: 0x1a8a039 - config_tests.wasm!__rustc[5224e6b81cd82a8f]::__rust_start_panic
    5: 0x1a89eaa - config_tests.wasm!__rustc[5224e6b81cd82a8f]::rust_panic
    6: 0x1a89e2f - config_tests.wasm!std::panicking::rust_panic_with_hook::h085fb375cd657b2f
    7: 0x1a88f57 - config_tests.wasm!std::panicking::begin_panic_handler::{{closure}}::he68af7f9d5c53e56
    8: 0x1a88e91 - config_tests.wasm!std::sys::backtrace::__rust_end_short_backtrace::h4c38003a22ca226f
    9: 0x1a89816 - config_tests.wasm!__rustc[5224e6b81cd82a8f]::rust_begin_unwind
   10: 0x1a93180 - config_tests.wasm!core::panicking::panic_fmt::h4e32e8d1cab5f47e
   11: 0x19eeec8 - config_tests.wasm!config_tests::order_tests_v2::test_list_orders::hb7d9ac33222229ef
   12: 0x1a76949 - config_tests.wasm!spin-test-test-list-orders
Caused by: wasm trap: wasm `unreachable` instruction executed

---- test-config-requires-district-header ----
test 'spin-test-test-config-requires-district-header' failed 
Caused by: error while executing at wasm backtrace:
    0: 0x1a8ce57 - config_tests.wasm!abort
    1: 0x1a88c36 - config_tests.wasm!std::sys::pal::wasi::helpers::abort_internal::hcc3b2e0cde3c9001
    2: 0x1a87865 - config_tests.wasm!std::process::abort::h0e38511b4c8b6f04
    3: 0x1a8785b - config_tests.wasm!__rustc[5224e6b81cd82a8f]::__rust_abort
    4: 0x1a8a039 - config_tests.wasm!__rustc[5224e6b81cd82a8f]::__rust_start_panic
    5: 0x1a89eaa - config_tests.wasm!__rustc[5224e6b81cd82a8f]::rust_panic
    6: 0x1a89e2f - config_tests.wasm!std::panicking::rust_panic_with_hook::h085fb375cd657b2f
    7: 0x1a88f57 - config_tests.wasm!std::panicking::begin_panic_handler::{{closure}}::he68af7f9d5c53e56
    8: 0x1a88e91 - config_tests.wasm!std::sys::backtrace::__rust_end_short_backtrace::h4c38003a22ca226f
    9: 0x1a89816 - config_tests.wasm!__rustc[5224e6b81cd82a8f]::rust_begin_unwind
   10: 0x1a93180 - config_tests.wasm!core::panicking::panic_fmt::h4e32e8d1cab5f47e
   11: 0x1a6af72 - config_tests.wasm!config_tests::header_routing_tests::test_config_requires_district_header::h114382b129a3324b
   12: 0x1a77fe6 - config_tests.wasm!spin-test-test-config-requires-district-header
Caused by: wasm trap: wasm `unreachable` instruction executed

---- test-get-attorney-by-bar-number ----
test 'spin-test-test-get-attorney-by-bar-number' failed 
Caused by: error while executing at wasm backtrace:
    0: 0x1a8ce57 - config_tests.wasm!abort
    1: 0x1a88c36 - config_tests.wasm!std::sys::pal::wasi::helpers::abort_internal::hcc3b2e0cde3c9001
    2: 0x1a87865 - config_tests.wasm!std::process::abort::h0e38511b4c8b6f04
    3: 0x1a8785b - config_tests.wasm!__rustc[5224e6b81cd82a8f]::__rust_abort
    4: 0x1a8a039 - config_tests.wasm!__rustc[5224e6b81cd82a8f]::__rust_start_panic
    5: 0x1a89eaa - config_tests.wasm!__rustc[5224e6b81cd82a8f]::rust_panic
    6: 0x1a89e2f - config_tests.wasm!std::panicking::rust_panic_with_hook::h085fb375cd657b2f
    7: 0x1a88f25 - config_tests.wasm!std::panicking::begin_panic_handler::{{closure}}::he68af7f9d5c53e56
    8: 0x1a88e91 - config_tests.wasm!std::sys::backtrace::__rust_end_short_backtrace::h4c38003a22ca226f
    9: 0x1a89816 - config_tests.wasm!__rustc[5224e6b81cd82a8f]::rust_begin_unwind
   10: 0x1a93180 - config_tests.wasm!core::panicking::panic_fmt::h4e32e8d1cab5f47e
   11: 0x1a94bd6 - config_tests.wasm!core::panicking::assert_failed_inner::hf7ede4d3870aaaec
   12: 0x1a77d16 - config_tests.wasm!core::panicking::assert_failed::h168e3f8c09ecb509
   13: 0x1a62c45 - config_tests.wasm!config_tests::attorney_tests_v2::test_get_attorney_by_bar_number::h987410183c6aef8a
   14: 0x1a769d0 - config_tests.wasm!spin-test-test-get-attorney-by-bar-number
Caused by: wasm trap: wasm `unreachable` instruction executed

---- test-multi-tenant-isolation ----
test 'spin-test-test-multi-tenant-isolation' failed 
Caused by: error while executing at wasm backtrace:
    0: 0x1a8ce57 - config_tests.wasm!abort
    1: 0x1a88c36 - config_tests.wasm!std::sys::pal::wasi::helpers::abort_internal::hcc3b2e0cde3c9001
    2: 0x1a87865 - config_tests.wasm!std::process::abort::h0e38511b4c8b6f04
    3: 0x1a8785b - config_tests.wasm!__rustc[5224e6b81cd82a8f]::__rust_abort
    4: 0x1a8a039 - config_tests.wasm!__rustc[5224e6b81cd82a8f]::__rust_start_panic
    5: 0x1a89eaa - config_tests.wasm!__rustc[5224e6b81cd82a8f]::rust_panic
    6: 0x1a89e2f - config_tests.wasm!std::panicking::rust_panic_with_hook::h085fb375cd657b2f
    7: 0x1a88f57 - config_tests.wasm!std::panicking::begin_panic_handler::{{closure}}::he68af7f9d5c53e56
    8: 0x1a88e91 - config_tests.wasm!std::sys::backtrace::__rust_end_short_backtrace::h4c38003a22ca226f
    9: 0x1a89816 - config_tests.wasm!__rustc[5224e6b81cd82a8f]::rust_begin_unwind
   10: 0x1a93180 - config_tests.wasm!core::panicking::panic_fmt::h4e32e8d1cab5f47e
   11: 0x1a8e84b - config_tests.wasm!core::panicking::panic::h42b72918664c199b
   12: 0x1a4ceb4 - config_tests.wasm!config_tests::criminal_case_tests_v2::test_multi_tenant_isolation::hc61a55f863bb99e0
   13: 0x1a755b0 - config_tests.wasm!spin-test-test-multi-tenant-isolation
Caused by: wasm trap: wasm `unreachable` instruction executed

---- test-add-to-cja-panel ----
test 'spin-test-test-add-to-cja-panel' failed 
Caused by: error while executing at wasm backtrace:
    0: 0x1a8ce57 - config_tests.wasm!abort
    1: 0x1a88c36 - config_tests.wasm!std::sys::pal::wasi::helpers::abort_internal::hcc3b2e0cde3c9001
    2: 0x1a87865 - config_tests.wasm!std::process::abort::h0e38511b4c8b6f04
    3: 0x1a8785b - config_tests.wasm!__rustc[5224e6b81cd82a8f]::__rust_abort
    4: 0x1a8a039 - config_tests.wasm!__rustc[5224e6b81cd82a8f]::__rust_start_panic
    5: 0x1a89eaa - config_tests.wasm!__rustc[5224e6b81cd82a8f]::rust_panic
    6: 0x1a89e2f - config_tests.wasm!std::panicking::rust_panic_with_hook::h085fb375cd657b2f
    7: 0x1a88f57 - config_tests.wasm!std::panicking::begin_panic_handler::{{closure}}::he68af7f9d5c53e56
    8: 0x1a88e91 - config_tests.wasm!std::sys::backtrace::__rust_end_short_backtrace::h4c38003a22ca226f
    9: 0x1a89816 - config_tests.wasm!__rustc[5224e6b81cd82a8f]::rust_begin_unwind
   10: 0x1a93180 - config_tests.wasm!core::panicking::panic_fmt::h4e32e8d1cab5f47e
   11: 0x1a63e71 - config_tests.wasm!config_tests::attorney_tests_v2::test_add_to_cja_panel::h5d02160eac86a269
   12: 0x1a75556 - config_tests.wasm!spin-test-test-add-to-cja-panel
Caused by: wasm trap: wasm `unreachable` instruction executed

---- test-schedule-event-time-conflict ----
test 'spin-test-test-schedule-event-time-conflict' failed 
Caused by: error while executing at wasm backtrace:
    0: 0x1a8ce57 - config_tests.wasm!abort
    1: 0x1a88c36 - config_tests.wasm!std::sys::pal::wasi::helpers::abort_internal::hcc3b2e0cde3c9001
    2: 0x1a87865 - config_tests.wasm!std::process::abort::h0e38511b4c8b6f04
    3: 0x1a8785b - config_tests.wasm!__rustc[5224e6b81cd82a8f]::__rust_abort
    4: 0x1a8a039 - config_tests.wasm!__rustc[5224e6b81cd82a8f]::__rust_start_panic
    5: 0x1a89eaa - config_tests.wasm!__rustc[5224e6b81cd82a8f]::rust_panic
    6: 0x1a89e2f - config_tests.wasm!std::panicking::rust_panic_with_hook::h085fb375cd657b2f
    7: 0x1a88f57 - config_tests.wasm!std::panicking::begin_panic_handler::{{closure}}::he68af7f9d5c53e56
    8: 0x1a88e91 - config_tests.wasm!std::sys::backtrace::__rust_end_short_backtrace::h4c38003a22ca226f
    9: 0x1a89816 - config_tests.wasm!__rustc[5224e6b81cd82a8f]::rust_begin_unwind
   10: 0x1a93180 - config_tests.wasm!core::panicking::panic_fmt::h4e32e8d1cab5f47e
   11: 0x1a0eed3 - config_tests.wasm!config_tests::docket_tests_v2::test_schedule_event_time_conflict::h93c7dd65886ca5e2
   12: 0x1a768ef - config_tests.wasm!spin-test-test-schedule-event-time-conflict
Caused by: wasm trap: wasm `unreachable` instruction executed

---- test-get-cases-by-judge ----
test 'spin-test-test-get-cases-by-judge' failed 
Caused by: error while executing at wasm backtrace:
    0: 0x1a8ce57 - config_tests.wasm!abort
    1: 0x1a88c36 - config_tests.wasm!std::sys::pal::wasi::helpers::abort_internal::hcc3b2e0cde3c9001
    2: 0x1a87865 - config_tests.wasm!std::process::abort::h0e38511b4c8b6f04
    3: 0x1a8785b - config_tests.wasm!__rustc[5224e6b81cd82a8f]::__rust_abort
    4: 0x1a8a039 - config_tests.wasm!__rustc[5224e6b81cd82a8f]::__rust_start_panic
    5: 0x1a89eaa - config_tests.wasm!__rustc[5224e6b81cd82a8f]::rust_panic
    6: 0x1a89e2f - config_tests.wasm!std::panicking::rust_panic_with_hook::h085fb375cd657b2f
    7: 0x1a88f57 - config_tests.wasm!std::panicking::begin_panic_handler::{{closure}}::he68af7f9d5c53e56
    8: 0x1a88e91 - config_tests.wasm!std::sys::backtrace::__rust_end_short_backtrace::h4c38003a22ca226f
    9: 0x1a89816 - config_tests.wasm!__rustc[5224e6b81cd82a8f]::rust_begin_unwind
   10: 0x1a93180 - config_tests.wasm!core::panicking::panic_fmt::h4e32e8d1cab5f47e
   11: 0x1a4af7f - config_tests.wasm!config_tests::criminal_case_tests_v2::test_get_cases_by_judge::h9eefbc1bd00f849d
   12: 0x1a78004 - config_tests.wasm!spin-test-test-get-cases-by-judge
Caused by: wasm trap: wasm `unreachable` instruction executed

---- test-get-urgent-deadlines ----
test 'spin-test-test-get-urgent-deadlines' failed 
Caused by: error while executing at wasm backtrace:
    0: 0x1a8ce57 - config_tests.wasm!abort
    1: 0x1a88c36 - config_tests.wasm!std::sys::pal::wasi::helpers::abort_internal::hcc3b2e0cde3c9001
    2: 0x1a87865 - config_tests.wasm!std::process::abort::h0e38511b4c8b6f04
    3: 0x1a8785b - config_tests.wasm!__rustc[5224e6b81cd82a8f]::__rust_abort
    4: 0x1a8a039 - config_tests.wasm!__rustc[5224e6b81cd82a8f]::__rust_start_panic
    5: 0x1a89eaa - config_tests.wasm!__rustc[5224e6b81cd82a8f]::rust_panic
    6: 0x1a89e2f - config_tests.wasm!std::panicking::rust_panic_with_hook::h085fb375cd657b2f
    7: 0x1a88f57 - config_tests.wasm!std::panicking::begin_panic_handler::{{closure}}::he68af7f9d5c53e56
    8: 0x1a88e91 - config_tests.wasm!std::sys::backtrace::__rust_end_short_backtrace::h4c38003a22ca226f
    9: 0x1a89816 - config_tests.wasm!__rustc[5224e6b81cd82a8f]::rust_begin_unwind
   10: 0x1a93180 - config_tests.wasm!core::panicking::panic_fmt::h4e32e8d1cab5f47e
   11: 0x1a3a6b6 - config_tests.wasm!config_tests::deadline_tests_v2::test_get_urgent_deadlines::h11036321c01e81a6
   12: 0x1a77e8d - config_tests.wasm!spin-test-test-get-urgent-deadlines
Caused by: wasm trap: wasm `unreachable` instruction executed

---- test-get-judge-by-id-cache-hit ----
test 'spin-test-test-get-judge-by-id-cache-hit' failed 
Caused by: error while executing at wasm backtrace:
    0: 0x1a8ce57 - config_tests.wasm!abort
    1: 0x1a88c36 - config_tests.wasm!std::sys::pal::wasi::helpers::abort_internal::hcc3b2e0cde3c9001
    2: 0x1a87865 - config_tests.wasm!std::process::abort::h0e38511b4c8b6f04
    3: 0x1a8785b - config_tests.wasm!__rustc[5224e6b81cd82a8f]::__rust_abort
    4: 0x1a8a039 - config_tests.wasm!__rustc[5224e6b81cd82a8f]::__rust_start_panic
    5: 0x1a89eaa - config_tests.wasm!__rustc[5224e6b81cd82a8f]::rust_panic
    6: 0x1a89e2f - config_tests.wasm!std::panicking::rust_panic_with_hook::h085fb375cd657b2f
    7: 0x1a88f25 - config_tests.wasm!std::panicking::begin_panic_handler::{{closure}}::he68af7f9d5c53e56
    8: 0x1a88e91 - config_tests.wasm!std::sys::backtrace::__rust_end_short_backtrace::h4c38003a22ca226f
    9: 0x1a89816 - config_tests.wasm!__rustc[5224e6b81cd82a8f]::rust_begin_unwind
   10: 0x1a93180 - config_tests.wasm!core::panicking::panic_fmt::h4e32e8d1cab5f47e
   11: 0x1a94bd6 - config_tests.wasm!core::panicking::assert_failed_inner::hf7ede4d3870aaaec
   12: 0x1a77d16 - config_tests.wasm!core::panicking::assert_failed::h168e3f8c09ecb509
   13: 0x1a555d1 - config_tests.wasm!config_tests::judge_tests_proper::test_get_judge_by_id_cache_hit::h13cd55250e77367b
   14: 0x1a769ee - config_tests.wasm!spin-test-test-get-judge-by-id-cache-hit
Caused by: wasm trap: wasm `unreachable` instruction executed

---- test-initialize-speedy-trial ----
test 'spin-test-test-initialize-speedy-trial' failed 
Caused by: error while executing at wasm backtrace:
    0: 0x1a8ce57 - config_tests.wasm!abort
    1: 0x1a88c36 - config_tests.wasm!std::sys::pal::wasi::helpers::abort_internal::hcc3b2e0cde3c9001
    2: 0x1a87865 - config_tests.wasm!std::process::abort::h0e38511b4c8b6f04
    3: 0x1a8785b - config_tests.wasm!__rustc[5224e6b81cd82a8f]::__rust_abort
    4: 0x1a8a039 - config_tests.wasm!__rustc[5224e6b81cd82a8f]::__rust_start_panic
    5: 0x1a89eaa - config_tests.wasm!__rustc[5224e6b81cd82a8f]::rust_panic
    6: 0x1a89e2f - config_tests.wasm!std::panicking::rust_panic_with_hook::h085fb375cd657b2f
    7: 0x1a88f25 - config_tests.wasm!std::panicking::begin_panic_handler::{{closure}}::he68af7f9d5c53e56
    8: 0x1a88e91 - config_tests.wasm!std::sys::backtrace::__rust_end_short_backtrace::h4c38003a22ca226f
    9: 0x1a89816 - config_tests.wasm!__rustc[5224e6b81cd82a8f]::rust_begin_unwind
   10: 0x1a93180 - config_tests.wasm!core::panicking::panic_fmt::h4e32e8d1cab5f47e
   11: 0x1a07829 - config_tests.wasm!config_tests::docket_tests_v2::test_initialize_speedy_trial::h7afb258a5ef310d7
   12: 0x1a754de - config_tests.wasm!spin-test-test-initialize-speedy-trial
Caused by: wasm trap: wasm `unreachable` instruction executed

---- test-get-sentencing-by-case ----
test 'spin-test-test-get-sentencing-by-case' failed 
Caused by: error while executing at wasm backtrace:
    0: 0x1a8ce57 - config_tests.wasm!abort
    1: 0x1a88c36 - config_tests.wasm!std::sys::pal::wasi::helpers::abort_internal::hcc3b2e0cde3c9001
    2: 0x1a87865 - config_tests.wasm!std::process::abort::h0e38511b4c8b6f04
    3: 0x1a8785b - config_tests.wasm!__rustc[5224e6b81cd82a8f]::__rust_abort
    4: 0x1a8a039 - config_tests.wasm!__rustc[5224e6b81cd82a8f]::__rust_start_panic
    5: 0x1a89eaa - config_tests.wasm!__rustc[5224e6b81cd82a8f]::rust_panic
    6: 0x1a89e2f - config_tests.wasm!std::panicking::rust_panic_with_hook::h085fb375cd657b2f
    7: 0x1a88f25 - config_tests.wasm!std::panicking::begin_panic_handler::{{closure}}::he68af7f9d5c53e56
    8: 0x1a88e91 - config_tests.wasm!std::sys::backtrace::__rust_end_short_backtrace::h4c38003a22ca226f
    9: 0x1a89816 - config_tests.wasm!__rustc[5224e6b81cd82a8f]::rust_begin_unwind
   10: 0x1a93180 - config_tests.wasm!core::panicking::panic_fmt::h4e32e8d1cab5f47e
   11: 0x1a94bd6 - config_tests.wasm!core::panicking::assert_failed_inner::hf7ede4d3870aaaec
   12: 0x1a77d16 - config_tests.wasm!core::panicking::assert_failed::h168e3f8c09ecb509
   13: 0x1a16972 - config_tests.wasm!config_tests::sentencing_tests_v2::test_get_sentencing_by_case::h90940b54c1f12977
   14: 0x1a75457 - config_tests.wasm!spin-test-test-get-sentencing-by-case
Caused by: wasm trap: wasm `unreachable` instruction executed

---- test-create-case-duplicate ----
test 'spin-test-test-create-case-duplicate' failed 
Caused by: error while executing at wasm backtrace:
    0: 0x1a8ce57 - config_tests.wasm!abort
    1: 0x1a88c36 - config_tests.wasm!std::sys::pal::wasi::helpers::abort_internal::hcc3b2e0cde3c9001
    2: 0x1a87865 - config_tests.wasm!std::process::abort::h0e38511b4c8b6f04
    3: 0x1a8785b - config_tests.wasm!__rustc[5224e6b81cd82a8f]::__rust_abort
    4: 0x1a8a039 - config_tests.wasm!__rustc[5224e6b81cd82a8f]::__rust_start_panic
    5: 0x1a89eaa - config_tests.wasm!__rustc[5224e6b81cd82a8f]::rust_panic
    6: 0x1a89e2f - config_tests.wasm!std::panicking::rust_panic_with_hook::h085fb375cd657b2f
    7: 0x1a88f57 - config_tests.wasm!std::panicking::begin_panic_handler::{{closure}}::he68af7f9d5c53e56
    8: 0x1a88e91 - config_tests.wasm!std::sys::backtrace::__rust_end_short_backtrace::h4c38003a22ca226f
    9: 0x1a89816 - config_tests.wasm!__rustc[5224e6b81cd82a8f]::rust_begin_unwind
   10: 0x1a93180 - config_tests.wasm!core::panicking::panic_fmt::h4e32e8d1cab5f47e
   11: 0x1a4662d - config_tests.wasm!config_tests::criminal_case_tests_v2::test_create_case_duplicate::hba5726453712259e
   12: 0x1a755bf - config_tests.wasm!spin-test-test-create-case-duplicate
Caused by: wasm trap: wasm `unreachable` instruction executed

---- test-get-opinions-by-case ----
test 'spin-test-test-get-opinions-by-case' failed 
Caused by: error while executing at wasm backtrace:
    0: 0x1a8ce57 - config_tests.wasm!abort
    1: 0x1a88c36 - config_tests.wasm!std::sys::pal::wasi::helpers::abort_internal::hcc3b2e0cde3c9001
    2: 0x1a87865 - config_tests.wasm!std::process::abort::h0e38511b4c8b6f04
    3: 0x1a8785b - config_tests.wasm!__rustc[5224e6b81cd82a8f]::__rust_abort
    4: 0x1a8a039 - config_tests.wasm!__rustc[5224e6b81cd82a8f]::__rust_start_panic
    5: 0x1a89eaa - config_tests.wasm!__rustc[5224e6b81cd82a8f]::rust_panic
    6: 0x1a89e2f - config_tests.wasm!std::panicking::rust_panic_with_hook::h085fb375cd657b2f
    7: 0x1a88f25 - config_tests.wasm!std::panicking::begin_panic_handler::{{closure}}::he68af7f9d5c53e56
    8: 0x1a88e91 - config_tests.wasm!std::sys::backtrace::__rust_end_short_backtrace::h4c38003a22ca226f
    9: 0x1a89816 - config_tests.wasm!__rustc[5224e6b81cd82a8f]::rust_begin_unwind
   10: 0x1a93180 - config_tests.wasm!core::panicking::panic_fmt::h4e32e8d1cab5f47e
   11: 0x1a94bd6 - config_tests.wasm!core::panicking::assert_failed_inner::hf7ede4d3870aaaec
   12: 0x1a77d16 - config_tests.wasm!core::panicking::assert_failed::h168e3f8c09ecb509
   13: 0x1a2aa33 - config_tests.wasm!config_tests::opinion_tests_v2::test_get_opinions_by_case::h7871c2a1f7231ec7
   14: 0x1a75538 - config_tests.wasm!spin-test-test-get-opinions-by-case
Caused by: wasm trap: wasm `unreachable` instruction executed

---- test-get-opinion-not-found ----
test 'spin-test-test-get-opinion-not-found' failed 
Caused by: error while executing at wasm backtrace:
    0: 0x1a8ce57 - config_tests.wasm!abort
    1: 0x1a88c36 - config_tests.wasm!std::sys::pal::wasi::helpers::abort_internal::hcc3b2e0cde3c9001
    2: 0x1a87865 - config_tests.wasm!std::process::abort::h0e38511b4c8b6f04
    3: 0x1a8785b - config_tests.wasm!__rustc[5224e6b81cd82a8f]::__rust_abort
    4: 0x1a8a039 - config_tests.wasm!__rustc[5224e6b81cd82a8f]::__rust_start_panic
    5: 0x1a89eaa - config_tests.wasm!__rustc[5224e6b81cd82a8f]::rust_panic
    6: 0x1a89e2f - config_tests.wasm!std::panicking::rust_panic_with_hook::h085fb375cd657b2f
    7: 0x1a88f25 - config_tests.wasm!std::panicking::begin_panic_handler::{{closure}}::he68af7f9d5c53e56
    8: 0x1a88e91 - config_tests.wasm!std::sys::backtrace::__rust_end_short_backtrace::h4c38003a22ca226f
    9: 0x1a89816 - config_tests.wasm!__rustc[5224e6b81cd82a8f]::rust_begin_unwind
   10: 0x1a93180 - config_tests.wasm!core::panicking::panic_fmt::h4e32e8d1cab5f47e
   11: 0x1a94bd6 - config_tests.wasm!core::panicking::assert_failed_inner::hf7ede4d3870aaaec
   12: 0x1a77d16 - config_tests.wasm!core::panicking::assert_failed::h168e3f8c09ecb509
   13: 0x1a2a29f - config_tests.wasm!config_tests::opinion_tests_v2::test_get_opinion_not_found::hd06aaec73e9ef5f7
   14: 0x1a76618 - config_tests.wasm!spin-test-test-get-opinion-not-found
Caused by: wasm trap: wasm `unreachable` instruction executed

---- test-check-order-expired ----
test 'spin-test-test-check-order-expired' failed 
Caused by: error while executing at wasm backtrace:
    0: 0x1a8ce57 - config_tests.wasm!abort
    1: 0x1a88c36 - config_tests.wasm!std::sys::pal::wasi::helpers::abort_internal::hcc3b2e0cde3c9001
    2: 0x1a87865 - config_tests.wasm!std::process::abort::h0e38511b4c8b6f04
    3: 0x1a8785b - config_tests.wasm!__rustc[5224e6b81cd82a8f]::__rust_abort
    4: 0x1a8a039 - config_tests.wasm!__rustc[5224e6b81cd82a8f]::__rust_start_panic
    5: 0x1a89eaa - config_tests.wasm!__rustc[5224e6b81cd82a8f]::rust_panic
    6: 0x1a89e2f - config_tests.wasm!std::panicking::rust_panic_with_hook::h085fb375cd657b2f
    7: 0x1a88f57 - config_tests.wasm!std::panicking::begin_panic_handler::{{closure}}::he68af7f9d5c53e56
    8: 0x1a88e91 - config_tests.wasm!std::sys::backtrace::__rust_end_short_backtrace::h4c38003a22ca226f
    9: 0x1a89816 - config_tests.wasm!__rustc[5224e6b81cd82a8f]::rust_begin_unwind
   10: 0x1a93180 - config_tests.wasm!core::panicking::panic_fmt::h4e32e8d1cab5f47e
   11: 0x19f6a82 - config_tests.wasm!config_tests::order_tests_v2::test_check_order_expired::h81deea442bbcb578
   12: 0x1a765a0 - config_tests.wasm!spin-test-test-check-order-expired
Caused by: wasm trap: wasm `unreachable` instruction executed

---- test-create-deadline-missing-case-id ----
test 'spin-test-test-create-deadline-missing-case-id' failed 
Caused by: error while executing at wasm backtrace:
    0: 0x1a8ce57 - config_tests.wasm!abort
    1: 0x1a88c36 - config_tests.wasm!std::sys::pal::wasi::helpers::abort_internal::hcc3b2e0cde3c9001
    2: 0x1a87865 - config_tests.wasm!std::process::abort::h0e38511b4c8b6f04
    3: 0x1a8785b - config_tests.wasm!__rustc[5224e6b81cd82a8f]::__rust_abort
    4: 0x1a8a039 - config_tests.wasm!__rustc[5224e6b81cd82a8f]::__rust_start_panic
    5: 0x1a89eaa - config_tests.wasm!__rustc[5224e6b81cd82a8f]::rust_panic
    6: 0x1a89e2f - config_tests.wasm!std::panicking::rust_panic_with_hook::h085fb375cd657b2f
    7: 0x1a88f57 - config_tests.wasm!std::panicking::begin_panic_handler::{{closure}}::he68af7f9d5c53e56
    8: 0x1a88e91 - config_tests.wasm!std::sys::backtrace::__rust_end_short_backtrace::h4c38003a22ca226f
    9: 0x1a89816 - config_tests.wasm!__rustc[5224e6b81cd82a8f]::rust_begin_unwind
   10: 0x1a93180 - config_tests.wasm!core::panicking::panic_fmt::h4e32e8d1cab5f47e
   11: 0x1a383a0 - config_tests.wasm!config_tests::deadline_tests_v2::test_create_deadline_missing_case_id::h7de483bb6ffa1e22
   12: 0x1a77eab - config_tests.wasm!spin-test-test-create-deadline-missing-case-id
Caused by: wasm trap: wasm `unreachable` instruction executed

---- test-create-order-missing-judge ----
test 'spin-test-test-create-order-missing-judge' failed 
Caused by: error while executing at wasm backtrace:
    0: 0x1a8ce57 - config_tests.wasm!abort
    1: 0x1a88c36 - config_tests.wasm!std::sys::pal::wasi::helpers::abort_internal::hcc3b2e0cde3c9001
    2: 0x1a87865 - config_tests.wasm!std::process::abort::h0e38511b4c8b6f04
    3: 0x1a8785b - config_tests.wasm!__rustc[5224e6b81cd82a8f]::__rust_abort
    4: 0x1a8a039 - config_tests.wasm!__rustc[5224e6b81cd82a8f]::__rust_start_panic
    5: 0x1a89eaa - config_tests.wasm!__rustc[5224e6b81cd82a8f]::rust_panic
    6: 0x1a89e2f - config_tests.wasm!std::panicking::rust_panic_with_hook::h085fb375cd657b2f
    7: 0x1a88f57 - config_tests.wasm!std::panicking::begin_panic_handler::{{closure}}::he68af7f9d5c53e56
    8: 0x1a88e91 - config_tests.wasm!std::sys::backtrace::__rust_end_short_backtrace::h4c38003a22ca226f
    9: 0x1a89816 - config_tests.wasm!__rustc[5224e6b81cd82a8f]::rust_begin_unwind
   10: 0x1a93180 - config_tests.wasm!core::panicking::panic_fmt::h4e32e8d1cab5f47e
   11: 0x19ee457 - config_tests.wasm!config_tests::order_tests_v2::test_create_order_missing_judge::h1029722929f44a98
   12: 0x1a77ee7 - config_tests.wasm!spin-test-test-create-order-missing-judge
Caused by: wasm trap: wasm `unreachable` instruction executed

---- test-update-order ----
test 'spin-test-test-update-order' failed 
Caused by: error while executing at wasm backtrace:
    0: 0x1a8ce57 - config_tests.wasm!abort
    1: 0x1a88c36 - config_tests.wasm!std::sys::pal::wasi::helpers::abort_internal::hcc3b2e0cde3c9001
    2: 0x1a87865 - config_tests.wasm!std::process::abort::h0e38511b4c8b6f04
    3: 0x1a8785b - config_tests.wasm!__rustc[5224e6b81cd82a8f]::__rust_abort
    4: 0x1a8a039 - config_tests.wasm!__rustc[5224e6b81cd82a8f]::__rust_start_panic
    5: 0x1a89eaa - config_tests.wasm!__rustc[5224e6b81cd82a8f]::rust_panic
    6: 0x1a89e2f - config_tests.wasm!std::panicking::rust_panic_with_hook::h085fb375cd657b2f
    7: 0x1a88f25 - config_tests.wasm!std::panicking::begin_panic_handler::{{closure}}::he68af7f9d5c53e56
    8: 0x1a88e91 - config_tests.wasm!std::sys::backtrace::__rust_end_short_backtrace::h4c38003a22ca226f
    9: 0x1a89816 - config_tests.wasm!__rustc[5224e6b81cd82a8f]::rust_begin_unwind
   10: 0x1a93180 - config_tests.wasm!core::panicking::panic_fmt::h4e32e8d1cab5f47e
   11: 0x1a94bd6 - config_tests.wasm!core::panicking::assert_failed_inner::hf7ede4d3870aaaec
   12: 0x1a77d16 - config_tests.wasm!core::panicking::assert_failed::h168e3f8c09ecb509
   13: 0x19f0099 - config_tests.wasm!config_tests::order_tests_v2::test_update_order::hbf06d0a829466035
   14: 0x1a79704 - config_tests.wasm!spin-test-test-update-order
Caused by: wasm trap: wasm `unreachable` instruction executed

---- test-find-available-slot ----
test 'spin-test-test-find-available-slot' failed 
Caused by: error while executing at wasm backtrace:
    0: 0x1a8ce57 - config_tests.wasm!abort
    1: 0x1a88c36 - config_tests.wasm!std::sys::pal::wasi::helpers::abort_internal::hcc3b2e0cde3c9001
    2: 0x1a87865 - config_tests.wasm!std::process::abort::h0e38511b4c8b6f04
    3: 0x1a8785b - config_tests.wasm!__rustc[5224e6b81cd82a8f]::__rust_abort
    4: 0x1a8a039 - config_tests.wasm!__rustc[5224e6b81cd82a8f]::__rust_start_panic
    5: 0x1a89eaa - config_tests.wasm!__rustc[5224e6b81cd82a8f]::rust_panic
    6: 0x1a89e2f - config_tests.wasm!std::panicking::rust_panic_with_hook::h085fb375cd657b2f
    7: 0x1a88f25 - config_tests.wasm!std::panicking::begin_panic_handler::{{closure}}::he68af7f9d5c53e56
    8: 0x1a88e91 - config_tests.wasm!std::sys::backtrace::__rust_end_short_backtrace::h4c38003a22ca226f
    9: 0x1a89816 - config_tests.wasm!__rustc[5224e6b81cd82a8f]::rust_begin_unwind
   10: 0x1a93180 - config_tests.wasm!core::panicking::panic_fmt::h4e32e8d1cab5f47e
   11: 0x1a94bd6 - config_tests.wasm!core::panicking::assert_failed_inner::hf7ede4d3870aaaec
   12: 0x1a77d16 - config_tests.wasm!core::panicking::assert_failed::h168e3f8c09ecb509
   13: 0x1a06c73 - config_tests.wasm!config_tests::docket_tests_v2::test_find_available_slot::h872912a37fb10a39
   14: 0x1a796c8 - config_tests.wasm!spin-test-test-find-available-slot
Caused by: wasm trap: wasm `unreachable` instruction executed

---- test-docket-multi-tenant-isolation ----
test 'spin-test-test-docket-multi-tenant-isolation' failed 
Caused by: error while executing at wasm backtrace:
    0: 0x1a8ce57 - config_tests.wasm!abort
    1: 0x1a88c36 - config_tests.wasm!std::sys::pal::wasi::helpers::abort_internal::hcc3b2e0cde3c9001
    2: 0x1a87865 - config_tests.wasm!std::process::abort::h0e38511b4c8b6f04
    3: 0x1a8785b - config_tests.wasm!__rustc[5224e6b81cd82a8f]::__rust_abort
    4: 0x1a8a039 - config_tests.wasm!__rustc[5224e6b81cd82a8f]::__rust_start_panic
    5: 0x1a89eaa - config_tests.wasm!__rustc[5224e6b81cd82a8f]::rust_panic
    6: 0x1a89e2f - config_tests.wasm!std::panicking::rust_panic_with_hook::h085fb375cd657b2f
    7: 0x1a88f57 - config_tests.wasm!std::panicking::begin_panic_handler::{{closure}}::he68af7f9d5c53e56
    8: 0x1a88e91 - config_tests.wasm!std::sys::backtrace::__rust_end_short_backtrace::h4c38003a22ca226f
    9: 0x1a89816 - config_tests.wasm!__rustc[5224e6b81cd82a8f]::rust_begin_unwind
   10: 0x1a93180 - config_tests.wasm!core::panicking::panic_fmt::h4e32e8d1cab5f47e
   11: 0x1a8e84b - config_tests.wasm!core::panicking::panic::h42b72918664c199b
   12: 0x1a0b77a - config_tests.wasm!config_tests::docket_tests_v2::test_docket_multi_tenant_isolation::h9a9c08fd92ed4232
   13: 0x1a754b1 - config_tests.wasm!spin-test-test-docket-multi-tenant-isolation
Caused by: wasm trap: wasm `unreachable` instruction executed

---- test-create-deadline-success ----
test 'spin-test-test-create-deadline-success' failed 
Caused by: error while executing at wasm backtrace:
    0: 0x1a8ce57 - config_tests.wasm!abort
    1: 0x1a88c36 - config_tests.wasm!std::sys::pal::wasi::helpers::abort_internal::hcc3b2e0cde3c9001
    2: 0x1a87865 - config_tests.wasm!std::process::abort::h0e38511b4c8b6f04
    3: 0x1a8785b - config_tests.wasm!__rustc[5224e6b81cd82a8f]::__rust_abort
    4: 0x1a8a039 - config_tests.wasm!__rustc[5224e6b81cd82a8f]::__rust_start_panic
    5: 0x1a89eaa - config_tests.wasm!__rustc[5224e6b81cd82a8f]::rust_panic
    6: 0x1a89e2f - config_tests.wasm!std::panicking::rust_panic_with_hook::h085fb375cd657b2f
    7: 0x1a88f25 - config_tests.wasm!std::panicking::begin_panic_handler::{{closure}}::he68af7f9d5c53e56
    8: 0x1a88e91 - config_tests.wasm!std::sys::backtrace::__rust_end_short_backtrace::h4c38003a22ca226f
    9: 0x1a89816 - config_tests.wasm!__rustc[5224e6b81cd82a8f]::rust_begin_unwind
   10: 0x1a93180 - config_tests.wasm!core::panicking::panic_fmt::h4e32e8d1cab5f47e
   11: 0x1a3719c - config_tests.wasm!config_tests::deadline_tests_v2::test_create_deadline_success::hb7c97732a1920f0a
   12: 0x1a7969b - config_tests.wasm!spin-test-test-create-deadline-success
Caused by: wasm trap: wasm `unreachable` instruction executed

---- test-get-sealed-entries ----
test 'spin-test-test-get-sealed-entries' failed 
Caused by: error while executing at wasm backtrace:
    0: 0x1a8ce57 - config_tests.wasm!abort
    1: 0x1a88c36 - config_tests.wasm!std::sys::pal::wasi::helpers::abort_internal::hcc3b2e0cde3c9001
    2: 0x1a87865 - config_tests.wasm!std::process::abort::h0e38511b4c8b6f04
    3: 0x1a8785b - config_tests.wasm!__rustc[5224e6b81cd82a8f]::__rust_abort
    4: 0x1a8a039 - config_tests.wasm!__rustc[5224e6b81cd82a8f]::__rust_start_panic
    5: 0x1a89eaa - config_tests.wasm!__rustc[5224e6b81cd82a8f]::rust_panic
    6: 0x1a89e2f - config_tests.wasm!std::panicking::rust_panic_with_hook::h085fb375cd657b2f
    7: 0x1a88f25 - config_tests.wasm!std::panicking::begin_panic_handler::{{closure}}::he68af7f9d5c53e56
    8: 0x1a88e91 - config_tests.wasm!std::sys::backtrace::__rust_end_short_backtrace::h4c38003a22ca226f
    9: 0x1a89816 - config_tests.wasm!__rustc[5224e6b81cd82a8f]::rust_begin_unwind
   10: 0x1a93180 - config_tests.wasm!core::panicking::panic_fmt::h4e32e8d1cab5f47e
   11: 0x1a94bd6 - config_tests.wasm!core::panicking::assert_failed_inner::hf7ede4d3870aaaec
   12: 0x1a77d16 - config_tests.wasm!core::panicking::assert_failed::h168e3f8c09ecb509
   13: 0x1a036db - config_tests.wasm!config_tests::docket_tests_v2::test_get_sealed_entries::h0f58a7c9c09c7048
   14: 0x1a768fe - config_tests.wasm!spin-test-test-get-sealed-entries
Caused by: wasm trap: wasm `unreachable` instruction executed

---- test-get-deadlines-by-case ----
test 'spin-test-test-get-deadlines-by-case' failed 
Caused by: error while executing at wasm backtrace:
    0: 0x1a8ce57 - config_tests.wasm!abort
    1: 0x1a88c36 - config_tests.wasm!std::sys::pal::wasi::helpers::abort_internal::hcc3b2e0cde3c9001
    2: 0x1a87865 - config_tests.wasm!std::process::abort::h0e38511b4c8b6f04
    3: 0x1a8785b - config_tests.wasm!__rustc[5224e6b81cd82a8f]::__rust_abort
    4: 0x1a8a039 - config_tests.wasm!__rustc[5224e6b81cd82a8f]::__rust_start_panic
    5: 0x1a89eaa - config_tests.wasm!__rustc[5224e6b81cd82a8f]::rust_panic
    6: 0x1a89e2f - config_tests.wasm!std::panicking::rust_panic_with_hook::h085fb375cd657b2f
    7: 0x1a88f25 - config_tests.wasm!std::panicking::begin_panic_handler::{{closure}}::he68af7f9d5c53e56
    8: 0x1a88e91 - config_tests.wasm!std::sys::backtrace::__rust_end_short_backtrace::h4c38003a22ca226f
    9: 0x1a89816 - config_tests.wasm!__rustc[5224e6b81cd82a8f]::rust_begin_unwind
   10: 0x1a93180 - config_tests.wasm!core::panicking::panic_fmt::h4e32e8d1cab5f47e
   11: 0x1a94bd6 - config_tests.wasm!core::panicking::assert_failed_inner::hf7ede4d3870aaaec
   12: 0x1a77d16 - config_tests.wasm!core::panicking::assert_failed::h168e3f8c09ecb509
   13: 0x1a3ac6a - config_tests.wasm!config_tests::deadline_tests_v2::test_get_deadlines_by_case::hd0cf328a52ff5d4e
   14: 0x1a768e0 - config_tests.wasm!spin-test-test-get-deadlines-by-case
Caused by: wasm trap: wasm `unreachable` instruction executed

---- test-empty-district-header ----
test 'spin-test-test-empty-district-header' failed 
Caused by: error while executing at wasm backtrace:
    0: 0xcc3337 - spin_utopia.wasm!abort
    1: 0xcb7c40 - spin_utopia.wasm!std::sys::pal::wasi::helpers::abort_internal::hcc3b2e0cde3c9001
    2: 0xcb31d1 - spin_utopia.wasm!std::process::abort::h0e38511b4c8b6f04
    3: 0xcb31c7 - spin_utopia.wasm!__rustc[5224e6b81cd82a8f]::__rust_abort
    4: 0xcb9697 - spin_utopia.wasm!__rustc[5224e6b81cd82a8f]::__rust_start_panic
    5: 0xcb9299 - spin_utopia.wasm!__rustc[5224e6b81cd82a8f]::rust_panic
    6: 0xcb9160 - spin_utopia.wasm!std::panicking::rust_panic_with_hook::h085fb375cd657b2f
    7: 0xcb80f5 - spin_utopia.wasm!std::panicking::begin_panic_handler::{{closure}}::he68af7f9d5c53e56
    8: 0xcb8061 - spin_utopia.wasm!std::sys::backtrace::__rust_end_short_backtrace::h4c38003a22ca226f
    9: 0xcb8b47 - spin_utopia.wasm!__rustc[5224e6b81cd82a8f]::rust_begin_unwind
   10: 0xcccb36 - spin_utopia.wasm!core::panicking::panic_fmt::h4e32e8d1cab5f47e
   11: 0xcce756 - spin_utopia.wasm!core::result::unwrap_failed::heb00d4d50e638a08
   12: 0x6b92ca - spin_utopia.wasm!spin_utopia::adapters::spin_kv_judge_repository::SpinKvJudgeRepository::with_store::hc21c782599f37ad7
   13: 0x7f3f2c - spin_utopia.wasm!spin_utopia::handlers::judge::get_all_judges::hb285393c3fe950f4
   14: 0x4821bb - spin_utopia.wasm!<F as spin_sdk::http::router::Handler>::handle::{{closure}}::h9d3a718e0ddcd112
   15: 0xc985d3 - spin_utopia.wasm!<alloc::boxed::Box<dyn spin_sdk::http::router::Handler> as spin_sdk::http::router::Handler>::handle::{{closure}}::h1b6255c66b0e82da
   16: 0x4eee85 - spin_utopia.wasm!spin_executor::run::h5e53f2e63611faf5
   17: 0x4ee766 - spin_utopia.wasm!spin_utopia::handle_spin_todo_api::{{closure}}::haaee0c45a36a0cd2
   18: 0x4eaef0 - spin_utopia.wasm!spin_executor::run::h5543f9eff02f4bcf
   19: 0xbabe6f - spin_utopia.wasm!wasi:http/incoming-handler@0.2.0#handle
   20: 0x5795 - <unknown>!<wasm function 104>
   21: 0x19310dc - router.wasm!<router::Component as router::bindings::exports::wasi::http::incoming_handler::Guest>::handle::ha50de62a29cb8b3e
   22: 0x19319e0 - router.wasm!wasi:http/incoming-handler@0.2.0#handle
   23: 0x20c0 - <unknown>!<wasm function 55>
   24: 0x1a85e39 - config_tests.wasm!spin_test_sdk::perform_request::h8724e91b3678e35f
   25: 0x1a6aba0 - config_tests.wasm!config_tests::header_routing_tests::make_request_with_header::h67c3a5564434270e
   26: 0x1a6c432 - config_tests.wasm!config_tests::header_routing_tests::test_empty_district_header::hf10d9b805625a2d2
   27: 0x1a76681 - config_tests.wasm!spin-test-test-empty-district-header
Caused by: wasm trap: wasm `unreachable` instruction executed

---- test-create-case-success ----
test 'spin-test-test-create-case-success' failed 
Caused by: error while executing at wasm backtrace:
    0: 0x1a8ce57 - config_tests.wasm!abort
    1: 0x1a88c36 - config_tests.wasm!std::sys::pal::wasi::helpers::abort_internal::hcc3b2e0cde3c9001
    2: 0x1a87865 - config_tests.wasm!std::process::abort::h0e38511b4c8b6f04
    3: 0x1a8785b - config_tests.wasm!__rustc[5224e6b81cd82a8f]::__rust_abort
    4: 0x1a8a039 - config_tests.wasm!__rustc[5224e6b81cd82a8f]::__rust_start_panic
    5: 0x1a89eaa - config_tests.wasm!__rustc[5224e6b81cd82a8f]::rust_panic
    6: 0x1a89e2f - config_tests.wasm!std::panicking::rust_panic_with_hook::h085fb375cd657b2f
    7: 0x1a88f57 - config_tests.wasm!std::panicking::begin_panic_handler::{{closure}}::he68af7f9d5c53e56
    8: 0x1a88e91 - config_tests.wasm!std::sys::backtrace::__rust_end_short_backtrace::h4c38003a22ca226f
    9: 0x1a89816 - config_tests.wasm!__rustc[5224e6b81cd82a8f]::rust_begin_unwind
   10: 0x1a93180 - config_tests.wasm!core::panicking::panic_fmt::h4e32e8d1cab5f47e
   11: 0x1a8e84b - config_tests.wasm!core::panicking::panic::h42b72918664c199b
   12: 0x1a463eb - config_tests.wasm!config_tests::criminal_case_tests_v2::test_create_case_success::hf7a840721ae05417
   13: 0x1a755ce - config_tests.wasm!spin-test-test-create-case-success
Caused by: wasm trap: wasm `unreachable` instruction executed

---- test-get-expiring-orders ----
test 'spin-test-test-get-expiring-orders' failed 
Caused by: error while executing at wasm backtrace:
    0: 0x1a8ce57 - config_tests.wasm!abort
    1: 0x1a88c36 - config_tests.wasm!std::sys::pal::wasi::helpers::abort_internal::hcc3b2e0cde3c9001
    2: 0x1a87865 - config_tests.wasm!std::process::abort::h0e38511b4c8b6f04
    3: 0x1a8785b - config_tests.wasm!__rustc[5224e6b81cd82a8f]::__rust_abort
    4: 0x1a8a039 - config_tests.wasm!__rustc[5224e6b81cd82a8f]::__rust_start_panic
    5: 0x1a89eaa - config_tests.wasm!__rustc[5224e6b81cd82a8f]::rust_panic
    6: 0x1a89e2f - config_tests.wasm!std::panicking::rust_panic_with_hook::h085fb375cd657b2f
    7: 0x1a88f57 - config_tests.wasm!std::panicking::begin_panic_handler::{{closure}}::he68af7f9d5c53e56
    8: 0x1a88e91 - config_tests.wasm!std::sys::backtrace::__rust_end_short_backtrace::h4c38003a22ca226f
    9: 0x1a89816 - config_tests.wasm!__rustc[5224e6b81cd82a8f]::rust_begin_unwind
   10: 0x1a93180 - config_tests.wasm!core::panicking::panic_fmt::h4e32e8d1cab5f47e
   11: 0x19f6711 - config_tests.wasm!config_tests::order_tests_v2::test_get_expiring_orders::h3f71bc2b2f84711d
   12: 0x1a7692b - config_tests.wasm!spin-test-test-get-expiring-orders
Caused by: wasm trap: wasm `unreachable` instruction executed

---- test-get-orders-by-case ----
test 'spin-test-test-get-orders-by-case' failed 
Caused by: error while executing at wasm backtrace:
    0: 0x1a8ce57 - config_tests.wasm!abort
    1: 0x1a88c36 - config_tests.wasm!std::sys::pal::wasi::helpers::abort_internal::hcc3b2e0cde3c9001
    2: 0x1a87865 - config_tests.wasm!std::process::abort::h0e38511b4c8b6f04
    3: 0x1a8785b - config_tests.wasm!__rustc[5224e6b81cd82a8f]::__rust_abort
    4: 0x1a8a039 - config_tests.wasm!__rustc[5224e6b81cd82a8f]::__rust_start_panic
    5: 0x1a89eaa - config_tests.wasm!__rustc[5224e6b81cd82a8f]::rust_panic
    6: 0x1a89e2f - config_tests.wasm!std::panicking::rust_panic_with_hook::h085fb375cd657b2f
    7: 0x1a88f57 - config_tests.wasm!std::panicking::begin_panic_handler::{{closure}}::he68af7f9d5c53e56
    8: 0x1a88e91 - config_tests.wasm!std::sys::backtrace::__rust_end_short_backtrace::h4c38003a22ca226f
    9: 0x1a89816 - config_tests.wasm!__rustc[5224e6b81cd82a8f]::rust_begin_unwind
   10: 0x1a93180 - config_tests.wasm!core::panicking::panic_fmt::h4e32e8d1cab5f47e
   11: 0x19ef1f6 - config_tests.wasm!config_tests::order_tests_v2::test_get_orders_by_case::h61a95d07d48a345d
   12: 0x1a79713 - config_tests.wasm!spin-test-test-get-orders-by-case
Caused by: wasm trap: wasm `unreachable` instruction executed

---- test-get-draft-versions ----
test 'spin-test-test-get-draft-versions' failed 
Caused by: error while executing at wasm backtrace:
    0: 0x1a8ce57 - config_tests.wasm!abort
    1: 0x1a88c36 - config_tests.wasm!std::sys::pal::wasi::helpers::abort_internal::hcc3b2e0cde3c9001
    2: 0x1a87865 - config_tests.wasm!std::process::abort::h0e38511b4c8b6f04
    3: 0x1a8785b - config_tests.wasm!__rustc[5224e6b81cd82a8f]::__rust_abort
    4: 0x1a8a039 - config_tests.wasm!__rustc[5224e6b81cd82a8f]::__rust_start_panic
    5: 0x1a89eaa - config_tests.wasm!__rustc[5224e6b81cd82a8f]::rust_panic
    6: 0x1a89e2f - config_tests.wasm!std::panicking::rust_panic_with_hook::h085fb375cd657b2f
    7: 0x1a88f57 - config_tests.wasm!std::panicking::begin_panic_handler::{{closure}}::he68af7f9d5c53e56
    8: 0x1a88e91 - config_tests.wasm!std::sys::backtrace::__rust_end_short_backtrace::h4c38003a22ca226f
    9: 0x1a89816 - config_tests.wasm!__rustc[5224e6b81cd82a8f]::rust_begin_unwind
   10: 0x1a93180 - config_tests.wasm!core::panicking::panic_fmt::h4e32e8d1cab5f47e
   11: 0x1a2d53c - config_tests.wasm!config_tests::opinion_tests_v2::test_get_draft_versions::h957745203dcdcbca
   12: 0x1a76985 - config_tests.wasm!spin-test-test-get-draft-versions
Caused by: wasm trap: wasm `unreachable` instruction executed

---- test-add-defendant ----
test 'spin-test-test-add-defendant' failed 
Caused by: error while executing at wasm backtrace:
    0: 0x1a8ce57 - config_tests.wasm!abort
    1: 0x1a88c36 - config_tests.wasm!std::sys::pal::wasi::helpers::abort_internal::hcc3b2e0cde3c9001
    2: 0x1a87865 - config_tests.wasm!std::process::abort::h0e38511b4c8b6f04
    3: 0x1a8785b - config_tests.wasm!__rustc[5224e6b81cd82a8f]::__rust_abort
    4: 0x1a8a039 - config_tests.wasm!__rustc[5224e6b81cd82a8f]::__rust_start_panic
    5: 0x1a89eaa - config_tests.wasm!__rustc[5224e6b81cd82a8f]::rust_panic
    6: 0x1a89e2f - config_tests.wasm!std::panicking::rust_panic_with_hook::h085fb375cd657b2f
    7: 0x1a88f57 - config_tests.wasm!std::panicking::begin_panic_handler::{{closure}}::he68af7f9d5c53e56
    8: 0x1a88e91 - config_tests.wasm!std::sys::backtrace::__rust_end_short_backtrace::h4c38003a22ca226f
    9: 0x1a89816 - config_tests.wasm!__rustc[5224e6b81cd82a8f]::rust_begin_unwind
   10: 0x1a93180 - config_tests.wasm!core::panicking::panic_fmt::h4e32e8d1cab5f47e
   11: 0x1a4be34 - config_tests.wasm!config_tests::criminal_case_tests_v2::test_add_defendant::h03236718a6357e88
   12: 0x1a79843 - config_tests.wasm!spin-test-test-add-defendant
Caused by: wasm trap: wasm `unreachable` instruction executed

---- test-get-judge-calendar ----
test 'spin-test-test-get-judge-calendar' failed 
Caused by: error while executing at wasm backtrace:
    0: 0x1a8ce57 - config_tests.wasm!abort
    1: 0x1a88c36 - config_tests.wasm!std::sys::pal::wasi::helpers::abort_internal::hcc3b2e0cde3c9001
    2: 0x1a87865 - config_tests.wasm!std::process::abort::h0e38511b4c8b6f04
    3: 0x1a8785b - config_tests.wasm!__rustc[5224e6b81cd82a8f]::__rust_abort
    4: 0x1a8a039 - config_tests.wasm!__rustc[5224e6b81cd82a8f]::__rust_start_panic
    5: 0x1a89eaa - config_tests.wasm!__rustc[5224e6b81cd82a8f]::rust_panic
    6: 0x1a89e2f - config_tests.wasm!std::panicking::rust_panic_with_hook::h085fb375cd657b2f
    7: 0x1a88f25 - config_tests.wasm!std::panicking::begin_panic_handler::{{closure}}::he68af7f9d5c53e56
    8: 0x1a88e91 - config_tests.wasm!std::sys::backtrace::__rust_end_short_backtrace::h4c38003a22ca226f
    9: 0x1a89816 - config_tests.wasm!__rustc[5224e6b81cd82a8f]::rust_begin_unwind
   10: 0x1a93180 - config_tests.wasm!core::panicking::panic_fmt::h4e32e8d1cab5f47e
   11: 0x1a94bd6 - config_tests.wasm!core::panicking::assert_failed_inner::hf7ede4d3870aaaec
   12: 0x1a77d16 - config_tests.wasm!core::panicking::assert_failed::h168e3f8c09ecb509
   13: 0x1a05c8a - config_tests.wasm!config_tests::docket_tests_v2::test_get_judge_calendar::h0efb5a61b85ae00e
   14: 0x1a754ed - config_tests.wasm!spin-test-test-get-judge-calendar
Caused by: wasm trap: wasm `unreachable` instruction executed

---- test-get-departures ----
test 'spin-test-test-get-departures' failed 
Caused by: error while executing at wasm backtrace:
    0: 0x1a8ce57 - config_tests.wasm!abort
    1: 0x1a88c36 - config_tests.wasm!std::sys::pal::wasi::helpers::abort_internal::hcc3b2e0cde3c9001
    2: 0x1a87865 - config_tests.wasm!std::process::abort::h0e38511b4c8b6f04
    3: 0x1a8785b - config_tests.wasm!__rustc[5224e6b81cd82a8f]::__rust_abort
    4: 0x1a8a039 - config_tests.wasm!__rustc[5224e6b81cd82a8f]::__rust_start_panic
    5: 0x1a89eaa - config_tests.wasm!__rustc[5224e6b81cd82a8f]::rust_panic
    6: 0x1a89e2f - config_tests.wasm!std::panicking::rust_panic_with_hook::h085fb375cd657b2f
    7: 0x1a88f25 - config_tests.wasm!std::panicking::begin_panic_handler::{{closure}}::he68af7f9d5c53e56
    8: 0x1a88e91 - config_tests.wasm!std::sys::backtrace::__rust_end_short_backtrace::h4c38003a22ca226f
    9: 0x1a89816 - config_tests.wasm!__rustc[5224e6b81cd82a8f]::rust_begin_unwind
   10: 0x1a93180 - config_tests.wasm!core::panicking::panic_fmt::h4e32e8d1cab5f47e
   11: 0x1a94bd6 - config_tests.wasm!core::panicking::assert_failed_inner::hf7ede4d3870aaaec
   12: 0x1a77d16 - config_tests.wasm!core::panicking::assert_failed::h168e3f8c09ecb509
   13: 0x1a1a4fa - config_tests.wasm!config_tests::sentencing_tests_v2::test_get_departures::h0e288bc7bda46e31
   14: 0x1a77e51 - config_tests.wasm!spin-test-test-get-departures
Caused by: wasm trap: wasm `unreachable` instruction executed

---- test-record-departure ----
test 'spin-test-test-record-departure' failed 
Caused by: error while executing at wasm backtrace:
    0: 0x1a8ce57 - config_tests.wasm!abort
    1: 0x1a88c36 - config_tests.wasm!std::sys::pal::wasi::helpers::abort_internal::hcc3b2e0cde3c9001
    2: 0x1a87865 - config_tests.wasm!std::process::abort::h0e38511b4c8b6f04
    3: 0x1a8785b - config_tests.wasm!__rustc[5224e6b81cd82a8f]::__rust_abort
    4: 0x1a8a039 - config_tests.wasm!__rustc[5224e6b81cd82a8f]::__rust_start_panic
    5: 0x1a89eaa - config_tests.wasm!__rustc[5224e6b81cd82a8f]::rust_panic
    6: 0x1a89e2f - config_tests.wasm!std::panicking::rust_panic_with_hook::h085fb375cd657b2f
    7: 0x1a88f25 - config_tests.wasm!std::panicking::begin_panic_handler::{{closure}}::he68af7f9d5c53e56
    8: 0x1a88e91 - config_tests.wasm!std::sys::backtrace::__rust_end_short_backtrace::h4c38003a22ca226f
    9: 0x1a89816 - config_tests.wasm!__rustc[5224e6b81cd82a8f]::rust_begin_unwind
   10: 0x1a93180 - config_tests.wasm!core::panicking::panic_fmt::h4e32e8d1cab5f47e
   11: 0x1a94bd6 - config_tests.wasm!core::panicking::assert_failed_inner::hf7ede4d3870aaaec
   12: 0x1a77d16 - config_tests.wasm!core::panicking::assert_failed::h168e3f8c09ecb509
   13: 0x1a19f14 - config_tests.wasm!config_tests::sentencing_tests_v2::test_record_departure::h47f1c7af374a1e9d
   14: 0x1a7650a - config_tests.wasm!spin-test-test-record-departure
Caused by: wasm trap: wasm `unreachable` instruction executed

---- test-get-sentencing-statistics ----
test 'spin-test-test-get-sentencing-statistics' failed 
Caused by: error while executing at wasm backtrace:
    0: 0x1a8ce57 - config_tests.wasm!abort
    1: 0x1a88c36 - config_tests.wasm!std::sys::pal::wasi::helpers::abort_internal::hcc3b2e0cde3c9001
    2: 0x1a87865 - config_tests.wasm!std::process::abort::h0e38511b4c8b6f04
    3: 0x1a8785b - config_tests.wasm!__rustc[5224e6b81cd82a8f]::__rust_abort
    4: 0x1a8a039 - config_tests.wasm!__rustc[5224e6b81cd82a8f]::__rust_start_panic
    5: 0x1a89eaa - config_tests.wasm!__rustc[5224e6b81cd82a8f]::rust_panic
    6: 0x1a89e2f - config_tests.wasm!std::panicking::rust_panic_with_hook::h085fb375cd657b2f
    7: 0x1a88f25 - config_tests.wasm!std::panicking::begin_panic_handler::{{closure}}::he68af7f9d5c53e56
    8: 0x1a88e91 - config_tests.wasm!std::sys::backtrace::__rust_end_short_backtrace::h4c38003a22ca226f
    9: 0x1a89816 - config_tests.wasm!__rustc[5224e6b81cd82a8f]::rust_begin_unwind
   10: 0x1a93180 - config_tests.wasm!core::panicking::panic_fmt::h4e32e8d1cab5f47e
   11: 0x1a94bd6 - config_tests.wasm!core::panicking::assert_failed_inner::hf7ede4d3870aaaec
   12: 0x1a77d16 - config_tests.wasm!core::panicking::assert_failed::h168e3f8c09ecb509
   13: 0x1a1b7e5 - config_tests.wasm!config_tests::sentencing_tests_v2::test_get_sentencing_statistics::hc32fe31d7b538b46
   14: 0x1a75448 - config_tests.wasm!spin-test-test-get-sentencing-statistics
Caused by: wasm trap: wasm `unreachable` instruction executed

---- test-get-deadline-by-id ----
test 'spin-test-test-get-deadline-by-id' failed 
Caused by: error while executing at wasm backtrace:
    0: 0x1a8ce57 - config_tests.wasm!abort
    1: 0x1a88c36 - config_tests.wasm!std::sys::pal::wasi::helpers::abort_internal::hcc3b2e0cde3c9001
    2: 0x1a87865 - config_tests.wasm!std::process::abort::h0e38511b4c8b6f04
    3: 0x1a8785b - config_tests.wasm!__rustc[5224e6b81cd82a8f]::__rust_abort
    4: 0x1a8a039 - config_tests.wasm!__rustc[5224e6b81cd82a8f]::__rust_start_panic
    5: 0x1a89eaa - config_tests.wasm!__rustc[5224e6b81cd82a8f]::rust_panic
    6: 0x1a89e2f - config_tests.wasm!std::panicking::rust_panic_with_hook::h085fb375cd657b2f
    7: 0x1a88f25 - config_tests.wasm!std::panicking::begin_panic_handler::{{closure}}::he68af7f9d5c53e56
    8: 0x1a88e91 - config_tests.wasm!std::sys::backtrace::__rust_end_short_backtrace::h4c38003a22ca226f
    9: 0x1a89816 - config_tests.wasm!__rustc[5224e6b81cd82a8f]::rust_begin_unwind
   10: 0x1a93180 - config_tests.wasm!core::panicking::panic_fmt::h4e32e8d1cab5f47e
   11: 0x1a94bd6 - config_tests.wasm!core::panicking::assert_failed_inner::hf7ede4d3870aaaec
   12: 0x1a77d16 - config_tests.wasm!core::panicking::assert_failed::h168e3f8c09ecb509
   13: 0x1a3a09f - config_tests.wasm!config_tests::deadline_tests_v2::test_get_deadline_by_id::hb228877dc70b4261
   14: 0x1a77e9c - config_tests.wasm!spin-test-test-get-deadline-by-id
Caused by: wasm trap: wasm `unreachable` instruction executed

---- test-search-docket-entries ----
test 'spin-test-test-search-docket-entries' failed 
Caused by: error while executing at wasm backtrace:
    0: 0x1a8ce57 - config_tests.wasm!abort
    1: 0x1a88c36 - config_tests.wasm!std::sys::pal::wasi::helpers::abort_internal::hcc3b2e0cde3c9001
    2: 0x1a87865 - config_tests.wasm!std::process::abort::h0e38511b4c8b6f04
    3: 0x1a8785b - config_tests.wasm!__rustc[5224e6b81cd82a8f]::__rust_abort
    4: 0x1a8a039 - config_tests.wasm!__rustc[5224e6b81cd82a8f]::__rust_start_panic
    5: 0x1a89eaa - config_tests.wasm!__rustc[5224e6b81cd82a8f]::rust_panic
    6: 0x1a89e2f - config_tests.wasm!std::panicking::rust_panic_with_hook::h085fb375cd657b2f
    7: 0x1a88f25 - config_tests.wasm!std::panicking::begin_panic_handler::{{closure}}::he68af7f9d5c53e56
    8: 0x1a88e91 - config_tests.wasm!std::sys::backtrace::__rust_end_short_backtrace::h4c38003a22ca226f
    9: 0x1a89816 - config_tests.wasm!__rustc[5224e6b81cd82a8f]::rust_begin_unwind
   10: 0x1a93180 - config_tests.wasm!core::panicking::panic_fmt::h4e32e8d1cab5f47e
   11: 0x1a94bd6 - config_tests.wasm!core::panicking::assert_failed_inner::hf7ede4d3870aaaec
   12: 0x1a77d16 - config_tests.wasm!core::panicking::assert_failed::h168e3f8c09ecb509
   13: 0x1a03a1a - config_tests.wasm!config_tests::docket_tests_v2::test_search_docket_entries::h8390fd090f387c4f
   14: 0x1a796e6 - config_tests.wasm!spin-test-test-search-docket-entries
Caused by: wasm trap: wasm `unreachable` instruction executed

---- test-get-cja-panel ----
test 'spin-test-test-get-cja-panel' failed 
Caused by: error while executing at wasm backtrace:
    0: 0x1a8ce57 - config_tests.wasm!abort
    1: 0x1a88c36 - config_tests.wasm!std::sys::pal::wasi::helpers::abort_internal::hcc3b2e0cde3c9001
    2: 0x1a87865 - config_tests.wasm!std::process::abort::h0e38511b4c8b6f04
    3: 0x1a8785b - config_tests.wasm!__rustc[5224e6b81cd82a8f]::__rust_abort
    4: 0x1a8a039 - config_tests.wasm!__rustc[5224e6b81cd82a8f]::__rust_start_panic
    5: 0x1a89eaa - config_tests.wasm!__rustc[5224e6b81cd82a8f]::rust_panic
    6: 0x1a89e2f - config_tests.wasm!std::panicking::rust_panic_with_hook::h085fb375cd657b2f
    7: 0x1a88f25 - config_tests.wasm!std::panicking::begin_panic_handler::{{closure}}::he68af7f9d5c53e56
    8: 0x1a88e91 - config_tests.wasm!std::sys::backtrace::__rust_end_short_backtrace::h4c38003a22ca226f
    9: 0x1a89816 - config_tests.wasm!__rustc[5224e6b81cd82a8f]::rust_begin_unwind
   10: 0x1a93180 - config_tests.wasm!core::panicking::panic_fmt::h4e32e8d1cab5f47e
   11: 0x1a94bd6 - config_tests.wasm!core::panicking::assert_failed_inner::hf7ede4d3870aaaec
   12: 0x1a77d16 - config_tests.wasm!core::panicking::assert_failed::h168e3f8c09ecb509
   13: 0x1a6419e - config_tests.wasm!config_tests::attorney_tests_v2::test_get_cja_panel::he5da1f1867932ab7
   14: 0x1a77f32 - config_tests.wasm!spin-test-test-get-cja-panel
Caused by: wasm trap: wasm `unreachable` instruction executed

---- test-create-from-template ----
test 'spin-test-test-create-from-template' failed 
Caused by: error while executing at wasm backtrace:
    0: 0x1a8ce57 - config_tests.wasm!abort
    1: 0x1a88c36 - config_tests.wasm!std::sys::pal::wasi::helpers::abort_internal::hcc3b2e0cde3c9001
    2: 0x1a87865 - config_tests.wasm!std::process::abort::h0e38511b4c8b6f04
    3: 0x1a8785b - config_tests.wasm!__rustc[5224e6b81cd82a8f]::__rust_abort
    4: 0x1a8a039 - config_tests.wasm!__rustc[5224e6b81cd82a8f]::__rust_start_panic
    5: 0x1a89eaa - config_tests.wasm!__rustc[5224e6b81cd82a8f]::rust_panic
    6: 0x1a89e2f - config_tests.wasm!std::panicking::rust_panic_with_hook::h085fb375cd657b2f
    7: 0x1a88f25 - config_tests.wasm!std::panicking::begin_panic_handler::{{closure}}::he68af7f9d5c53e56
    8: 0x1a88e91 - config_tests.wasm!std::sys::backtrace::__rust_end_short_backtrace::h4c38003a22ca226f
    9: 0x1a89816 - config_tests.wasm!__rustc[5224e6b81cd82a8f]::rust_begin_unwind
   10: 0x1a93180 - config_tests.wasm!core::panicking::panic_fmt::h4e32e8d1cab5f47e
   11: 0x1a94bd6 - config_tests.wasm!core::panicking::assert_failed_inner::hf7ede4d3870aaaec
   12: 0x1a77d16 - config_tests.wasm!core::panicking::assert_failed::h168e3f8c09ecb509
   13: 0x19f3978 - config_tests.wasm!config_tests::order_tests_v2::test_create_from_template::h38eb5b716a07fdd1
   14: 0x1a796f5 - config_tests.wasm!spin-test-test-create-from-template
Caused by: wasm trap: wasm `unreachable` instruction executed

---- test-get-speedy-trial-violations ----
test 'spin-test-test-get-speedy-trial-violations' failed 
Caused by: error while executing at wasm backtrace:
    0: 0x1a8ce57 - config_tests.wasm!abort
    1: 0x1a88c36 - config_tests.wasm!std::sys::pal::wasi::helpers::abort_internal::hcc3b2e0cde3c9001
    2: 0x1a87865 - config_tests.wasm!std::process::abort::h0e38511b4c8b6f04
    3: 0x1a8785b - config_tests.wasm!__rustc[5224e6b81cd82a8f]::__rust_abort
    4: 0x1a8a039 - config_tests.wasm!__rustc[5224e6b81cd82a8f]::__rust_start_panic
    5: 0x1a89eaa - config_tests.wasm!__rustc[5224e6b81cd82a8f]::rust_panic
    6: 0x1a89e2f - config_tests.wasm!std::panicking::rust_panic_with_hook::h085fb375cd657b2f
    7: 0x1a88f57 - config_tests.wasm!std::panicking::begin_panic_handler::{{closure}}::he68af7f9d5c53e56
    8: 0x1a88e91 - config_tests.wasm!std::sys::backtrace::__rust_end_short_backtrace::h4c38003a22ca226f
    9: 0x1a89816 - config_tests.wasm!__rustc[5224e6b81cd82a8f]::rust_begin_unwind
   10: 0x1a93180 - config_tests.wasm!core::panicking::panic_fmt::h4e32e8d1cab5f47e
   11: 0x1a08bb5 - config_tests.wasm!config_tests::docket_tests_v2::test_get_speedy_trial_violations::h252b6ca5c85e75b5
   12: 0x1a754c0 - config_tests.wasm!spin-test-test-get-speedy-trial-violations
Caused by: wasm trap: wasm `unreachable` instruction executed

---- test-create-deadline-missing-due-date ----
test 'spin-test-test-create-deadline-missing-due-date' failed 
Caused by: error while executing at wasm backtrace:
    0: 0x1a8ce57 - config_tests.wasm!abort
    1: 0x1a88c36 - config_tests.wasm!std::sys::pal::wasi::helpers::abort_internal::hcc3b2e0cde3c9001
    2: 0x1a87865 - config_tests.wasm!std::process::abort::h0e38511b4c8b6f04
    3: 0x1a8785b - config_tests.wasm!__rustc[5224e6b81cd82a8f]::__rust_abort
    4: 0x1a8a039 - config_tests.wasm!__rustc[5224e6b81cd82a8f]::__rust_start_panic
    5: 0x1a89eaa - config_tests.wasm!__rustc[5224e6b81cd82a8f]::rust_panic
    6: 0x1a89e2f - config_tests.wasm!std::panicking::rust_panic_with_hook::h085fb375cd657b2f
    7: 0x1a88f57 - config_tests.wasm!std::panicking::begin_panic_handler::{{closure}}::he68af7f9d5c53e56
    8: 0x1a88e91 - config_tests.wasm!std::sys::backtrace::__rust_end_short_backtrace::h4c38003a22ca226f
    9: 0x1a89816 - config_tests.wasm!__rustc[5224e6b81cd82a8f]::rust_begin_unwind
   10: 0x1a93180 - config_tests.wasm!core::panicking::panic_fmt::h4e32e8d1cab5f47e
   11: 0x1a39aca - config_tests.wasm!config_tests::deadline_tests_v2::test_create_deadline_missing_due_date::he64497f5906dd31d
   12: 0x1a76537 - config_tests.wasm!spin-test-test-create-deadline-missing-due-date
Caused by: wasm trap: wasm `unreachable` instruction executed

---- test-get-pending-sentencings ----
test 'spin-test-test-get-pending-sentencings' failed 
Caused by: error while executing at wasm backtrace:
    0: 0x1a8ce57 - config_tests.wasm!abort
    1: 0x1a88c36 - config_tests.wasm!std::sys::pal::wasi::helpers::abort_internal::hcc3b2e0cde3c9001
    2: 0x1a87865 - config_tests.wasm!std::process::abort::h0e38511b4c8b6f04
    3: 0x1a8785b - config_tests.wasm!__rustc[5224e6b81cd82a8f]::__rust_abort
    4: 0x1a8a039 - config_tests.wasm!__rustc[5224e6b81cd82a8f]::__rust_start_panic
    5: 0x1a89eaa - config_tests.wasm!__rustc[5224e6b81cd82a8f]::rust_panic
    6: 0x1a89e2f - config_tests.wasm!std::panicking::rust_panic_with_hook::h085fb375cd657b2f
    7: 0x1a88f25 - config_tests.wasm!std::panicking::begin_panic_handler::{{closure}}::he68af7f9d5c53e56
    8: 0x1a88e91 - config_tests.wasm!std::sys::backtrace::__rust_end_short_backtrace::h4c38003a22ca226f
    9: 0x1a89816 - config_tests.wasm!__rustc[5224e6b81cd82a8f]::rust_begin_unwind
   10: 0x1a93180 - config_tests.wasm!core::panicking::panic_fmt::h4e32e8d1cab5f47e
   11: 0x1a94bd6 - config_tests.wasm!core::panicking::assert_failed_inner::hf7ede4d3870aaaec
   12: 0x1a77d16 - config_tests.wasm!core::panicking::assert_failed::h168e3f8c09ecb509
   13: 0x1a16c7d - config_tests.wasm!config_tests::sentencing_tests_v2::test_get_pending_sentencings::hb4a04170fd205608
   14: 0x1a7965f - config_tests.wasm!spin-test-test-get-pending-sentencings
Caused by: wasm trap: wasm `unreachable` instruction executed

---- test-request-extension ----
test 'spin-test-test-request-extension' failed 
Caused by: error while executing at wasm backtrace:
    0: 0x1a8ce57 - config_tests.wasm!abort
    1: 0x1a88c36 - config_tests.wasm!std::sys::pal::wasi::helpers::abort_internal::hcc3b2e0cde3c9001
    2: 0x1a87865 - config_tests.wasm!std::process::abort::h0e38511b4c8b6f04
    3: 0x1a8785b - config_tests.wasm!__rustc[5224e6b81cd82a8f]::__rust_abort
    4: 0x1a8a039 - config_tests.wasm!__rustc[5224e6b81cd82a8f]::__rust_start_panic
    5: 0x1a89eaa - config_tests.wasm!__rustc[5224e6b81cd82a8f]::rust_panic
    6: 0x1a89e2f - config_tests.wasm!std::panicking::rust_panic_with_hook::h085fb375cd657b2f
    7: 0x1a88f25 - config_tests.wasm!std::panicking::begin_panic_handler::{{closure}}::he68af7f9d5c53e56
    8: 0x1a88e91 - config_tests.wasm!std::sys::backtrace::__rust_end_short_backtrace::h4c38003a22ca226f
    9: 0x1a89816 - config_tests.wasm!__rustc[5224e6b81cd82a8f]::rust_begin_unwind
   10: 0x1a93180 - config_tests.wasm!core::panicking::panic_fmt::h4e32e8d1cab5f47e
   11: 0x1a3cbd4 - config_tests.wasm!config_tests::deadline_tests_v2::test_request_extension::hd5a4da41d4e01f98
   12: 0x1a7966e - config_tests.wasm!spin-test-test-request-extension
Caused by: wasm trap: wasm `unreachable` instruction executed

---- test-calculate-guidelines-invalid-history ----
test 'spin-test-test-calculate-guidelines-invalid-history' failed 
Caused by: error while executing at wasm backtrace:
    0: 0x1a8ce57 - config_tests.wasm!abort
    1: 0x1a88c36 - config_tests.wasm!std::sys::pal::wasi::helpers::abort_internal::hcc3b2e0cde3c9001
    2: 0x1a87865 - config_tests.wasm!std::process::abort::h0e38511b4c8b6f04
    3: 0x1a8785b - config_tests.wasm!__rustc[5224e6b81cd82a8f]::__rust_abort
    4: 0x1a8a039 - config_tests.wasm!__rustc[5224e6b81cd82a8f]::__rust_start_panic
    5: 0x1a89eaa - config_tests.wasm!__rustc[5224e6b81cd82a8f]::rust_panic
    6: 0x1a89e2f - config_tests.wasm!std::panicking::rust_panic_with_hook::h085fb375cd657b2f
    7: 0x1a88f25 - config_tests.wasm!std::panicking::begin_panic_handler::{{closure}}::he68af7f9d5c53e56
    8: 0x1a88e91 - config_tests.wasm!std::sys::backtrace::__rust_end_short_backtrace::h4c38003a22ca226f
    9: 0x1a89816 - config_tests.wasm!__rustc[5224e6b81cd82a8f]::rust_begin_unwind
   10: 0x1a93180 - config_tests.wasm!core::panicking::panic_fmt::h4e32e8d1cab5f47e
   11: 0x1a94bd6 - config_tests.wasm!core::panicking::assert_failed_inner::hf7ede4d3870aaaec
   12: 0x1a77d16 - config_tests.wasm!core::panicking::assert_failed::h168e3f8c09ecb509
   13: 0x1a21eda - config_tests.wasm!config_tests::sentencing_tests_v2::test_calculate_guidelines_invalid_history::h823b91a66b925f0f
   14: 0x1a764ec - config_tests.wasm!spin-test-test-calculate-guidelines-invalid-history
Caused by: wasm trap: wasm `unreachable` instruction executed

---- test-url-based-routing ----
test 'spin-test-test-url-based-routing' failed 
Caused by: error while executing at wasm backtrace:
    0: 0x2850d4 - spin_test_virt.wasm!__rust_start_panic
    1: 0x284eb0 - spin_test_virt.wasm!rust_panic
    2: 0x284c66 - spin_test_virt.wasm!std::panicking::rust_panic_with_hook::h50e657195af0239c
    3: 0x284137 - spin_test_virt.wasm!std::panicking::begin_panic_handler::{{closure}}::h0187e6969a85aab0
    4: 0x284067 - spin_test_virt.wasm!std::sys_common::backtrace::__rust_end_short_backtrace::h575fb82445d56667
    5: 0x2847fe - spin_test_virt.wasm!rust_begin_unwind
    6: 0x29768f - spin_test_virt.wasm!core::panicking::panic_fmt::ha6764f2272b7fb95
    7: 0x298da7 - spin_test_virt.wasm!core::panicking::panic::h864593189f35325f
    8: 0x41b0f - spin_test_virt.wasm!<spin_test_virt::wasi::http::Fields as spin_test_virt::bindings::exports::wasi::http::types::GuestFields>::set::habf51fbb9be39bbf
    9: 0x9e139 - spin_test_virt.wasm!spin_test_virt::bindings::exports::wasi::http::types::_export_method_fields_set_cabi::h5abb92c0326716a9
   10: 0x86ca3 - spin_test_virt.wasm!wasi:http/types@0.2.0#[method]fields.set
   11:  0xf56 - <unknown>!<wasm function 66>
   12: 0x18db703 - wit-component:shim!indirect-wasi:http/types@0.2.0-[method]fields.set
   13: 0xc8fd85 - spin_utopia.wasm!spin_sdk::wit::wasi::http0_2_0::types::Fields::set::he886307fa344c000
   14: 0xbd0bfc - spin_utopia.wasm!spin_utopia::handlers::opinion_url::add_district_header::he19a54280b743209
   15: 0xbd1096 - spin_utopia.wasm!spin_utopia::handlers::judge_url::get_all_judges::h71c1b48997ddaeb9
   16: 0x48ad39 - spin_utopia.wasm!<F as spin_sdk::http::router::Handler>::handle::{{closure}}::hafe561f05a2bc265
   17: 0xc985d3 - spin_utopia.wasm!<alloc::boxed::Box<dyn spin_sdk::http::router::Handler> as spin_sdk::http::router::Handler>::handle::{{closure}}::h1b6255c66b0e82da
   18: 0x4eee85 - spin_utopia.wasm!spin_executor::run::h5e53f2e63611faf5
   19: 0x4ee766 - spin_utopia.wasm!spin_utopia::handle_spin_todo_api::{{closure}}::haaee0c45a36a0cd2
   20: 0x4eaef0 - spin_utopia.wasm!spin_executor::run::h5543f9eff02f4bcf
   21: 0xbabe6f - spin_utopia.wasm!wasi:http/incoming-handler@0.2.0#handle
   22: 0x5795 - <unknown>!<wasm function 104>
   23: 0x19310dc - router.wasm!<router::Component as router::bindings::exports::wasi::http::incoming_handler::Guest>::handle::ha50de62a29cb8b3e
   24: 0x19319e0 - router.wasm!wasi:http/incoming-handler@0.2.0#handle
   25: 0x20c0 - <unknown>!<wasm function 55>
   26: 0x1a85e39 - config_tests.wasm!spin_test_sdk::perform_request::h8724e91b3678e35f
   27: 0x1a58576 - config_tests.wasm!config_tests::judge_tests_proper::test_url_based_routing::h4dcb10f706f8d3f6
   28: 0x1a769df - config_tests.wasm!spin-test-test-url-based-routing
Caused by: wasm trap: wasm `unreachable` instruction executed

---- test-list-opinions ----
test 'spin-test-test-list-opinions' failed 
Caused by: error while executing at wasm backtrace:
    0: 0x1a8ce57 - config_tests.wasm!abort
    1: 0x1a88c36 - config_tests.wasm!std::sys::pal::wasi::helpers::abort_internal::hcc3b2e0cde3c9001
    2: 0x1a87865 - config_tests.wasm!std::process::abort::h0e38511b4c8b6f04
    3: 0x1a8785b - config_tests.wasm!__rustc[5224e6b81cd82a8f]::__rust_abort
    4: 0x1a8a039 - config_tests.wasm!__rustc[5224e6b81cd82a8f]::__rust_start_panic
    5: 0x1a89eaa - config_tests.wasm!__rustc[5224e6b81cd82a8f]::rust_panic
    6: 0x1a89e2f - config_tests.wasm!std::panicking::rust_panic_with_hook::h085fb375cd657b2f
    7: 0x1a88f57 - config_tests.wasm!std::panicking::begin_panic_handler::{{closure}}::he68af7f9d5c53e56
    8: 0x1a88e91 - config_tests.wasm!std::sys::backtrace::__rust_end_short_backtrace::h4c38003a22ca226f
    9: 0x1a89816 - config_tests.wasm!__rustc[5224e6b81cd82a8f]::rust_begin_unwind
   10: 0x1a93180 - config_tests.wasm!core::panicking::panic_fmt::h4e32e8d1cab5f47e
   11: 0x1a2a728 - config_tests.wasm!config_tests::opinion_tests_v2::test_list_opinions::h7930c533368d0288
   12: 0x1a76609 - config_tests.wasm!spin-test-test-list-opinions
Caused by: wasm trap: wasm `unreachable` instruction executed

---- test-create-attorney-success ----
test 'spin-test-test-create-attorney-success' failed 
Caused by: error while executing at wasm backtrace:
    0: 0x1a8ce57 - config_tests.wasm!abort
    1: 0x1a88c36 - config_tests.wasm!std::sys::pal::wasi::helpers::abort_internal::hcc3b2e0cde3c9001
    2: 0x1a87865 - config_tests.wasm!std::process::abort::h0e38511b4c8b6f04
    3: 0x1a8785b - config_tests.wasm!__rustc[5224e6b81cd82a8f]::__rust_abort
    4: 0x1a8a039 - config_tests.wasm!__rustc[5224e6b81cd82a8f]::__rust_start_panic
    5: 0x1a89eaa - config_tests.wasm!__rustc[5224e6b81cd82a8f]::rust_panic
    6: 0x1a89e2f - config_tests.wasm!std::panicking::rust_panic_with_hook::h085fb375cd657b2f
    7: 0x1a88f25 - config_tests.wasm!std::panicking::begin_panic_handler::{{closure}}::he68af7f9d5c53e56
    8: 0x1a88e91 - config_tests.wasm!std::sys::backtrace::__rust_end_short_backtrace::h4c38003a22ca226f
    9: 0x1a89816 - config_tests.wasm!__rustc[5224e6b81cd82a8f]::rust_begin_unwind
   10: 0x1a93180 - config_tests.wasm!core::panicking::panic_fmt::h4e32e8d1cab5f47e
   11: 0x1a612ce - config_tests.wasm!config_tests::attorney_tests_v2::test_create_attorney_success::hc4f2b90cf9966e58
   12: 0x1a77f6e - config_tests.wasm!spin-test-test-create-attorney-success
Caused by: wasm trap: wasm `unreachable` instruction executed

---- test-create-order-missing-case-id ----
test 'spin-test-test-create-order-missing-case-id' failed 
Caused by: error while executing at wasm backtrace:
    0: 0x1a8ce57 - config_tests.wasm!abort
    1: 0x1a88c36 - config_tests.wasm!std::sys::pal::wasi::helpers::abort_internal::hcc3b2e0cde3c9001
    2: 0x1a87865 - config_tests.wasm!std::process::abort::h0e38511b4c8b6f04
    3: 0x1a8785b - config_tests.wasm!__rustc[5224e6b81cd82a8f]::__rust_abort
    4: 0x1a8a039 - config_tests.wasm!__rustc[5224e6b81cd82a8f]::__rust_start_panic
    5: 0x1a89eaa - config_tests.wasm!__rustc[5224e6b81cd82a8f]::rust_panic
    6: 0x1a89e2f - config_tests.wasm!std::panicking::rust_panic_with_hook::h085fb375cd657b2f
    7: 0x1a88f57 - config_tests.wasm!std::panicking::begin_panic_handler::{{closure}}::he68af7f9d5c53e56
    8: 0x1a88e91 - config_tests.wasm!std::sys::backtrace::__rust_end_short_backtrace::h4c38003a22ca226f
    9: 0x1a89816 - config_tests.wasm!__rustc[5224e6b81cd82a8f]::rust_begin_unwind
   10: 0x1a93180 - config_tests.wasm!core::panicking::panic_fmt::h4e32e8d1cab5f47e
   11: 0x19ecece - config_tests.wasm!config_tests::order_tests_v2::test_create_order_missing_case_id::h7139b40841045278
   12: 0x1a76958 - config_tests.wasm!spin-test-test-create-order-missing-case-id
Caused by: wasm trap: wasm `unreachable` instruction executed

---- test-request-extension-invalid-days ----
test 'spin-test-test-request-extension-invalid-days' failed 
Caused by: error while executing at wasm backtrace:
    0: 0x1a8ce57 - config_tests.wasm!abort
    1: 0x1a88c36 - config_tests.wasm!std::sys::pal::wasi::helpers::abort_internal::hcc3b2e0cde3c9001
    2: 0x1a87865 - config_tests.wasm!std::process::abort::h0e38511b4c8b6f04
    3: 0x1a8785b - config_tests.wasm!__rustc[5224e6b81cd82a8f]::__rust_abort
    4: 0x1a8a039 - config_tests.wasm!__rustc[5224e6b81cd82a8f]::__rust_start_panic
    5: 0x1a89eaa - config_tests.wasm!__rustc[5224e6b81cd82a8f]::rust_panic
    6: 0x1a89e2f - config_tests.wasm!std::panicking::rust_panic_with_hook::h085fb375cd657b2f
    7: 0x1a88f57 - config_tests.wasm!std::panicking::begin_panic_handler::{{closure}}::he68af7f9d5c53e56
    8: 0x1a88e91 - config_tests.wasm!std::sys::backtrace::__rust_end_short_backtrace::h4c38003a22ca226f
    9: 0x1a89816 - config_tests.wasm!__rustc[5224e6b81cd82a8f]::rust_begin_unwind
   10: 0x1a93180 - config_tests.wasm!core::panicking::panic_fmt::h4e32e8d1cab5f47e
   11: 0x1a443fd - config_tests.wasm!config_tests::deadline_tests_v2::test_request_extension_invalid_days::h515797573172b97a
   12: 0x1a77e7e - config_tests.wasm!spin-test-test-request-extension-invalid-days
Caused by: wasm trap: wasm `unreachable` instruction executed

---- test-get-opinions-by-judge ----
test 'spin-test-test-get-opinions-by-judge' failed 
Caused by: error while executing at wasm backtrace:
    0: 0x1a8ce57 - config_tests.wasm!abort
    1: 0x1a88c36 - config_tests.wasm!std::sys::pal::wasi::helpers::abort_internal::hcc3b2e0cde3c9001
    2: 0x1a87865 - config_tests.wasm!std::process::abort::h0e38511b4c8b6f04
    3: 0x1a8785b - config_tests.wasm!__rustc[5224e6b81cd82a8f]::__rust_abort
    4: 0x1a8a039 - config_tests.wasm!__rustc[5224e6b81cd82a8f]::__rust_start_panic
    5: 0x1a89eaa - config_tests.wasm!__rustc[5224e6b81cd82a8f]::rust_panic
    6: 0x1a89e2f - config_tests.wasm!std::panicking::rust_panic_with_hook::h085fb375cd657b2f
    7: 0x1a88f57 - config_tests.wasm!std::panicking::begin_panic_handler::{{closure}}::he68af7f9d5c53e56
    8: 0x1a88e91 - config_tests.wasm!std::sys::backtrace::__rust_end_short_backtrace::h4c38003a22ca226f
    9: 0x1a89816 - config_tests.wasm!__rustc[5224e6b81cd82a8f]::rust_begin_unwind
   10: 0x1a93180 - config_tests.wasm!core::panicking::panic_fmt::h4e32e8d1cab5f47e
   11: 0x1a2af0b - config_tests.wasm!config_tests::opinion_tests_v2::test_get_opinions_by_judge::h5da91f315a29d26f
   12: 0x1a765fa - config_tests.wasm!spin-test-test-get-opinions-by-judge
Caused by: wasm trap: wasm `unreachable` instruction executed

---- test-update-opinion ----
test 'spin-test-test-update-opinion' failed 
Caused by: error while executing at wasm backtrace:
    0: 0x1a8ce57 - config_tests.wasm!abort
    1: 0x1a88c36 - config_tests.wasm!std::sys::pal::wasi::helpers::abort_internal::hcc3b2e0cde3c9001
    2: 0x1a87865 - config_tests.wasm!std::process::abort::h0e38511b4c8b6f04
    3: 0x1a8785b - config_tests.wasm!__rustc[5224e6b81cd82a8f]::__rust_abort
    4: 0x1a8a039 - config_tests.wasm!__rustc[5224e6b81cd82a8f]::__rust_start_panic
    5: 0x1a89eaa - config_tests.wasm!__rustc[5224e6b81cd82a8f]::rust_panic
    6: 0x1a89e2f - config_tests.wasm!std::panicking::rust_panic_with_hook::h085fb375cd657b2f
    7: 0x1a88f25 - config_tests.wasm!std::panicking::begin_panic_handler::{{closure}}::he68af7f9d5c53e56
    8: 0x1a88e91 - config_tests.wasm!std::sys::backtrace::__rust_end_short_backtrace::h4c38003a22ca226f
    9: 0x1a89816 - config_tests.wasm!__rustc[5224e6b81cd82a8f]::rust_begin_unwind
   10: 0x1a93180 - config_tests.wasm!core::panicking::panic_fmt::h4e32e8d1cab5f47e
   11: 0x1a94bd6 - config_tests.wasm!core::panicking::assert_failed_inner::hf7ede4d3870aaaec
   12: 0x1a77d16 - config_tests.wasm!core::panicking::assert_failed::h168e3f8c09ecb509
   13: 0x1a2b869 - config_tests.wasm!config_tests::opinion_tests_v2::test_update_opinion::hafe71f3f0ffd2728
   14: 0x1a77f05 - config_tests.wasm!spin-test-test-update-opinion
Caused by: wasm trap: wasm `unreachable` instruction executed

---- test-create-opinion-success ----
test 'spin-test-test-create-opinion-success' failed 
Caused by: error while executing at wasm backtrace:
    0: 0x1a8ce57 - config_tests.wasm!abort
    1: 0x1a88c36 - config_tests.wasm!std::sys::pal::wasi::helpers::abort_internal::hcc3b2e0cde3c9001
    2: 0x1a87865 - config_tests.wasm!std::process::abort::h0e38511b4c8b6f04
    3: 0x1a8785b - config_tests.wasm!__rustc[5224e6b81cd82a8f]::__rust_abort
    4: 0x1a8a039 - config_tests.wasm!__rustc[5224e6b81cd82a8f]::__rust_start_panic
    5: 0x1a89eaa - config_tests.wasm!__rustc[5224e6b81cd82a8f]::rust_panic
    6: 0x1a89e2f - config_tests.wasm!std::panicking::rust_panic_with_hook::h085fb375cd657b2f
    7: 0x1a88f25 - config_tests.wasm!std::panicking::begin_panic_handler::{{closure}}::he68af7f9d5c53e56
    8: 0x1a88e91 - config_tests.wasm!std::sys::backtrace::__rust_end_short_backtrace::h4c38003a22ca226f
    9: 0x1a89816 - config_tests.wasm!__rustc[5224e6b81cd82a8f]::rust_begin_unwind
   10: 0x1a93180 - config_tests.wasm!core::panicking::panic_fmt::h4e32e8d1cab5f47e
   11: 0x1a27390 - config_tests.wasm!config_tests::opinion_tests_v2::test_create_opinion_success::h55e1d697ab7c1eeb
   12: 0x1a769a3 - config_tests.wasm!spin-test-test-create-opinion-success
Caused by: wasm trap: wasm `unreachable` instruction executed

---- test-district-isolation-with-headers ----
test 'spin-test-test-district-isolation-with-headers' failed 
Caused by: error while executing at wasm backtrace:
    0: 0x1a8ce57 - config_tests.wasm!abort
    1: 0x1a88c36 - config_tests.wasm!std::sys::pal::wasi::helpers::abort_internal::hcc3b2e0cde3c9001
    2: 0x1a87865 - config_tests.wasm!std::process::abort::h0e38511b4c8b6f04
    3: 0x1a8785b - config_tests.wasm!__rustc[5224e6b81cd82a8f]::__rust_abort
    4: 0x1a8a039 - config_tests.wasm!__rustc[5224e6b81cd82a8f]::__rust_start_panic
    5: 0x1a89eaa - config_tests.wasm!__rustc[5224e6b81cd82a8f]::rust_panic
    6: 0x1a89e2f - config_tests.wasm!std::panicking::rust_panic_with_hook::h085fb375cd657b2f
    7: 0x1a88f57 - config_tests.wasm!std::panicking::begin_panic_handler::{{closure}}::he68af7f9d5c53e56
    8: 0x1a88e91 - config_tests.wasm!std::sys::backtrace::__rust_end_short_backtrace::h4c38003a22ca226f
    9: 0x1a89816 - config_tests.wasm!__rustc[5224e6b81cd82a8f]::rust_begin_unwind
   10: 0x1a93180 - config_tests.wasm!core::panicking::panic_fmt::h4e32e8d1cab5f47e
   11: 0x1a8e84b - config_tests.wasm!core::panicking::panic::h42b72918664c199b
   12: 0x1a6e2c5 - config_tests.wasm!config_tests::header_routing_tests::test_district_isolation_with_headers::h1c8e05fdf6e8a44c
   13: 0x1a76a0c - config_tests.wasm!spin-test-test-district-isolation-with-headers
Caused by: wasm trap: wasm `unreachable` instruction executed

---- test-judge-conflict-management ----
test 'spin-test-test-judge-conflict-management' failed 
Caused by: error while executing at wasm backtrace:
    0: 0x1a8ce57 - config_tests.wasm!abort
    1: 0x1a88c36 - config_tests.wasm!std::sys::pal::wasi::helpers::abort_internal::hcc3b2e0cde3c9001
    2: 0x1a87865 - config_tests.wasm!std::process::abort::h0e38511b4c8b6f04
    3: 0x1a8785b - config_tests.wasm!__rustc[5224e6b81cd82a8f]::__rust_abort
    4: 0x1a8a039 - config_tests.wasm!__rustc[5224e6b81cd82a8f]::__rust_start_panic
    5: 0x1a89eaa - config_tests.wasm!__rustc[5224e6b81cd82a8f]::rust_panic
    6: 0x1a89e2f - config_tests.wasm!std::panicking::rust_panic_with_hook::h085fb375cd657b2f
    7: 0x1a88f25 - config_tests.wasm!std::panicking::begin_panic_handler::{{closure}}::he68af7f9d5c53e56
    8: 0x1a88e91 - config_tests.wasm!std::sys::backtrace::__rust_end_short_backtrace::h4c38003a22ca226f
    9: 0x1a89816 - config_tests.wasm!__rustc[5224e6b81cd82a8f]::rust_begin_unwind
   10: 0x1a93180 - config_tests.wasm!core::panicking::panic_fmt::h4e32e8d1cab5f47e
   11: 0x1a94bd6 - config_tests.wasm!core::panicking::assert_failed_inner::hf7ede4d3870aaaec
   12: 0x1a77d16 - config_tests.wasm!core::panicking::assert_failed::h168e3f8c09ecb509
   13: 0x1a59798 - config_tests.wasm!config_tests::judge_tests_proper::test_judge_conflict_management::hbba652344552b0c8
   14: 0x1a77f8c - config_tests.wasm!spin-test-test-judge-conflict-management
Caused by: wasm trap: wasm `unreachable` instruction executed

---- test-sign-order ----
test 'spin-test-test-sign-order' failed 
Caused by: error while executing at wasm backtrace:
    0: 0x1a8ce57 - config_tests.wasm!abort
    1: 0x1a88c36 - config_tests.wasm!std::sys::pal::wasi::helpers::abort_internal::hcc3b2e0cde3c9001
    2: 0x1a87865 - config_tests.wasm!std::process::abort::h0e38511b4c8b6f04
    3: 0x1a8785b - config_tests.wasm!__rustc[5224e6b81cd82a8f]::__rust_abort
    4: 0x1a8a039 - config_tests.wasm!__rustc[5224e6b81cd82a8f]::__rust_start_panic
    5: 0x1a89eaa - config_tests.wasm!__rustc[5224e6b81cd82a8f]::rust_panic
    6: 0x1a89e2f - config_tests.wasm!std::panicking::rust_panic_with_hook::h085fb375cd657b2f
    7: 0x1a88f25 - config_tests.wasm!std::panicking::begin_panic_handler::{{closure}}::he68af7f9d5c53e56
    8: 0x1a88e91 - config_tests.wasm!std::sys::backtrace::__rust_end_short_backtrace::h4c38003a22ca226f
    9: 0x1a89816 - config_tests.wasm!__rustc[5224e6b81cd82a8f]::rust_begin_unwind
   10: 0x1a93180 - config_tests.wasm!core::panicking::panic_fmt::h4e32e8d1cab5f47e
   11: 0x1a94bd6 - config_tests.wasm!core::panicking::assert_failed_inner::hf7ede4d3870aaaec
   12: 0x1a77d16 - config_tests.wasm!core::panicking::assert_failed::h168e3f8c09ecb509
   13: 0x19f06dd - config_tests.wasm!config_tests::order_tests_v2::test_sign_order::h0bdc8990c8f7d786
   14: 0x1a7693a - config_tests.wasm!spin-test-test-sign-order
Caused by: wasm trap: wasm `unreachable` instruction executed

---- test-update-case-status ----
test 'spin-test-test-update-case-status' failed 
Caused by: error while executing at wasm backtrace:
    0: 0x1a8ce57 - config_tests.wasm!abort
    1: 0x1a88c36 - config_tests.wasm!std::sys::pal::wasi::helpers::abort_internal::hcc3b2e0cde3c9001
    2: 0x1a87865 - config_tests.wasm!std::process::abort::h0e38511b4c8b6f04
    3: 0x1a8785b - config_tests.wasm!__rustc[5224e6b81cd82a8f]::__rust_abort
    4: 0x1a8a039 - config_tests.wasm!__rustc[5224e6b81cd82a8f]::__rust_start_panic
    5: 0x1a89eaa - config_tests.wasm!__rustc[5224e6b81cd82a8f]::rust_panic
    6: 0x1a89e2f - config_tests.wasm!std::panicking::rust_panic_with_hook::h085fb375cd657b2f
    7: 0x1a88f25 - config_tests.wasm!std::panicking::begin_panic_handler::{{closure}}::he68af7f9d5c53e56
    8: 0x1a88e91 - config_tests.wasm!std::sys::backtrace::__rust_end_short_backtrace::h4c38003a22ca226f
    9: 0x1a89816 - config_tests.wasm!__rustc[5224e6b81cd82a8f]::rust_begin_unwind
   10: 0x1a93180 - config_tests.wasm!core::panicking::panic_fmt::h4e32e8d1cab5f47e
   11: 0x1a94bd6 - config_tests.wasm!core::panicking::assert_failed_inner::hf7ede4d3870aaaec
   12: 0x1a77d16 - config_tests.wasm!core::panicking::assert_failed::h168e3f8c09ecb509
   13: 0x1a4b3a7 - config_tests.wasm!config_tests::criminal_case_tests_v2::test_update_case_status::h8b129c753133193f
   14: 0x1a76a39 - config_tests.wasm!spin-test-test-update-case-status
Caused by: wasm trap: wasm `unreachable` instruction executed

---- test-create-order-invalid-type ----
test 'spin-test-test-create-order-invalid-type' failed 
Caused by: error while executing at wasm backtrace:
    0: 0x1a8ce57 - config_tests.wasm!abort
    1: 0x1a88c36 - config_tests.wasm!std::sys::pal::wasi::helpers::abort_internal::hcc3b2e0cde3c9001
    2: 0x1a87865 - config_tests.wasm!std::process::abort::h0e38511b4c8b6f04
    3: 0x1a8785b - config_tests.wasm!__rustc[5224e6b81cd82a8f]::__rust_abort
    4: 0x1a8a039 - config_tests.wasm!__rustc[5224e6b81cd82a8f]::__rust_start_panic
    5: 0x1a89eaa - config_tests.wasm!__rustc[5224e6b81cd82a8f]::rust_panic
    6: 0x1a89e2f - config_tests.wasm!std::panicking::rust_panic_with_hook::h085fb375cd657b2f
    7: 0x1a88f57 - config_tests.wasm!std::panicking::begin_panic_handler::{{closure}}::he68af7f9d5c53e56
    8: 0x1a88e91 - config_tests.wasm!std::sys::backtrace::__rust_end_short_backtrace::h4c38003a22ca226f
    9: 0x1a89816 - config_tests.wasm!__rustc[5224e6b81cd82a8f]::rust_begin_unwind
   10: 0x1a93180 - config_tests.wasm!core::panicking::panic_fmt::h4e32e8d1cab5f47e
   11: 0x19fb407 - config_tests.wasm!config_tests::order_tests_v2::test_create_order_invalid_type::h17a39be2bcee7150
   12: 0x1a7691c - config_tests.wasm!spin-test-test-create-order-invalid-type
Caused by: wasm trap: wasm `unreachable` instruction executed

---- test-get-filing-statistics ----
test 'spin-test-test-get-filing-statistics' failed 
Caused by: error while executing at wasm backtrace:
    0: 0x1a8ce57 - config_tests.wasm!abort
    1: 0x1a88c36 - config_tests.wasm!std::sys::pal::wasi::helpers::abort_internal::hcc3b2e0cde3c9001
    2: 0x1a87865 - config_tests.wasm!std::process::abort::h0e38511b4c8b6f04
    3: 0x1a8785b - config_tests.wasm!__rustc[5224e6b81cd82a8f]::__rust_abort
    4: 0x1a8a039 - config_tests.wasm!__rustc[5224e6b81cd82a8f]::__rust_start_panic
    5: 0x1a89eaa - config_tests.wasm!__rustc[5224e6b81cd82a8f]::rust_panic
    6: 0x1a89e2f - config_tests.wasm!std::panicking::rust_panic_with_hook::h085fb375cd657b2f
    7: 0x1a88f25 - config_tests.wasm!std::panicking::begin_panic_handler::{{closure}}::he68af7f9d5c53e56
    8: 0x1a88e91 - config_tests.wasm!std::sys::backtrace::__rust_end_short_backtrace::h4c38003a22ca226f
    9: 0x1a89816 - config_tests.wasm!__rustc[5224e6b81cd82a8f]::rust_begin_unwind
   10: 0x1a93180 - config_tests.wasm!core::panicking::panic_fmt::h4e32e8d1cab5f47e
   11: 0x1a94bd6 - config_tests.wasm!core::panicking::assert_failed_inner::hf7ede4d3870aaaec
   12: 0x1a77d16 - config_tests.wasm!core::panicking::assert_failed::h168e3f8c09ecb509
   13: 0x1a09dc5 - config_tests.wasm!config_tests::docket_tests_v2::test_get_filing_statistics::hec2a98ab70613988
   14: 0x1a76546 - config_tests.wasm!spin-test-test-get-filing-statistics
Caused by: wasm trap: wasm `unreachable` instruction executed

---- test-get-order-templates ----
test 'spin-test-test-get-order-templates' failed 
Caused by: error while executing at wasm backtrace:
    0: 0x1a8ce57 - config_tests.wasm!abort
    1: 0x1a88c36 - config_tests.wasm!std::sys::pal::wasi::helpers::abort_internal::hcc3b2e0cde3c9001
    2: 0x1a87865 - config_tests.wasm!std::process::abort::h0e38511b4c8b6f04
    3: 0x1a8785b - config_tests.wasm!__rustc[5224e6b81cd82a8f]::__rust_abort
    4: 0x1a8a039 - config_tests.wasm!__rustc[5224e6b81cd82a8f]::__rust_start_panic
    5: 0x1a89eaa - config_tests.wasm!__rustc[5224e6b81cd82a8f]::rust_panic
    6: 0x1a89e2f - config_tests.wasm!std::panicking::rust_panic_with_hook::h085fb375cd657b2f
    7: 0x1a88f57 - config_tests.wasm!std::panicking::begin_panic_handler::{{closure}}::he68af7f9d5c53e56
    8: 0x1a88e91 - config_tests.wasm!std::sys::backtrace::__rust_end_short_backtrace::h4c38003a22ca226f
    9: 0x1a89816 - config_tests.wasm!__rustc[5224e6b81cd82a8f]::rust_begin_unwind
   10: 0x1a93180 - config_tests.wasm!core::panicking::panic_fmt::h4e32e8d1cab5f47e
   11: 0x19f52c9 - config_tests.wasm!config_tests::order_tests_v2::test_get_order_templates::hbd2d23af7a751661
   12: 0x1a77ec9 - config_tests.wasm!spin-test-test-get-order-templates
Caused by: wasm trap: wasm `unreachable` instruction executed

---- test-issue-order ----
test 'spin-test-test-issue-order' failed 
Caused by: error while executing at wasm backtrace:
    0: 0x1a8ce57 - config_tests.wasm!abort
    1: 0x1a88c36 - config_tests.wasm!std::sys::pal::wasi::helpers::abort_internal::hcc3b2e0cde3c9001
    2: 0x1a87865 - config_tests.wasm!std::process::abort::h0e38511b4c8b6f04
    3: 0x1a8785b - config_tests.wasm!__rustc[5224e6b81cd82a8f]::__rust_abort
    4: 0x1a8a039 - config_tests.wasm!__rustc[5224e6b81cd82a8f]::__rust_start_panic
    5: 0x1a89eaa - config_tests.wasm!__rustc[5224e6b81cd82a8f]::rust_panic
    6: 0x1a89e2f - config_tests.wasm!std::panicking::rust_panic_with_hook::h085fb375cd657b2f
    7: 0x1a88f25 - config_tests.wasm!std::panicking::begin_panic_handler::{{closure}}::he68af7f9d5c53e56
    8: 0x1a88e91 - config_tests.wasm!std::sys::backtrace::__rust_end_short_backtrace::h4c38003a22ca226f
    9: 0x1a89816 - config_tests.wasm!__rustc[5224e6b81cd82a8f]::rust_begin_unwind
   10: 0x1a93180 - config_tests.wasm!core::panicking::panic_fmt::h4e32e8d1cab5f47e
   11: 0x1a94bd6 - config_tests.wasm!core::panicking::assert_failed_inner::hf7ede4d3870aaaec
   12: 0x1a77d16 - config_tests.wasm!core::panicking::assert_failed::h168e3f8c09ecb509
   13: 0x19f0ec0 - config_tests.wasm!config_tests::order_tests_v2::test_issue_order::hee554bb812c997df
   14: 0x1a7551a - config_tests.wasm!spin-test-test-issue-order
Caused by: wasm trap: wasm `unreachable` instruction executed

---- test-judges-requires-district-header ----
test 'spin-test-test-judges-requires-district-header' failed 
Caused by: error while executing at wasm backtrace:
    0: 0xcc3337 - spin_utopia.wasm!abort
    1: 0xcb7c40 - spin_utopia.wasm!std::sys::pal::wasi::helpers::abort_internal::hcc3b2e0cde3c9001
    2: 0xcb31d1 - spin_utopia.wasm!std::process::abort::h0e38511b4c8b6f04
    3: 0xcb31c7 - spin_utopia.wasm!__rustc[5224e6b81cd82a8f]::__rust_abort
    4: 0xcb9697 - spin_utopia.wasm!__rustc[5224e6b81cd82a8f]::__rust_start_panic
    5: 0xcb9299 - spin_utopia.wasm!__rustc[5224e6b81cd82a8f]::rust_panic
    6: 0xcb9160 - spin_utopia.wasm!std::panicking::rust_panic_with_hook::h085fb375cd657b2f
    7: 0xcb80f5 - spin_utopia.wasm!std::panicking::begin_panic_handler::{{closure}}::he68af7f9d5c53e56
    8: 0xcb8061 - spin_utopia.wasm!std::sys::backtrace::__rust_end_short_backtrace::h4c38003a22ca226f
    9: 0xcb8b47 - spin_utopia.wasm!__rustc[5224e6b81cd82a8f]::rust_begin_unwind
   10: 0xcccb36 - spin_utopia.wasm!core::panicking::panic_fmt::h4e32e8d1cab5f47e
   11: 0xcce756 - spin_utopia.wasm!core::result::unwrap_failed::heb00d4d50e638a08
   12: 0x6b92ca - spin_utopia.wasm!spin_utopia::adapters::spin_kv_judge_repository::SpinKvJudgeRepository::with_store::hc21c782599f37ad7
   13: 0x7f3f2c - spin_utopia.wasm!spin_utopia::handlers::judge::get_all_judges::hb285393c3fe950f4
   14: 0x4821bb - spin_utopia.wasm!<F as spin_sdk::http::router::Handler>::handle::{{closure}}::h9d3a718e0ddcd112
   15: 0xc985d3 - spin_utopia.wasm!<alloc::boxed::Box<dyn spin_sdk::http::router::Handler> as spin_sdk::http::router::Handler>::handle::{{closure}}::h1b6255c66b0e82da
   16: 0x4eee85 - spin_utopia.wasm!spin_executor::run::h5e53f2e63611faf5
   17: 0x4ee766 - spin_utopia.wasm!spin_utopia::handle_spin_todo_api::{{closure}}::haaee0c45a36a0cd2
   18: 0x4eaef0 - spin_utopia.wasm!spin_executor::run::h5543f9eff02f4bcf
   19: 0xbabe6f - spin_utopia.wasm!wasi:http/incoming-handler@0.2.0#handle
   20: 0x5795 - <unknown>!<wasm function 104>
   21: 0x19310dc - router.wasm!<router::Component as router::bindings::exports::wasi::http::incoming_handler::Guest>::handle::ha50de62a29cb8b3e
   22: 0x19319e0 - router.wasm!wasi:http/incoming-handler@0.2.0#handle
   23: 0x20c0 - <unknown>!<wasm function 55>
   24: 0x1a85e39 - config_tests.wasm!spin_test_sdk::perform_request::h8724e91b3678e35f
   25: 0x1a6a724 - config_tests.wasm!config_tests::header_routing_tests::make_request_no_header::h653ba474ca0fbec2
   26: 0x1a797b8 - config_tests.wasm!spin-test-test-judges-requires-district-header
Caused by: wasm trap: wasm `unreachable` instruction executed

---- test-get-case-docket ----
test 'spin-test-test-get-case-docket' failed 
Caused by: error while executing at wasm backtrace:
    0: 0x1a8ce57 - config_tests.wasm!abort
    1: 0x1a88c36 - config_tests.wasm!std::sys::pal::wasi::helpers::abort_internal::hcc3b2e0cde3c9001
    2: 0x1a87865 - config_tests.wasm!std::process::abort::h0e38511b4c8b6f04
    3: 0x1a8785b - config_tests.wasm!__rustc[5224e6b81cd82a8f]::__rust_abort
    4: 0x1a8a039 - config_tests.wasm!__rustc[5224e6b81cd82a8f]::__rust_start_panic
    5: 0x1a89eaa - config_tests.wasm!__rustc[5224e6b81cd82a8f]::rust_panic
    6: 0x1a89e2f - config_tests.wasm!std::panicking::rust_panic_with_hook::h085fb375cd657b2f
    7: 0x1a88f25 - config_tests.wasm!std::panicking::begin_panic_handler::{{closure}}::he68af7f9d5c53e56
    8: 0x1a88e91 - config_tests.wasm!std::sys::backtrace::__rust_end_short_backtrace::h4c38003a22ca226f
    9: 0x1a89816 - config_tests.wasm!__rustc[5224e6b81cd82a8f]::rust_begin_unwind
   10: 0x1a93180 - config_tests.wasm!core::panicking::panic_fmt::h4e32e8d1cab5f47e
   11: 0x1a94bd6 - config_tests.wasm!core::panicking::assert_failed_inner::hf7ede4d3870aaaec
   12: 0x1a77d16 - config_tests.wasm!core::panicking::assert_failed::h168e3f8c09ecb509
   13: 0x1a0315b - config_tests.wasm!config_tests::docket_tests_v2::test_get_case_docket::h52e496572e5a807e
   14: 0x1a754fc - config_tests.wasm!spin-test-test-get-case-docket
Caused by: wasm trap: wasm `unreachable` instruction executed

---- test-update-attorney ----
test 'spin-test-test-update-attorney' failed 
Caused by: error while executing at wasm backtrace:
    0: 0x1a8ce57 - config_tests.wasm!abort
    1: 0x1a88c36 - config_tests.wasm!std::sys::pal::wasi::helpers::abort_internal::hcc3b2e0cde3c9001
    2: 0x1a87865 - config_tests.wasm!std::process::abort::h0e38511b4c8b6f04
    3: 0x1a8785b - config_tests.wasm!__rustc[5224e6b81cd82a8f]::__rust_abort
    4: 0x1a8a039 - config_tests.wasm!__rustc[5224e6b81cd82a8f]::__rust_start_panic
    5: 0x1a89eaa - config_tests.wasm!__rustc[5224e6b81cd82a8f]::rust_panic
    6: 0x1a89e2f - config_tests.wasm!std::panicking::rust_panic_with_hook::h085fb375cd657b2f
    7: 0x1a88f25 - config_tests.wasm!std::panicking::begin_panic_handler::{{closure}}::he68af7f9d5c53e56
    8: 0x1a88e91 - config_tests.wasm!std::sys::backtrace::__rust_end_short_backtrace::h4c38003a22ca226f
    9: 0x1a89816 - config_tests.wasm!__rustc[5224e6b81cd82a8f]::rust_begin_unwind
   10: 0x1a93180 - config_tests.wasm!core::panicking::panic_fmt::h4e32e8d1cab5f47e
   11: 0x1a94bd6 - config_tests.wasm!core::panicking::assert_failed_inner::hf7ede4d3870aaaec
   12: 0x1a77d16 - config_tests.wasm!core::panicking::assert_failed::h168e3f8c09ecb509
   13: 0x1a63b4f - config_tests.wasm!config_tests::attorney_tests_v2::test_update_attorney::hfa3e917eac0a0048
   14: 0x1a769c1 - config_tests.wasm!spin-test-test-update-attorney
Caused by: wasm trap: wasm `unreachable` instruction executed

---- test-get-opinion-by-id ----
test 'spin-test-test-get-opinion-by-id' failed 
Caused by: error while executing at wasm backtrace:
    0: 0x1a8ce57 - config_tests.wasm!abort
    1: 0x1a88c36 - config_tests.wasm!std::sys::pal::wasi::helpers::abort_internal::hcc3b2e0cde3c9001
    2: 0x1a87865 - config_tests.wasm!std::process::abort::h0e38511b4c8b6f04
    3: 0x1a8785b - config_tests.wasm!__rustc[5224e6b81cd82a8f]::__rust_abort
    4: 0x1a8a039 - config_tests.wasm!__rustc[5224e6b81cd82a8f]::__rust_start_panic
    5: 0x1a89eaa - config_tests.wasm!__rustc[5224e6b81cd82a8f]::rust_panic
    6: 0x1a89e2f - config_tests.wasm!std::panicking::rust_panic_with_hook::h085fb375cd657b2f
    7: 0x1a88f25 - config_tests.wasm!std::panicking::begin_panic_handler::{{closure}}::he68af7f9d5c53e56
    8: 0x1a88e91 - config_tests.wasm!std::sys::backtrace::__rust_end_short_backtrace::h4c38003a22ca226f
    9: 0x1a89816 - config_tests.wasm!__rustc[5224e6b81cd82a8f]::rust_begin_unwind
   10: 0x1a93180 - config_tests.wasm!core::panicking::panic_fmt::h4e32e8d1cab5f47e
   11: 0x1a94bd6 - config_tests.wasm!core::panicking::assert_failed_inner::hf7ede4d3870aaaec
   12: 0x1a77d16 - config_tests.wasm!core::panicking::assert_failed::h168e3f8c09ecb509
   13: 0x1a2a173 - config_tests.wasm!config_tests::opinion_tests_v2::test_get_opinion_by_id::h1ba1cd7e24b271d6
   14: 0x1a77f14 - config_tests.wasm!spin-test-test-get-opinion-by-id
Caused by: wasm trap: wasm `unreachable` instruction executed

---- test-get-judge-sentencing-stats ----
test 'spin-test-test-get-judge-sentencing-stats' failed 
Caused by: error while executing at wasm backtrace:
    0: 0x1a8ce57 - config_tests.wasm!abort
    1: 0x1a88c36 - config_tests.wasm!std::sys::pal::wasi::helpers::abort_internal::hcc3b2e0cde3c9001
    2: 0x1a87865 - config_tests.wasm!std::process::abort::h0e38511b4c8b6f04
    3: 0x1a8785b - config_tests.wasm!__rustc[5224e6b81cd82a8f]::__rust_abort
    4: 0x1a8a039 - config_tests.wasm!__rustc[5224e6b81cd82a8f]::__rust_start_panic
    5: 0x1a89eaa - config_tests.wasm!__rustc[5224e6b81cd82a8f]::rust_panic
    6: 0x1a89e2f - config_tests.wasm!std::panicking::rust_panic_with_hook::h085fb375cd657b2f
    7: 0x1a88f25 - config_tests.wasm!std::panicking::begin_panic_handler::{{closure}}::he68af7f9d5c53e56
    8: 0x1a88e91 - config_tests.wasm!std::sys::backtrace::__rust_end_short_backtrace::h4c38003a22ca226f
    9: 0x1a89816 - config_tests.wasm!__rustc[5224e6b81cd82a8f]::rust_begin_unwind
   10: 0x1a93180 - config_tests.wasm!core::panicking::panic_fmt::h4e32e8d1cab5f47e
   11: 0x1a94bd6 - config_tests.wasm!core::panicking::assert_failed_inner::hf7ede4d3870aaaec
   12: 0x1a77d16 - config_tests.wasm!core::panicking::assert_failed::h168e3f8c09ecb509
   13: 0x1a1bd62 - config_tests.wasm!config_tests::sentencing_tests_v2::test_get_judge_sentencing_stats::hb937ad94d3297dda
   14: 0x1a79650 - config_tests.wasm!spin-test-test-get-judge-sentencing-stats
Caused by: wasm trap: wasm `unreachable` instruction executed

---- test-update-speedy-trial-clock ----
test 'spin-test-test-update-speedy-trial-clock' failed 
Caused by: error while executing at wasm backtrace:
    0: 0x1a8ce57 - config_tests.wasm!abort
    1: 0x1a88c36 - config_tests.wasm!std::sys::pal::wasi::helpers::abort_internal::hcc3b2e0cde3c9001
    2: 0x1a87865 - config_tests.wasm!std::process::abort::h0e38511b4c8b6f04
    3: 0x1a8785b - config_tests.wasm!__rustc[5224e6b81cd82a8f]::__rust_abort
    4: 0x1a8a039 - config_tests.wasm!__rustc[5224e6b81cd82a8f]::__rust_start_panic
    5: 0x1a89eaa - config_tests.wasm!__rustc[5224e6b81cd82a8f]::rust_panic
    6: 0x1a89e2f - config_tests.wasm!std::panicking::rust_panic_with_hook::h085fb375cd657b2f
    7: 0x1a88f25 - config_tests.wasm!std::panicking::begin_panic_handler::{{closure}}::he68af7f9d5c53e56
    8: 0x1a88e91 - config_tests.wasm!std::sys::backtrace::__rust_end_short_backtrace::h4c38003a22ca226f
    9: 0x1a89816 - config_tests.wasm!__rustc[5224e6b81cd82a8f]::rust_begin_unwind
   10: 0x1a93180 - config_tests.wasm!core::panicking::panic_fmt::h4e32e8d1cab5f47e
   11: 0x1a94bd6 - config_tests.wasm!core::panicking::assert_failed_inner::hf7ede4d3870aaaec
   12: 0x1a77d16 - config_tests.wasm!core::panicking::assert_failed::h168e3f8c09ecb509
   13: 0x1a08644 - config_tests.wasm!config_tests::docket_tests_v2::test_update_speedy_trial_clock::ha53c0fb37e559a4f
   14: 0x1a796b9 - config_tests.wasm!spin-test-test-update-speedy-trial-clock
Caused by: wasm trap: wasm `unreachable` instruction executed

---- test-add-service-record ----
test 'spin-test-test-add-service-record' failed 
Caused by: error while executing at wasm backtrace:
    0: 0x1a8ce57 - config_tests.wasm!abort
    1: 0x1a88c36 - config_tests.wasm!std::sys::pal::wasi::helpers::abort_internal::hcc3b2e0cde3c9001
    2: 0x1a87865 - config_tests.wasm!std::process::abort::h0e38511b4c8b6f04
    3: 0x1a8785b - config_tests.wasm!__rustc[5224e6b81cd82a8f]::__rust_abort
    4: 0x1a8a039 - config_tests.wasm!__rustc[5224e6b81cd82a8f]::__rust_start_panic
    5: 0x1a89eaa - config_tests.wasm!__rustc[5224e6b81cd82a8f]::rust_panic
    6: 0x1a89e2f - config_tests.wasm!std::panicking::rust_panic_with_hook::h085fb375cd657b2f
    7: 0x1a88f25 - config_tests.wasm!std::panicking::begin_panic_handler::{{closure}}::he68af7f9d5c53e56
    8: 0x1a88e91 - config_tests.wasm!std::sys::backtrace::__rust_end_short_backtrace::h4c38003a22ca226f
    9: 0x1a89816 - config_tests.wasm!__rustc[5224e6b81cd82a8f]::rust_begin_unwind
   10: 0x1a93180 - config_tests.wasm!core::panicking::panic_fmt::h4e32e8d1cab5f47e
   11: 0x1a94bd6 - config_tests.wasm!core::panicking::assert_failed_inner::hf7ede4d3870aaaec
   12: 0x1a77d16 - config_tests.wasm!core::panicking::assert_failed::h168e3f8c09ecb509
   13: 0x19f619f - config_tests.wasm!config_tests::order_tests_v2::test_add_service_record::h61ba886b3fe80d13
   14: 0x1a765af - config_tests.wasm!spin-test-test-add-service-record
Caused by: wasm trap: wasm `unreachable` instruction executed

---- test-get-sentencing-by-id ----
test 'spin-test-test-get-sentencing-by-id' failed 
Caused by: error while executing at wasm backtrace:
    0: 0x1a8ce57 - config_tests.wasm!abort
    1: 0x1a88c36 - config_tests.wasm!std::sys::pal::wasi::helpers::abort_internal::hcc3b2e0cde3c9001
    2: 0x1a87865 - config_tests.wasm!std::process::abort::h0e38511b4c8b6f04
    3: 0x1a8785b - config_tests.wasm!__rustc[5224e6b81cd82a8f]::__rust_abort
    4: 0x1a8a039 - config_tests.wasm!__rustc[5224e6b81cd82a8f]::__rust_start_panic
    5: 0x1a89eaa - config_tests.wasm!__rustc[5224e6b81cd82a8f]::rust_panic
    6: 0x1a89e2f - config_tests.wasm!std::panicking::rust_panic_with_hook::h085fb375cd657b2f
    7: 0x1a88f25 - config_tests.wasm!std::panicking::begin_panic_handler::{{closure}}::he68af7f9d5c53e56
    8: 0x1a88e91 - config_tests.wasm!std::sys::backtrace::__rust_end_short_backtrace::h4c38003a22ca226f
    9: 0x1a89816 - config_tests.wasm!__rustc[5224e6b81cd82a8f]::rust_begin_unwind
   10: 0x1a93180 - config_tests.wasm!core::panicking::panic_fmt::h4e32e8d1cab5f47e
   11: 0x1a94bd6 - config_tests.wasm!core::panicking::assert_failed_inner::hf7ede4d3870aaaec
   12: 0x1a77d16 - config_tests.wasm!core::panicking::assert_failed::h168e3f8c09ecb509
   13: 0x1a1650c - config_tests.wasm!config_tests::sentencing_tests_v2::test_get_sentencing_by_id::h299efd516a940df1
   14: 0x1a76519 - config_tests.wasm!spin-test-test-get-sentencing-by-id
Caused by: wasm trap: wasm `unreachable` instruction executed

---- test-get-speedy-trial-status ----
test 'spin-test-test-get-speedy-trial-status' failed 
Caused by: error while executing at wasm backtrace:
    0: 0x1a8ce57 - config_tests.wasm!abort
    1: 0x1a88c36 - config_tests.wasm!std::sys::pal::wasi::helpers::abort_internal::hcc3b2e0cde3c9001
    2: 0x1a87865 - config_tests.wasm!std::process::abort::h0e38511b4c8b6f04
    3: 0x1a8785b - config_tests.wasm!__rustc[5224e6b81cd82a8f]::__rust_abort
    4: 0x1a8a039 - config_tests.wasm!__rustc[5224e6b81cd82a8f]::__rust_start_panic
    5: 0x1a89eaa - config_tests.wasm!__rustc[5224e6b81cd82a8f]::rust_panic
    6: 0x1a89e2f - config_tests.wasm!std::panicking::rust_panic_with_hook::h085fb375cd657b2f
    7: 0x1a88f25 - config_tests.wasm!std::panicking::begin_panic_handler::{{closure}}::he68af7f9d5c53e56
    8: 0x1a88e91 - config_tests.wasm!std::sys::backtrace::__rust_end_short_backtrace::h4c38003a22ca226f
    9: 0x1a89816 - config_tests.wasm!__rustc[5224e6b81cd82a8f]::rust_begin_unwind
   10: 0x1a93180 - config_tests.wasm!core::panicking::panic_fmt::h4e32e8d1cab5f47e
   11: 0x1a94bd6 - config_tests.wasm!core::panicking::assert_failed_inner::hf7ede4d3870aaaec
   12: 0x1a77d16 - config_tests.wasm!core::panicking::assert_failed::h168e3f8c09ecb509
   13: 0x1a07d0c - config_tests.wasm!config_tests::docket_tests_v2::test_get_speedy_trial_status::h02ad304d15c897cf
   14: 0x1a754cf - config_tests.wasm!spin-test-test-get-speedy-trial-status
Caused by: wasm trap: wasm `unreachable` instruction executed

---- test-opinion-multi-tenant-isolation ----
test 'spin-test-test-opinion-multi-tenant-isolation' failed 
Caused by: error while executing at wasm backtrace:
    0: 0x1a8ce57 - config_tests.wasm!abort
    1: 0x1a88c36 - config_tests.wasm!std::sys::pal::wasi::helpers::abort_internal::hcc3b2e0cde3c9001
    2: 0x1a87865 - config_tests.wasm!std::process::abort::h0e38511b4c8b6f04
    3: 0x1a8785b - config_tests.wasm!__rustc[5224e6b81cd82a8f]::__rust_abort
    4: 0x1a8a039 - config_tests.wasm!__rustc[5224e6b81cd82a8f]::__rust_start_panic
    5: 0x1a89eaa - config_tests.wasm!__rustc[5224e6b81cd82a8f]::rust_panic
    6: 0x1a89e2f - config_tests.wasm!std::panicking::rust_panic_with_hook::h085fb375cd657b2f
    7: 0x1a88f57 - config_tests.wasm!std::panicking::begin_panic_handler::{{closure}}::he68af7f9d5c53e56
    8: 0x1a88e91 - config_tests.wasm!std::sys::backtrace::__rust_end_short_backtrace::h4c38003a22ca226f
    9: 0x1a89816 - config_tests.wasm!__rustc[5224e6b81cd82a8f]::rust_begin_unwind
   10: 0x1a93180 - config_tests.wasm!core::panicking::panic_fmt::h4e32e8d1cab5f47e
   11: 0x1a8e84b - config_tests.wasm!core::panicking::panic::h42b72918664c199b
   12: 0x1a2ef69 - config_tests.wasm!config_tests::opinion_tests_v2::test_opinion_multi_tenant_isolation::h32936ef93e6f6456
   13: 0x1a765dc - config_tests.wasm!spin-test-test-opinion-multi-tenant-isolation
Caused by: wasm trap: wasm `unreachable` instruction executed

---- test-schedule-calendar-event ----
test 'spin-test-test-schedule-calendar-event' failed 
Caused by: error while executing at wasm backtrace:
    0: 0x1a8ce57 - config_tests.wasm!abort
    1: 0x1a88c36 - config_tests.wasm!std::sys::pal::wasi::helpers::abort_internal::hcc3b2e0cde3c9001
    2: 0x1a87865 - config_tests.wasm!std::process::abort::h0e38511b4c8b6f04
    3: 0x1a8785b - config_tests.wasm!__rustc[5224e6b81cd82a8f]::__rust_abort
    4: 0x1a8a039 - config_tests.wasm!__rustc[5224e6b81cd82a8f]::__rust_start_panic
    5: 0x1a89eaa - config_tests.wasm!__rustc[5224e6b81cd82a8f]::rust_panic
    6: 0x1a89e2f - config_tests.wasm!std::panicking::rust_panic_with_hook::h085fb375cd657b2f
    7: 0x1a88f25 - config_tests.wasm!std::panicking::begin_panic_handler::{{closure}}::he68af7f9d5c53e56
    8: 0x1a88e91 - config_tests.wasm!std::sys::backtrace::__rust_end_short_backtrace::h4c38003a22ca226f
    9: 0x1a89816 - config_tests.wasm!__rustc[5224e6b81cd82a8f]::rust_begin_unwind
   10: 0x1a93180 - config_tests.wasm!core::panicking::panic_fmt::h4e32e8d1cab5f47e
   11: 0x1a03db9 - config_tests.wasm!config_tests::docket_tests_v2::test_schedule_calendar_event::heba2b78cb5f8b44d
   12: 0x1a76582 - config_tests.wasm!spin-test-test-schedule-calendar-event
Caused by: wasm trap: wasm `unreachable` instruction executed

---- test-create-attorney-invalid-email ----
test 'spin-test-test-create-attorney-invalid-email' failed 
Caused by: error while executing at wasm backtrace:
    0: 0x1a8ce57 - config_tests.wasm!abort
    1: 0x1a88c36 - config_tests.wasm!std::sys::pal::wasi::helpers::abort_internal::hcc3b2e0cde3c9001
    2: 0x1a87865 - config_tests.wasm!std::process::abort::h0e38511b4c8b6f04
    3: 0x1a8785b - config_tests.wasm!__rustc[5224e6b81cd82a8f]::__rust_abort
    4: 0x1a8a039 - config_tests.wasm!__rustc[5224e6b81cd82a8f]::__rust_start_panic
    5: 0x1a89eaa - config_tests.wasm!__rustc[5224e6b81cd82a8f]::rust_panic
    6: 0x1a89e2f - config_tests.wasm!std::panicking::rust_panic_with_hook::h085fb375cd657b2f
    7: 0x1a88f57 - config_tests.wasm!std::panicking::begin_panic_handler::{{closure}}::he68af7f9d5c53e56
    8: 0x1a88e91 - config_tests.wasm!std::sys::backtrace::__rust_end_short_backtrace::h4c38003a22ca226f
    9: 0x1a89816 - config_tests.wasm!__rustc[5224e6b81cd82a8f]::rust_begin_unwind
   10: 0x1a93180 - config_tests.wasm!core::panicking::panic_fmt::h4e32e8d1cab5f47e
   11: 0x1a69645 - config_tests.wasm!config_tests::attorney_tests_v2::test_create_attorney_invalid_email::he4497b7325c9fab7
   12: 0x1a79731 - config_tests.wasm!spin-test-test-create-attorney-invalid-email
Caused by: wasm trap: wasm `unreachable` instruction executed

---- test-get-judge-by-id-cache-miss ----
test 'spin-test-test-get-judge-by-id-cache-miss' failed 
Caused by: error while executing at wasm backtrace:
    0: 0x1a8ce57 - config_tests.wasm!abort
    1: 0x1a88c36 - config_tests.wasm!std::sys::pal::wasi::helpers::abort_internal::hcc3b2e0cde3c9001
    2: 0x1a87865 - config_tests.wasm!std::process::abort::h0e38511b4c8b6f04
    3: 0x1a8785b - config_tests.wasm!__rustc[5224e6b81cd82a8f]::__rust_abort
    4: 0x1a8a039 - config_tests.wasm!__rustc[5224e6b81cd82a8f]::__rust_start_panic
    5: 0x1a89eaa - config_tests.wasm!__rustc[5224e6b81cd82a8f]::rust_panic
    6: 0x1a89e2f - config_tests.wasm!std::panicking::rust_panic_with_hook::h085fb375cd657b2f
    7: 0x1a88f25 - config_tests.wasm!std::panicking::begin_panic_handler::{{closure}}::he68af7f9d5c53e56
    8: 0x1a88e91 - config_tests.wasm!std::sys::backtrace::__rust_end_short_backtrace::h4c38003a22ca226f
    9: 0x1a89816 - config_tests.wasm!__rustc[5224e6b81cd82a8f]::rust_begin_unwind
   10: 0x1a93180 - config_tests.wasm!core::panicking::panic_fmt::h4e32e8d1cab5f47e
   11: 0x1a94c45 - config_tests.wasm!core::panicking::assert_failed_inner::hf7ede4d3870aaaec
   12: 0x1a77da4 - config_tests.wasm!core::panicking::assert_failed::h4cba53361f898320
   13: 0x1a55ae8 - config_tests.wasm!config_tests::judge_tests_proper::test_get_judge_by_id_cache_miss::h64b3527507c87bec
   14: 0x1a75574 - config_tests.wasm!spin-test-test-get-judge-by-id-cache-miss
Caused by: wasm trap: wasm `unreachable` instruction executed

---- test-get-pending-extensions ----
test 'spin-test-test-get-pending-extensions' failed 
Caused by: error while executing at wasm backtrace:
    0: 0x1a8ce57 - config_tests.wasm!abort
    1: 0x1a88c36 - config_tests.wasm!std::sys::pal::wasi::helpers::abort_internal::hcc3b2e0cde3c9001
    2: 0x1a87865 - config_tests.wasm!std::process::abort::h0e38511b4c8b6f04
    3: 0x1a8785b - config_tests.wasm!__rustc[5224e6b81cd82a8f]::__rust_abort
    4: 0x1a8a039 - config_tests.wasm!__rustc[5224e6b81cd82a8f]::__rust_start_panic
    5: 0x1a89eaa - config_tests.wasm!__rustc[5224e6b81cd82a8f]::rust_panic
    6: 0x1a89e2f - config_tests.wasm!std::panicking::rust_panic_with_hook::h085fb375cd657b2f
    7: 0x1a88f57 - config_tests.wasm!std::panicking::begin_panic_handler::{{closure}}::he68af7f9d5c53e56
    8: 0x1a88e91 - config_tests.wasm!std::sys::backtrace::__rust_end_short_backtrace::h4c38003a22ca226f
    9: 0x1a89816 - config_tests.wasm!__rustc[5224e6b81cd82a8f]::rust_begin_unwind
   10: 0x1a93180 - config_tests.wasm!core::panicking::panic_fmt::h4e32e8d1cab5f47e
   11: 0x1a3d364 - config_tests.wasm!config_tests::deadline_tests_v2::test_get_pending_extensions::hc70ce1b9b33c1a78
   12: 0x1a768c2 - config_tests.wasm!spin-test-test-get-pending-extensions
Caused by: wasm trap: wasm `unreachable` instruction executed

---- test-get-order-by-id ----
test 'spin-test-test-get-order-by-id' failed 
Caused by: error while executing at wasm backtrace:
    0: 0x1a8ce57 - config_tests.wasm!abort
    1: 0x1a88c36 - config_tests.wasm!std::sys::pal::wasi::helpers::abort_internal::hcc3b2e0cde3c9001
    2: 0x1a87865 - config_tests.wasm!std::process::abort::h0e38511b4c8b6f04
    3: 0x1a8785b - config_tests.wasm!__rustc[5224e6b81cd82a8f]::__rust_abort
    4: 0x1a8a039 - config_tests.wasm!__rustc[5224e6b81cd82a8f]::__rust_start_panic
    5: 0x1a89eaa - config_tests.wasm!__rustc[5224e6b81cd82a8f]::rust_panic
    6: 0x1a89e2f - config_tests.wasm!std::panicking::rust_panic_with_hook::h085fb375cd657b2f
    7: 0x1a88f25 - config_tests.wasm!std::panicking::begin_panic_handler::{{closure}}::he68af7f9d5c53e56
    8: 0x1a88e91 - config_tests.wasm!std::sys::backtrace::__rust_end_short_backtrace::h4c38003a22ca226f
    9: 0x1a89816 - config_tests.wasm!__rustc[5224e6b81cd82a8f]::rust_begin_unwind
   10: 0x1a93180 - config_tests.wasm!core::panicking::panic_fmt::h4e32e8d1cab5f47e
   11: 0x1a94bd6 - config_tests.wasm!core::panicking::assert_failed_inner::hf7ede4d3870aaaec
   12: 0x1a77d16 - config_tests.wasm!core::panicking::assert_failed::h168e3f8c09ecb509
   13: 0x19ee9f6 - config_tests.wasm!config_tests::order_tests_v2::test_get_order_by_id::hf6ff0ed8ee2ae0a5
   14: 0x1a765be - config_tests.wasm!spin-test-test-get-order-by-id
Caused by: wasm trap: wasm `unreachable` instruction executed

---- test-header-routing-matches-url-routing ----
test 'spin-test-test-header-routing-matches-url-routing' failed 
Caused by: error while executing at wasm backtrace:
    0: 0x2850d4 - spin_test_virt.wasm!__rust_start_panic
    1: 0x284eb0 - spin_test_virt.wasm!rust_panic
    2: 0x284c66 - spin_test_virt.wasm!std::panicking::rust_panic_with_hook::h50e657195af0239c
    3: 0x284137 - spin_test_virt.wasm!std::panicking::begin_panic_handler::{{closure}}::h0187e6969a85aab0
    4: 0x284067 - spin_test_virt.wasm!std::sys_common::backtrace::__rust_end_short_backtrace::h575fb82445d56667
    5: 0x2847fe - spin_test_virt.wasm!rust_begin_unwind
    6: 0x29768f - spin_test_virt.wasm!core::panicking::panic_fmt::ha6764f2272b7fb95
    7: 0x298da7 - spin_test_virt.wasm!core::panicking::panic::h864593189f35325f
    8: 0x41b0f - spin_test_virt.wasm!<spin_test_virt::wasi::http::Fields as spin_test_virt::bindings::exports::wasi::http::types::GuestFields>::set::habf51fbb9be39bbf
    9: 0x9e139 - spin_test_virt.wasm!spin_test_virt::bindings::exports::wasi::http::types::_export_method_fields_set_cabi::h5abb92c0326716a9
   10: 0x86ca3 - spin_test_virt.wasm!wasi:http/types@0.2.0#[method]fields.set
   11:  0xf56 - <unknown>!<wasm function 66>
   12: 0x18db703 - wit-component:shim!indirect-wasi:http/types@0.2.0-[method]fields.set
   13: 0xc8fd85 - spin_utopia.wasm!spin_sdk::wit::wasi::http0_2_0::types::Fields::set::he886307fa344c000
   14: 0xbd0bfc - spin_utopia.wasm!spin_utopia::handlers::opinion_url::add_district_header::he19a54280b743209
   15: 0xbd1096 - spin_utopia.wasm!spin_utopia::handlers::judge_url::get_all_judges::h71c1b48997ddaeb9
   16: 0x48ad39 - spin_utopia.wasm!<F as spin_sdk::http::router::Handler>::handle::{{closure}}::hafe561f05a2bc265
   17: 0xc985d3 - spin_utopia.wasm!<alloc::boxed::Box<dyn spin_sdk::http::router::Handler> as spin_sdk::http::router::Handler>::handle::{{closure}}::h1b6255c66b0e82da
   18: 0x4eee85 - spin_utopia.wasm!spin_executor::run::h5e53f2e63611faf5
   19: 0x4ee766 - spin_utopia.wasm!spin_utopia::handle_spin_todo_api::{{closure}}::haaee0c45a36a0cd2
   20: 0x4eaef0 - spin_utopia.wasm!spin_executor::run::h5543f9eff02f4bcf
   21: 0xbabe6f - spin_utopia.wasm!wasi:http/incoming-handler@0.2.0#handle
   22: 0x5795 - <unknown>!<wasm function 104>
   23: 0x19310dc - router.wasm!<router::Component as router::bindings::exports::wasi::http::incoming_handler::Guest>::handle::ha50de62a29cb8b3e
   24: 0x19319e0 - router.wasm!wasi:http/incoming-handler@0.2.0#handle
   25: 0x20c0 - <unknown>!<wasm function 55>
   26: 0x1a85e39 - config_tests.wasm!spin_test_sdk::perform_request::h8724e91b3678e35f
   27: 0x1a6a724 - config_tests.wasm!config_tests::header_routing_tests::make_request_no_header::h653ba474ca0fbec2
   28: 0x1a6d34b - config_tests.wasm!config_tests::header_routing_tests::test_header_routing_matches_url_routing::hadb8c91ef6018bdb
   29: 0x1a76672 - config_tests.wasm!spin-test-test-header-routing-matches-url-routing
Caused by: wasm trap: wasm `unreachable` instruction executed

---- test-complete-deadline ----
test 'spin-test-test-complete-deadline' failed 
Caused by: error while executing at wasm backtrace:
    0: 0x1a8ce57 - config_tests.wasm!abort
    1: 0x1a88c36 - config_tests.wasm!std::sys::pal::wasi::helpers::abort_internal::hcc3b2e0cde3c9001
    2: 0x1a87865 - config_tests.wasm!std::process::abort::h0e38511b4c8b6f04
    3: 0x1a8785b - config_tests.wasm!__rustc[5224e6b81cd82a8f]::__rust_abort
    4: 0x1a8a039 - config_tests.wasm!__rustc[5224e6b81cd82a8f]::__rust_start_panic
    5: 0x1a89eaa - config_tests.wasm!__rustc[5224e6b81cd82a8f]::rust_panic
    6: 0x1a89e2f - config_tests.wasm!std::panicking::rust_panic_with_hook::h085fb375cd657b2f
    7: 0x1a88f25 - config_tests.wasm!std::panicking::begin_panic_handler::{{closure}}::he68af7f9d5c53e56
    8: 0x1a88e91 - config_tests.wasm!std::sys::backtrace::__rust_end_short_backtrace::h4c38003a22ca226f
    9: 0x1a89816 - config_tests.wasm!__rustc[5224e6b81cd82a8f]::rust_begin_unwind
   10: 0x1a93180 - config_tests.wasm!core::panicking::panic_fmt::h4e32e8d1cab5f47e
   11: 0x1a94bd6 - config_tests.wasm!core::panicking::assert_failed_inner::hf7ede4d3870aaaec
   12: 0x1a77d16 - config_tests.wasm!core::panicking::assert_failed::h168e3f8c09ecb509
   13: 0x1a3c62a - config_tests.wasm!config_tests::deadline_tests_v2::test_complete_deadline::h5a86ba74e6de6787
   14: 0x1a76528 - config_tests.wasm!spin-test-test-complete-deadline
Caused by: wasm trap: wasm `unreachable` instruction executed

---- test-publish-opinion ----
test 'spin-test-test-publish-opinion' failed 
Caused by: error while executing at wasm backtrace:
    0: 0x1a8ce57 - config_tests.wasm!abort
    1: 0x1a88c36 - config_tests.wasm!std::sys::pal::wasi::helpers::abort_internal::hcc3b2e0cde3c9001
    2: 0x1a87865 - config_tests.wasm!std::process::abort::h0e38511b4c8b6f04
    3: 0x1a8785b - config_tests.wasm!__rustc[5224e6b81cd82a8f]::__rust_abort
    4: 0x1a8a039 - config_tests.wasm!__rustc[5224e6b81cd82a8f]::__rust_start_panic
    5: 0x1a89eaa - config_tests.wasm!__rustc[5224e6b81cd82a8f]::rust_panic
    6: 0x1a89e2f - config_tests.wasm!std::panicking::rust_panic_with_hook::h085fb375cd657b2f
    7: 0x1a88f25 - config_tests.wasm!std::panicking::begin_panic_handler::{{closure}}::he68af7f9d5c53e56
    8: 0x1a88e91 - config_tests.wasm!std::sys::backtrace::__rust_end_short_backtrace::h4c38003a22ca226f
    9: 0x1a89816 - config_tests.wasm!__rustc[5224e6b81cd82a8f]::rust_begin_unwind
   10: 0x1a93180 - config_tests.wasm!core::panicking::panic_fmt::h4e32e8d1cab5f47e
   11: 0x1a94bd6 - config_tests.wasm!core::panicking::assert_failed_inner::hf7ede4d3870aaaec
   12: 0x1a77d16 - config_tests.wasm!core::panicking::assert_failed::h168e3f8c09ecb509
   13: 0x1a2c01e - config_tests.wasm!config_tests::opinion_tests_v2::test_publish_opinion::h0c1829de91519acc
   14: 0x1a76994 - config_tests.wasm!spin-test-test-publish-opinion
Caused by: wasm trap: wasm `unreachable` instruction executed

---- test-count-by-status ----
test 'spin-test-test-count-by-status' failed 
Caused by: error while executing at wasm backtrace:
    0: 0x1a8ce57 - config_tests.wasm!abort
    1: 0x1a88c36 - config_tests.wasm!std::sys::pal::wasi::helpers::abort_internal::hcc3b2e0cde3c9001
    2: 0x1a87865 - config_tests.wasm!std::process::abort::h0e38511b4c8b6f04
    3: 0x1a8785b - config_tests.wasm!__rustc[5224e6b81cd82a8f]::__rust_abort
    4: 0x1a8a039 - config_tests.wasm!__rustc[5224e6b81cd82a8f]::__rust_start_panic
    5: 0x1a89eaa - config_tests.wasm!__rustc[5224e6b81cd82a8f]::rust_panic
    6: 0x1a89e2f - config_tests.wasm!std::panicking::rust_panic_with_hook::h085fb375cd657b2f
    7: 0x1a88f25 - config_tests.wasm!std::panicking::begin_panic_handler::{{closure}}::he68af7f9d5c53e56
    8: 0x1a88e91 - config_tests.wasm!std::sys::backtrace::__rust_end_short_backtrace::h4c38003a22ca226f
    9: 0x1a89816 - config_tests.wasm!__rustc[5224e6b81cd82a8f]::rust_begin_unwind
   10: 0x1a93180 - config_tests.wasm!core::panicking::panic_fmt::h4e32e8d1cab5f47e
   11: 0x1a94bd6 - config_tests.wasm!core::panicking::assert_failed_inner::hf7ede4d3870aaaec
   12: 0x1a77d16 - config_tests.wasm!core::panicking::assert_failed::h168e3f8c09ecb509
   13: 0x1a50fbf - config_tests.wasm!config_tests::criminal_case_tests_v2::test_count_by_status::h78317cfcfb15d131
   14: 0x1a75592 - config_tests.wasm!spin-test-test-count-by-status
Caused by: wasm trap: wasm `unreachable` instruction executed

---- test-delete-case ----
test 'spin-test-test-delete-case' failed 
Caused by: error while executing at wasm backtrace:
    0: 0x1a8ce57 - config_tests.wasm!abort
    1: 0x1a88c36 - config_tests.wasm!std::sys::pal::wasi::helpers::abort_internal::hcc3b2e0cde3c9001
    2: 0x1a87865 - config_tests.wasm!std::process::abort::h0e38511b4c8b6f04
    3: 0x1a8785b - config_tests.wasm!__rustc[5224e6b81cd82a8f]::__rust_abort
    4: 0x1a8a039 - config_tests.wasm!__rustc[5224e6b81cd82a8f]::__rust_start_panic
    5: 0x1a89eaa - config_tests.wasm!__rustc[5224e6b81cd82a8f]::rust_panic
    6: 0x1a89e2f - config_tests.wasm!std::panicking::rust_panic_with_hook::h085fb375cd657b2f
    7: 0x1a88f57 - config_tests.wasm!std::panicking::begin_panic_handler::{{closure}}::he68af7f9d5c53e56
    8: 0x1a88e91 - config_tests.wasm!std::sys::backtrace::__rust_end_short_backtrace::h4c38003a22ca226f
    9: 0x1a89816 - config_tests.wasm!__rustc[5224e6b81cd82a8f]::rust_begin_unwind
   10: 0x1a93180 - config_tests.wasm!core::panicking::panic_fmt::h4e32e8d1cab5f47e
   11: 0x1a4c4b8 - config_tests.wasm!config_tests::criminal_case_tests_v2::test_delete_case::h8625d8c2e95ba4f0
   12: 0x1a7669f - config_tests.wasm!spin-test-test-delete-case
Caused by: wasm trap: wasm `unreachable` instruction executed

---- test-get-pending-signatures ----
test 'spin-test-test-get-pending-signatures' failed 
Caused by: error while executing at wasm backtrace:
    0: 0x1a8ce57 - config_tests.wasm!abort
    1: 0x1a88c36 - config_tests.wasm!std::sys::pal::wasi::helpers::abort_internal::hcc3b2e0cde3c9001
    2: 0x1a87865 - config_tests.wasm!std::process::abort::h0e38511b4c8b6f04
    3: 0x1a8785b - config_tests.wasm!__rustc[5224e6b81cd82a8f]::__rust_abort
    4: 0x1a8a039 - config_tests.wasm!__rustc[5224e6b81cd82a8f]::__rust_start_panic
    5: 0x1a89eaa - config_tests.wasm!__rustc[5224e6b81cd82a8f]::rust_panic
    6: 0x1a89e2f - config_tests.wasm!std::panicking::rust_panic_with_hook::h085fb375cd657b2f
    7: 0x1a88f57 - config_tests.wasm!std::panicking::begin_panic_handler::{{closure}}::he68af7f9d5c53e56
    8: 0x1a88e91 - config_tests.wasm!std::sys::backtrace::__rust_end_short_backtrace::h4c38003a22ca226f
    9: 0x1a89816 - config_tests.wasm!__rustc[5224e6b81cd82a8f]::rust_begin_unwind
   10: 0x1a93180 - config_tests.wasm!core::panicking::panic_fmt::h4e32e8d1cab5f47e
   11: 0x19ef524 - config_tests.wasm!config_tests::order_tests_v2::test_get_pending_signatures::h226bd6eeacce9187
   12: 0x1a77ed8 - config_tests.wasm!spin-test-test-get-pending-signatures
Caused by: wasm trap: wasm `unreachable` instruction executed

---- test-record-appeal ----
test 'spin-test-test-record-appeal' failed 
Caused by: error while executing at wasm backtrace:
    0: 0x1a8ce57 - config_tests.wasm!abort
    1: 0x1a88c36 - config_tests.wasm!std::sys::pal::wasi::helpers::abort_internal::hcc3b2e0cde3c9001
    2: 0x1a87865 - config_tests.wasm!std::process::abort::h0e38511b4c8b6f04
    3: 0x1a8785b - config_tests.wasm!__rustc[5224e6b81cd82a8f]::__rust_abort
    4: 0x1a8a039 - config_tests.wasm!__rustc[5224e6b81cd82a8f]::__rust_start_panic
    5: 0x1a89eaa - config_tests.wasm!__rustc[5224e6b81cd82a8f]::rust_panic
    6: 0x1a89e2f - config_tests.wasm!std::panicking::rust_panic_with_hook::h085fb375cd657b2f
    7: 0x1a88f25 - config_tests.wasm!std::panicking::begin_panic_handler::{{closure}}::he68af7f9d5c53e56
    8: 0x1a88e91 - config_tests.wasm!std::sys::backtrace::__rust_end_short_backtrace::h4c38003a22ca226f
    9: 0x1a89816 - config_tests.wasm!__rustc[5224e6b81cd82a8f]::rust_begin_unwind
   10: 0x1a93180 - config_tests.wasm!core::panicking::panic_fmt::h4e32e8d1cab5f47e
   11: 0x1a94bd6 - config_tests.wasm!core::panicking::assert_failed_inner::hf7ede4d3870aaaec
   12: 0x1a77d16 - config_tests.wasm!core::panicking::assert_failed::h168e3f8c09ecb509
   13: 0x1a1ca9e - config_tests.wasm!config_tests::sentencing_tests_v2::test_record_appeal::h1c01a40638543246
   14: 0x1a77e42 - config_tests.wasm!spin-test-test-record-appeal
Caused by: wasm trap: wasm `unreachable` instruction executed

---- test-deadline-multi-tenant-isolation ----
test 'spin-test-test-deadline-multi-tenant-isolation' failed 
Caused by: error while executing at wasm backtrace:
    0: 0x1a8ce57 - config_tests.wasm!abort
    1: 0x1a88c36 - config_tests.wasm!std::sys::pal::wasi::helpers::abort_internal::hcc3b2e0cde3c9001
    2: 0x1a87865 - config_tests.wasm!std::process::abort::h0e38511b4c8b6f04
    3: 0x1a8785b - config_tests.wasm!__rustc[5224e6b81cd82a8f]::__rust_abort
    4: 0x1a8a039 - config_tests.wasm!__rustc[5224e6b81cd82a8f]::__rust_start_panic
    5: 0x1a89eaa - config_tests.wasm!__rustc[5224e6b81cd82a8f]::rust_panic
    6: 0x1a89e2f - config_tests.wasm!std::panicking::rust_panic_with_hook::h085fb375cd657b2f
    7: 0x1a88f57 - config_tests.wasm!std::panicking::begin_panic_handler::{{closure}}::he68af7f9d5c53e56
    8: 0x1a88e91 - config_tests.wasm!std::sys::backtrace::__rust_end_short_backtrace::h4c38003a22ca226f
    9: 0x1a89816 - config_tests.wasm!__rustc[5224e6b81cd82a8f]::rust_begin_unwind
   10: 0x1a93180 - config_tests.wasm!core::panicking::panic_fmt::h4e32e8d1cab5f47e
   11: 0x1a41b16 - config_tests.wasm!config_tests::deadline_tests_v2::test_deadline_multi_tenant_isolation::hcc9281c96f2697be
   12: 0x1a75484 - config_tests.wasm!spin-test-test-deadline-multi-tenant-isolation
Caused by: wasm trap: wasm `unreachable` instruction executed

---- test-attorney-multi-tenant-isolation ----
test 'spin-test-test-attorney-multi-tenant-isolation' failed 
Caused by: error while executing at wasm backtrace:
    0: 0x1a8ce57 - config_tests.wasm!abort
    1: 0x1a88c36 - config_tests.wasm!std::sys::pal::wasi::helpers::abort_internal::hcc3b2e0cde3c9001
    2: 0x1a87865 - config_tests.wasm!std::process::abort::h0e38511b4c8b6f04
    3: 0x1a8785b - config_tests.wasm!__rustc[5224e6b81cd82a8f]::__rust_abort
    4: 0x1a8a039 - config_tests.wasm!__rustc[5224e6b81cd82a8f]::__rust_start_panic
    5: 0x1a89eaa - config_tests.wasm!__rustc[5224e6b81cd82a8f]::rust_panic
    6: 0x1a89e2f - config_tests.wasm!std::panicking::rust_panic_with_hook::h085fb375cd657b2f
    7: 0x1a88f57 - config_tests.wasm!std::panicking::begin_panic_handler::{{closure}}::he68af7f9d5c53e56
    8: 0x1a88e91 - config_tests.wasm!std::sys::backtrace::__rust_end_short_backtrace::h4c38003a22ca226f
    9: 0x1a89816 - config_tests.wasm!__rustc[5224e6b81cd82a8f]::rust_begin_unwind
   10: 0x1a93180 - config_tests.wasm!core::panicking::panic_fmt::h4e32e8d1cab5f47e
   11: 0x1a8e84b - config_tests.wasm!core::panicking::panic::h42b72918664c199b
   12: 0x1a66c99 - config_tests.wasm!config_tests::attorney_tests_v2::test_attorney_multi_tenant_isolation::he5c4bcf9ef5e72f4
   13: 0x1a79740 - config_tests.wasm!spin-test-test-attorney-multi-tenant-isolation
Caused by: wasm trap: wasm `unreachable` instruction executed

---- test-delete-deadline ----
test 'spin-test-test-delete-deadline' failed 
Caused by: error while executing at wasm backtrace:
    0: 0x1a8ce57 - config_tests.wasm!abort
    1: 0x1a88c36 - config_tests.wasm!std::sys::pal::wasi::helpers::abort_internal::hcc3b2e0cde3c9001
    2: 0x1a87865 - config_tests.wasm!std::process::abort::h0e38511b4c8b6f04
    3: 0x1a8785b - config_tests.wasm!__rustc[5224e6b81cd82a8f]::__rust_abort
    4: 0x1a8a039 - config_tests.wasm!__rustc[5224e6b81cd82a8f]::__rust_start_panic
    5: 0x1a89eaa - config_tests.wasm!__rustc[5224e6b81cd82a8f]::rust_panic
    6: 0x1a89e2f - config_tests.wasm!std::panicking::rust_panic_with_hook::h085fb375cd657b2f
    7: 0x1a88f57 - config_tests.wasm!std::panicking::begin_panic_handler::{{closure}}::he68af7f9d5c53e56
    8: 0x1a88e91 - config_tests.wasm!std::sys::backtrace::__rust_end_short_backtrace::h4c38003a22ca226f
    9: 0x1a89816 - config_tests.wasm!__rustc[5224e6b81cd82a8f]::rust_begin_unwind
   10: 0x1a93180 - config_tests.wasm!core::panicking::panic_fmt::h4e32e8d1cab5f47e
   11: 0x1a3ead8 - config_tests.wasm!config_tests::deadline_tests_v2::test_delete_deadline::h4705e4fd00f504bf
   12: 0x1a768b3 - config_tests.wasm!spin-test-test-delete-deadline
Caused by: wasm trap: wasm `unreachable` instruction executed

---- test-get-extension-by-id ----
test 'spin-test-test-get-extension-by-id' failed 
Caused by: error while executing at wasm backtrace:
    0: 0x1a8ce57 - config_tests.wasm!abort
    1: 0x1a88c36 - config_tests.wasm!std::sys::pal::wasi::helpers::abort_internal::hcc3b2e0cde3c9001
    2: 0x1a87865 - config_tests.wasm!std::process::abort::h0e38511b4c8b6f04
    3: 0x1a8785b - config_tests.wasm!__rustc[5224e6b81cd82a8f]::__rust_abort
    4: 0x1a8a039 - config_tests.wasm!__rustc[5224e6b81cd82a8f]::__rust_start_panic
    5: 0x1a89eaa - config_tests.wasm!__rustc[5224e6b81cd82a8f]::rust_panic
    6: 0x1a89e2f - config_tests.wasm!std::panicking::rust_panic_with_hook::h085fb375cd657b2f
    7: 0x1a88f25 - config_tests.wasm!std::panicking::begin_panic_handler::{{closure}}::he68af7f9d5c53e56
    8: 0x1a88e91 - config_tests.wasm!std::sys::backtrace::__rust_end_short_backtrace::h4c38003a22ca226f
    9: 0x1a89816 - config_tests.wasm!__rustc[5224e6b81cd82a8f]::rust_begin_unwind
   10: 0x1a93180 - config_tests.wasm!core::panicking::panic_fmt::h4e32e8d1cab5f47e
   11: 0x1a94c45 - config_tests.wasm!core::panicking::assert_failed_inner::hf7ede4d3870aaaec
   12: 0x1a77d5d - config_tests.wasm!core::panicking::assert_failed::h1dc2379667e06363
   13: 0x1a3d025 - config_tests.wasm!config_tests::deadline_tests_v2::test_get_extension_by_id::h0d3d122497d540af
   14: 0x1a768d1 - config_tests.wasm!spin-test-test-get-extension-by-id
Caused by: wasm trap: wasm `unreachable` instruction executed

---- test-create-sentencing-invalid-offense-level ----
test 'spin-test-test-create-sentencing-invalid-offense-level' failed 
Caused by: error while executing at wasm backtrace:
    0: 0x1a8ce57 - config_tests.wasm!abort
    1: 0x1a88c36 - config_tests.wasm!std::sys::pal::wasi::helpers::abort_internal::hcc3b2e0cde3c9001
    2: 0x1a87865 - config_tests.wasm!std::process::abort::h0e38511b4c8b6f04
    3: 0x1a8785b - config_tests.wasm!__rustc[5224e6b81cd82a8f]::__rust_abort
    4: 0x1a8a039 - config_tests.wasm!__rustc[5224e6b81cd82a8f]::__rust_start_panic
    5: 0x1a89eaa - config_tests.wasm!__rustc[5224e6b81cd82a8f]::rust_panic
    6: 0x1a89e2f - config_tests.wasm!std::panicking::rust_panic_with_hook::h085fb375cd657b2f
    7: 0x1a88f25 - config_tests.wasm!std::panicking::begin_panic_handler::{{closure}}::he68af7f9d5c53e56
    8: 0x1a88e91 - config_tests.wasm!std::sys::backtrace::__rust_end_short_backtrace::h4c38003a22ca226f
    9: 0x1a89816 - config_tests.wasm!__rustc[5224e6b81cd82a8f]::rust_begin_unwind
   10: 0x1a93180 - config_tests.wasm!core::panicking::panic_fmt::h4e32e8d1cab5f47e
   11: 0x1a94bd6 - config_tests.wasm!core::panicking::assert_failed_inner::hf7ede4d3870aaaec
   12: 0x1a77d16 - config_tests.wasm!core::panicking::assert_failed::h168e3f8c09ecb509
   13: 0x1a21736 - config_tests.wasm!config_tests::sentencing_tests_v2::test_create_sentencing_invalid_offense_level::hbedab07524638372
   14: 0x1a79641 - config_tests.wasm!spin-test-test-create-sentencing-invalid-offense-level
Caused by: wasm trap: wasm `unreachable` instruction executed

---- test-get-case-by-id-found ----
test 'spin-test-test-get-case-by-id-found' failed 
Caused by: error while executing at wasm backtrace:
    0: 0x1a8ce57 - config_tests.wasm!abort
    1: 0x1a88c36 - config_tests.wasm!std::sys::pal::wasi::helpers::abort_internal::hcc3b2e0cde3c9001
    2: 0x1a87865 - config_tests.wasm!std::process::abort::h0e38511b4c8b6f04
    3: 0x1a8785b - config_tests.wasm!__rustc[5224e6b81cd82a8f]::__rust_abort
    4: 0x1a8a039 - config_tests.wasm!__rustc[5224e6b81cd82a8f]::__rust_start_panic
    5: 0x1a89eaa - config_tests.wasm!__rustc[5224e6b81cd82a8f]::rust_panic
    6: 0x1a89e2f - config_tests.wasm!std::panicking::rust_panic_with_hook::h085fb375cd657b2f
    7: 0x1a88f25 - config_tests.wasm!std::panicking::begin_panic_handler::{{closure}}::he68af7f9d5c53e56
    8: 0x1a88e91 - config_tests.wasm!std::sys::backtrace::__rust_end_short_backtrace::h4c38003a22ca226f
    9: 0x1a89816 - config_tests.wasm!__rustc[5224e6b81cd82a8f]::rust_begin_unwind
   10: 0x1a93180 - config_tests.wasm!core::panicking::panic_fmt::h4e32e8d1cab5f47e
   11: 0x1a94c45 - config_tests.wasm!core::panicking::assert_failed_inner::hf7ede4d3870aaaec
   12: 0x1a77d5d - config_tests.wasm!core::panicking::assert_failed::h1dc2379667e06363
   13: 0x1a4807a - config_tests.wasm!config_tests::criminal_case_tests_v2::test_get_case_by_id_found::h924f65948a83dc05
   14: 0x1a79852 - config_tests.wasm!spin-test-test-get-case-by-id-found
Caused by: wasm trap: wasm `unreachable` instruction executed

---- test-list-all-attorneys ----
test 'spin-test-test-list-all-attorneys' failed 
Caused by: error while executing at wasm backtrace:
    0: 0x1a8ce57 - config_tests.wasm!abort
    1: 0x1a88c36 - config_tests.wasm!std::sys::pal::wasi::helpers::abort_internal::hcc3b2e0cde3c9001
    2: 0x1a87865 - config_tests.wasm!std::process::abort::h0e38511b4c8b6f04
    3: 0x1a8785b - config_tests.wasm!__rustc[5224e6b81cd82a8f]::__rust_abort
    4: 0x1a8a039 - config_tests.wasm!__rustc[5224e6b81cd82a8f]::__rust_start_panic
    5: 0x1a89eaa - config_tests.wasm!__rustc[5224e6b81cd82a8f]::rust_panic
    6: 0x1a89e2f - config_tests.wasm!std::panicking::rust_panic_with_hook::h085fb375cd657b2f
    7: 0x1a88f57 - config_tests.wasm!std::panicking::begin_panic_handler::{{closure}}::he68af7f9d5c53e56
    8: 0x1a88e91 - config_tests.wasm!std::sys::backtrace::__rust_end_short_backtrace::h4c38003a22ca226f
    9: 0x1a89816 - config_tests.wasm!__rustc[5224e6b81cd82a8f]::rust_begin_unwind
   10: 0x1a93180 - config_tests.wasm!core::panicking::panic_fmt::h4e32e8d1cab5f47e
   11: 0x1a631ef - config_tests.wasm!config_tests::attorney_tests_v2::test_list_all_attorneys::h9b81ec52a3e06f26
   12: 0x1a77f41 - config_tests.wasm!spin-test-test-list-all-attorneys
Caused by: wasm trap: wasm `unreachable` instruction executed

---- test-get-case-by-id-not-found ----
test 'spin-test-test-get-case-by-id-not-found' failed 
Caused by: error while executing at wasm backtrace:
    0: 0x1a8ce57 - config_tests.wasm!abort
    1: 0x1a88c36 - config_tests.wasm!std::sys::pal::wasi::helpers::abort_internal::hcc3b2e0cde3c9001
    2: 0x1a87865 - config_tests.wasm!std::process::abort::h0e38511b4c8b6f04
    3: 0x1a8785b - config_tests.wasm!__rustc[5224e6b81cd82a8f]::__rust_abort
    4: 0x1a8a039 - config_tests.wasm!__rustc[5224e6b81cd82a8f]::__rust_start_panic
    5: 0x1a89eaa - config_tests.wasm!__rustc[5224e6b81cd82a8f]::rust_panic
    6: 0x1a89e2f - config_tests.wasm!std::panicking::rust_panic_with_hook::h085fb375cd657b2f
    7: 0x1a88f25 - config_tests.wasm!std::panicking::begin_panic_handler::{{closure}}::he68af7f9d5c53e56
    8: 0x1a88e91 - config_tests.wasm!std::sys::backtrace::__rust_end_short_backtrace::h4c38003a22ca226f
    9: 0x1a89816 - config_tests.wasm!__rustc[5224e6b81cd82a8f]::rust_begin_unwind
   10: 0x1a93180 - config_tests.wasm!core::panicking::panic_fmt::h4e32e8d1cab5f47e
   11: 0x1a94c45 - config_tests.wasm!core::panicking::assert_failed_inner::hf7ede4d3870aaaec
   12: 0x1a77da4 - config_tests.wasm!core::panicking::assert_failed::h4cba53361f898320
   13: 0x1a48541 - config_tests.wasm!config_tests::criminal_case_tests_v2::test_get_case_by_id_not_found::h98bde743d3cc63a5
   14: 0x1a76a48 - config_tests.wasm!spin-test-test-get-case-by-id-not-found
Caused by: wasm trap: wasm `unreachable` instruction executed

---- test-update-sentencing ----
test 'spin-test-test-update-sentencing' failed 
Caused by: error while executing at wasm backtrace:
    0: 0x1a8ce57 - config_tests.wasm!abort
    1: 0x1a88c36 - config_tests.wasm!std::sys::pal::wasi::helpers::abort_internal::hcc3b2e0cde3c9001
    2: 0x1a87865 - config_tests.wasm!std::process::abort::h0e38511b4c8b6f04
    3: 0x1a8785b - config_tests.wasm!__rustc[5224e6b81cd82a8f]::__rust_abort
    4: 0x1a8a039 - config_tests.wasm!__rustc[5224e6b81cd82a8f]::__rust_start_panic
    5: 0x1a89eaa - config_tests.wasm!__rustc[5224e6b81cd82a8f]::rust_panic
    6: 0x1a89e2f - config_tests.wasm!std::panicking::rust_panic_with_hook::h085fb375cd657b2f
    7: 0x1a88f25 - config_tests.wasm!std::panicking::begin_panic_handler::{{closure}}::he68af7f9d5c53e56
    8: 0x1a88e91 - config_tests.wasm!std::sys::backtrace::__rust_end_short_backtrace::h4c38003a22ca226f
    9: 0x1a89816 - config_tests.wasm!__rustc[5224e6b81cd82a8f]::rust_begin_unwind
   10: 0x1a93180 - config_tests.wasm!core::panicking::panic_fmt::h4e32e8d1cab5f47e
   11: 0x1a94bd6 - config_tests.wasm!core::panicking::assert_failed_inner::hf7ede4d3870aaaec
   12: 0x1a77d16 - config_tests.wasm!core::panicking::assert_failed::h168e3f8c09ecb509
   13: 0x1a1b045 - config_tests.wasm!config_tests::sentencing_tests_v2::test_update_sentencing::hdb13356c52164cb4
   14: 0x1a764fb - config_tests.wasm!spin-test-test-update-sentencing
Caused by: wasm trap: wasm `unreachable` instruction executed

---- test-missing-header-returns-error ----
test 'spin-test-test-missing-header-returns-error' failed 
Caused by: error while executing at wasm backtrace:
    0: 0xcc3337 - spin_utopia.wasm!abort
    1: 0xcb7c40 - spin_utopia.wasm!std::sys::pal::wasi::helpers::abort_internal::hcc3b2e0cde3c9001
    2: 0xcb31d1 - spin_utopia.wasm!std::process::abort::h0e38511b4c8b6f04
    3: 0xcb31c7 - spin_utopia.wasm!__rustc[5224e6b81cd82a8f]::__rust_abort
    4: 0xcb9697 - spin_utopia.wasm!__rustc[5224e6b81cd82a8f]::__rust_start_panic
    5: 0xcb9299 - spin_utopia.wasm!__rustc[5224e6b81cd82a8f]::rust_panic
    6: 0xcb9160 - spin_utopia.wasm!std::panicking::rust_panic_with_hook::h085fb375cd657b2f
    7: 0xcb80f5 - spin_utopia.wasm!std::panicking::begin_panic_handler::{{closure}}::he68af7f9d5c53e56
    8: 0xcb8061 - spin_utopia.wasm!std::sys::backtrace::__rust_end_short_backtrace::h4c38003a22ca226f
    9: 0xcb8b47 - spin_utopia.wasm!__rustc[5224e6b81cd82a8f]::rust_begin_unwind
   10: 0xcccb36 - spin_utopia.wasm!core::panicking::panic_fmt::h4e32e8d1cab5f47e
   11: 0xcce756 - spin_utopia.wasm!core::result::unwrap_failed::heb00d4d50e638a08
   12: 0x617352 - spin_utopia.wasm!spin_utopia::adapters::spin_kv_case_repository::SpinKvCaseRepository::with_store::h784e93cfa8fc00c8
   13: 0xa33a19 - spin_utopia.wasm!spin_utopia::handlers::criminal_case::search_cases::h14feef512b2b9a78
   14: 0x48bb46 - spin_utopia.wasm!<F as spin_sdk::http::router::Handler>::handle::{{closure}}::hb3a4169752374014
   15: 0xc985d3 - spin_utopia.wasm!<alloc::boxed::Box<dyn spin_sdk::http::router::Handler> as spin_sdk::http::router::Handler>::handle::{{closure}}::h1b6255c66b0e82da
   16: 0x4eee85 - spin_utopia.wasm!spin_executor::run::h5e53f2e63611faf5
   17: 0x4ee766 - spin_utopia.wasm!spin_utopia::handle_spin_todo_api::{{closure}}::haaee0c45a36a0cd2
   18: 0x4eaef0 - spin_utopia.wasm!spin_executor::run::h5543f9eff02f4bcf
   19: 0xbabe6f - spin_utopia.wasm!wasi:http/incoming-handler@0.2.0#handle
   20: 0x5795 - <unknown>!<wasm function 104>
   21: 0x19310dc - router.wasm!<router::Component as router::bindings::exports::wasi::http::incoming_handler::Guest>::handle::ha50de62a29cb8b3e
   22: 0x19319e0 - router.wasm!wasi:http/incoming-handler@0.2.0#handle
   23: 0x20c0 - <unknown>!<wasm function 55>
   24: 0x1a85e39 - config_tests.wasm!spin_test_sdk::perform_request::h8724e91b3678e35f
   25: 0x1a6a724 - config_tests.wasm!config_tests::header_routing_tests::make_request_no_header::h653ba474ca0fbec2
   26: 0x1a6ada0 - config_tests.wasm!config_tests::header_routing_tests::test_missing_header_returns_error::h3bc2f538810db244
   27: 0x1a76690 - config_tests.wasm!spin-test-test-missing-header-returns-error
Caused by: wasm trap: wasm `unreachable` instruction executed

---- test-create-order-success ----
test 'spin-test-test-create-order-success' failed 
Caused by: error while executing at wasm backtrace:
    0: 0x1a8ce57 - config_tests.wasm!abort
    1: 0x1a88c36 - config_tests.wasm!std::sys::pal::wasi::helpers::abort_internal::hcc3b2e0cde3c9001
    2: 0x1a87865 - config_tests.wasm!std::process::abort::h0e38511b4c8b6f04
    3: 0x1a8785b - config_tests.wasm!__rustc[5224e6b81cd82a8f]::__rust_abort
    4: 0x1a8a039 - config_tests.wasm!__rustc[5224e6b81cd82a8f]::__rust_start_panic
    5: 0x1a89eaa - config_tests.wasm!__rustc[5224e6b81cd82a8f]::rust_panic
    6: 0x1a89e2f - config_tests.wasm!std::panicking::rust_panic_with_hook::h085fb375cd657b2f
    7: 0x1a88f25 - config_tests.wasm!std::panicking::begin_panic_handler::{{closure}}::he68af7f9d5c53e56
    8: 0x1a88e91 - config_tests.wasm!std::sys::backtrace::__rust_end_short_backtrace::h4c38003a22ca226f
    9: 0x1a89816 - config_tests.wasm!__rustc[5224e6b81cd82a8f]::rust_begin_unwind
   10: 0x1a93180 - config_tests.wasm!core::panicking::panic_fmt::h4e32e8d1cab5f47e
   11: 0x19ebb37 - config_tests.wasm!config_tests::order_tests_v2::test_create_order_success::haa5b485d4cb7f693
   12: 0x1a75529 - config_tests.wasm!spin-test-test-create-order-success
Caused by: wasm trap: wasm `unreachable` instruction executed

---- test-header-vs-url-routing-consistency ----
test 'spin-test-test-header-vs-url-routing-consistency' failed 
Caused by: error while executing at wasm backtrace:
    0: 0x2850d4 - spin_test_virt.wasm!__rust_start_panic
    1: 0x284eb0 - spin_test_virt.wasm!rust_panic
    2: 0x284c66 - spin_test_virt.wasm!std::panicking::rust_panic_with_hook::h50e657195af0239c
    3: 0x284137 - spin_test_virt.wasm!std::panicking::begin_panic_handler::{{closure}}::h0187e6969a85aab0
    4: 0x284067 - spin_test_virt.wasm!std::sys_common::backtrace::__rust_end_short_backtrace::h575fb82445d56667
    5: 0x2847fe - spin_test_virt.wasm!rust_begin_unwind
    6: 0x29768f - spin_test_virt.wasm!core::panicking::panic_fmt::ha6764f2272b7fb95
    7: 0x298da7 - spin_test_virt.wasm!core::panicking::panic::h864593189f35325f
    8: 0x41b0f - spin_test_virt.wasm!<spin_test_virt::wasi::http::Fields as spin_test_virt::bindings::exports::wasi::http::types::GuestFields>::set::habf51fbb9be39bbf
    9: 0x9e139 - spin_test_virt.wasm!spin_test_virt::bindings::exports::wasi::http::types::_export_method_fields_set_cabi::h5abb92c0326716a9
   10: 0x86ca3 - spin_test_virt.wasm!wasi:http/types@0.2.0#[method]fields.set
   11:  0xf56 - <unknown>!<wasm function 66>
   12: 0x18db703 - wit-component:shim!indirect-wasi:http/types@0.2.0-[method]fields.set
   13: 0xc8fd85 - spin_utopia.wasm!spin_sdk::wit::wasi::http0_2_0::types::Fields::set::he886307fa344c000
   14: 0x4fb49c - spin_utopia.wasm!spin_utopia::handlers::docket_url::add_district_header::h561f10789ff5b1e4
   15: 0x4fad50 - spin_utopia.wasm!spin_utopia::handlers::criminal_case_url::create_case::h0037ee3a6293b88b
   16: 0x46dee5 - spin_utopia.wasm!<F as spin_sdk::http::router::Handler>::handle::{{closure}}::h64d718538d36f0f7
   17: 0xc985d3 - spin_utopia.wasm!<alloc::boxed::Box<dyn spin_sdk::http::router::Handler> as spin_sdk::http::router::Handler>::handle::{{closure}}::h1b6255c66b0e82da
   18: 0x4eee85 - spin_utopia.wasm!spin_executor::run::h5e53f2e63611faf5
   19: 0x4ee766 - spin_utopia.wasm!spin_utopia::handle_spin_todo_api::{{closure}}::haaee0c45a36a0cd2
   20: 0x4eaef0 - spin_utopia.wasm!spin_executor::run::h5543f9eff02f4bcf
   21: 0xbabe6f - spin_utopia.wasm!wasi:http/incoming-handler@0.2.0#handle
   22: 0x5795 - <unknown>!<wasm function 104>
   23: 0x19310dc - router.wasm!<router::Component as router::bindings::exports::wasi::http::incoming_handler::Guest>::handle::ha50de62a29cb8b3e
   24: 0x19319e0 - router.wasm!wasi:http/incoming-handler@0.2.0#handle
   25: 0x20c0 - <unknown>!<wasm function 55>
   26: 0x1a85e39 - config_tests.wasm!spin_test_sdk::perform_request::h8724e91b3678e35f
   27: 0x1a4e842 - config_tests.wasm!config_tests::criminal_case_tests_v2::test_header_vs_url_routing_consistency::hdf167e4971ba05f3
   28: 0x1a77ff5 - config_tests.wasm!spin-test-test-header-vs-url-routing-consistency
Caused by: wasm trap: wasm `unreachable` instruction executed

---- test-create-attorney-duplicate ----
test 'spin-test-test-create-attorney-duplicate' failed 
Caused by: error while executing at wasm backtrace:
    0: 0x1a8ce57 - config_tests.wasm!abort
    1: 0x1a88c36 - config_tests.wasm!std::sys::pal::wasi::helpers::abort_internal::hcc3b2e0cde3c9001
    2: 0x1a87865 - config_tests.wasm!std::process::abort::h0e38511b4c8b6f04
    3: 0x1a8785b - config_tests.wasm!__rustc[5224e6b81cd82a8f]::__rust_abort
    4: 0x1a8a039 - config_tests.wasm!__rustc[5224e6b81cd82a8f]::__rust_start_panic
    5: 0x1a89eaa - config_tests.wasm!__rustc[5224e6b81cd82a8f]::rust_panic
    6: 0x1a89e2f - config_tests.wasm!std::panicking::rust_panic_with_hook::h085fb375cd657b2f
    7: 0x1a88f57 - config_tests.wasm!std::panicking::begin_panic_handler::{{closure}}::he68af7f9d5c53e56
    8: 0x1a88e91 - config_tests.wasm!std::sys::backtrace::__rust_end_short_backtrace::h4c38003a22ca226f
    9: 0x1a89816 - config_tests.wasm!__rustc[5224e6b81cd82a8f]::rust_begin_unwind
   10: 0x1a93180 - config_tests.wasm!core::panicking::panic_fmt::h4e32e8d1cab5f47e
   11: 0x1a62834 - config_tests.wasm!config_tests::attorney_tests_v2::test_create_attorney_duplicate::h847cadf284b693fc
   12: 0x1a7974f - config_tests.wasm!spin-test-test-create-attorney-duplicate
Caused by: wasm trap: wasm `unreachable` instruction executed

---- test-get-all-judges-with-prepopulated-data ----
test 'spin-test-test-get-all-judges-with-prepopulated-data' failed 
Caused by: error while executing at wasm backtrace:
    0: 0x1a8ce57 - config_tests.wasm!abort
    1: 0x1a88c36 - config_tests.wasm!std::sys::pal::wasi::helpers::abort_internal::hcc3b2e0cde3c9001
    2: 0x1a87865 - config_tests.wasm!std::process::abort::h0e38511b4c8b6f04
    3: 0x1a8785b - config_tests.wasm!__rustc[5224e6b81cd82a8f]::__rust_abort
    4: 0x1a8a039 - config_tests.wasm!__rustc[5224e6b81cd82a8f]::__rust_start_panic
    5: 0x1a89eaa - config_tests.wasm!__rustc[5224e6b81cd82a8f]::rust_panic
    6: 0x1a89e2f - config_tests.wasm!std::panicking::rust_panic_with_hook::h085fb375cd657b2f
    7: 0x1a88f57 - config_tests.wasm!std::panicking::begin_panic_handler::{{closure}}::he68af7f9d5c53e56
    8: 0x1a88e91 - config_tests.wasm!std::sys::backtrace::__rust_end_short_backtrace::h4c38003a22ca226f
    9: 0x1a89816 - config_tests.wasm!__rustc[5224e6b81cd82a8f]::rust_begin_unwind
   10: 0x1a93180 - config_tests.wasm!core::panicking::panic_fmt::h4e32e8d1cab5f47e
   11: 0x1a546f1 - config_tests.wasm!config_tests::judge_tests_proper::test_get_all_judges_with_prepopulated_data::hb11705e27f213065
   12: 0x1a76663 - config_tests.wasm!spin-test-test-get-all-judges-with-prepopulated-data
Caused by: wasm trap: wasm `unreachable` instruction executed

---- test-get-guidelines-by-id ----
test 'spin-test-test-get-guidelines-by-id' failed 
Caused by: error while executing at wasm backtrace:
    0: 0x1a8ce57 - config_tests.wasm!abort
    1: 0x1a88c36 - config_tests.wasm!std::sys::pal::wasi::helpers::abort_internal::hcc3b2e0cde3c9001
    2: 0x1a87865 - config_tests.wasm!std::process::abort::h0e38511b4c8b6f04
    3: 0x1a8785b - config_tests.wasm!__rustc[5224e6b81cd82a8f]::__rust_abort
    4: 0x1a8a039 - config_tests.wasm!__rustc[5224e6b81cd82a8f]::__rust_start_panic
    5: 0x1a89eaa - config_tests.wasm!__rustc[5224e6b81cd82a8f]::rust_panic
    6: 0x1a89e2f - config_tests.wasm!std::panicking::rust_panic_with_hook::h085fb375cd657b2f
    7: 0x1a88f25 - config_tests.wasm!std::panicking::begin_panic_handler::{{closure}}::he68af7f9d5c53e56
    8: 0x1a88e91 - config_tests.wasm!std::sys::backtrace::__rust_end_short_backtrace::h4c38003a22ca226f
    9: 0x1a89816 - config_tests.wasm!__rustc[5224e6b81cd82a8f]::rust_begin_unwind
   10: 0x1a93180 - config_tests.wasm!core::panicking::panic_fmt::h4e32e8d1cab5f47e
   11: 0x1a94bd6 - config_tests.wasm!core::panicking::assert_failed_inner::hf7ede4d3870aaaec
   12: 0x1a77d16 - config_tests.wasm!core::panicking::assert_failed::h168e3f8c09ecb509
   13: 0x1a19a5f - config_tests.wasm!config_tests::sentencing_tests_v2::test_get_guidelines_by_id::h0bf80f15aebd7925
   14: 0x1a77e60 - config_tests.wasm!spin-test-test-get-guidelines-by-id
Caused by: wasm trap: wasm `unreachable` instruction executed

---- test-get-published-opinions ----
test 'spin-test-test-get-published-opinions' failed 
Caused by: error while executing at wasm backtrace:
    0: 0x1a8ce57 - config_tests.wasm!abort
    1: 0x1a88c36 - config_tests.wasm!std::sys::pal::wasi::helpers::abort_internal::hcc3b2e0cde3c9001
    2: 0x1a87865 - config_tests.wasm!std::process::abort::h0e38511b4c8b6f04
    3: 0x1a8785b - config_tests.wasm!__rustc[5224e6b81cd82a8f]::__rust_abort
    4: 0x1a8a039 - config_tests.wasm!__rustc[5224e6b81cd82a8f]::__rust_start_panic
    5: 0x1a89eaa - config_tests.wasm!__rustc[5224e6b81cd82a8f]::rust_panic
    6: 0x1a89e2f - config_tests.wasm!std::panicking::rust_panic_with_hook::h085fb375cd657b2f
    7: 0x1a88f25 - config_tests.wasm!std::panicking::begin_panic_handler::{{closure}}::he68af7f9d5c53e56
    8: 0x1a88e91 - config_tests.wasm!std::sys::backtrace::__rust_end_short_backtrace::h4c38003a22ca226f
    9: 0x1a89816 - config_tests.wasm!__rustc[5224e6b81cd82a8f]::rust_begin_unwind
   10: 0x1a93180 - config_tests.wasm!core::panicking::panic_fmt::h4e32e8d1cab5f47e
   11: 0x1a94bd6 - config_tests.wasm!core::panicking::assert_failed_inner::hf7ede4d3870aaaec
   12: 0x1a77d16 - config_tests.wasm!core::panicking::assert_failed::h168e3f8c09ecb509
   13: 0x1a314a0 - config_tests.wasm!config_tests::opinion_tests_v2::test_get_published_opinions::h3d6110f8f5d3d06d
   14: 0x1a79722 - config_tests.wasm!spin-test-test-get-published-opinions
Caused by: wasm trap: wasm `unreachable` instruction executed

---- test-update-judge-status ----
test 'spin-test-test-update-judge-status' failed 
Caused by: error while executing at wasm backtrace:
    0: 0x1a8ce57 - config_tests.wasm!abort
    1: 0x1a88c36 - config_tests.wasm!std::sys::pal::wasi::helpers::abort_internal::hcc3b2e0cde3c9001
    2: 0x1a87865 - config_tests.wasm!std::process::abort::h0e38511b4c8b6f04
    3: 0x1a8785b - config_tests.wasm!__rustc[5224e6b81cd82a8f]::__rust_abort
    4: 0x1a8a039 - config_tests.wasm!__rustc[5224e6b81cd82a8f]::__rust_start_panic
    5: 0x1a89eaa - config_tests.wasm!__rustc[5224e6b81cd82a8f]::rust_panic
    6: 0x1a89e2f - config_tests.wasm!std::panicking::rust_panic_with_hook::h085fb375cd657b2f
    7: 0x1a88f25 - config_tests.wasm!std::panicking::begin_panic_handler::{{closure}}::he68af7f9d5c53e56
    8: 0x1a88e91 - config_tests.wasm!std::sys::backtrace::__rust_end_short_backtrace::h4c38003a22ca226f
    9: 0x1a89816 - config_tests.wasm!__rustc[5224e6b81cd82a8f]::rust_begin_unwind
   10: 0x1a93180 - config_tests.wasm!core::panicking::panic_fmt::h4e32e8d1cab5f47e
   11: 0x1a94bd6 - config_tests.wasm!core::panicking::assert_failed_inner::hf7ede4d3870aaaec
   12: 0x1a77d16 - config_tests.wasm!core::panicking::assert_failed::h168e3f8c09ecb509
   13: 0x1a56a5a - config_tests.wasm!config_tests::judge_tests_proper::test_update_judge_status::h643d30f2589e25fe
   14: 0x1a76654 - config_tests.wasm!spin-test-test-update-judge-status
Caused by: wasm trap: wasm `unreachable` instruction executed

---- test-delete-calendar-event ----
test 'spin-test-test-delete-calendar-event' failed 
Caused by: error while executing at wasm backtrace:
    0: 0x1a8ce57 - config_tests.wasm!abort
    1: 0x1a88c36 - config_tests.wasm!std::sys::pal::wasi::helpers::abort_internal::hcc3b2e0cde3c9001
    2: 0x1a87865 - config_tests.wasm!std::process::abort::h0e38511b4c8b6f04
    3: 0x1a8785b - config_tests.wasm!__rustc[5224e6b81cd82a8f]::__rust_abort
    4: 0x1a8a039 - config_tests.wasm!__rustc[5224e6b81cd82a8f]::__rust_start_panic
    5: 0x1a89eaa - config_tests.wasm!__rustc[5224e6b81cd82a8f]::rust_panic
    6: 0x1a89e2f - config_tests.wasm!std::panicking::rust_panic_with_hook::h085fb375cd657b2f
    7: 0x1a88f57 - config_tests.wasm!std::panicking::begin_panic_handler::{{closure}}::he68af7f9d5c53e56
    8: 0x1a88e91 - config_tests.wasm!std::sys::backtrace::__rust_end_short_backtrace::h4c38003a22ca226f
    9: 0x1a89816 - config_tests.wasm!__rustc[5224e6b81cd82a8f]::rust_begin_unwind
   10: 0x1a93180 - config_tests.wasm!core::panicking::panic_fmt::h4e32e8d1cab5f47e
   11: 0x1a096c1 - config_tests.wasm!config_tests::docket_tests_v2::test_delete_calendar_event::h7adb34a55e537b44
   12: 0x1a76555 - config_tests.wasm!spin-test-test-delete-calendar-event
Caused by: wasm trap: wasm `unreachable` instruction executed


failures:
    test-order-multi-tenant-isolation
    test-search-opinions
    test-calculate-guidelines
    test-create-draft-version
    test-get-events-by-courtroom
    test-update-attorney-nonexistent
    test-delete-docket-entry
    test-check-deadline-approaching
    test-update-deadline-status
    test-update-nonexistent-opinion
    test-get-deadlines-by-type
    test-get-attorney-metrics
    test-list-orders
    test-config-requires-district-header
    test-get-attorney-by-bar-number
    test-multi-tenant-isolation
    test-add-to-cja-panel
    test-schedule-event-time-conflict
    test-get-cases-by-judge
    test-get-urgent-deadlines
    test-get-judge-by-id-cache-hit
    test-initialize-speedy-trial
    test-get-sentencing-by-case
    test-create-case-duplicate
    test-get-opinions-by-case
    test-get-opinion-not-found
    test-check-order-expired
    test-create-deadline-missing-case-id
    test-create-order-missing-judge
    test-update-order
    test-find-available-slot
    test-docket-multi-tenant-isolation
    test-create-deadline-success
    test-get-sealed-entries
    test-get-deadlines-by-case
    test-empty-district-header
    test-create-case-success
    test-get-expiring-orders
    test-get-orders-by-case
    test-get-draft-versions
    test-add-defendant
    test-get-judge-calendar
    test-get-departures
    test-record-departure
    test-get-sentencing-statistics
    test-get-deadline-by-id
    test-search-docket-entries
    test-get-cja-panel
    test-create-from-template
    test-get-speedy-trial-violations
    test-create-deadline-missing-due-date
    test-get-pending-sentencings
    test-request-extension
    test-calculate-guidelines-invalid-history
    test-url-based-routing
    test-list-opinions
    test-create-attorney-success
    test-create-order-missing-case-id
    test-request-extension-invalid-days
    test-get-opinions-by-judge
    test-update-opinion
    test-create-opinion-success
    test-district-isolation-with-headers
    test-judge-conflict-management
    test-sign-order
    test-update-case-status
    test-create-order-invalid-type
    test-get-filing-statistics
    test-get-order-templates
    test-issue-order
    test-judges-requires-district-header
    test-get-case-docket
    test-update-attorney
    test-get-opinion-by-id
    test-get-judge-sentencing-stats
    test-update-speedy-trial-clock
    test-add-service-record
    test-get-sentencing-by-id
    test-get-speedy-trial-status
    test-opinion-multi-tenant-isolation
    test-schedule-calendar-event
    test-create-attorney-invalid-email
    test-get-judge-by-id-cache-miss
    test-get-pending-extensions
    test-get-order-by-id
    test-header-routing-matches-url-routing
    test-complete-deadline
    test-publish-opinion
    test-count-by-status
    test-delete-case
    test-get-pending-signatures
    test-record-appeal
    test-deadline-multi-tenant-isolation
    test-attorney-multi-tenant-isolation
    test-delete-deadline
    test-get-extension-by-id
    test-create-sentencing-invalid-offense-level
    test-get-case-by-id-found
    test-list-all-attorneys
    test-get-case-by-id-not-found
    test-update-sentencing
    test-missing-header-returns-error
    test-create-order-success
    test-header-vs-url-routing-consistency
    test-create-attorney-duplicate
    test-get-all-judges-with-prepopulated-data
    test-get-guidelines-by-id
    test-get-published-opinions
    test-update-judge-status
    test-delete-calendar-event

test result: [0m[31mFAILED[0m. 42 passed; 110 failed; 0 ignored; 0 measured; 0 filtered out; finished in 221.24s

