   Compiling config-tests v0.1.0 (/Users/THarpool/Code/personel/spin-todo-api/tests)
    Finished `release` profile [optimized] target(s) in 1.82s

running 152 tests

thread '<unnamed>' panicked at src/attorney_tests_v2.rs:192:5:
assertion `left == right` failed: Should return 200 for existing attorney
  left: 404
 right: 200
note: run with `RUST_BACKTRACE=1` environment variable to display a backtrace
test test-get-attorney-by-bar-number              ... [0m[31mFAILED[0m

thread '<unnamed>' panicked at src/adapters/spin_kv_judge_repository.rs:34:14:
Failed to open store: tenant_not_specified: Error::AccessDenied
note: run with `RUST_BACKTRACE=1` environment variable to display a backtrace

thread '<unnamed>' panicked at src/opinion_tests_v2.rs:303:5:
Should return judge's opinions
note: run with `RUST_BACKTRACE=1` environment variable to display a backtrace

thread '<unnamed>' panicked at src/attorney_tests_v2.rs:170:5:
May return 400 (invalid) or 409 (duplicate) attorney should return 409 Conflict
note: run with `RUST_BACKTRACE=1` environment variable to display a backtrace

thread '<unnamed>' panicked at src/criminal_case_tests_v2.rs:372:5:
Add defendant should return 200 or 201
note: run with `RUST_BACKTRACE=1` environment variable to display a backtrace

thread '<unnamed>' panicked at src/attorney_tests_v2.rs:116:5:
Create should return 201 (created) or 409 (exists), got 200: {"id":"2749b25e-d4c7-4b9a-a362-8fe6e91f64c9","bar_number":"NY12345","first_name":"Jane","last_name":"Smith","middle_name":null,"firm_name":null,"email":"jane.smith@law.com","phone":"212-555-0100","fax":null,"address":{"street1":"123 Test St","street2":null,"city":"New York","state":"NY","zip_code":"10001","country":"USA"},"bar_admissions":[],"federal_admissions":[],"pro_hac_vice_admissions":[],"ecf_registration":null,"cja_panel_member":false,"cja_panel_districts":[],"cja_appointments":[],"practice_areas":[],"languages_spoken":["English"],"status":"Active","discipline_history":[],"cases_handled":0,"win_rate_percentage":null,"avg_case_duration_days":null,"created_at":"2025-09-26T15:57:28.374126Z","updated_at":"2025-09-26T15:57:28.374141Z"}
note: run with `RUST_BACKTRACE=1` environment variable to display a backtrace

thread '<unnamed>' panicked at src/deadline_tests_v2.rs:237:5:
Should return urgent deadlines
note: run with `RUST_BACKTRACE=1` environment variable to display a backtrace

thread '<unnamed>' panicked at src/docket_tests_v2.rs:327:5:
assertion `left == right` failed: Should return 200 for judge calendar
  left: 400
 right: 200
note: run with `RUST_BACKTRACE=1` environment variable to display a backtrace

thread '<unnamed>' panicked at src/docket_tests_v2.rs:192:5:
assertion `left == right` failed: Should return 200 for case docket
  left: 400
 right: 200
note: run with `RUST_BACKTRACE=1` environment variable to display a backtrace

thread '<unnamed>' panicked at src/docket_tests_v2.rs:692:5:
Error should mention invalid time
note: run with `RUST_BACKTRACE=1` environment variable to display a backtrace

thread '<unnamed>' panicked at src/opinion_tests_v2.rs:229:5:
assertion `left == right` failed: Should return 400 for invalid opinion
  left: 404
 right: 400
note: run with `RUST_BACKTRACE=1` environment variable to display a backtrace

thread '<unnamed>' panicked at src/order_tests_v2.rs:464:5:
Should return templates
note: run with `RUST_BACKTRACE=1` environment variable to display a backtrace
test test-create-case-requires-district-header    ... [0m[32mok[0m
test test-valid-federal-court-headers             ... [0m[32mok[0m
test test-add-defendant                           ... [0m[31mFAILED[0m
test test-get-opinions-by-judge                   ... [0m[31mFAILED[0m
test test-create-attorney-duplicate               ... [0m[31mFAILED[0m
test test-get-case-docket                         ... [0m[31mFAILED[0m
test test-create-attorney-success                 ... [0m[31mFAILED[0m
test test-empty-district-header                   ... [0m[31mFAILED[0m
test test-create-judge-missing-courtroom          ... [0m[32mok[0m
test test-get-urgent-deadlines                    ... [0m[31mFAILED[0m
test test-get-order-templates                     ... [0m[31mFAILED[0m
test test-get-opinion-not-found                   ... [0m[31mFAILED[0m
test test-schedule-event-time-conflict            ... [0m[31mFAILED[0m
test test-get-judge-calendar                      ... [0m[31mFAILED[0m

thread '<unnamed>' panicked at src/header_routing_tests.rs:379:5:
assertion failed: status == 201 || status == 409
note: run with `RUST_BACKTRACE=1` environment variable to display a backtrace

thread '<unnamed>' panicked at src/judge_tests_proper.rs:152:5:
assertion `left == right` failed: Should return 200 for existing judge
  left: 400
 right: 200
note: run with `RUST_BACKTRACE=1` environment variable to display a backtrace
test test-create-sentencing-missing-judge         ... [0m[32mok[0m
test test-district-isolation-with-headers         ... [0m[31mFAILED[0m

thread '<unnamed>' panicked at src/sentencing_tests_v2.rs:244:5:
assertion `left == right` failed: Should return 200
  left: 500
 right: 200
note: run with `RUST_BACKTRACE=1` environment variable to display a backtrace

thread '<unnamed>' panicked at src/order_tests_v2.rs:375:5:
assertion `left == right` failed: Issue should return 200
  left: 404
 right: 200
note: run with `RUST_BACKTRACE=1` environment variable to display a backtrace

thread '<unnamed>' panicked at src/docket_tests_v2.rs:588:5:
assertion `left == right` failed: Should return 200 for statistics
  left: 400
 right: 200
note: run with `RUST_BACKTRACE=1` environment variable to display a backtrace

thread '<unnamed>' panicked at src/deadline_tests_v2.rs:315:5:
assertion `left == right` failed: Update should return 200
  left: 400
 right: 200
note: run with `RUST_BACKTRACE=1` environment variable to display a backtrace

thread '<unnamed>' panicked at src/deadline_tests_v2.rs:261:5:
assertion `left == right` failed: Should return 200
  left: 400
 right: 200
note: run with `RUST_BACKTRACE=1` environment variable to display a backtrace

thread '<unnamed>' panicked at src/docket_tests_v2.rs:433:5:
assertion `left == right` failed: Should return 200 for speedy trial status
  left: 400
 right: 200
note: run with `RUST_BACKTRACE=1` environment variable to display a backtrace

thread '<unnamed>' panicked at src/order_tests_v2.rs:120:5:
Create should return 201 (created) or 409 (exists), got 400: {"error":"Invalid data format","status":400,"details":"premature end of input at line 1 column 419"}
note: run with `RUST_BACKTRACE=1` environment variable to display a backtrace
test test-get-judge-by-id-cache-hit               ... [0m[31mFAILED[0m
test test-missing-district-header-returns-error   ... [0m[32mok[0m
test test-get-sentencing-by-case                  ... [0m[31mFAILED[0m

thread '<unnamed>' panicked at src/docket_tests_v2.rs:627:5:
assertion failed: status == 201 || status == 409
note: run with `RUST_BACKTRACE=1` environment variable to display a backtrace
test test-issue-order                             ... [0m[31mFAILED[0m
test test-get-filing-statistics                   ... [0m[31mFAILED[0m
test test-create-sentencing-missing-case-id       ... [0m[32mok[0m
test test-update-deadline-status                  ... [0m[31mFAILED[0m
test test-get-deadlines-by-case                   ... [0m[31mFAILED[0m
test test-get-speedy-trial-status                 ... [0m[31mFAILED[0m
test test-create-judge-invalid-title-enum         ... [0m[32mok[0m
test test-create-order-success                    ... [0m[31mFAILED[0m
test test-delete-sentencing                       ... [0m[32mok[0m

thread '<unnamed>' panicked at src/docket_tests_v2.rs:410:5:
Initialize should return 200 or 201, got 405: Method Not Allowed
note: run with `RUST_BACKTRACE=1` environment variable to display a backtrace
test test-create-attorney-missing-bar-number      ... [0m[32mok[0m
test test-docket-multi-tenant-isolation           ... [0m[31mFAILED[0m

thread '<unnamed>' panicked at src/opinion_tests_v2.rs:119:5:
Create should return 201 (created) or 409 (exists), got 400: {"error":"Invalid data format","status":400,"details":"unknown variant `memorandum`, expected one of `Majority`, `Plurality`, `Concurring`, `ConcurringInPart`, `Dissenting`, `DissentingInPart`, `PerCuriam`, `Memorandum`, `BenchOpinion`, `SlipOpinion`, `PublishedOpinion` at line 1 column 570"}
note: run with `RUST_BACKTRACE=1` environment variable to display a backtrace

thread '<unnamed>' panicked at src/opinion_tests_v2.rs:254:5:
Should return at least 2 opinions
note: run with `RUST_BACKTRACE=1` environment variable to display a backtrace

thread '<unnamed>' panicked at src/sentencing_tests_v2.rs:376:5:
assertion `left == right` failed: Should return 200
  left: 404
 right: 200
note: run with `RUST_BACKTRACE=1` environment variable to display a backtrace

thread '<unnamed>' panicked at src/criminal_case_tests_v2.rs:236:5:
assertion `left == right` failed
  left: Null
 right: "CR-2024-001"
note: run with `RUST_BACKTRACE=1` environment variable to display a backtrace

thread '<unnamed>' panicked at src/docket_tests_v2.rs:460:5:
assertion `left == right` failed: Update clock should return 200
  left: 404
 right: 200
note: run with `RUST_BACKTRACE=1` environment variable to display a backtrace

thread '<unnamed>' panicked at src/sentencing_tests_v2.rs:626:5:
assertion `left == right` failed: Invalid offense level should return 400
  left: 201
 right: 400
note: run with `RUST_BACKTRACE=1` environment variable to display a backtrace

thread '<unnamed>' panicked at src/docket_tests_v2.rs:354:5:
Should return courtroom events
note: run with `RUST_BACKTRACE=1` environment variable to display a backtrace

thread '<unnamed>' panicked at src/sentencing_tests_v2.rs:441:5:
assertion `left == right` failed: Should return 200 for statistics
  left: 404
 right: 200
note: run with `RUST_BACKTRACE=1` environment variable to display a backtrace

thread '<unnamed>' panicked at src/order_tests_v2.rs:550:5:
Should return expiring orders
note: run with `RUST_BACKTRACE=1` environment variable to display a backtrace
test test-initialize-speedy-trial                 ... [0m[31mFAILED[0m

thread '<unnamed>' panicked at src/order_tests_v2.rs:262:5:
Should return orders for the case
note: run with `RUST_BACKTRACE=1` environment variable to display a backtrace
test test-create-opinion-success                  ... [0m[31mFAILED[0m
test test-list-opinions                           ... [0m[31mFAILED[0m

thread '<unnamed>' panicked at src/opinion_tests_v2.rs:605:5:
Error should mention invalid type
note: run with `RUST_BACKTRACE=1` environment variable to display a backtrace
test test-get-departures                          ... [0m[31mFAILED[0m
test test-get-case-by-id-found                    ... [0m[31mFAILED[0m
test test-tenant-id-header-takes-priority         ... [0m[32mok[0m
test test-update-speedy-trial-clock               ... [0m[31mFAILED[0m
test test-case-insensitive-district-headers       ... [0m[32mok[0m
test test-create-sentencing-invalid-offense-level ... [0m[31mFAILED[0m
test test-get-events-by-courtroom                 ... [0m[31mFAILED[0m
test test-get-expiring-orders                     ... [0m[31mFAILED[0m
test test-get-sentencing-statistics               ... [0m[31mFAILED[0m
thread '<unnamed>' panicked at crates/spin-test-virt/src/wasi/http.rs:370:9:
not yet implemented
note: run with `RUST_BACKTRACE=1` environment variable to display a backtrace
test test-get-orders-by-case                      ... [0m[31mFAILED[0m
test test-create-opinion-invalid-type             ... [0m[31mFAILED[0m

thread '<unnamed>' panicked at src/header_routing_tests.rs:148:5:
Should indicate missing district
note: run with `RUST_BACKTRACE=1` environment variable to display a backtrace

thread '<unnamed>' panicked at src/order_tests_v2.rs:317:5:
assertion `left == right` failed: Update should return 200
  left: 404
 right: 200
note: run with `RUST_BACKTRACE=1` environment variable to display a backtrace

thread '<unnamed>' panicked at src/criminal_case_tests_v2.rs:316:5:
Should return judge's cases
note: run with `RUST_BACKTRACE=1` environment variable to display a backtrace

thread '<unnamed>' panicked at src/deadline_tests_v2.rs:565:5:
District9 store should be accessed
note: run with `RUST_BACKTRACE=1` environment variable to display a backtrace
test test-url-based-routing                       ... [0m[31mFAILED[0m

thread '<unnamed>' panicked at src/opinion_tests_v2.rs:188:5:
Error should mention missing author_judge_id field
note: run with `RUST_BACKTRACE=1` environment variable to display a backtrace

thread '<unnamed>' panicked at src/docket_tests_v2.rs:540:5:
Store should be accessed for delete
note: run with `RUST_BACKTRACE=1` environment variable to display a backtrace

thread '<unnamed>' panicked at src/deadline_tests_v2.rs:504:5:
Store should be accessed for delete
note: run with `RUST_BACKTRACE=1` environment variable to display a backtrace

thread '<unnamed>' panicked at src/docket_tests_v2.rs:380:5:
assertion `left == right` failed: Should return 200 for available slot
  left: 405
 right: 200
note: run with `RUST_BACKTRACE=1` environment variable to display a backtrace

thread '<unnamed>' panicked at src/sentencing_tests_v2.rs:267:5:
assertion `left == right` failed: Should return 200
  left: 500
 right: 200
note: run with `RUST_BACKTRACE=1` environment variable to display a backtrace

thread '<unnamed>' panicked at src/judge_tests_proper.rs:119:5:
Should return at least 2 judges
note: run with `RUST_BACKTRACE=1` environment variable to display a backtrace
test test-create-docket-entry-success             ... [0m[32mok[0m
test test-config-requires-district-header         ... [0m[31mFAILED[0m
test test-update-order                            ... [0m[31mFAILED[0m
test test-delete-opinion                          ... [0m[32mok[0m
test test-get-cases-by-judge                      ... [0m[31mFAILED[0m
test test-deadline-multi-tenant-isolation         ... [0m[31mFAILED[0m
test test-create-opinion-missing-author           ... [0m[31mFAILED[0m
test test-delete-docket-entry                     ... [0m[31mFAILED[0m
test test-delete-deadline                         ... [0m[31mFAILED[0m
test test-find-available-slot                     ... [0m[31mFAILED[0m
test test-get-pending-sentencings                 ... [0m[31mFAILED[0m
test test-get-all-judges-with-prepopulated-data   ... [0m[31mFAILED[0m

thread '<unnamed>' panicked at src/docket_tests_v2.rs:490:5:
Should return speedy trial violations
note: run with `RUST_BACKTRACE=1` environment variable to display a backtrace
test test-header-sanitization                     ... [0m[32mok[0m

thread '<unnamed>' panicked at src/deadline_tests_v2.rs:600:5:
Error should mention invalid date
note: run with `RUST_BACKTRACE=1` environment variable to display a backtrace

thread '<unnamed>' panicked at src/sentencing_tests_v2.rs:350:5:
assertion `left == right` failed: Record departure should return 200
  left: 400
 right: 200
note: run with `RUST_BACKTRACE=1` environment variable to display a backtrace
test test-invalid-district-header                 ... [0m[32mok[0m

thread '<unnamed>' panicked at src/sentencing_tests_v2.rs:648:5:
assertion `left == right` failed: Invalid criminal history should return 400
  left: 405
 right: 400
note: run with `RUST_BACKTRACE=1` environment variable to display a backtrace

thread '<unnamed>' panicked at src/order_tests_v2.rs:348:5:
assertion `left == right` failed: Sign should return 200
  left: 400
 right: 200
note: run with `RUST_BACKTRACE=1` environment variable to display a backtrace

thread '<unnamed>' panicked at src/docket_tests_v2.rs:242:5:
assertion `left == right` failed: Search should return 200
  left: 400
 right: 200
note: run with `RUST_BACKTRACE=1` environment variable to display a backtrace

thread '<unnamed>' panicked at src/opinion_tests_v2.rs:624:5:
assertion `left == right` failed: Update with invalid ID opinion should return 404
  left: 404
 right: 400
note: run with `RUST_BACKTRACE=1` environment variable to display a backtrace

thread '<unnamed>' panicked at src/judge_tests_proper.rs:182:5:
assertion `left == right` failed
  left: []
 right: [Call::Get("judges:nonexistent-judge")]
note: run with `RUST_BACKTRACE=1` environment variable to display a backtrace
test test-get-speedy-trial-violations             ... [0m[31mFAILED[0m
test test-sentencing-multi-tenant-isolation       ... [0m[32mok[0m
test test-create-deadline-invalid-date            ... [0m[31mFAILED[0m
test test-create-case-missing-crime-type          ... [0m[32mok[0m
test test-record-departure                        ... [0m[31mFAILED[0m
test test-calculate-guidelines-invalid-history    ... [0m[31mFAILED[0m

thread '<unnamed>' panicked at src/judge_tests_proper.rs:214:5:
assertion `left == right` failed: Update should return 200
  left: 400
 right: 200
note: run with `RUST_BACKTRACE=1` environment variable to display a backtrace
test test-create-docket-entry-missing-case-id     ... [0m[32mok[0m
test test-sign-order                              ... [0m[31mFAILED[0m
test test-search-docket-entries                   ... [0m[31mFAILED[0m
test test-update-nonexistent-opinion              ... [0m[31mFAILED[0m
test test-get-judge-by-id-cache-miss              ... [0m[31mFAILED[0m
test test-judge-workload-stats                    ... [0m[32mok[0m

thread '<unnamed>' panicked at src/criminal_case_tests_v2.rs:135:5:
assertion failed: calls.iter().any(|c| matches!(c, key_value::Call::Get(_)))
note: run with `RUST_BACKTRACE=1` environment variable to display a backtrace
test test-multi-tenancy-isolation                 ... [0m[32mok[0m

thread '<unnamed>' panicked at src/sentencing_tests_v2.rs:322:5:
assertion `left == right` failed: Should return 200 for existing guidelines
  left: 404
 right: 200
note: run with `RUST_BACKTRACE=1` environment variable to display a backtrace

thread '<unnamed>' panicked at src/docket_tests_v2.rs:510:5:
assertion `left == right` failed: Should return 200 for deadline check
  left: 400
 right: 200
note: run with `RUST_BACKTRACE=1` environment variable to display a backtrace

thread '<unnamed>' panicked at src/opinion_tests_v2.rs:485:5:
assertion failed: status == 201 || status == 409
note: run with `RUST_BACKTRACE=1` environment variable to display a backtrace
test test-update-judge-status                     ... [0m[31mFAILED[0m

thread '<unnamed>' panicked at src/opinion_tests_v2.rs:330:5:
assertion `left == right` failed: Update should return 200
  left: 404
 right: 200
note: run with `RUST_BACKTRACE=1` environment variable to display a backtrace
