    Finished `release` profile [optimized] target(s) in 0.18s

running 263 tests
thread '<unnamed>' panicked at crates/spin-test-virt/src/wasi/http.rs:370:9:
not yet implemented
note: run with `RUST_BACKTRACE=1` environment variable to display a backtrace
thread '<unnamed>' panicked at crates/spin-test-virt/src/wasi/http.rs:370:9:
not yet implemented
note: run with `RUST_BACKTRACE=1` environment variable to display a backtrace
thread '<unnamed>' panicked at crates/spin-test-virt/src/wasi/http.rs:370:9:
not yet implemented
note: run with `RUST_BACKTRACE=1` environment variable to display a backtrace

thread '<unnamed>' panicked at src/opinion_crud_tests.rs:201:5:
assertion `left == right` failed: Listing opinions should return 200
  left: 404
 right: 200
note: run with `RUST_BACKTRACE=1` environment variable to display a backtrace
test test-search-cases-url-based                                  ... [0m[31mFAILED[0m
test test-assign-case-url-based                                   ... [0m[31mFAILED[0m
test test-both-routing-methods-accessible                         ... [0m[32mok[0m
test test-get-disciplinary-history                                ... [0m[32mok[0m
test test-get-expiring-orders-url-based                           ... [0m[32mok[0m
test test-update-ecf-registration                                 ... [0m[32mok[0m
test test-get-courtroom-utilization-url-based                     ... [0m[32mok[0m
test test-judge-header-and-url-consistency                        ... [0m[31mFAILED[0m
test test-search-attorneys-endpoint                               ... [0m[32mok[0m
test test-list-opinions-returns-array                             ... [0m[31mFAILED[0m
thread '<unnamed>' panicked at crates/spin-test-virt/src/wasi/http.rs:370:9:
not yet implemented
note: run with `RUST_BACKTRACE=1` environment variable to display a backtrace

thread '<unnamed>' panicked at src/adapters/spin_kv_document_repository.rs:34:14:
Failed to open store: tenant_not_specified: Error::AccessDenied
note: run with `RUST_BACKTRACE=1` environment variable to display a backtrace
test test-get-performance-metrics-url-based                       ... [0m[32mok[0m
test test-find-pending-url-based                                  ... [0m[32mok[0m
test test-get-available-judges-url-based                          ... [0m[31mFAILED[0m
test test-get-template-url-based                                  ... [0m[32mok[0m
test test-send-reminders-url-based                                ... [0m[32mok[0m

thread '<unnamed>' panicked at src/criminal_case_tests.rs:88:5:
Expected 201 or 409, got 400
note: run with `RUST_BACKTRACE=1` environment variable to display a backtrace
test test-opinion-missing-district-returns-error                  ... [0m[31mFAILED[0m

thread '<unnamed>' panicked at src/opinion_tests.rs:114:9:
List opinions should return 200 or 500/503, got 404
note: run with `RUST_BACKTRACE=1` environment variable to display a backtrace
test test-get-pro-hac-vice-by-case-endpoint                       ... [0m[32mok[0m
test test-create-case-header-based                                ... [0m[31mFAILED[0m
test test-list-opinions-url-based                                 ... [0m[31mFAILED[0m
test test-get-attorneys-by-firm-endpoint                          ... [0m[32mok[0m
test test-find-active-templates-url-based                         ... [0m[32mok[0m
test test-generate-template-content-url-based                     ... [0m[32mok[0m
test test-resolve-draft-comment-url-based                         ... [0m[32mok[0m
test test-update-attorney-endpoint                                ... [0m[32mok[0m
thread '<unnamed>' panicked at crates/spin-test-virt/src/wasi/http.rs:370:9:
not yet implemented
note: run with `RUST_BACKTRACE=1` environment variable to display a backtrace
test test-is-binding-opinion-url-based                            ... [0m[32mok[0m
test test-get-all-judges-url-based                                ... [0m[31mFAILED[0m
test test-migrate-representations                                 ... [0m[32mok[0m
test test-get-service-by-document                                 ... [0m[32mok[0m
test test-get-attorneys-by-status-endpoint                        ... [0m[32mok[0m
test test-bulk-add-to-service                                     ... [0m[32mok[0m
test test-get-approaching-deadlines-url-based                     ... [0m[32mok[0m

thread '<unnamed>' panicked at src/adapters/spin_kv_docket_repository.rs:35:14:
Failed to open store: tenant_not_specified: Error::AccessDenied
note: run with `RUST_BACKTRACE=1` environment variable to display a backtrace

thread '<unnamed>' panicked at src/deadline_tests.rs:469:5:
assertion `left == right` failed: Should return 400 for invalid deadline data
  left: 404
 right: 400
note: run with `RUST_BACKTRACE=1` environment variable to display a backtrace
thread '<unnamed>' panicked at crates/spin-test-virt/src/wasi/http.rs:370:9:
not yet implemented
note: run with `RUST_BACKTRACE=1` environment variable to display a backtrace
thread '<unnamed>' panicked at crates/spin-test-virt/src/wasi/http.rs:370:9:
not yet implemented
note: run with `RUST_BACKTRACE=1` environment variable to display a backtrace
