   Compiling config-tests v0.1.0 (/Users/THarpool/Code/personel/spin-todo-api/tests)
    Finished `release` profile [optimized] target(s) in 1.87s

running 189 tests

thread '<unnamed>' panicked at src/order_tests_v2.rs:375:5:
assertion `left == right` failed: Issue should return 200
  left: 404
 right: 200
note: run with `RUST_BACKTRACE=1` environment variable to display a backtrace

thread '<unnamed>' panicked at src/order_tests_v2.rs:239:5:
Should return at least 2 orders
note: run with `RUST_BACKTRACE=1` environment variable to display a backtrace

thread '<unnamed>' panicked at src/attorney_tests_v2.rs:262:5:
assertion `left == right` failed: Update should return 200
  left: 400
 right: 200
note: run with `RUST_BACKTRACE=1` environment variable to display a backtrace

thread '<unnamed>' panicked at src/judge_tests_proper.rs:152:5:
assertion `left == right` failed: Should return 200 for existing judge
  left: 400
 right: 200
note: run with `RUST_BACKTRACE=1` environment variable to display a backtrace

thread '<unnamed>' panicked at src/order_tests_v2.rs:210:5:
assertion `left == right` failed: Should return 200 for existing order
  left: 404
 right: 200
note: run with `RUST_BACKTRACE=1` environment variable to display a backtrace
test test-issue-order                             ... [0m[31mFAILED[0m

thread '<unnamed>' panicked at src/docket_tests_v2.rs:562:5:
Store should be accessed for delete
note: run with `RUST_BACKTRACE=1` environment variable to display a backtrace

thread '<unnamed>' panicked at src/deadline_tests_v2.rs:340:5:
assertion `left == right` failed: Complete should return 200
  left: 400
 right: 200
note: run with `RUST_BACKTRACE=1` environment variable to display a backtrace

thread '<unnamed>' panicked at src/docket_tests_v2.rs:510:5:
assertion `left == right` failed: Should return 200 for deadline check
  left: 400
 right: 200
note: run with `RUST_BACKTRACE=1` environment variable to display a backtrace
test test-list-orders                             ... [0m[31mFAILED[0m

thread '<unnamed>' panicked at src/integration_tests.rs:320:5:
assertion `left == right` failed: Should return 404 for non-existent attorney
  left: 400
 right: 404
note: run with `RUST_BACKTRACE=1` environment variable to display a backtrace

thread '<unnamed>' panicked at src/docket_tests_v2.rs:354:5:
Should return courtroom events
note: run with `RUST_BACKTRACE=1` environment variable to display a backtrace
test test-update-attorney                         ... [0m[31mFAILED[0m

thread '<unnamed>' panicked at src/docket_tests_v2.rs:460:5:
assertion `left == right` failed: Update clock should return 200
  left: 404
 right: 200
note: run with `RUST_BACKTRACE=1` environment variable to display a backtrace
test test-endpoint-health-check                   ... [0m[32mok[0m
test test-get-judge-by-id-cache-hit               ... [0m[31mFAILED[0m
test test-get-order-by-id                         ... [0m[31mFAILED[0m
test test-delete-calendar-event                   ... [0m[31mFAILED[0m
test test-complete-deadline                       ... [0m[31mFAILED[0m
test test-check-deadline-approaching              ... [0m[31mFAILED[0m
test test-get-events-by-courtroom                 ... [0m[31mFAILED[0m
test test-system-handles-invalid-operations       ... [0m[31mFAILED[0m
test test-get-upcoming-deadlines                  ... [0m[32mok[0m
test test-update-speedy-trial-clock               ... [0m[31mFAILED[0m
test test-create-sentencing-success               ... [0m[32mok[0m

thread '<unnamed>' panicked at src/header_routing_tests.rs:379:5:
assertion failed: status == 201 || status == 409
note: run with `RUST_BACKTRACE=1` environment variable to display a backtrace

thread '<unnamed>' panicked at src/deadline_tests_v2.rs:418:5:
Should return pending extensions
note: run with `RUST_BACKTRACE=1` environment variable to display a backtrace
thread '<unnamed>' panicked at crates/spin-test-virt/src/wasi/http.rs:370:9:
not yet implemented
note: run with `RUST_BACKTRACE=1` environment variable to display a backtrace
test test-valid-federal-court-headers             ... [0m[32mok[0m
test test-attorney-create-contract                ... [0m[32mok[0m
test test-district-isolation-with-headers         ... [0m[31mFAILED[0m
test test-url-based-config-endpoint               ... [0m[32mok[0m
test test-get-pending-extensions                  ... [0m[31mFAILED[0m

thread '<unnamed>' panicked at src/endpoint_tests.rs:226:5:
Create deadline should return 201 or 200, got 400
note: run with `RUST_BACKTRACE=1` environment variable to display a backtrace

thread '<unnamed>' panicked at src/order_tests_v2.rs:348:5:
assertion `left == right` failed: Sign should return 200
  left: 400
 right: 200
note: run with `RUST_BACKTRACE=1` environment variable to display a backtrace

thread '<unnamed>' panicked at src/docket_tests_v2.rs:588:5:
assertion `left == right` failed: Should return 200 for statistics
  left: 400
 right: 200
note: run with `RUST_BACKTRACE=1` environment variable to display a backtrace

thread '<unnamed>' panicked at src/business_logic_tests.rs:67:5:
assertion `left == right` failed: Invalid email format should return 400
  left: 200
 right: 400
note: run with `RUST_BACKTRACE=1` environment variable to display a backtrace

thread '<unnamed>' panicked at src/deadline_tests_v2.rs:117:5:
Create should return 201 (created) or 409 (exists), got 400: {"error":"Invalid data format","status":400,"details":"premature end of input at line 1 column 373"}
note: run with `RUST_BACKTRACE=1` environment variable to display a backtrace

thread '<unnamed>' panicked at src/order_tests_v2.rs:426:5:
assertion `left == right` failed: Create from template should return 201
  left: 404
 right: 201
note: run with `RUST_BACKTRACE=1` environment variable to display a backtrace

thread '<unnamed>' panicked at src/order_tests_v2.rs:550:5:
Should return expiring orders
note: run with `RUST_BACKTRACE=1` environment variable to display a backtrace
test test-header-vs-url-routing-consistency       ... [0m[31mFAILED[0m

thread '<unnamed>' panicked at src/docket_tests_v2.rs:692:5:
Error should mention invalid time
note: run with `RUST_BACKTRACE=1` environment variable to display a backtrace
test test-create-deadline                         ... [0m[31mFAILED[0m
test test-sign-order                              ... [0m[31mFAILED[0m
test test-get-filing-statistics                   ... [0m[31mFAILED[0m

thread '<unnamed>' panicked at src/opinion_tests_v2.rs:394:5:
assertion `left == right` failed: Create draft should return 201
  left: 400
 right: 201
note: run with `RUST_BACKTRACE=1` environment variable to display a backtrace
test test-attorney-email-validation               ... [0m[31mFAILED[0m
test test-create-deadline-success                 ... [0m[31mFAILED[0m
test test-attorney-create-missing-district-header ... [0m[32mok[0m
test test-create-from-template                    ... [0m[31mFAILED[0m
test test-get-expiring-orders                     ... [0m[31mFAILED[0m

thread '<unnamed>' panicked at src/sentencing_tests_v2.rs:467:5:
assertion `left == right` failed: Should return 200
  left: 404
 right: 200
note: run with `RUST_BACKTRACE=1` environment variable to display a backtrace

thread '<unnamed>' panicked at src/opinion_tests_v2.rs:362:5:
assertion `left == right` failed: Publish should return 200
  left: 400
 right: 200
note: run with `RUST_BACKTRACE=1` environment variable to display a backtrace

thread '<unnamed>' panicked at src/sentencing_tests_v2.rs:408:5:
assertion `left == right` failed: Update should return 200
  left: 405
 right: 200
note: run with `RUST_BACKTRACE=1` environment variable to display a backtrace
